

<!DOCTYPE html>
<html>
<head>
<meta charset="utf-8">
<meta name="viewport" content="width=device-width, initial-scale=1, shrink-to-fit=no">
<title>Extent </title>
<link rel="apple-touch-icon" href="https://cdn.jsdelivr.net/gh/extent-framework/extent-github-cdn@b00a2d0486596e73dd7326beacf352c639623a0e/commons/img/logo.png">
<link rel="shortcut icon" href="https://cdn.jsdelivr.net/gh/extent-framework/extent-github-cdn@b00a2d0486596e73dd7326beacf352c639623a0e/commons/img/logo.png">
<link href="https://cdn.jsdelivr.net/gh/extent-framework/extent-github-cdn@c43b89d03a7c43dae8bb8f0f078bad1997af6b3b/spark/css/spark-style.css" rel="stylesheet" />
<link href="https://stackpath.bootstrapcdn.com/font-awesome/4.7.0/css/font-awesome.min.css" rel="stylesheet">
<script src="https://cdn.rawgit.com/extent-framework/extent-github-cdn/7cc78ce/spark/js/jsontree.js"></script>
<style type="text/css"></style></head><body class="spa bdd-report standard">
  <div class="app">
    <div class="layout">
<div class="header navbar">
<div class="vheader">
<div class="nav-logo">
<a href="#">
<div class="logo" style="background-image: url('https://cdn.jsdelivr.net/gh/extent-framework/extent-github-cdn@b00a2d0486596e73dd7326beacf352c639623a0e/commons/img/logo.png')"></div>
</a>
</div>
<ul class="nav-left">
<li class="search-box">
<a class="search-toggle" href="#">
<i class="search-icon fa fa-search"></i>
<i class="search-icon-close fa fa-close"></i>
</a>
</li>
<li class="search-input"><input id="search-tests" class="form-control" type="text" placeholder="Search..."></li>
</ul>
<ul class="nav-right">
<li class="m-r-10">
<a href="#"><span class="badge badge-primary"> Grasshopper Report</span></a>
</li>
<li class="m-r-10">
<a href="#"><span class="badge badge-primary">feb 15, 2023 01:07:23 p. m.</span></a>
</li>
</ul>
</div>
</div><div class="side-nav">
<div class="side-nav-inner">
<ul class="side-nav-menu">
<li class="nav-item dropdown" onclick="toggleView('dashboard-view')">
<a id="nav-dashboard" class="dropdown-toggle" href="#">
<span class="ico"><i class="fa fa-bar-chart"></i></span>
</a>
</li>
<li class="nav-item dropdown" onclick="toggleView('test-view')">
<a id="nav-test" class="dropdown-toggle" href="#">
<span class="ico"><i class="fa fa-list"></i></span>
</a>
</li>
<li class="nav-item dropdown" onclick="toggleView('category-view')">
<a id="nav-category" class="dropdown-toggle" href="#">
<span class="ico"><i class="fa fa-tag"></i></span>
</a>
</li>
<li class="nav-item dropdown" onclick="toggleView('exception-view')">
<a id="nav-exception" class="dropdown-toggle" href="#">
<span class="ico"><i class="fa fa-bug"></i></span>
</a>
</li>
</ul>
</div>
</div>      <div class="vcontainer">
        <div class="main-content">
<div class="container-fluid p-4 view dashboard-view">
<div class="row">
<div class="col-md-3">
<div class="card"><div class="card-body">
<p class="m-b-0">Started</p>
<h3>feb 15, 2023 01:07:23 p. m.</h3>
</div></div>
</div>
<div class="col-md-3">
<div class="card"><div class="card-body">
<p class="m-b-0">Ended</p>
<h3>feb 15, 2023 01:23:53 p. m.</h3>
</div></div>
</div>
<div class="col-md-3">
<div class="card"><div class="card-body">
<p class="m-b-0 text-pass">Features Passed</p>
<h3>0</h3>
</div></div>
</div>
<div class="col-md-3">
<div class="card"><div class="card-body">
<p class="m-b-0 text-fail">Features Failed</p>
<h3>1</h3>
</div></div>
</div>
</div>
<div class="row">
<div class="col-md-4">
<div class="card">
<div class="card-header">
<h6 class="card-title">Features</h6>
</div>
<div class="card-body">
<div class="">
<canvas id='parent-analysis' width='115' height='90'></canvas>
</div>
</div>
<div class="card-footer">
<div><small data-tooltip='0%'>
<b>0</b> features passed
</small>
</div>
<div>
<small data-tooltip='100%'><b>1</b> features failed,
<b>0</b> skipped, <b data-tooltip='0%'>0</b> others
</small>
</div>
</div>
</div>
</div>
<div class="col-md-4">
<div class="card">
<div class="card-header">
<h6 class="card-title">Scenarios</h6>
</div>
<div class="card-body">
<div class="">
<canvas id='child-analysis' width='115' height='90'></canvas>
</div>
</div>
<div class="card-footer">
<div><small data-tooltip='53%'><b>17</b> scenarios passed</small></div>
<div>
<small data-tooltip='46%'><b>15</b> scenarios failed,
<b>0</b> skipped, <b data-tooltip='%'>0</b> others
</small>
</div>
</div>
</div>
</div>
<div class="col-md-4">
<div class="card">
<div class="card-header">
<h6 class="card-title">Steps</h6>
</div>
<div class="card-body">
<div class="">
<canvas id='grandchild-analysis' width='115' height='90'></canvas>
</div>
</div>
<div class="card-footer">
<div><small data-tooltip='79%'><b>211</b> steps passed</small></div>
<div>
<small data-tooltip='5%'><b>15</b> steps failed,
<b>38</b> skipped, <b data-tooltip='%'>0</b> others
</small>
</div>
</div>
</div>
</div>
</div>
<div class="row"><div class="col-md-12">
<div class="card"><div class="card-header"><p>Timeline</p></div>
<div class="card-body pt-0"><div>
<canvas id="timeline" height="120"></canvas>
</div></div>
</div>
</div></div>
<script>
var timeline = {
"Bugs":988.817
};
</script>
<div class="row">
<div class="col-md-4 category-container">
<div class="card">
<div class="card-header"><p>Tags</p></div>
<div class="card-body pb-0 pt-0"><table class="table table-sm table-bordered">
<thead><tr class="bg-gray"><th>Name</th><th>Passed</th><th>Failed</th><th>Skipped</th><th>Others</th><th>Passed %</th></tr></thead><tbody>
<tr>
<td>@MTR-2055</td>
<td>1</td>
<td>0</td>
<td>0</td>
<td>0</td>
<td>100%</td>
</tr>
<tr>
<td>@MTR-1856</td>
<td>1</td>
<td>0</td>
<td>0</td>
<td>0</td>
<td>100%</td>
</tr>
<tr>
<td>@MTR-2387</td>
<td>0</td>
<td>1</td>
<td>0</td>
<td>0</td>
<td>0%</td>
</tr>
<tr>
<td>@MTR-2645</td>
<td>0</td>
<td>1</td>
<td>0</td>
<td>0</td>
<td>0%</td>
</tr>
<tr>
<td>@MTR-2131</td>
<td>0</td>
<td>1</td>
<td>0</td>
<td>0</td>
<td>0%</td>
</tr>
<tr>
<td>@adminBug</td>
<td>1</td>
<td>0</td>
<td>0</td>
<td>0</td>
<td>100%</td>
</tr>
<tr>
<td>@test</td>
<td>1</td>
<td>0</td>
<td>0</td>
<td>0</td>
<td>100%</td>
</tr>
<tr>
<td>@MTR-1804</td>
<td>0</td>
<td>1</td>
<td>0</td>
<td>0</td>
<td>0%</td>
</tr>
<tr>
<td>@MTR-2098</td>
<td>0</td>
<td>1</td>
<td>0</td>
<td>0</td>
<td>0%</td>
</tr>
<tr>
<td>@MTR-2409</td>
<td>0</td>
<td>1</td>
<td>0</td>
<td>0</td>
<td>0%</td>
</tr>
<tr>
<td>@MTR</td>
<td>16</td>
<td>15</td>
<td>0</td>
<td>0</td>
<td>51.613%</td>
</tr>
<tr>
<td>@MTR-1649</td>
<td>1</td>
<td>0</td>
<td>0</td>
<td>0</td>
<td>100%</td>
</tr>
<tr>
<td>@MTR-1895</td>
<td>1</td>
<td>0</td>
<td>0</td>
<td>0</td>
<td>100%</td>
</tr>
<tr>
<td>@MTR-1654</td>
<td>1</td>
<td>0</td>
<td>0</td>
<td>0</td>
<td>100%</td>
</tr>
<tr>
<td>@MTR-2386</td>
<td>0</td>
<td>1</td>
<td>0</td>
<td>0</td>
<td>0%</td>
</tr>
<tr>
<td>@MTR-2899</td>
<td>0</td>
<td>1</td>
<td>0</td>
<td>0</td>
<td>0%</td>
</tr>
<tr>
<td>@MTR-2898</td>
<td>0</td>
<td>1</td>
<td>0</td>
<td>0</td>
<td>0%</td>
</tr>
<tr>
<td>@MTR-1815</td>
<td>1</td>
<td>0</td>
<td>0</td>
<td>0</td>
<td>100%</td>
</tr>
<tr>
<td>@bugs</td>
<td>17</td>
<td>15</td>
<td>0</td>
<td>0</td>
<td>53.125%</td>
</tr>
<tr>
<td>@MTR-2046</td>
<td>1</td>
<td>0</td>
<td>0</td>
<td>0</td>
<td>100%</td>
</tr>
<tr>
<td>@MTR-2650</td>
<td>1</td>
<td>0</td>
<td>0</td>
<td>0</td>
<td>100%</td>
</tr>
<tr>
<td>@MTR-1927</td>
<td>0</td>
<td>1</td>
<td>0</td>
<td>0</td>
<td>0%</td>
</tr>
<tr>
<td>@MTR-2388</td>
<td>0</td>
<td>1</td>
<td>0</td>
<td>0</td>
<td>0%</td>
</tr>
<tr>
<td>@MTR-2147</td>
<td>1</td>
<td>0</td>
<td>0</td>
<td>0</td>
<td>100%</td>
</tr>
<tr>
<td>@MTR-2029</td>
<td>1</td>
<td>0</td>
<td>0</td>
<td>0</td>
<td>100%</td>
</tr>
<tr>
<td>@MTR-1805</td>
<td>1</td>
<td>0</td>
<td>0</td>
<td>0</td>
<td>100%</td>
</tr>
<tr>
<td>@MTR-1807</td>
<td>1</td>
<td>0</td>
<td>0</td>
<td>0</td>
<td>100%</td>
</tr>
<tr>
<td>@MTR-2384</td>
<td>0</td>
<td>1</td>
<td>0</td>
<td>0</td>
<td>0%</td>
</tr>
<tr>
<td>@MTR-2052</td>
<td>1</td>
<td>0</td>
<td>0</td>
<td>0</td>
<td>100%</td>
</tr>
<tr>
<td>@MTR-1923</td>
<td>1</td>
<td>0</td>
<td>0</td>
<td>0</td>
<td>100%</td>
</tr>
<tr>
<td>@MTR-2651</td>
<td>0</td>
<td>1</td>
<td>0</td>
<td>0</td>
<td>0%</td>
</tr>
<tr>
<td>@MTR-2649</td>
<td>0</td>
<td>1</td>
<td>0</td>
<td>0</td>
<td>0%</td>
</tr>
<tr>
<td>@MTR-2647</td>
<td>0</td>
<td>1</td>
<td>0</td>
<td>0</td>
<td>0%</td>
</tr>
<tr>
<td>@MTR-1711</td>
<td>1</td>
<td>0</td>
<td>0</td>
<td>0</td>
<td>100%</td>
</tr>
<tr>
<td>@MTR-1887</td>
<td>1</td>
<td>0</td>
<td>0</td>
<td>0</td>
<td>100%</td>
</tr>
<tr>
<td>@ServicesBug</td>
<td>1</td>
<td>0</td>
<td>0</td>
<td>0</td>
<td>100%</td>
</tr>
</tbody>
</table></div>
</div>
</div>
<div class="col-md-4 sysenv-container">
<div class="card">
<div class="card-header"><p>System/Environment</p></div>
<div class="card-body pb-0 pt-0"><table class="table table-sm table-bordered">
<thead><tr class="bg-gray"><th>Name</th><th>Value</th></tr></thead>
<tbody>
<tr>
<td>os</td>
<td>Windows</td>
</tr>
</tbody>
</table></div>
</div>
</div>
</div>
</div>
<script>
var statusGroup = {
parentCount: 5,
passParent: 0,
failParent: 1,
warningParent: 0,
skipParent: 0,
childCount: 5,
passChild: 17,
failChild: 15,
warningChild: 0,
skipChild: 0,
infoChild: 0,
grandChildCount: 5,
passGrandChild: 211,
failGrandChild: 15,
warningGrandChild: 0,
skipGrandChild: 38,
infoGrandChild: 0,
eventsCount: 5,
};
</script><div class="test-wrapper row view test-view">
  <div class="test-list">
    <div class="test-list-tools">
<ul class="tools pull-left">
<li><a href="#"><span class="font-size-14">Tests</span></a></li>
</ul>
<ul class="tools text-right">
<li class="dropdown">
<a href="#" class="dropdown-toggle" data-toggle="dropdown"><i class="fa fa-exclamation-circle"></i></a>
<ul id="status-toggle" class="dropdown-menu dropdown-md p-v-0">
<a class="dropdown-item" status="fail" href="#"><span>Fail</span><span class="status danger"></span></a>
<div class="dropdown-divider"></div>
<a status="clear" class="dropdown-item" href="#"><span>Clear</span><span class="pull-right"><i class="fa fa-close"></i></span></a>
</ul>
</li>
<li class="dropdown">
<a href="#" class="dropdown-toggle" data-toggle="dropdown"><i class="fa fa-tag"></i></a>
<ul id="tag-toggle" class="dropdown-menu dropdown-md p-v-0">
<a class="dropdown-item" href="#">@MTR-2055</a><a class="dropdown-item" href="#">@MTR-1856</a><a class="dropdown-item" href="#">@MTR-2387</a><a class="dropdown-item" href="#">@MTR-2645</a><a class="dropdown-item" href="#">@MTR-2131</a><a class="dropdown-item" href="#">@adminBug</a><a class="dropdown-item" href="#">@test</a><a class="dropdown-item" href="#">@MTR-1804</a><a class="dropdown-item" href="#">@MTR-2098</a><a class="dropdown-item" href="#">@MTR-2409</a><a class="dropdown-item" href="#">@MTR</a><a class="dropdown-item" href="#">@MTR-1649</a><a class="dropdown-item" href="#">@MTR-1895</a><a class="dropdown-item" href="#">@MTR-1654</a><a class="dropdown-item" href="#">@MTR-2386</a><a class="dropdown-item" href="#">@MTR-2899</a><a class="dropdown-item" href="#">@MTR-2898</a><a class="dropdown-item" href="#">@MTR-1815</a><a class="dropdown-item" href="#">@bugs</a><a class="dropdown-item" href="#">@MTR-2046</a><a class="dropdown-item" href="#">@MTR-2650</a><a class="dropdown-item" href="#">@MTR-1927</a><a class="dropdown-item" href="#">@MTR-2388</a><a class="dropdown-item" href="#">@MTR-2147</a><a class="dropdown-item" href="#">@MTR-2029</a><a class="dropdown-item" href="#">@MTR-1805</a><a class="dropdown-item" href="#">@MTR-1807</a><a class="dropdown-item" href="#">@MTR-2384</a><a class="dropdown-item" href="#">@MTR-2052</a><a class="dropdown-item" href="#">@MTR-1923</a><a class="dropdown-item" href="#">@MTR-2651</a><a class="dropdown-item" href="#">@MTR-2649</a><a class="dropdown-item" href="#">@MTR-2647</a><a class="dropdown-item" href="#">@MTR-1711</a><a class="dropdown-item" href="#">@MTR-1887</a><a class="dropdown-item" href="#">@ServicesBug</a>
</ul>
</li>
</ul>
</div>    <div class="test-list-wrapper scrollable">
      <ul class="test-list-item">
        <li class="test-item"  status="fail" test-id="1"
          author=""
          tag=""
          device="">
          <div class="test-detail">
            <p class="name">Bugs</p>
            <p class="text-sm">
              <span>13:07:24 p. m.</span> / <span>16:28:817</span>
              <span class="badge fail-bg log float-right">Fail</span>
            </p>
          </div>
          <div class="test-contents d-none">
<div class="detail-head">
<div class="p-v-10">
<div class="info">
<h5 class="test-status text-fail">Bugs</h5>
<span class='badge badge-success'>02.15.2023 13:07:24</span>
<span class='badge badge-danger'>02.15.2023 13:23:53</span>
<span class='badge badge-default'>16:28:817</span>
&middot; <span class='uri-anchor badge badge-default'>#test-id=1</span>
</div>
<div class="m-t-10 m-l-5"></div>
</div>
</div>
<div class="accordion mt-4">
  <div class="card">
    <div class="card-header" role="tab">
      <div class="card-title">
        <div class="node" id="2"><span class="badge log fail-bg mr-2">Fail</span>MTR - Orders - Purchased - Open Section</div>
          <div class="status-avatar float-right mr-4">
            <i class="fa fa-paperclip"></i>
          </div>
      </div>
    </div>
        <div class="">
          <div class="card-body">
              <div class="step pass-bg" title="steps.bugs.bugsSteps.iGoToOrdersPageBUGS()">
                <span>Given I go to orders page BUGS</span>
      <div>
      </div>
              </div>
              <div class="step fail-bg" title="steps.orders.ordersSteps.iValidatePurchasedOrdersDetails()">
                <span>When I validate purchased orders details</span>
      <div>
        <textarea disabled class="code-block">org.openqa.selenium.TimeoutException: Expected condition failed: waiting for pages.BasePage$$Lambda$800/0x000000080147b870@1e76afeb (tried for 60 second(s) with 3000 milliseconds interval)
	at org.openqa.selenium.support.ui.FluentWait.timeoutException(FluentWait.java:263)
	at org.openqa.selenium.support.ui.FluentWait.until(FluentWait.java:231)
	at pages.BasePage.fluentWaitStrict(BasePage.java:141)
	at pages.orders.ordersPage.ordersPurchasedButton(ordersPage.java:191)
	at steps.orders.ordersSteps.iValidatePurchasedOrdersDetails(ordersSteps.java:66)
	at ✽.I validate purchased orders details(classpath:features/bugs/Bugs.feature:6)
Caused by: org.openqa.selenium.NoSuchElementException: no such element: Unable to locate element: {"method":"css selector","selector":"#purchased-tab"}
  (Session info: chrome=110.0.5481.100)
For documentation on this error, please visit: https://selenium.dev/exceptions/#no_such_element
Build info: version: '4.6.0', revision: '79f1c02ae20'
System info: os.name: 'Windows 10', os.arch: 'amd64', os.version: '10.0', java.version: '19.0.2'
Driver info: org.openqa.selenium.chrome.ChromeDriver
Command: [ca09f19412d85491717d48c3a0ac2c47, findElement {using=css selector, value=#purchased-tab}]
Capabilities {acceptInsecureCerts: false, browserName: chrome, browserVersion: 110.0.5481.100, chrome: {chromedriverVersion: 110.0.5481.77 (65ed616c6e8e..., userDataDir: C:\Users\Dangelo\AppData\Lo...}, goog:chromeOptions: {debuggerAddress: localhost:59004}, networkConnectionEnabled: false, pageLoadStrategy: normal, platformName: WINDOWS, proxy: Proxy(), se:cdp: ws://localhost:59004/devtoo..., se:cdpVersion: 110.0.5481.100, setWindowRect: true, strictFileInteractability: false, timeouts: {implicit: 0, pageLoad: 300000, script: 30000}, unhandledPromptBehavior: dismiss and notify, webauthn:extension:credBlob: true, webauthn:extension:largeBlob: true, webauthn:virtualAuthenticators: true}
Session ID: ca09f19412d85491717d48c3a0ac2c47
	at java.base/jdk.internal.reflect.DirectConstructorHandleAccessor.newInstance(DirectConstructorHandleAccessor.java:67)
	at java.base/java.lang.reflect.Constructor.newInstanceWithCaller(Constructor.java:500)
	at java.base/java.lang.reflect.Constructor.newInstance(Constructor.java:484)
	at org.openqa.selenium.remote.codec.w3c.W3CHttpResponseCodec.createException(W3CHttpResponseCodec.java:200)
	at org.openqa.selenium.remote.codec.w3c.W3CHttpResponseCodec.decode(W3CHttpResponseCodec.java:133)
	at org.openqa.selenium.remote.codec.w3c.W3CHttpResponseCodec.decode(W3CHttpResponseCodec.java:53)
	at org.openqa.selenium.remote.HttpCommandExecutor.execute(HttpCommandExecutor.java:184)
	at org.openqa.selenium.remote.service.DriverCommandExecutor.invokeExecute(DriverCommandExecutor.java:167)
	at org.openqa.selenium.remote.service.DriverCommandExecutor.execute(DriverCommandExecutor.java:142)
	at org.openqa.selenium.remote.RemoteWebDriver.execute(RemoteWebDriver.java:541)
	at org.openqa.selenium.remote.ElementLocation$ElementFinder$2.findElement(ElementLocation.java:162)
	at org.openqa.selenium.remote.ElementLocation.findElement(ElementLocation.java:60)
	at org.openqa.selenium.remote.RemoteWebDriver.findElement(RemoteWebDriver.java:365)
	at org.openqa.selenium.remote.RemoteWebDriver.findElement(RemoteWebDriver.java:357)
	at org.openqa.selenium.support.pagefactory.DefaultElementLocator.findElement(DefaultElementLocator.java:70)
	at org.openqa.selenium.support.pagefactory.internal.LocatingElementHandler.invoke(LocatingElementHandler.java:39)
	at jdk.proxy2/jdk.proxy2.$Proxy30.isDisplayed(Unknown Source)
	at pages.BasePage.lambda$fluentWaitStrict$3(BasePage.java:141)
	at org.openqa.selenium.support.ui.FluentWait.until(FluentWait.java:208)
	at pages.BasePage.fluentWaitStrict(BasePage.java:141)
	at pages.orders.ordersPage.ordersPurchasedButton(ordersPage.java:191)
	at steps.orders.ordersSteps.iValidatePurchasedOrdersDetails(ordersSteps.java:66)
	at java.base/jdk.internal.reflect.DirectMethodHandleAccessor.invoke(DirectMethodHandleAccessor.java:104)
	at java.base/java.lang.reflect.Method.invoke(Method.java:578)
	at io.cucumber.java.Invoker.doInvoke(Invoker.java:66)
	at io.cucumber.java.Invoker.invoke(Invoker.java:24)
	at io.cucumber.java.AbstractGlueDefinition.invokeMethod(AbstractGlueDefinition.java:47)
	at io.cucumber.java.JavaStepDefinition.execute(JavaStepDefinition.java:29)
	at io.cucumber.core.runner.CoreStepDefinition.execute(CoreStepDefinition.java:66)
	at io.cucumber.core.runner.PickleStepDefinitionMatch.runStep(PickleStepDefinitionMatch.java:63)
	at io.cucumber.core.runner.ExecutionMode$1.execute(ExecutionMode.java:10)
	at io.cucumber.core.runner.TestStep.executeStep(TestStep.java:84)
	at io.cucumber.core.runner.TestStep.run(TestStep.java:56)
	at io.cucumber.core.runner.PickleStepTestStep.run(PickleStepTestStep.java:51)
	at io.cucumber.core.runner.TestCase.run(TestCase.java:84)
	at io.cucumber.core.runner.Runner.runPickle(Runner.java:75)
	at io.cucumber.testng.TestNGCucumberRunner.lambda$runScenario$1(TestNGCucumberRunner.java:132)
	at io.cucumber.core.runtime.CucumberExecutionContext.lambda$runTestCase$5(CucumberExecutionContext.java:130)
	at io.cucumber.core.runtime.RethrowingThrowableCollector.executeAndThrow(RethrowingThrowableCollector.java:23)
	at io.cucumber.core.runtime.CucumberExecutionContext.runTestCase(CucumberExecutionContext.java:130)
	at io.cucumber.testng.TestNGCucumberRunner.runScenario(TestNGCucumberRunner.java:129)
	at io.cucumber.testng.AbstractTestNGCucumberTests.runScenario(AbstractTestNGCucumberTests.java:35)
	at java.base/jdk.internal.reflect.DirectMethodHandleAccessor.invoke(DirectMethodHandleAccessor.java:104)
	at java.base/java.lang.reflect.Method.invoke(Method.java:578)
	at org.testng.internal.invokers.MethodInvocationHelper.invokeMethod(MethodInvocationHelper.java:139)
	at org.testng.internal.invokers.TestInvoker.invokeMethod(TestInvoker.java:677)
	at org.testng.internal.invokers.TestInvoker.invokeTestMethod(TestInvoker.java:221)
	at org.testng.internal.invokers.MethodRunner.runInSequence(MethodRunner.java:50)
	at org.testng.internal.invokers.TestInvoker$MethodInvocationAgent.invoke(TestInvoker.java:962)
	at org.testng.internal.invokers.TestInvoker.invokeTestMethods(TestInvoker.java:194)
	at org.testng.internal.invokers.TestMethodWorker.invokeTestMethods(TestMethodWorker.java:148)
	at org.testng.internal.invokers.TestMethodWorker.run(TestMethodWorker.java:128)
	at java.base/java.util.ArrayList.forEach(ArrayList.java:1511)
	at org.testng.TestRunner.privateRun(TestRunner.java:806)
	at org.testng.TestRunner.run(TestRunner.java:601)
	at org.testng.SuiteRunner.runTest(SuiteRunner.java:433)
	at org.testng.SuiteRunner.runSequentially(SuiteRunner.java:427)
	at org.testng.SuiteRunner.privateRun(SuiteRunner.java:387)
	at org.testng.SuiteRunner.run(SuiteRunner.java:330)
	at org.testng.SuiteRunnerWorker.runSuite(SuiteRunnerWorker.java:52)
	at org.testng.SuiteRunnerWorker.run(SuiteRunnerWorker.java:95)
	at org.testng.TestNG.runSuitesSequentially(TestNG.java:1256)
	at org.testng.TestNG.runSuitesLocally(TestNG.java:1176)
	at org.testng.TestNG.runSuites(TestNG.java:1099)
	at org.testng.TestNG.run(TestNG.java:1067)
	at org.apache.maven.surefire.testng.TestNGExecutor.run(TestNGExecutor.java:324)
	at org.apache.maven.surefire.testng.TestNGXmlTestSuite.execute(TestNGXmlTestSuite.java:74)
	at org.apache.maven.surefire.testng.TestNGProvider.invoke(TestNGProvider.java:123)
	at org.apache.maven.surefire.booter.ForkedBooter.runSuitesInProcess(ForkedBooter.java:456)
	at org.apache.maven.surefire.booter.ForkedBooter.execute(ForkedBooter.java:169)
	at org.apache.maven.surefire.booter.ForkedBooter.run(ForkedBooter.java:595)
	at org.apache.maven.surefire.booter.ForkedBooter.main(ForkedBooter.java:581)
</textarea>
      
      </div>
              </div>
              <div class="step skip-bg" title="steps.orders.ordersSteps.iValidateSendMessageToSeller()">
                <span>And I validate send message to seller</span>
      <div>Step skipped
      </div>
              </div>
              <div class="step skip-bg" title="steps.orders.ordersSteps.iValidateThePurchasedOpenSection()">
                <span>Then I validate the purchased open section</span>
      <div>Step skipped
      </div>
              </div>
              <div class="step pass-bg" title="AFTER">
                <span>driver.Hooks.tearDown(io.cucumber.java.Scenario)</span>
      <div>MTR - Orders - Purchased - Open Section
          <div class="row mb-3"><div class="col-md-3">
    <img data-featherlight='../screenshots/embedded1.png' src="../screenshots/embedded1.png">
    
    </div></div>
</div>
      <div>
      </div>
              </div>
          </div>
        </div>
  </div>
  <div class="card">
    <div class="card-header" role="tab">
      <div class="card-title">
        <div class="node" id="9"><span class="badge log pass-bg mr-2">Pass</span>MTR - Create my marketplace builder account and go to admin panel</div>
          <div class="status-avatar float-right mr-4">
            <i class="fa fa-paperclip"></i>
          </div>
      </div>
    </div>
        <div class="collapse">
          <div class="card-body">
              <div class="step pass-bg" title="steps.onboarding.OnboardingSteps.go_to(java.lang.String)">
                <span>Given I go to "https://mtreborn-staging-products.azurewebsites.net/application/Onboarding/?TierCode=OPTIMIZE"</span>
      <div>
      </div>
              </div>
              <div class="step pass-bg" title="steps.onboarding.OnboardingSteps.iTypeOnnameField()">
                <span>When I type on name field</span>
      <div>
      </div>
              </div>
              <div class="step pass-bg" title="steps.onboarding.OnboardingSteps.iTypeOnEMailField(java.lang.String)">
                <span>And I type on e-mail field "email1"</span>
      <div>
      </div>
              </div>
              <div class="step pass-bg" title="steps.onboarding.OnboardingSteps.iTypeOnPhoneNumberField()">
                <span>And I type on Phone Number field</span>
      <div>
      </div>
              </div>
              <div class="step pass-bg" title="steps.onboarding.OnboardingSteps.iTypeOnYourMarketplaceNameField(java.lang.String)">
                <span>And I type on your Marketplace name field "Test3"</span>
      <div>
      </div>
              </div>
              <div class="step pass-bg" title="steps.onboarding.OnboardingSteps.iClickTheButtonNext()">
                <span>And I click the button Next</span>
      <div>
      </div>
              </div>
              <div class="step pass-bg" title="steps.onboarding.OnboardingSteps.iSelectProducts()">
                <span>And I select Products</span>
      <div>
      </div>
              </div>
              <div class="step pass-bg" title="steps.onboarding.OnboardingSteps.iClickTheButtonNext2()">
                <span>And I click the other button Next</span>
      <div>
      </div>
              </div>
              <div class="step pass-bg" title="steps.onboarding.OnboardingSteps.iCompleteTheFieldCardNumber()">
                <span>And I complete the field Card number</span>
      <div>
      </div>
              </div>
              <div class="step pass-bg" title="steps.onboarding.OnboardingSteps.iCompleteTheFieldnameOnCard()">
                <span>And I complete the field name on card</span>
      <div>
      </div>
              </div>
              <div class="step pass-bg" title="steps.onboarding.OnboardingSteps.iCompleteTheFieldExpiryDate()">
                <span>And I complete the field Expiry Date</span>
      <div>
      </div>
              </div>
              <div class="step pass-bg" title="steps.onboarding.OnboardingSteps.iCompleteTheFieldCCVCode()">
                <span>And I complete the field CVC Code</span>
      <div>
      </div>
              </div>
              <div class="step pass-bg" title="steps.onboarding.OnboardingSteps.iClickTheButtonSavePayment()">
                <span>And I click the button Save payment</span>
      <div>
      </div>
              </div>
              <div class="step pass-bg" title="steps.onboarding.OnboardingSteps.iCreateMyMarketPlaceProductsPage()">
                <span>Then I create my marketplace products page</span>
      <div>
      </div>
              </div>
              <div class="step pass-bg" title="AFTER">
                <span>driver.Hooks.tearDown(io.cucumber.java.Scenario)</span>
      <div>MTR - Create my marketplace builder account and go to admin panel
          <div class="row mb-3"><div class="col-md-3">
    <img data-featherlight='../screenshots/embedded2.png' src="../screenshots/embedded2.png">
    
    </div></div>
</div>
      <div>
      </div>
              </div>
          </div>
        </div>
  </div>
  <div class="card">
    <div class="card-header" role="tab">
      <div class="card-title">
        <div class="node" id="26"><span class="badge log pass-bg mr-2">Pass</span>MTR - Login and validate the elements on Admin Panel</div>
          <div class="status-avatar float-right mr-4">
            <i class="fa fa-paperclip"></i>
          </div>
      </div>
    </div>
        <div class="collapse">
          <div class="card-body">
              <div class="step pass-bg" title="steps.home.homeSteps.loginWithGastonUserSteps()">
                <span>Given I login with Gaston User</span>
      <div>
      </div>
              </div>
              <div class="step pass-bg" title="steps.admin.AdminSteps.getStartedSteps()">
                <span>And Get started steps</span>
      <div>
      </div>
              </div>
              <div class="step pass-bg" title="steps.admin.AdminSteps.iValidateStepCreateYourMarketplace()">
                <span>When I validate step 1 Create your marketplace</span>
      <div>
      </div>
              </div>
              <div class="step pass-bg" title="steps.admin.AdminSteps.iValidateStepSelectYourLandingPageLayout()">
                <span>And I validate step 2 Select your landing page layout</span>
      <div>
      </div>
              </div>
              <div class="step pass-bg" title="steps.admin.AdminSteps.iSeeThatTheStepRedirectMeTo()">
                <span>And I see that the step 2 redirect me to How do you want to make money on your site?</span>
      <div>
      </div>
              </div>
              <div class="step pass-bg" title="steps.admin.AdminSteps.iValidateStepDesignYourHomepage()">
                <span>And I validate step 3 design your homepage</span>
      <div>
      </div>
              </div>
              <div class="step pass-bg" title="steps.admin.AdminSteps.iSeeThatTheStepRedirectMeToSelectTemplateOptions()">
                <span>And I see that the step 3 redirect me to Select template options</span>
      <div>
      </div>
              </div>
              <div class="step pass-bg" title="steps.admin.AdminSteps.iValidateStepCreateCategories()">
                <span>And I validate step 4 create categories</span>
      <div>
      </div>
              </div>
              <div class="step pass-bg" title="steps.admin.AdminSteps.iSeeThatTheStepRedirectMeToCategoriesCreationAndEditing()">
                <span>And I see that the step 4 redirect me to Categories creation and editing</span>
      <div>
      </div>
              </div>
              <div class="step pass-bg" title="steps.admin.AdminSteps.iValidateStepCreateCustomFieldsFilters()">
                <span>And I validate step 5 create custom fields & filters</span>
      <div>
      </div>
              </div>
              <div class="step pass-bg" title="steps.admin.AdminSteps.iSeeThatTheStepRedirectMeToCreateCustomFieldsAndFilters()">
                <span>And I see that the step 5 redirect me to Create Custom Fields and Filters</span>
      <div>
      </div>
              </div>
              <div class="step pass-bg" title="steps.admin.AdminSteps.iValidateStepEmails()">
                <span>And I validate step 8 emails</span>
      <div>
      </div>
              </div>
              <div class="step pass-bg" title="steps.admin.AdminSteps.iSeeThatTheStepRedirectMeToSetUpTheMarketplaceEmail()">
                <span>And I see that the step 8 redirect me to Set up the marketplace email</span>
      <div>
      </div>
              </div>
              <div class="step pass-bg" title="steps.admin.AdminSteps.iValidateStepConnectDomain()">
                <span>And I validate step 6 connect domain</span>
      <div>
      </div>
              </div>
              <div class="step pass-bg" title="steps.admin.AdminSteps.iSeeThatTheStepRedirectMeToConnectDomain()">
                <span>And I see that the step 6 redirect me to Connect Domain</span>
      <div>
      </div>
              </div>
              <div class="step pass-bg" title="steps.admin.AdminSteps.iValidateStepGoogleLocationsAndSocialLogin()">
                <span>And I validate step 7 Google Locations and Social Login</span>
      <div>
      </div>
              </div>
              <div class="step pass-bg" title="steps.admin.AdminSteps.iSeeThatTheStepRedirectMeToGoogleLocationsAndSocialLogin()">
                <span>And I see that the step 7 redirect me to Google Locations and Social Login</span>
      <div>
      </div>
              </div>
              <div class="step pass-bg" title="steps.admin.AdminSteps.iValidateStepCreateARequestOrAddAUser()">
                <span>And I validate step 9 create a request or add a user</span>
      <div>
      </div>
              </div>
              <div class="step pass-bg" title="steps.admin.AdminSteps.iValidateStepMonetization()">
                <span>And I validate step 10 monetization</span>
      <div>
      </div>
              </div>
              <div class="step pass-bg" title="steps.admin.AdminSteps.iValidateStepCreateTestUsers()">
                <span>And I validate step 11 create test users</span>
      <div>
      </div>
              </div>
              <div class="step pass-bg" title="steps.admin.AdminSteps.iValidateStepInviteUsers()">
                <span>And I validate step 12 invite users</span>
      <div>
      </div>
              </div>
              <div class="step pass-bg" title="steps.admin.AdminSteps.iValidateStepMarketTips()">
                <span>And I validate step 13 marking tips</span>
      <div>
      </div>
              </div>
              <div class="step pass-bg" title="steps.admin.AdminSteps.iSeeAllTheFunctionalities()">
                <span>Then I see all the functionalities in the administration panel for the user</span>
      <div>
      </div>
              </div>
              <div class="step pass-bg" title="AFTER">
                <span>driver.Hooks.tearDown(io.cucumber.java.Scenario)</span>
      <div>MTR - Login and validate the elements on Admin Panel
          <div class="row mb-3"><div class="col-md-3">
    <img data-featherlight='../screenshots/embedded3.png' src="../screenshots/embedded3.png">
    
    </div></div>
</div>
      <div>
      </div>
              </div>
          </div>
        </div>
  </div>
  <div class="card">
    <div class="card-header" role="tab">
      <div class="card-title">
        <div class="node" id="52"><span class="badge log fail-bg mr-2">Fail</span>MTR - Buyer able to click Submit Payment button to complete checkout</div>
          <div class="status-avatar float-right mr-4">
            <i class="fa fa-paperclip"></i>
          </div>
      </div>
    </div>
        <div class="">
          <div class="card-body">
              <div class="step pass-bg" title="steps.home.homeSteps.loginWithGastonUserSteps()">
                <span>Given I login with Gaston User</span>
      <div>
      </div>
              </div>
              <div class="step pass-bg" title="steps.bugs.bugsSteps.iAddAnItemToTheShoppingCartBUG()">
                <span>And I add an item to the Shopping Cart BUG</span>
      <div>
      </div>
              </div>
              <div class="step pass-bg" title="steps.checkout.checkoutSteps.iClearTheCart()">
                <span>When I clear the cart</span>
      <div>
      </div>
              </div>
              <div class="step pass-bg" title="steps.bugs.bugsSteps.iAddAnItemToTheShoppingCartBUG()">
                <span>And I add an item to the Shopping Cart BUG</span>
      <div>
      </div>
              </div>
              <div class="step fail-bg" title="steps.checkout.checkoutSteps.iSelectTheAddAShippingAddressButton()">
                <span>And I select the add a Shipping Address button</span>
      <div>
        <textarea disabled class="code-block">java.lang.AssertionError: expected [true] but found [false]
	at org.testng.Assert.fail(Assert.java:110)
	at org.testng.Assert.failNotEquals(Assert.java:1413)
	at org.testng.Assert.assertTrue(Assert.java:56)
	at org.testng.Assert.assertTrue(Assert.java:66)
	at pages.checkout.checkoutPage.selectAddShippingAddress(checkoutPage.java:264)
	at steps.checkout.checkoutSteps.iSelectTheAddAShippingAddressButton(checkoutSteps.java:81)
	at ✽.I select the add a Shipping Address button(classpath:features/bugs/Bugs.feature:60)
</textarea>
      
      </div>
              </div>
              <div class="step skip-bg" title="steps.bugs.bugsSteps.iAddAnAddressBUGS()">
                <span>And I add an Address BUGS</span>
      <div>Step skipped
      </div>
              </div>
              <div class="step skip-bg" title="steps.bugs.bugsSteps.iSelectTheFlatRateButton()">
                <span>And I select the Flat Rate button</span>
      <div>Step skipped
      </div>
              </div>
              <div class="step skip-bg" title="steps.checkout.checkoutSteps.iSelectTheGoToSecureCheckoutButton()">
                <span>And I select the Go To Secure Checkout button</span>
      <div>Step skipped
      </div>
              </div>
              <div class="step skip-bg" title="steps.checkout.checkoutSteps.iSelectThePreloadedCreditCardButton()">
                <span>And I select the preloaded Credit Card button</span>
      <div>Step skipped
      </div>
              </div>
              <div class="step skip-bg" title="steps.checkout.checkoutSteps.iSelectTheSubmitPaymentButton()">
                <span>And I select the Submit Payment button</span>
      <div>Step skipped
      </div>
              </div>
              <div class="step skip-bg" title="steps.checkout.checkoutSteps.iValidateTheSubmitPayment()">
                <span>Then I validate the Submit Payment</span>
      <div>Step skipped
      </div>
              </div>
              <div class="step pass-bg" title="AFTER">
                <span>driver.Hooks.tearDown(io.cucumber.java.Scenario)</span>
      <div>MTR - Buyer able to click Submit Payment button to complete checkout
          <div class="row mb-3"><div class="col-md-3">
    <img data-featherlight='../screenshots/embedded4.png' src="../screenshots/embedded4.png">
    
    </div></div>
</div>
      <div>
      </div>
              </div>
          </div>
        </div>
  </div>
  <div class="card">
    <div class="card-header" role="tab">
      <div class="card-title">
        <div class="node" id="66"><span class="badge log pass-bg mr-2">Pass</span>MTR - Log in and Validate the Browse Section</div>
          <div class="status-avatar float-right mr-4">
            <i class="fa fa-paperclip"></i>
          </div>
      </div>
    </div>
        <div class="collapse">
          <div class="card-body">
              <div class="step pass-bg" title="steps.browse.BrowseSteps.iGoToBrowsePage()">
                <span>Given I go to Browse Page</span>
      <div>
      </div>
              </div>
              <div class="step pass-bg" title="steps.browse.BrowseSteps.iValidateTheBrowseSection()">
                <span>Then I validate the Browse Section</span>
      <div>
      </div>
              </div>
              <div class="step pass-bg" title="AFTER">
                <span>driver.Hooks.tearDown(io.cucumber.java.Scenario)</span>
      <div>MTR - Log in and Validate the Browse Section
          <div class="row mb-3"><div class="col-md-3">
    <img data-featherlight='../screenshots/embedded5.png' src="../screenshots/embedded5.png">
    
    </div></div>
</div>
      <div>
      </div>
              </div>
          </div>
        </div>
  </div>
  <div class="card">
    <div class="card-header" role="tab">
      <div class="card-title">
        <div class="node" id="71"><span class="badge log pass-bg mr-2">Pass</span>Validate tracking number</div>
          <div class="status-avatar float-right mr-4">
            <i class="fa fa-paperclip"></i>
          </div>
      </div>
    </div>
        <div class="collapse">
          <div class="card-body">
              <div class="step pass-bg" title="steps.home.homeSteps.loginWithGastonUserSteps()">
                <span>Given I login with Gaston User</span>
      <div>
      </div>
              </div>
              <div class="step pass-bg" title="steps.bugs.bugsSteps.iGoToOrdersPageBUGS()">
                <span>And I go to orders page BUGS</span>
      <div>
      </div>
              </div>
              <div class="step pass-bg" title="steps.bugs.bugsSteps.iSelectTrackingNumberTextField()">
                <span>When I select tracking number TextField</span>
      <div>
      </div>
              </div>
              <div class="step pass-bg" title="steps.bugs.bugsSteps.selectSubmitButton()">
                <span>And select Submit button</span>
      <div>
      </div>
              </div>
              <div class="step pass-bg" title="steps.bugs.bugsSteps.iValidateTrackingNumber()">
                <span>Then I validate tracking number</span>
      <div>
      </div>
              </div>
              <div class="step pass-bg" title="AFTER">
                <span>driver.Hooks.tearDown(io.cucumber.java.Scenario)</span>
      <div>Validate tracking number
          <div class="row mb-3"><div class="col-md-3">
    <img data-featherlight='../screenshots/embedded6.png' src="../screenshots/embedded6.png">
    
    </div></div>
</div>
      <div>
      </div>
              </div>
          </div>
        </div>
  </div>
  <div class="card">
    <div class="card-header" role="tab">
      <div class="card-title">
        <div class="node" id="79"><span class="badge log pass-bg mr-2">Pass</span>User able to Feature Listing</div>
          <div class="status-avatar float-right mr-4">
            <i class="fa fa-paperclip"></i>
          </div>
      </div>
    </div>
        <div class="collapse">
          <div class="card-body">
              <div class="step pass-bg" title="steps.home.homeSteps.loginWithGastonUserSteps()">
                <span>Given I login with Gaston User</span>
      <div>
      </div>
              </div>
              <div class="step pass-bg" title="steps.bugs.bugsSteps.selectMyListingsButton()">
                <span>And select My Listings button</span>
      <div>
      </div>
              </div>
              <div class="step pass-bg" title="steps.listing.listingSteps.iValidateTheAddNewListingButton()">
                <span>And I validate the add new listing button</span>
      <div>
      </div>
              </div>
              <div class="step pass-bg" title="steps.listing.listingSteps.iValidateTheListingNameTextField()">
                <span>And I validate the listing name text field</span>
      <div>
      </div>
              </div>
              <div class="step pass-bg" title="steps.listing.listingSteps.iValidateTheListingCategory()">
                <span>And I validate the listing category</span>
      <div>
      </div>
              </div>
              <div class="step pass-bg" title="steps.listing.listingSteps.iValidateTheListingDescriptionTextField()">
                <span>And I validate the listing description text field</span>
      <div>
      </div>
              </div>
              <div class="step pass-bg" title="steps.listing.listingSteps.iValidateTheListingPrice()">
                <span>And I validate the listing price</span>
      <div>
      </div>
              </div>
              <div class="step pass-bg" title="steps.listing.listingSteps.iValidateTheListingQuantity()">
                <span>And I validate the listing quantity</span>
      <div>
      </div>
              </div>
              <div class="step pass-bg" title="steps.listing.listingSteps.iValidateTheListingVideoURL()">
                <span>And I validate the listing video URL</span>
      <div>
      </div>
              </div>
              <div class="step pass-bg" title="steps.bugs.bugsSteps.selectNoShippingTab()">
                <span>And select no Shipping Tab</span>
      <div>
      </div>
              </div>
              <div class="step pass-bg" title="steps.bugs.bugsSteps.iSelectPublishButtonBUG()">
                <span>And I select Publish button BUG</span>
      <div>
      </div>
              </div>
              <div class="step pass-bg" title="steps.bugs.bugsSteps.selectItemTab()">
                <span>And select item tab</span>
      <div>
      </div>
              </div>
              <div class="step pass-bg" title="steps.bugs.bugsSteps.selectFeatureOption()">
                <span>And select Feature option</span>
      <div>
      </div>
              </div>
              <div class="step pass-bg" title="steps.bugs.bugsSteps.completeStartDateTextField()">
                <span>And complete Start Date TextField</span>
      <div>
      </div>
              </div>
              <div class="step pass-bg" title="steps.bugs.bugsSteps.completeEndDateTextField()">
                <span>And complete End Date TextField</span>
      <div>
      </div>
              </div>
              <div class="step pass-bg" title="steps.bugs.bugsSteps.selectFeatureListingButton()">
                <span>When select Feature Listing button</span>
      <div>
      </div>
              </div>
              <div class="step pass-bg" title="steps.bugs.bugsSteps.iValidateFeatureListing()">
                <span>Then I validate Feature Listing</span>
      <div>
      </div>
              </div>
              <div class="step pass-bg" title="AFTER">
                <span>driver.Hooks.tearDown(io.cucumber.java.Scenario)</span>
      <div>User able to Feature Listing
          <div class="row mb-3"><div class="col-md-3">
    <img data-featherlight='../screenshots/embedded7.png' src="../screenshots/embedded7.png">
    
    </div></div>
</div>
      <div>
      </div>
              </div>
          </div>
        </div>
  </div>
  <div class="card">
    <div class="card-header" role="tab">
      <div class="card-title">
        <div class="node" id="99"><span class="badge log pass-bg mr-2">Pass</span>Validate Admin settings</div>
          <div class="status-avatar float-right mr-4">
            <i class="fa fa-paperclip"></i>
          </div>
      </div>
    </div>
        <div class="collapse">
          <div class="card-body">
              <div class="step pass-bg" title="steps.home.homeSteps.loginWithGastonUserSteps()">
                <span>Given I login with Gaston User</span>
      <div>
      </div>
              </div>
              <div class="step pass-bg" title="steps.admin.AdminSteps.adminSettings()">
                <span>And Admin settings</span>
      <div>
      </div>
              </div>
              <div class="step pass-bg" title="steps.bugs.bugsSteps.iValidateSettingsCompanyInfoBug()">
                <span>Then I validate settings Company Info BUG</span>
      <div>
      </div>
              </div>
              <div class="step pass-bg" title="AFTER">
                <span>driver.Hooks.tearDown(io.cucumber.java.Scenario)</span>
      <div>Validate Admin settings
          <div class="row mb-3"><div class="col-md-3">
    <img data-featherlight='../screenshots/embedded8.png' src="../screenshots/embedded8.png">
    
    </div></div>
</div>
      <div>
      </div>
              </div>
          </div>
        </div>
  </div>
  <div class="card">
    <div class="card-header" role="tab">
      <div class="card-title">
        <div class="node" id="105"><span class="badge log pass-bg mr-2">Pass</span>Validate Step 8 E-mails - templates</div>
          <div class="status-avatar float-right mr-4">
            <i class="fa fa-paperclip"></i>
          </div>
      </div>
    </div>
        <div class="collapse">
          <div class="card-body">
              <div class="step pass-bg" title="steps.home.homeSteps.loginWithGastonUserSteps()">
                <span>Given I login with Gaston User</span>
      <div>
      </div>
              </div>
              <div class="step pass-bg" title="steps.admin.AdminSteps.stepEMails()">
                <span>And Step 8: E-mails</span>
      <div>
      </div>
              </div>
              <div class="step pass-bg" title="steps.admin.AdminSteps.iValidateTemplates()">
                <span>When I validate templates</span>
      <div>
      </div>
              </div>
              <div class="step pass-bg" title="steps.bugs.bugsSteps.selectEditButton()">
                <span>And select Edit button</span>
      <div>
      </div>
              </div>
              <div class="step pass-bg" title="steps.bugs.bugsSteps.iValidateTemplatesAndEdit()">
                <span>Then I validate Templates and Edit</span>
      <div>
      </div>
              </div>
              <div class="step pass-bg" title="AFTER">
                <span>driver.Hooks.tearDown(io.cucumber.java.Scenario)</span>
      <div>Validate Step 8 E-mails - templates
          <div class="row mb-3"><div class="col-md-3">
    <img data-featherlight='../screenshots/embedded9.png' src="../screenshots/embedded9.png">
    
    </div></div>
</div>
      <div>
      </div>
              </div>
          </div>
        </div>
  </div>
  <div class="card">
    <div class="card-header" role="tab">
      <div class="card-title">
        <div class="node" id="113"><span class="badge log pass-bg mr-2">Pass</span>User able to Feature Listing</div>
          <div class="status-avatar float-right mr-4">
            <i class="fa fa-paperclip"></i>
          </div>
      </div>
    </div>
        <div class="collapse">
          <div class="card-body">
              <div class="step pass-bg" title="steps.home.homeSteps.loginWithGastonUserSteps()">
                <span>Given I login with Gaston User</span>
      <div>
      </div>
              </div>
              <div class="step pass-bg" title="steps.bugs.bugsSteps.selectMyListingsButton()">
                <span>And select My Listings button</span>
      <div>
      </div>
              </div>
              <div class="step pass-bg" title="steps.listing.listingSteps.iValidateTheAddNewListingButton()">
                <span>And I validate the add new listing button</span>
      <div>
      </div>
              </div>
              <div class="step pass-bg" title="steps.listing.listingSteps.iValidateTheListingNameTextField()">
                <span>And I validate the listing name text field</span>
      <div>
      </div>
              </div>
              <div class="step pass-bg" title="steps.listing.listingSteps.iValidateTheListingCategory()">
                <span>And I validate the listing category</span>
      <div>
      </div>
              </div>
              <div class="step pass-bg" title="steps.listing.listingSteps.iValidateTheListingDescriptionTextField()">
                <span>And I validate the listing description text field</span>
      <div>
      </div>
              </div>
              <div class="step pass-bg" title="steps.listing.listingSteps.iValidateTheListingPrice()">
                <span>And I validate the listing price</span>
      <div>
      </div>
              </div>
              <div class="step pass-bg" title="steps.listing.listingSteps.iValidateTheListingQuantity()">
                <span>And I validate the listing quantity</span>
      <div>
      </div>
              </div>
              <div class="step pass-bg" title="steps.bugs.bugsSteps.iValidateTheListingImageBUG()">
                <span>And I validate the listing image BUG</span>
      <div>
      </div>
              </div>
              <div class="step pass-bg" title="steps.listing.listingSteps.iValidateTheListingVideoURL()">
                <span>And I validate the listing video URL</span>
      <div>
      </div>
              </div>
              <div class="step pass-bg" title="steps.bugs.bugsSteps.selectNoShippingTab()">
                <span>And select no Shipping Tab</span>
      <div>
      </div>
              </div>
              <div class="step pass-bg" title="steps.bugs.bugsSteps.selectPublishButtonBUG()">
                <span>When select Publish button BUG</span>
      <div>
      </div>
              </div>
              <div class="step pass-bg" title="steps.bugs.bugsSteps.iValidatePublishListing()">
                <span>Then I validate Publish Listing</span>
      <div>
      </div>
              </div>
              <div class="step pass-bg" title="AFTER">
                <span>driver.Hooks.tearDown(io.cucumber.java.Scenario)</span>
      <div>User able to Feature Listing
          <div class="row mb-3"><div class="col-md-3">
    <img data-featherlight='../screenshots/embedded10.png' src="../screenshots/embedded10.png">
    
    </div></div>
</div>
      <div>
      </div>
              </div>
          </div>
        </div>
  </div>
  <div class="card">
    <div class="card-header" role="tab">
      <div class="card-title">
        <div class="node" id="129"><span class="badge log pass-bg mr-2">Pass</span>Download file in Orders Purchased</div>
          <div class="status-avatar float-right mr-4">
            <i class="fa fa-paperclip"></i>
          </div>
      </div>
    </div>
        <div class="collapse">
          <div class="card-body">
              <div class="step pass-bg" title="steps.home.homeSteps.loginWithGastonUserSteps()">
                <span>Given I login with Gaston User</span>
      <div>
      </div>
              </div>
              <div class="step pass-bg" title="steps.orders.ordersSteps.iGoToOrdersPage()">
                <span>And I go to orders page</span>
      <div>
      </div>
              </div>
              <div class="step pass-bg" title="steps.bugs.bugsSteps.selectDownloadFile()">
                <span>When select Download file</span>
      <div>
      </div>
              </div>
              <div class="step pass-bg" title="steps.bugs.bugsSteps.iValidateDownloadFile()">
                <span>Then I validate Download file</span>
      <div>
      </div>
              </div>
              <div class="step pass-bg" title="AFTER">
                <span>driver.Hooks.tearDown(io.cucumber.java.Scenario)</span>
      <div>Download file in Orders Purchased
          <div class="row mb-3"><div class="col-md-3">
    <img data-featherlight='../screenshots/embedded11.png' src="../screenshots/embedded11.png">
    
    </div></div>
</div>
      <div>
      </div>
              </div>
          </div>
        </div>
  </div>
  <div class="card">
    <div class="card-header" role="tab">
      <div class="card-title">
        <div class="node" id="136"><span class="badge log pass-bg mr-2">Pass</span>Admin design page PNG</div>
          <div class="status-avatar float-right mr-4">
            <i class="fa fa-paperclip"></i>
          </div>
      </div>
    </div>
        <div class="collapse">
          <div class="card-body">
              <div class="step pass-bg" title="steps.home.homeSteps.loginWithGastonUserSteps()">
                <span>Given I login with Gaston User</span>
      <div>
      </div>
              </div>
              <div class="step pass-bg" title="steps.admin.AdminSteps.adminDesign()">
                <span>And Admin design</span>
      <div>
      </div>
              </div>
              <div class="step pass-bg" title="steps.admin.AdminSteps.iValidateCustomizeLandingPageOption()">
                <span>When I validate customize landing page option</span>
      <div>
      </div>
              </div>
              <div class="step pass-bg" title="steps.bugs.bugsSteps.iSelectLogoAndFavicon()">
                <span>And I select Logo and Favicon</span>
      <div>
      </div>
              </div>
              <div class="step pass-bg" title="steps.bugs.bugsSteps.iUploadPNGExample()">
                <span>And I upload PNG example</span>
      <div>
      </div>
              </div>
              <div class="step pass-bg" title="steps.bugs.bugsSteps.iValidateUploadPNG()">
                <span>Then I validate upload PNG</span>
      <div>
      </div>
              </div>
              <div class="step pass-bg" title="AFTER">
                <span>driver.Hooks.tearDown(io.cucumber.java.Scenario)</span>
      <div>Admin design page PNG
          <div class="row mb-3"><div class="col-md-3">
    <img data-featherlight='../screenshots/embedded12.png' src="../screenshots/embedded12.png">
    
    </div></div>
</div>
      <div>
      </div>
              </div>
          </div>
        </div>
  </div>
  <div class="card">
    <div class="card-header" role="tab">
      <div class="card-title">
        <div class="node" id="145"><span class="badge log pass-bg mr-2">Pass</span>Refresh Cache in Step 6</div>
          <div class="status-avatar float-right mr-4">
            <i class="fa fa-paperclip"></i>
          </div>
      </div>
    </div>
        <div class="collapse">
          <div class="card-body">
              <div class="step pass-bg" title="steps.home.homeSteps.loginWithGastonUserSteps()">
                <span>Given I login with Gaston User</span>
      <div>
      </div>
              </div>
              <div class="step pass-bg" title="steps.admin.AdminSteps.getStartedSteps()">
                <span>And Get started steps</span>
      <div>
      </div>
              </div>
              <div class="step pass-bg" title="steps.bugs.bugsSteps.iValidateStepConnectDomainBUG()">
                <span>When I validate step 6 connect domain BUG</span>
      <div>
      </div>
              </div>
              <div class="step pass-bg" title="steps.admin.AdminSteps.iSeeThatTheStepRedirectMeToConnectDomain()">
                <span>And I see that the step 6 redirect me to Connect Domain</span>
      <div>
      </div>
              </div>
              <div class="step pass-bg" title="steps.bugs.bugsSteps.iValidateRefreshCacheInStep()">
                <span>Then I validate Refresh Cache in Step 6</span>
      <div>
      </div>
              </div>
              <div class="step pass-bg" title="AFTER">
                <span>driver.Hooks.tearDown(io.cucumber.java.Scenario)</span>
      <div>Refresh Cache in Step 6
          <div class="row mb-3"><div class="col-md-3">
    <img data-featherlight='../screenshots/embedded13.png' src="../screenshots/embedded13.png">
    
    </div></div>
</div>
      <div>
      </div>
              </div>
          </div>
        </div>
  </div>
  <div class="card">
    <div class="card-header" role="tab">
      <div class="card-title">
        <div class="node" id="153"><span class="badge log pass-bg mr-2">Pass</span>Delete user in Admin Page</div>
          <div class="status-avatar float-right mr-4">
            <i class="fa fa-paperclip"></i>
          </div>
      </div>
    </div>
        <div class="collapse">
          <div class="card-body">
              <div class="step pass-bg" title="steps.home.homeSteps.loginWithGastonUserSteps()">
                <span>Given I login with Gaston User</span>
      <div>
      </div>
              </div>
              <div class="step pass-bg" title="steps.admin.AdminSteps.getStartedSteps()">
                <span>And Get started steps</span>
      <div>
      </div>
              </div>
              <div class="step pass-bg" title="steps.bugs.bugsSteps.iSelectUsers()">
                <span>When I select Users</span>
      <div>
      </div>
              </div>
              <div class="step pass-bg" title="steps.bugs.bugsSteps.searchName()">
                <span>And search name</span>
      <div>
      </div>
              </div>
              <div class="step pass-bg" title="steps.bugs.bugsSteps.clickSelectActionButton()">
                <span>And click Select Action button</span>
      <div>
      </div>
              </div>
              <div class="step pass-bg" title="steps.bugs.bugsSteps.selectDeleteButton()">
                <span>And select Delete button</span>
      <div>
      </div>
              </div>
              <div class="step pass-bg" title="steps.bugs.bugsSteps.iValidateDeleteUser()">
                <span>Then I validate Delete user</span>
      <div>
      </div>
              </div>
              <div class="step pass-bg" title="AFTER">
                <span>driver.Hooks.tearDown(io.cucumber.java.Scenario)</span>
      <div>Delete user in Admin Page
          <div class="row mb-3"><div class="col-md-3">
    <img data-featherlight='../screenshots/embedded14.png' src="../screenshots/embedded14.png">
    
    </div></div>
</div>
      <div>
      </div>
              </div>
          </div>
        </div>
  </div>
  <div class="card">
    <div class="card-header" role="tab">
      <div class="card-title">
        <div class="node" id="163"><span class="badge log pass-bg mr-2">Pass</span>Validate Listing Price</div>
          <div class="status-avatar float-right mr-4">
            <i class="fa fa-paperclip"></i>
          </div>
      </div>
    </div>
        <div class="collapse">
          <div class="card-body">
              <div class="step pass-bg" title="steps.home.homeSteps.loginWithGastonUserSteps()">
                <span>Given I login with Gaston User</span>
      <div>
      </div>
              </div>
              <div class="step pass-bg" title="steps.bugs.bugsSteps.selectMyListingsButton()">
                <span>And select My Listings button</span>
      <div>
      </div>
              </div>
              <div class="step pass-bg" title="steps.listing.listingSteps.iValidateTheAddNewListingButton()">
                <span>And I validate the add new listing button</span>
      <div>
      </div>
              </div>
              <div class="step pass-bg" title="steps.listing.listingSteps.iValidateTheListingNameTextField()">
                <span>And I validate the listing name text field</span>
      <div>
      </div>
              </div>
              <div class="step pass-bg" title="steps.listing.listingSteps.iValidateTheListingCategory()">
                <span>And I validate the listing category</span>
      <div>
      </div>
              </div>
              <div class="step pass-bg" title="steps.listing.listingSteps.iValidateTheListingDescriptionTextField()">
                <span>And I validate the listing description text field</span>
      <div>
      </div>
              </div>
              <div class="step pass-bg" title="steps.listing.listingSteps.iValidateTheListingPrice()">
                <span>And I validate the listing price</span>
      <div>
      </div>
              </div>
              <div class="step pass-bg" title="steps.bugs.bugsSteps.completeQuantityTextField()">
                <span>And complete Quantity TextField</span>
      <div>
      </div>
              </div>
              <div class="step pass-bg" title="steps.bugs.bugsSteps.iValidateTheListingImageBUG()">
                <span>And I validate the listing image BUG</span>
      <div>
      </div>
              </div>
              <div class="step pass-bg" title="steps.listing.listingSteps.iValidateTheListingVideoURL()">
                <span>And I validate the listing video URL</span>
      <div>
      </div>
              </div>
              <div class="step pass-bg" title="steps.bugs.bugsSteps.selectNoShippingTab()">
                <span>And select no Shipping Tab</span>
      <div>
      </div>
              </div>
              <div class="step pass-bg" title="steps.bugs.bugsSteps.selectPublishButtonBUG()">
                <span>When select Publish button BUG</span>
      <div>
      </div>
              </div>
              <div class="step pass-bg" title="steps.bugs.bugsSteps.iGoToItem()">
                <span>And I go to Item</span>
      <div>
      </div>
              </div>
              <div class="step pass-bg" title="steps.bugs.bugsSteps.iValidateListingPrice()">
                <span>Then I validate Listing Price</span>
      <div>
      </div>
              </div>
              <div class="step pass-bg" title="AFTER">
                <span>driver.Hooks.tearDown(io.cucumber.java.Scenario)</span>
      <div>Validate Listing Price
          <div class="row mb-3"><div class="col-md-3">
    <img data-featherlight='../screenshots/embedded15.png' src="../screenshots/embedded15.png">
    
    </div></div>
</div>
      <div>
      </div>
              </div>
          </div>
        </div>
  </div>
  <div class="card">
    <div class="card-header" role="tab">
      <div class="card-title">
        <div class="node" id="180"><span class="badge log fail-bg mr-2">Fail</span>User able to see My Listings message</div>
          <div class="status-avatar float-right mr-4">
            <i class="fa fa-paperclip"></i>
          </div>
      </div>
    </div>
        <div class="">
          <div class="card-body">
              <div class="step fail-bg" title="steps.bugs.bugsSteps.iSignInAndGoToDashboard(java.lang.String)">
                <span>Given I Sign in with new account "email3" and go to dashboard</span>
      <div>
        <textarea disabled class="code-block">org.openqa.selenium.ElementClickInterceptedException: element click intercepted: Element <button type="button" id="submit-button" class="btn btn-primary btn-og secondary-font font-weight-bold submit-button" data-wording="checkout-summary-button-submit" data-signin-type="mail">...</button> is not clickable at point (1787, 784). Other element would receive the click: <div id="ajax-loader" class="loader-bg" style="display: flex;">...</div>
  (Session info: chrome=110.0.5481.100)
Build info: version: '4.6.0', revision: '79f1c02ae20'
System info: os.name: 'Windows 10', os.arch: 'amd64', os.version: '10.0', java.version: '19.0.2'
Driver info: org.openqa.selenium.chrome.ChromeDriver
Command: [52385a1e2dc8d1ac0f8cff3fc2dd488b, clickElement {id=8f2518fe-bbd2-4913-b79d-45345371756c}]
Capabilities {acceptInsecureCerts: false, browserName: chrome, browserVersion: 110.0.5481.100, chrome: {chromedriverVersion: 110.0.5481.77 (65ed616c6e8e..., userDataDir: C:\Users\Dangelo\AppData\Lo...}, goog:chromeOptions: {debuggerAddress: localhost:60894}, networkConnectionEnabled: false, pageLoadStrategy: normal, platformName: WINDOWS, proxy: Proxy(), se:cdp: ws://localhost:60894/devtoo..., se:cdpVersion: 110.0.5481.100, setWindowRect: true, strictFileInteractability: false, timeouts: {implicit: 0, pageLoad: 300000, script: 30000}, unhandledPromptBehavior: dismiss and notify, webauthn:extension:credBlob: true, webauthn:extension:largeBlob: true, webauthn:virtualAuthenticators: true}
Element: [[ChromeDriver: chrome on WINDOWS (52385a1e2dc8d1ac0f8cff3fc2dd488b)] -> css selector: #submit-button]
Session ID: 52385a1e2dc8d1ac0f8cff3fc2dd488b
	at java.base/jdk.internal.reflect.DirectConstructorHandleAccessor.newInstance(DirectConstructorHandleAccessor.java:67)
	at java.base/java.lang.reflect.Constructor.newInstanceWithCaller(Constructor.java:500)
	at java.base/java.lang.reflect.Constructor.newInstance(Constructor.java:484)
	at org.openqa.selenium.remote.codec.w3c.W3CHttpResponseCodec.createException(W3CHttpResponseCodec.java:200)
	at org.openqa.selenium.remote.codec.w3c.W3CHttpResponseCodec.decode(W3CHttpResponseCodec.java:133)
	at org.openqa.selenium.remote.codec.w3c.W3CHttpResponseCodec.decode(W3CHttpResponseCodec.java:53)
	at org.openqa.selenium.remote.HttpCommandExecutor.execute(HttpCommandExecutor.java:184)
	at org.openqa.selenium.remote.service.DriverCommandExecutor.invokeExecute(DriverCommandExecutor.java:167)
	at org.openqa.selenium.remote.service.DriverCommandExecutor.execute(DriverCommandExecutor.java:142)
	at org.openqa.selenium.remote.RemoteWebDriver.execute(RemoteWebDriver.java:541)
	at org.openqa.selenium.remote.RemoteWebElement.execute(RemoteWebElement.java:257)
	at org.openqa.selenium.remote.RemoteWebElement.click(RemoteWebElement.java:78)
	at java.base/jdk.internal.reflect.DirectMethodHandleAccessor.invoke(DirectMethodHandleAccessor.java:104)
	at java.base/java.lang.reflect.Method.invoke(Method.java:578)
	at org.openqa.selenium.support.pagefactory.internal.LocatingElementHandler.invoke(LocatingElementHandler.java:52)
	at jdk.proxy2/jdk.proxy2.$Proxy30.click(Unknown Source)
	at pages.bugs.bugsPage.submitButton(bugsPage.java:503)
	at steps.bugs.bugsSteps.iSignInAndGoToDashboard(bugsSteps.java:31)
	at ✽.I Sign in with new account "email3" and go to dashboard(classpath:features/bugs/Bugs.feature:314)
</textarea>
      
      </div>
              </div>
              <div class="step skip-bg" title="steps.bugs.bugsSteps.selectMyListingsButtonBUG()">
                <span>When select My Listings button BUG</span>
      <div>Step skipped
      </div>
              </div>
              <div class="step skip-bg" title="steps.bugs.bugsSteps.iValidateMyListingsText()">
                <span>Then I validate My Listings text</span>
      <div>Step skipped
      </div>
              </div>
              <div class="step pass-bg" title="AFTER">
                <span>driver.Hooks.tearDown(io.cucumber.java.Scenario)</span>
      <div>User able to see My Listings message
          <div class="row mb-3"><div class="col-md-3">
    <img data-featherlight='../screenshots/embedded16.png' src="../screenshots/embedded16.png">
    
    </div></div>
</div>
      <div>
      </div>
              </div>
          </div>
        </div>
  </div>
  <div class="card">
    <div class="card-header" role="tab">
      <div class="card-title">
        <div class="node" id="186"><span class="badge log pass-bg mr-2">Pass</span>Validate Social Links</div>
          <div class="status-avatar float-right mr-4">
            <i class="fa fa-paperclip"></i>
          </div>
      </div>
    </div>
        <div class="collapse">
          <div class="card-body">
              <div class="step pass-bg" title="steps.home.homeSteps.loginWithGastonUserSteps()">
                <span>Given I login with Gaston User</span>
      <div>
      </div>
              </div>
              <div class="step pass-bg" title="steps.admin.AdminSteps.adminDesign()">
                <span>And Admin design</span>
      <div>
      </div>
              </div>
              <div class="step pass-bg" title="steps.admin.AdminSteps.iValidateCustomizeLandingPageOption()">
                <span>When I validate customize landing page option</span>
      <div>
      </div>
              </div>
              <div class="step pass-bg" title="steps.bugs.bugsSteps.selectSocialLinksSector()">
                <span>And select Social Links sector</span>
      <div>
      </div>
              </div>
              <div class="step pass-bg" title="steps.bugs.bugsSteps.validateFacebookText()">
                <span>And validate Facebook text</span>
      <div>
      </div>
              </div>
              <div class="step pass-bg" title="steps.bugs.bugsSteps.validateTwitterText()">
                <span>And validate Twitter text</span>
      <div>
      </div>
              </div>
              <div class="step pass-bg" title="steps.bugs.bugsSteps.validateInstagramText()">
                <span>And validate Instagram text</span>
      <div>
      </div>
              </div>
              <div class="step pass-bg" title="steps.bugs.bugsSteps.validateLinkedinText()">
                <span>And validate Linkedin text</span>
      <div>
      </div>
              </div>
              <div class="step pass-bg" title="steps.bugs.bugsSteps.validateYoutube()">
                <span>And validate Youtube</span>
      <div>
      </div>
              </div>
              <div class="step pass-bg" title="steps.bugs.bugsSteps.validateSocialLinks()">
                <span>Then validate Social Links</span>
      <div>
      </div>
              </div>
              <div class="step pass-bg" title="AFTER">
                <span>driver.Hooks.tearDown(io.cucumber.java.Scenario)</span>
      <div>Validate Social Links
          <div class="row mb-3"><div class="col-md-3">
    <img data-featherlight='../screenshots/embedded17.png' src="../screenshots/embedded17.png">
    
    </div></div>
</div>
      <div>
      </div>
              </div>
          </div>
        </div>
  </div>
  <div class="card">
    <div class="card-header" role="tab">
      <div class="card-title">
        <div class="node" id="199"><span class="badge log pass-bg mr-2">Pass</span>Validate Image Upload</div>
          <div class="status-avatar float-right mr-4">
            <i class="fa fa-paperclip"></i>
          </div>
      </div>
    </div>
        <div class="collapse">
          <div class="card-body">
              <div class="step pass-bg" title="steps.home.homeSteps.loginWithGastonUserSteps()">
                <span>Given I login with Gaston User</span>
      <div>
      </div>
              </div>
              <div class="step pass-bg" title="steps.bugs.bugsSteps.selectMyListingsButton()">
                <span>And select My Listings button</span>
      <div>
      </div>
              </div>
              <div class="step pass-bg" title="steps.listing.listingSteps.iValidateTheAddNewListingButton()">
                <span>And I validate the add new listing button</span>
      <div>
      </div>
              </div>
              <div class="step pass-bg" title="steps.listing.listingSteps.iValidateTheListingNameTextField()">
                <span>And I validate the listing name text field</span>
      <div>
      </div>
              </div>
              <div class="step pass-bg" title="steps.listing.listingSteps.iValidateTheListingCategory()">
                <span>And I validate the listing category</span>
      <div>
      </div>
              </div>
              <div class="step pass-bg" title="steps.listing.listingSteps.iValidateTheListingDescriptionTextField()">
                <span>And I validate the listing description text field</span>
      <div>
      </div>
              </div>
              <div class="step pass-bg" title="steps.listing.listingSteps.iValidateTheListingPrice()">
                <span>And I validate the listing price</span>
      <div>
      </div>
              </div>
              <div class="step pass-bg" title="steps.bugs.bugsSteps.completeQuantityTextField()">
                <span>And complete Quantity TextField</span>
      <div>
      </div>
              </div>
              <div class="step pass-bg" title="steps.bugs.bugsSteps.iValidateTheListingImageBUGIMAGE()">
                <span>And I validate the listing image BUG IMAGE</span>
      <div>
      </div>
              </div>
              <div class="step pass-bg" title="steps.bugs.bugsSteps.iValidateImageUpload()">
                <span>Then I validate Image Upload</span>
      <div>
      </div>
              </div>
              <div class="step pass-bg" title="AFTER">
                <span>driver.Hooks.tearDown(io.cucumber.java.Scenario)</span>
      <div>Validate Image Upload
          <div class="row mb-3"><div class="col-md-3">
    <img data-featherlight='../screenshots/embedded18.png' src="../screenshots/embedded18.png">
    
    </div></div>
</div>
      <div>
      </div>
              </div>
          </div>
        </div>
  </div>
  <div class="card">
    <div class="card-header" role="tab">
      <div class="card-title">
        <div class="node" id="212"><span class="badge log fail-bg mr-2">Fail</span>MTR - Buyer able to create a listing STAGING BUG</div>
          <div class="status-avatar float-right mr-4">
            <i class="fa fa-paperclip"></i>
          </div>
      </div>
    </div>
        <div class="">
          <div class="card-body">
              <div class="step pass-bg" title="steps.home.homeSteps.loginWithGastonUserSteps()">
                <span>Given I login with Gaston User</span>
      <div>
      </div>
              </div>
              <div class="step pass-bg" title="steps.bugs.bugsSteps.iGoToListingPageWhen()">
                <span>And I go to listing page</span>
      <div>
      </div>
              </div>
              <div class="step fail-bg" title="steps.listing.listingSteps.iValidateTheAddNewListingButton()">
                <span>When I validate the add new listing button</span>
      <div>
        <textarea disabled class="code-block">org.openqa.selenium.TimeoutException: Expected condition failed: waiting for pages.BasePage$$Lambda$840/0x0000000801488cf8@50d0fb48 (tried for 30 second(s) with 2000 milliseconds interval)
	at org.openqa.selenium.support.ui.FluentWait.timeoutException(FluentWait.java:263)
	at org.openqa.selenium.support.ui.FluentWait.until(FluentWait.java:231)
	at pages.BasePage.fluentWait(BasePage.java:119)
	at pages.listing.listingPage.addListingBtn(listingPage.java:233)
	at steps.listing.listingSteps.iValidateTheAddNewListingButton(listingSteps.java:46)
	at ✽.I validate the add new listing button(classpath:features/bugs/Bugs.feature:354)
Caused by: org.openqa.selenium.NoSuchElementException: no such element: Unable to locate element: {"method":"css selector","selector":"#dashboard > div.row > div > div.row > div.col-lg-6.text-right > div > div.col-auto.ml-auto > a"}
  (Session info: chrome=110.0.5481.100)
For documentation on this error, please visit: https://selenium.dev/exceptions/#no_such_element
Build info: version: '4.6.0', revision: '79f1c02ae20'
System info: os.name: 'Windows 10', os.arch: 'amd64', os.version: '10.0', java.version: '19.0.2'
Driver info: org.openqa.selenium.chrome.ChromeDriver
Command: [c7478a8cfd07f18e7f67cff6a6cbc11f, findElement {using=css selector, value=#dashboard > div.row > div > div.row > div.col-lg-6.text-right > div > div.col-auto.ml-auto > a}]
Capabilities {acceptInsecureCerts: false, browserName: chrome, browserVersion: 110.0.5481.100, chrome: {chromedriverVersion: 110.0.5481.77 (65ed616c6e8e..., userDataDir: C:\Users\Dangelo\AppData\Lo...}, goog:chromeOptions: {debuggerAddress: localhost:61275}, networkConnectionEnabled: false, pageLoadStrategy: normal, platformName: WINDOWS, proxy: Proxy(), se:cdp: ws://localhost:61275/devtoo..., se:cdpVersion: 110.0.5481.100, setWindowRect: true, strictFileInteractability: false, timeouts: {implicit: 0, pageLoad: 300000, script: 30000}, unhandledPromptBehavior: dismiss and notify, webauthn:extension:credBlob: true, webauthn:extension:largeBlob: true, webauthn:virtualAuthenticators: true}
Session ID: c7478a8cfd07f18e7f67cff6a6cbc11f
	at java.base/jdk.internal.reflect.DirectConstructorHandleAccessor.newInstance(DirectConstructorHandleAccessor.java:67)
	at java.base/java.lang.reflect.Constructor.newInstanceWithCaller(Constructor.java:500)
	at java.base/java.lang.reflect.Constructor.newInstance(Constructor.java:484)
	at org.openqa.selenium.remote.codec.w3c.W3CHttpResponseCodec.createException(W3CHttpResponseCodec.java:200)
	at org.openqa.selenium.remote.codec.w3c.W3CHttpResponseCodec.decode(W3CHttpResponseCodec.java:133)
	at org.openqa.selenium.remote.codec.w3c.W3CHttpResponseCodec.decode(W3CHttpResponseCodec.java:53)
	at org.openqa.selenium.remote.HttpCommandExecutor.execute(HttpCommandExecutor.java:184)
	at org.openqa.selenium.remote.service.DriverCommandExecutor.invokeExecute(DriverCommandExecutor.java:167)
	at org.openqa.selenium.remote.service.DriverCommandExecutor.execute(DriverCommandExecutor.java:142)
	at org.openqa.selenium.remote.RemoteWebDriver.execute(RemoteWebDriver.java:541)
	at org.openqa.selenium.remote.ElementLocation$ElementFinder$2.findElement(ElementLocation.java:162)
	at org.openqa.selenium.remote.ElementLocation.findElement(ElementLocation.java:60)
	at org.openqa.selenium.remote.RemoteWebDriver.findElement(RemoteWebDriver.java:365)
	at org.openqa.selenium.remote.RemoteWebDriver.findElement(RemoteWebDriver.java:357)
	at org.openqa.selenium.support.pagefactory.DefaultElementLocator.findElement(DefaultElementLocator.java:70)
	at org.openqa.selenium.support.pagefactory.internal.LocatingElementHandler.invoke(LocatingElementHandler.java:39)
	at jdk.proxy2/jdk.proxy2.$Proxy30.isDisplayed(Unknown Source)
	at pages.BasePage.lambda$fluentWait$1(BasePage.java:119)
	at org.openqa.selenium.support.ui.FluentWait.until(FluentWait.java:208)
	at pages.BasePage.fluentWait(BasePage.java:119)
	at pages.listing.listingPage.addListingBtn(listingPage.java:233)
	at steps.listing.listingSteps.iValidateTheAddNewListingButton(listingSteps.java:46)
	at java.base/jdk.internal.reflect.DirectMethodHandleAccessor.invoke(DirectMethodHandleAccessor.java:104)
	at java.base/java.lang.reflect.Method.invoke(Method.java:578)
	at io.cucumber.java.Invoker.doInvoke(Invoker.java:66)
	at io.cucumber.java.Invoker.invoke(Invoker.java:24)
	at io.cucumber.java.AbstractGlueDefinition.invokeMethod(AbstractGlueDefinition.java:47)
	at io.cucumber.java.JavaStepDefinition.execute(JavaStepDefinition.java:29)
	at io.cucumber.core.runner.CoreStepDefinition.execute(CoreStepDefinition.java:66)
	at io.cucumber.core.runner.PickleStepDefinitionMatch.runStep(PickleStepDefinitionMatch.java:63)
	at io.cucumber.core.runner.ExecutionMode$1.execute(ExecutionMode.java:10)
	at io.cucumber.core.runner.TestStep.executeStep(TestStep.java:84)
	at io.cucumber.core.runner.TestStep.run(TestStep.java:56)
	at io.cucumber.core.runner.PickleStepTestStep.run(PickleStepTestStep.java:51)
	at io.cucumber.core.runner.TestCase.run(TestCase.java:84)
	at io.cucumber.core.runner.Runner.runPickle(Runner.java:75)
	at io.cucumber.testng.TestNGCucumberRunner.lambda$runScenario$1(TestNGCucumberRunner.java:132)
	at io.cucumber.core.runtime.CucumberExecutionContext.lambda$runTestCase$5(CucumberExecutionContext.java:130)
	at io.cucumber.core.runtime.RethrowingThrowableCollector.executeAndThrow(RethrowingThrowableCollector.java:23)
	at io.cucumber.core.runtime.CucumberExecutionContext.runTestCase(CucumberExecutionContext.java:130)
	at io.cucumber.testng.TestNGCucumberRunner.runScenario(TestNGCucumberRunner.java:129)
	at io.cucumber.testng.AbstractTestNGCucumberTests.runScenario(AbstractTestNGCucumberTests.java:35)
	at java.base/jdk.internal.reflect.DirectMethodHandleAccessor.invoke(DirectMethodHandleAccessor.java:104)
	at java.base/java.lang.reflect.Method.invoke(Method.java:578)
	at org.testng.internal.invokers.MethodInvocationHelper.invokeMethod(MethodInvocationHelper.java:139)
	at org.testng.internal.invokers.TestInvoker.invokeMethod(TestInvoker.java:677)
	at org.testng.internal.invokers.TestInvoker.invokeTestMethod(TestInvoker.java:221)
	at org.testng.internal.invokers.MethodRunner.runInSequence(MethodRunner.java:50)
	at org.testng.internal.invokers.TestInvoker$MethodInvocationAgent.invoke(TestInvoker.java:962)
	at org.testng.internal.invokers.TestInvoker.invokeTestMethods(TestInvoker.java:194)
	at org.testng.internal.invokers.TestMethodWorker.invokeTestMethods(TestMethodWorker.java:148)
	at org.testng.internal.invokers.TestMethodWorker.run(TestMethodWorker.java:128)
	at java.base/java.util.ArrayList.forEach(ArrayList.java:1511)
	at org.testng.TestRunner.privateRun(TestRunner.java:806)
	at org.testng.TestRunner.run(TestRunner.java:601)
	at org.testng.SuiteRunner.runTest(SuiteRunner.java:433)
	at org.testng.SuiteRunner.runSequentially(SuiteRunner.java:427)
	at org.testng.SuiteRunner.privateRun(SuiteRunner.java:387)
	at org.testng.SuiteRunner.run(SuiteRunner.java:330)
	at org.testng.SuiteRunnerWorker.runSuite(SuiteRunnerWorker.java:52)
	at org.testng.SuiteRunnerWorker.run(SuiteRunnerWorker.java:95)
	at org.testng.TestNG.runSuitesSequentially(TestNG.java:1256)
	at org.testng.TestNG.runSuitesLocally(TestNG.java:1176)
	at org.testng.TestNG.runSuites(TestNG.java:1099)
	at org.testng.TestNG.run(TestNG.java:1067)
	at org.apache.maven.surefire.testng.TestNGExecutor.run(TestNGExecutor.java:324)
	at org.apache.maven.surefire.testng.TestNGXmlTestSuite.execute(TestNGXmlTestSuite.java:74)
	at org.apache.maven.surefire.testng.TestNGProvider.invoke(TestNGProvider.java:123)
	at org.apache.maven.surefire.booter.ForkedBooter.runSuitesInProcess(ForkedBooter.java:456)
	at org.apache.maven.surefire.booter.ForkedBooter.execute(ForkedBooter.java:169)
	at org.apache.maven.surefire.booter.ForkedBooter.run(ForkedBooter.java:595)
	at org.apache.maven.surefire.booter.ForkedBooter.main(ForkedBooter.java:581)
</textarea>
      
      </div>
              </div>
              <div class="step skip-bg" title="steps.listing.listingSteps.iValidateTheListingNameTextField()">
                <span>And I validate the listing name text field</span>
      <div>Step skipped
      </div>
              </div>
              <div class="step skip-bg" title="steps.listing.listingSteps.iValidateTheListingCategory()">
                <span>And I validate the listing category</span>
      <div>Step skipped
      </div>
              </div>
              <div class="step skip-bg" title="steps.listing.listingSteps.iValidateTheListingDescriptionTextField()">
                <span>And I validate the listing description text field</span>
      <div>Step skipped
      </div>
              </div>
              <div class="step skip-bg" title="steps.listing.listingSteps.iValidateTheListingPrice()">
                <span>And I validate the listing price</span>
      <div>Step skipped
      </div>
              </div>
              <div class="step skip-bg" title="steps.listing.listingSteps.iValidateTheListingQuantity()">
                <span>And I validate the listing quantity</span>
      <div>Step skipped
      </div>
              </div>
              <div class="step skip-bg" title="steps.listing.listingSteps.iValidateTheListingImage()">
                <span>And I validate the listing image</span>
      <div>Step skipped
      </div>
              </div>
              <div class="step skip-bg" title="steps.listing.listingSteps.iValidateTheListingVideoURL()">
                <span>And I validate the listing video URL</span>
      <div>Step skipped
      </div>
              </div>
              <div class="step skip-bg" title="steps.listing.listingSteps.iValidateTheShippingWithUSPS()">
                <span>And I validate the shipping with USPS</span>
      <div>Step skipped
      </div>
              </div>
              <div class="step skip-bg" title="steps.listing.listingSteps.iValidateTheShippingWithFedEx()">
                <span>And I validate the shipping with FedEx</span>
      <div>Step skipped
      </div>
              </div>
              <div class="step skip-bg" title="steps.listing.listingSteps.iValidateTheFlatRateShipping()">
                <span>And I validate the Flat Rate Shipping</span>
      <div>Step skipped
      </div>
              </div>
              <div class="step skip-bg" title="steps.listing.listingSteps.iValidateThePickUpOption()">
                <span>And I validate the pick up option</span>
      <div>Step skipped
      </div>
              </div>
              <div class="step skip-bg" title="steps.listing.listingSteps.iCompleteCustomFields()">
                <span>And I complete Custom Fields</span>
      <div>Step skipped
      </div>
              </div>
              <div class="step skip-bg" title="steps.listing.listingSteps.iSelectPublishButtonSTAGING()">
                <span>And I select Publish button STAGING</span>
      <div>Step skipped
      </div>
              </div>
              <div class="step skip-bg" title="steps.listing.listingSteps.iValidateCreateAListingStaging()">
                <span>Then I validate create a listing Staging</span>
      <div>Step skipped
      </div>
              </div>
              <div class="step pass-bg" title="AFTER">
                <span>driver.Hooks.tearDown(io.cucumber.java.Scenario)</span>
      <div>MTR - Buyer able to create a listing STAGING BUG
          <div class="row mb-3"><div class="col-md-3">
    <img data-featherlight='../screenshots/embedded19.png' src="../screenshots/embedded19.png">
    
    </div></div>
</div>
      <div>
      </div>
              </div>
          </div>
        </div>
  </div>
  <div class="card">
    <div class="card-header" role="tab">
      <div class="card-title">
        <div class="node" id="232"><span class="badge log pass-bg mr-2">Pass</span>Modify the site from services to product</div>
          <div class="status-avatar float-right mr-4">
            <i class="fa fa-paperclip"></i>
          </div>
      </div>
    </div>
        <div class="collapse">
          <div class="card-body">
              <div class="step pass-bg" title="steps.onboarding.OnboardingSteps.go_to(java.lang.String)">
                <span>Given I go to "https://mtreborn-staging-products.azurewebsites.net/application/Onboarding"</span>
      <div>
      </div>
              </div>
              <div class="step pass-bg" title="steps.onboarding.OnboardingSteps.iTypeOnnameField()">
                <span>When I type on name field</span>
      <div>
      </div>
              </div>
              <div class="step pass-bg" title="steps.onboarding.OnboardingSteps.iTypeOnEMailField(java.lang.String)">
                <span>And I type on e-mail field "email3"</span>
      <div>
      </div>
              </div>
              <div class="step pass-bg" title="steps.onboarding.OnboardingSteps.iTypeOnPhoneNumberField()">
                <span>And I type on Phone Number field</span>
      <div>
      </div>
              </div>
              <div class="step pass-bg" title="steps.onboarding.OnboardingSteps.iTypeOnYourMarketplaceNameField(java.lang.String)">
                <span>And I type on your Marketplace name field "Test2"</span>
      <div>
      </div>
              </div>
              <div class="step pass-bg" title="steps.onboarding.OnboardingSteps.iCheckToAcceptBeingContactedForCustomFeatures()">
                <span>And i check to accept 'Being contacted for Custom Features that will grow my marketplace 2x faster'</span>
      <div>
      </div>
              </div>
              <div class="step pass-bg" title="steps.onboarding.OnboardingSteps.iClickTheButtonNext()">
                <span>And I click the button Next</span>
      <div>
      </div>
              </div>
              <div class="step pass-bg" title="steps.onboarding.OnboardingSteps.iSelectService()">
                <span>And I select Service</span>
      <div>
      </div>
              </div>
              <div class="step pass-bg" title="steps.onboarding.OnboardingSteps.iClickTheButtonNext2()">
                <span>And I click the other button Next</span>
      <div>
      </div>
              </div>
              <div class="step pass-bg" title="steps.onboarding.OnboardingSteps.iCompleteTheFieldCardNumber()">
                <span>And I complete the field Card number</span>
      <div>
      </div>
              </div>
              <div class="step pass-bg" title="steps.onboarding.OnboardingSteps.iCompleteTheFieldnameOnCard()">
                <span>And I complete the field name on card</span>
      <div>
      </div>
              </div>
              <div class="step pass-bg" title="steps.onboarding.OnboardingSteps.iCompleteTheFieldExpiryDate()">
                <span>And I complete the field Expiry Date</span>
      <div>
      </div>
              </div>
              <div class="step pass-bg" title="steps.onboarding.OnboardingSteps.iCompleteTheFieldCCVCode()">
                <span>And I complete the field CVC Code</span>
      <div>
      </div>
              </div>
              <div class="step pass-bg" title="steps.onboarding.OnboardingSteps.iClickTheButtonSavePayment()">
                <span>And I click the button Save payment</span>
      <div>
      </div>
              </div>
              <div class="step pass-bg" title="steps.bugs.bugsSteps.iValidateThatTheServicesPageIsCreated()">
                <span>Then I validate that the Services page is created</span>
      <div>
      </div>
              </div>
              <div class="step pass-bg" title="AFTER">
                <span>driver.Hooks.tearDown(io.cucumber.java.Scenario)</span>
      <div>Modify the site from services to product
          <div class="row mb-3"><div class="col-md-3">
    <img data-featherlight='../screenshots/embedded20.png' src="../screenshots/embedded20.png">
    
    </div></div>
</div>
      <div>
      </div>
              </div>
          </div>
        </div>
  </div>
  <div class="card">
    <div class="card-header" role="tab">
      <div class="card-title">
        <div class="node" id="250"><span class="badge log fail-bg mr-2">Fail</span>Create Listing - Can't finish listing creation because cropper doesn't pop up</div>
          <div class="status-avatar float-right mr-4">
            <i class="fa fa-paperclip"></i>
          </div>
      </div>
    </div>
        <div class="">
          <div class="card-body">
              <div class="step pass-bg" title="steps.listing.listingSteps.iLoginAndGoToListingPage()">
                <span>Given I login and go to listing page</span>
      <div>
      </div>
              </div>
              <div class="step fail-bg" title="steps.bugs.bugsSteps.iSelectAddNew()">
                <span>When I select Add New</span>
      <div>
        <textarea disabled class="code-block">org.openqa.selenium.TimeoutException: Expected condition failed: waiting for pages.BasePage$$Lambda$840/0x0000000801488cf8@3948f7b9 (tried for 30 second(s) with 2000 milliseconds interval)
	at org.openqa.selenium.support.ui.FluentWait.timeoutException(FluentWait.java:263)
	at org.openqa.selenium.support.ui.FluentWait.until(FluentWait.java:231)
	at pages.BasePage.fluentWait(BasePage.java:119)
	at pages.bugs.bugsPage.addNewListing(bugsPage.java:1127)
	at steps.bugs.bugsSteps.iSelectAddNew(bugsSteps.java:548)
	at ✽.I select Add New(classpath:features/bugs/Bugs.feature:395)
Caused by: org.openqa.selenium.NoSuchElementException: no such element: Unable to locate element: {"method":"css selector","selector":"#dashboard > div.row > div > div.row > div.col-lg-6.text-right > div > div.col-auto.ml-auto > a"}
  (Session info: chrome=110.0.5481.100)
For documentation on this error, please visit: https://selenium.dev/exceptions/#no_such_element
Build info: version: '4.6.0', revision: '79f1c02ae20'
System info: os.name: 'Windows 10', os.arch: 'amd64', os.version: '10.0', java.version: '19.0.2'
Driver info: org.openqa.selenium.chrome.ChromeDriver
Command: [92d527886dda39b4c065d9e6600cad49, findElement {using=css selector, value=#dashboard > div.row > div > div.row > div.col-lg-6.text-right > div > div.col-auto.ml-auto > a}]
Capabilities {acceptInsecureCerts: false, browserName: chrome, browserVersion: 110.0.5481.100, chrome: {chromedriverVersion: 110.0.5481.77 (65ed616c6e8e..., userDataDir: C:\Users\Dangelo\AppData\Lo...}, goog:chromeOptions: {debuggerAddress: localhost:61471}, networkConnectionEnabled: false, pageLoadStrategy: normal, platformName: WINDOWS, proxy: Proxy(), se:cdp: ws://localhost:61471/devtoo..., se:cdpVersion: 110.0.5481.100, setWindowRect: true, strictFileInteractability: false, timeouts: {implicit: 0, pageLoad: 300000, script: 30000}, unhandledPromptBehavior: dismiss and notify, webauthn:extension:credBlob: true, webauthn:extension:largeBlob: true, webauthn:virtualAuthenticators: true}
Session ID: 92d527886dda39b4c065d9e6600cad49
	at java.base/jdk.internal.reflect.DirectConstructorHandleAccessor.newInstance(DirectConstructorHandleAccessor.java:67)
	at java.base/java.lang.reflect.Constructor.newInstanceWithCaller(Constructor.java:500)
	at java.base/java.lang.reflect.Constructor.newInstance(Constructor.java:484)
	at org.openqa.selenium.remote.codec.w3c.W3CHttpResponseCodec.createException(W3CHttpResponseCodec.java:200)
	at org.openqa.selenium.remote.codec.w3c.W3CHttpResponseCodec.decode(W3CHttpResponseCodec.java:133)
	at org.openqa.selenium.remote.codec.w3c.W3CHttpResponseCodec.decode(W3CHttpResponseCodec.java:53)
	at org.openqa.selenium.remote.HttpCommandExecutor.execute(HttpCommandExecutor.java:184)
	at org.openqa.selenium.remote.service.DriverCommandExecutor.invokeExecute(DriverCommandExecutor.java:167)
	at org.openqa.selenium.remote.service.DriverCommandExecutor.execute(DriverCommandExecutor.java:142)
	at org.openqa.selenium.remote.RemoteWebDriver.execute(RemoteWebDriver.java:541)
	at org.openqa.selenium.remote.ElementLocation$ElementFinder$2.findElement(ElementLocation.java:162)
	at org.openqa.selenium.remote.ElementLocation.findElement(ElementLocation.java:60)
	at org.openqa.selenium.remote.RemoteWebDriver.findElement(RemoteWebDriver.java:365)
	at org.openqa.selenium.remote.RemoteWebDriver.findElement(RemoteWebDriver.java:357)
	at org.openqa.selenium.support.pagefactory.DefaultElementLocator.findElement(DefaultElementLocator.java:70)
	at org.openqa.selenium.support.pagefactory.internal.LocatingElementHandler.invoke(LocatingElementHandler.java:39)
	at jdk.proxy2/jdk.proxy2.$Proxy30.isDisplayed(Unknown Source)
	at pages.BasePage.lambda$fluentWait$1(BasePage.java:119)
	at org.openqa.selenium.support.ui.FluentWait.until(FluentWait.java:208)
	at pages.BasePage.fluentWait(BasePage.java:119)
	at pages.bugs.bugsPage.addNewListing(bugsPage.java:1127)
	at steps.bugs.bugsSteps.iSelectAddNew(bugsSteps.java:548)
	at java.base/jdk.internal.reflect.DirectMethodHandleAccessor.invoke(DirectMethodHandleAccessor.java:104)
	at java.base/java.lang.reflect.Method.invoke(Method.java:578)
	at io.cucumber.java.Invoker.doInvoke(Invoker.java:66)
	at io.cucumber.java.Invoker.invoke(Invoker.java:24)
	at io.cucumber.java.AbstractGlueDefinition.invokeMethod(AbstractGlueDefinition.java:47)
	at io.cucumber.java.JavaStepDefinition.execute(JavaStepDefinition.java:29)
	at io.cucumber.core.runner.CoreStepDefinition.execute(CoreStepDefinition.java:66)
	at io.cucumber.core.runner.PickleStepDefinitionMatch.runStep(PickleStepDefinitionMatch.java:63)
	at io.cucumber.core.runner.ExecutionMode$1.execute(ExecutionMode.java:10)
	at io.cucumber.core.runner.TestStep.executeStep(TestStep.java:84)
	at io.cucumber.core.runner.TestStep.run(TestStep.java:56)
	at io.cucumber.core.runner.PickleStepTestStep.run(PickleStepTestStep.java:51)
	at io.cucumber.core.runner.TestCase.run(TestCase.java:84)
	at io.cucumber.core.runner.Runner.runPickle(Runner.java:75)
	at io.cucumber.testng.TestNGCucumberRunner.lambda$runScenario$1(TestNGCucumberRunner.java:132)
	at io.cucumber.core.runtime.CucumberExecutionContext.lambda$runTestCase$5(CucumberExecutionContext.java:130)
	at io.cucumber.core.runtime.RethrowingThrowableCollector.executeAndThrow(RethrowingThrowableCollector.java:23)
	at io.cucumber.core.runtime.CucumberExecutionContext.runTestCase(CucumberExecutionContext.java:130)
	at io.cucumber.testng.TestNGCucumberRunner.runScenario(TestNGCucumberRunner.java:129)
	at io.cucumber.testng.AbstractTestNGCucumberTests.runScenario(AbstractTestNGCucumberTests.java:35)
	at java.base/jdk.internal.reflect.DirectMethodHandleAccessor.invoke(DirectMethodHandleAccessor.java:104)
	at java.base/java.lang.reflect.Method.invoke(Method.java:578)
	at org.testng.internal.invokers.MethodInvocationHelper.invokeMethod(MethodInvocationHelper.java:139)
	at org.testng.internal.invokers.TestInvoker.invokeMethod(TestInvoker.java:677)
	at org.testng.internal.invokers.TestInvoker.invokeTestMethod(TestInvoker.java:221)
	at org.testng.internal.invokers.MethodRunner.runInSequence(MethodRunner.java:50)
	at org.testng.internal.invokers.TestInvoker$MethodInvocationAgent.invoke(TestInvoker.java:962)
	at org.testng.internal.invokers.TestInvoker.invokeTestMethods(TestInvoker.java:194)
	at org.testng.internal.invokers.TestMethodWorker.invokeTestMethods(TestMethodWorker.java:148)
	at org.testng.internal.invokers.TestMethodWorker.run(TestMethodWorker.java:128)
	at java.base/java.util.ArrayList.forEach(ArrayList.java:1511)
	at org.testng.TestRunner.privateRun(TestRunner.java:806)
	at org.testng.TestRunner.run(TestRunner.java:601)
	at org.testng.SuiteRunner.runTest(SuiteRunner.java:433)
	at org.testng.SuiteRunner.runSequentially(SuiteRunner.java:427)
	at org.testng.SuiteRunner.privateRun(SuiteRunner.java:387)
	at org.testng.SuiteRunner.run(SuiteRunner.java:330)
	at org.testng.SuiteRunnerWorker.runSuite(SuiteRunnerWorker.java:52)
	at org.testng.SuiteRunnerWorker.run(SuiteRunnerWorker.java:95)
	at org.testng.TestNG.runSuitesSequentially(TestNG.java:1256)
	at org.testng.TestNG.runSuitesLocally(TestNG.java:1176)
	at org.testng.TestNG.runSuites(TestNG.java:1099)
	at org.testng.TestNG.run(TestNG.java:1067)
	at org.apache.maven.surefire.testng.TestNGExecutor.run(TestNGExecutor.java:324)
	at org.apache.maven.surefire.testng.TestNGXmlTestSuite.execute(TestNGXmlTestSuite.java:74)
	at org.apache.maven.surefire.testng.TestNGProvider.invoke(TestNGProvider.java:123)
	at org.apache.maven.surefire.booter.ForkedBooter.runSuitesInProcess(ForkedBooter.java:456)
	at org.apache.maven.surefire.booter.ForkedBooter.execute(ForkedBooter.java:169)
	at org.apache.maven.surefire.booter.ForkedBooter.run(ForkedBooter.java:595)
	at org.apache.maven.surefire.booter.ForkedBooter.main(ForkedBooter.java:581)
</textarea>
      
      </div>
              </div>
              <div class="step skip-bg" title="steps.sponsoredAds.sponsoredAdsSteps.iAddAnImage()">
                <span>And I add an image</span>
      <div>Step skipped
      </div>
              </div>
              <div class="step skip-bg" title="steps.bugs.bugsSteps.iValidateCanFinishListingCreation()">
                <span>Then I validate Can finish listing creation</span>
      <div>Step skipped
      </div>
              </div>
              <div class="step pass-bg" title="AFTER">
                <span>driver.Hooks.tearDown(io.cucumber.java.Scenario)</span>
      <div>Create Listing - Can't finish listing creation because cropper doesn't pop up
          <div class="row mb-3"><div class="col-md-3">
    <img data-featherlight='../screenshots/embedded21.png' src="../screenshots/embedded21.png">
    
    </div></div>
</div>
      <div>
      </div>
              </div>
          </div>
        </div>
  </div>
  <div class="card">
    <div class="card-header" role="tab">
      <div class="card-title">
        <div class="node" id="257"><span class="badge log pass-bg mr-2">Pass</span>No Payments - Price not appearing on Listing Details</div>
          <div class="status-avatar float-right mr-4">
            <i class="fa fa-paperclip"></i>
          </div>
      </div>
    </div>
        <div class="collapse">
          <div class="card-body">
              <div class="step pass-bg" title="steps.listing.listingSteps.iLoginAndGoToListingPage()">
                <span>Given I login and go to listing page</span>
      <div>
      </div>
              </div>
              <div class="step pass-bg" title="steps.bugs.bugsSteps.iSelectAnItemBUG()">
                <span>When I select an item BUG</span>
      <div>
      </div>
              </div>
              <div class="step pass-bg" title="steps.bugs.bugsSteps.iValidatePriceAppearingOnListingDetails()">
                <span>Then I validate Price appearing on Listing Details</span>
      <div>
      </div>
              </div>
              <div class="step pass-bg" title="AFTER">
                <span>driver.Hooks.tearDown(io.cucumber.java.Scenario)</span>
      <div>No Payments - Price not appearing on Listing Details
          <div class="row mb-3"><div class="col-md-3">
    <img data-featherlight='../screenshots/embedded22.png' src="../screenshots/embedded22.png">
    
    </div></div>
</div>
      <div>
      </div>
              </div>
          </div>
        </div>
  </div>
  <div class="card">
    <div class="card-header" role="tab">
      <div class="card-title">
        <div class="node" id="263"><span class="badge log fail-bg mr-2">Fail</span>Inbox - Unable to see messages in Read</div>
          <div class="status-avatar float-right mr-4">
            <i class="fa fa-paperclip"></i>
          </div>
      </div>
    </div>
        <div class="">
          <div class="card-body">
              <div class="step fail-bg" >
                <span>Given I login and i go to Dashboard</span>
      <div>Step undefined
      </div>
              </div>
              <div class="step skip-bg" title="steps.bugs.bugsSteps.selectInbox()">
                <span>And Select Inbox</span>
      <div>Step skipped
      </div>
              </div>
              <div class="step skip-bg" title="steps.bugs.bugsSteps.selectReadSection()">
                <span>When Select Read section</span>
      <div>Step skipped
      </div>
              </div>
              <div class="step skip-bg" title="steps.bugs.bugsSteps.validateMessagesInRead()">
                <span>Then Validate messages in Read</span>
      <div>Step skipped
      </div>
              </div>
              <div class="step pass-bg" title="AFTER">
                <span>driver.Hooks.tearDown(io.cucumber.java.Scenario)</span>
      <div>Inbox - Unable to see messages in Read
          <div class="row mb-3"><div class="col-md-3">
    <img data-featherlight='../screenshots/embedded23.png' src="../screenshots/embedded23.png">
    
    </div></div>
</div>
      <div>
      </div>
              </div>
          </div>
        </div>
  </div>
  <div class="card">
    <div class="card-header" role="tab">
      <div class="card-title">
        <div class="node" id="270"><span class="badge log fail-bg mr-2">Fail</span>Browse - Listings only show "Seen 0 times"</div>
          <div class="status-avatar float-right mr-4">
            <i class="fa fa-paperclip"></i>
          </div>
      </div>
    </div>
        <div class="">
          <div class="card-body">
              <div class="step pass-bg" title="steps.bugs.bugsSteps.iLoginBugGiven()">
                <span>Given I login BUG</span>
      <div>
      </div>
              </div>
              <div class="step pass-bg" title="steps.bugs.bugsSteps.iGoToListingPageBUG()">
                <span>When I go to listing page BUG</span>
      <div>
      </div>
              </div>
              <div class="step fail-bg" title="steps.bugs.bugsSteps.iValidateSeenTimes()">
                <span>Then I validate Seen times</span>
      <div>
        <textarea disabled class="code-block">org.openqa.selenium.NoSuchElementException: no such element: Unable to locate element: {"method":"css selector","selector":"#container-block > div:nth-child(2) > a > div > div.card-body.position-relative > span.badge.badge-warning.badge-absolute-card.position-absolute"}
  (Session info: chrome=110.0.5481.100)
For documentation on this error, please visit: https://selenium.dev/exceptions/#no_such_element
Build info: version: '4.6.0', revision: '79f1c02ae20'
System info: os.name: 'Windows 10', os.arch: 'amd64', os.version: '10.0', java.version: '19.0.2'
Driver info: org.openqa.selenium.chrome.ChromeDriver
Command: [20d64629c128e560112d85d422cc6839, findElement {using=css selector, value=#container-block > div:nth-child(2) > a > div > div.card-body.position-relative > span.badge.badge-warning.badge-absolute-card.position-absolute}]
Capabilities {acceptInsecureCerts: false, browserName: chrome, browserVersion: 110.0.5481.100, chrome: {chromedriverVersion: 110.0.5481.77 (65ed616c6e8e..., userDataDir: C:\Users\Dangelo\AppData\Lo...}, goog:chromeOptions: {debuggerAddress: localhost:61656}, networkConnectionEnabled: false, pageLoadStrategy: normal, platformName: WINDOWS, proxy: Proxy(), se:cdp: ws://localhost:61656/devtoo..., se:cdpVersion: 110.0.5481.100, setWindowRect: true, strictFileInteractability: false, timeouts: {implicit: 0, pageLoad: 300000, script: 30000}, unhandledPromptBehavior: dismiss and notify, webauthn:extension:credBlob: true, webauthn:extension:largeBlob: true, webauthn:virtualAuthenticators: true}
Session ID: 20d64629c128e560112d85d422cc6839
	at java.base/jdk.internal.reflect.DirectConstructorHandleAccessor.newInstance(DirectConstructorHandleAccessor.java:67)
	at java.base/java.lang.reflect.Constructor.newInstanceWithCaller(Constructor.java:500)
	at java.base/java.lang.reflect.Constructor.newInstance(Constructor.java:484)
	at org.openqa.selenium.remote.codec.w3c.W3CHttpResponseCodec.createException(W3CHttpResponseCodec.java:200)
	at org.openqa.selenium.remote.codec.w3c.W3CHttpResponseCodec.decode(W3CHttpResponseCodec.java:133)
	at org.openqa.selenium.remote.codec.w3c.W3CHttpResponseCodec.decode(W3CHttpResponseCodec.java:53)
	at org.openqa.selenium.remote.HttpCommandExecutor.execute(HttpCommandExecutor.java:184)
	at org.openqa.selenium.remote.service.DriverCommandExecutor.invokeExecute(DriverCommandExecutor.java:167)
	at org.openqa.selenium.remote.service.DriverCommandExecutor.execute(DriverCommandExecutor.java:142)
	at org.openqa.selenium.remote.RemoteWebDriver.execute(RemoteWebDriver.java:541)
	at org.openqa.selenium.remote.ElementLocation$ElementFinder$2.findElement(ElementLocation.java:162)
	at org.openqa.selenium.remote.ElementLocation.findElement(ElementLocation.java:60)
	at org.openqa.selenium.remote.RemoteWebDriver.findElement(RemoteWebDriver.java:365)
	at org.openqa.selenium.remote.RemoteWebDriver.findElement(RemoteWebDriver.java:357)
	at org.openqa.selenium.support.pagefactory.DefaultElementLocator.findElement(DefaultElementLocator.java:70)
	at org.openqa.selenium.support.pagefactory.internal.LocatingElementHandler.invoke(LocatingElementHandler.java:39)
	at jdk.proxy2/jdk.proxy2.$Proxy30.getText(Unknown Source)
	at pages.bugs.bugsPage.seenTimesText(bugsPage.java:479)
	at steps.bugs.bugsSteps.iValidateSeenTimes(bugsSteps.java:580)
	at ✽.I validate Seen times(classpath:features/bugs/Bugs.feature:416)
</textarea>
      
      </div>
              </div>
              <div class="step pass-bg" title="AFTER">
                <span>driver.Hooks.tearDown(io.cucumber.java.Scenario)</span>
      <div>Browse - Listings only show "Seen 0 times"
          <div class="row mb-3"><div class="col-md-3">
    <img data-featherlight='../screenshots/embedded24.png' src="../screenshots/embedded24.png">
    
    </div></div>
</div>
      <div>
      </div>
              </div>
          </div>
        </div>
  </div>
  <div class="card">
    <div class="card-header" role="tab">
      <div class="card-title">
        <div class="node" id="276"><span class="badge log fail-bg mr-2">Fail</span>Facebook Signup doesn't work</div>
          <div class="status-avatar float-right mr-4">
            <i class="fa fa-paperclip"></i>
          </div>
      </div>
    </div>
        <div class="">
          <div class="card-body">
              <div class="step pass-bg" title="steps.signup.SignupSteps.loginiGoToSignUpPage()">
                <span>Given I go to Sign Up Page</span>
      <div>
      </div>
              </div>
              <div class="step fail-bg" title="steps.bugs.bugsSteps.selectSignupWithFacebook()">
                <span>When Select Signup With Facebook</span>
      <div>
        <textarea disabled class="code-block">org.openqa.selenium.NoSuchElementException: no such element: Unable to locate element: {"method":"css selector","selector":"#facebook"}
  (Session info: chrome=110.0.5481.100)
For documentation on this error, please visit: https://selenium.dev/exceptions/#no_such_element
Build info: version: '4.6.0', revision: '79f1c02ae20'
System info: os.name: 'Windows 10', os.arch: 'amd64', os.version: '10.0', java.version: '19.0.2'
Driver info: org.openqa.selenium.chrome.ChromeDriver
Command: [25d31f79ccc9d863685eb2f05f04346a, findElement {using=css selector, value=#facebook}]
Capabilities {acceptInsecureCerts: false, browserName: chrome, browserVersion: 110.0.5481.100, chrome: {chromedriverVersion: 110.0.5481.77 (65ed616c6e8e..., userDataDir: C:\Users\Dangelo\AppData\Lo...}, goog:chromeOptions: {debuggerAddress: localhost:61772}, networkConnectionEnabled: false, pageLoadStrategy: normal, platformName: WINDOWS, proxy: Proxy(), se:cdp: ws://localhost:61772/devtoo..., se:cdpVersion: 110.0.5481.100, setWindowRect: true, strictFileInteractability: false, timeouts: {implicit: 0, pageLoad: 300000, script: 30000}, unhandledPromptBehavior: dismiss and notify, webauthn:extension:credBlob: true, webauthn:extension:largeBlob: true, webauthn:virtualAuthenticators: true}
Session ID: 25d31f79ccc9d863685eb2f05f04346a
	at java.base/jdk.internal.reflect.DirectConstructorHandleAccessor.newInstance(DirectConstructorHandleAccessor.java:67)
	at java.base/java.lang.reflect.Constructor.newInstanceWithCaller(Constructor.java:500)
	at java.base/java.lang.reflect.Constructor.newInstance(Constructor.java:484)
	at org.openqa.selenium.remote.codec.w3c.W3CHttpResponseCodec.createException(W3CHttpResponseCodec.java:200)
	at org.openqa.selenium.remote.codec.w3c.W3CHttpResponseCodec.decode(W3CHttpResponseCodec.java:133)
	at org.openqa.selenium.remote.codec.w3c.W3CHttpResponseCodec.decode(W3CHttpResponseCodec.java:53)
	at org.openqa.selenium.remote.HttpCommandExecutor.execute(HttpCommandExecutor.java:184)
	at org.openqa.selenium.remote.service.DriverCommandExecutor.invokeExecute(DriverCommandExecutor.java:167)
	at org.openqa.selenium.remote.service.DriverCommandExecutor.execute(DriverCommandExecutor.java:142)
	at org.openqa.selenium.remote.RemoteWebDriver.execute(RemoteWebDriver.java:541)
	at org.openqa.selenium.remote.ElementLocation$ElementFinder$2.findElement(ElementLocation.java:162)
	at org.openqa.selenium.remote.ElementLocation.findElement(ElementLocation.java:60)
	at org.openqa.selenium.remote.RemoteWebDriver.findElement(RemoteWebDriver.java:365)
	at org.openqa.selenium.remote.RemoteWebDriver.findElement(RemoteWebDriver.java:357)
	at org.openqa.selenium.support.pagefactory.DefaultElementLocator.findElement(DefaultElementLocator.java:70)
	at org.openqa.selenium.support.pagefactory.internal.LocatingElementHandler.invoke(LocatingElementHandler.java:39)
	at jdk.proxy2/jdk.proxy2.$Proxy30.click(Unknown Source)
	at pages.bugs.bugsPage.loginFacebookButton(bugsPage.java:475)
	at steps.bugs.bugsSteps.selectSignupWithFacebook(bugsSteps.java:591)
	at ✽.Select Signup With Facebook(classpath:features/bugs/Bugs.feature:421)
</textarea>
      
      </div>
              </div>
              <div class="step skip-bg" title="steps.bugs.bugsSteps.iValidateSignupWithFacebook()">
                <span>Then I validate Signup With Facebook</span>
      <div>Step skipped
      </div>
              </div>
              <div class="step pass-bg" title="AFTER">
                <span>driver.Hooks.tearDown(io.cucumber.java.Scenario)</span>
      <div>Facebook Signup doesn't work
          <div class="row mb-3"><div class="col-md-3">
    <img data-featherlight='../screenshots/embedded25.png' src="../screenshots/embedded25.png">
    
    </div></div>
</div>
      <div>
      </div>
              </div>
          </div>
        </div>
  </div>
  <div class="card">
    <div class="card-header" role="tab">
      <div class="card-title">
        <div class="node" id="282"><span class="badge log fail-bg mr-2">Fail</span>No Payments - "Payment" information still showing</div>
          <div class="status-avatar float-right mr-4">
            <i class="fa fa-paperclip"></i>
          </div>
      </div>
    </div>
        <div class="">
          <div class="card-body">
              <div class="step fail-bg" >
                <span>Given I login and i go to Dashboard</span>
      <div>Step undefined
      </div>
              </div>
              <div class="step skip-bg" title="steps.bugs.bugsSteps.selectSettingsButton()">
                <span>And select Settings button</span>
      <div>Step skipped
      </div>
              </div>
              <div class="step skip-bg" title="steps.settings.settingsSteps.iSelectPayment()">
                <span>When I select Payment</span>
      <div>Step skipped
      </div>
              </div>
              <div class="step skip-bg" title="steps.bugs.bugsSteps.iValidatePaymentInformation()">
                <span>Then I validate Payment Information</span>
      <div>Step skipped
      </div>
              </div>
              <div class="step pass-bg" title="AFTER">
                <span>driver.Hooks.tearDown(io.cucumber.java.Scenario)</span>
      <div>No Payments - "Payment" information still showing
          <div class="row mb-3"><div class="col-md-3">
    <img data-featherlight='../screenshots/embedded26.png' src="../screenshots/embedded26.png">
    
    </div></div>
</div>
      <div>
      </div>
              </div>
          </div>
        </div>
  </div>
  <div class="card">
    <div class="card-header" role="tab">
      <div class="card-title">
        <div class="node" id="289"><span class="badge log fail-bg mr-2">Fail</span>Sign up page - Password shows "Minimum 6 characters" even if it has them</div>
          <div class="status-avatar float-right mr-4">
            <i class="fa fa-paperclip"></i>
          </div>
      </div>
    </div>
        <div class="">
          <div class="card-body">
              <div class="step pass-bg" title="steps.signup.SignupSteps.loginiGoToSignUpPage()">
                <span>Given I go to Sign Up Page</span>
      <div>
      </div>
              </div>
              <div class="step pass-bg" title="steps.bugs.bugsSteps.iTypePassword(java.lang.String)">
                <span>When I type password "Automation@321"</span>
      <div>
      </div>
              </div>
              <div class="step fail-bg" title="steps.bugs.bugsSteps.iValidateMessageDoesAppear()">
                <span>Then I validate "Minimum 6 characters" message does appear</span>
      <div>
        <textarea disabled class="code-block">java.lang.AssertionError: expected [] but found [Minimum 6 characters]
	at org.testng.Assert.fail(Assert.java:110)
	at org.testng.Assert.failNotEquals(Assert.java:1413)
	at org.testng.Assert.assertEqualsImpl(Assert.java:149)
	at org.testng.Assert.assertEquals(Assert.java:131)
	at org.testng.Assert.assertEquals(Assert.java:655)
	at org.testng.Assert.assertEquals(Assert.java:665)
	at steps.bugs.bugsSteps.iValidateMessageDoesAppear(bugsSteps.java:613)
	at ✽.I validate "Minimum 6 characters" message does appear(classpath:features/bugs/Bugs.feature:435)
</textarea>
      
      </div>
              </div>
              <div class="step pass-bg" title="AFTER">
                <span>driver.Hooks.tearDown(io.cucumber.java.Scenario)</span>
      <div>Sign up page - Password shows "Minimum 6 characters" even if it has them
          <div class="row mb-3"><div class="col-md-3">
    <img data-featherlight='../screenshots/embedded27.png' src="../screenshots/embedded27.png">
    
    </div></div>
</div>
      <div>
      </div>
              </div>
          </div>
        </div>
  </div>
  <div class="card">
    <div class="card-header" role="tab">
      <div class="card-title">
        <div class="node" id="295"><span class="badge log fail-bg mr-2">Fail</span>Landing page -Validate Newest Listings images are not blurred</div>
          <div class="status-avatar float-right mr-4">
            <i class="fa fa-paperclip"></i>
          </div>
      </div>
    </div>
        <div class="">
          <div class="card-body">
              <div class="step pass-bg" title="steps.bugs.bugsSteps.iLoginBugGiven()">
                <span>Given I login BUG</span>
      <div>
      </div>
              </div>
              <div class="step pass-bg" title="steps.bugs.bugsSteps.iGoToListingPageBUG()">
                <span>When I go to listing page BUG</span>
      <div>
      </div>
              </div>
              <div class="step fail-bg" title="steps.bugs.bugsSteps.iValidateNewestListingsImagesAreNotBlurred()">
                <span>Then I validate Newest Listings images are not blurred</span>
      <div>
        <textarea disabled class="code-block">java.lang.AssertionError: expected [] but found [Sort By]
	at org.testng.Assert.fail(Assert.java:110)
	at org.testng.Assert.failNotEquals(Assert.java:1413)
	at org.testng.Assert.assertEqualsImpl(Assert.java:149)
	at org.testng.Assert.assertEquals(Assert.java:131)
	at org.testng.Assert.assertEquals(Assert.java:655)
	at org.testng.Assert.assertEquals(Assert.java:665)
	at steps.bugs.bugsSteps.iValidateNewestListingsImagesAreNotBlurred(bugsSteps.java:619)
	at ✽.I validate Newest Listings images are not blurred(classpath:features/bugs/Bugs.feature:441)
</textarea>
      
      </div>
              </div>
              <div class="step pass-bg" title="AFTER">
                <span>driver.Hooks.tearDown(io.cucumber.java.Scenario)</span>
      <div>Landing page -Validate Newest Listings images are not blurred
          <div class="row mb-3"><div class="col-md-3">
    <img data-featherlight='../screenshots/embedded28.png' src="../screenshots/embedded28.png">
    
    </div></div>
</div>
      <div>
      </div>
              </div>
          </div>
        </div>
  </div>
  <div class="card">
    <div class="card-header" role="tab">
      <div class="card-title">
        <div class="node" id="301"><span class="badge log fail-bg mr-2">Fail</span>LandingPage - Validate Visual Editor feature is visible</div>
          <div class="status-avatar float-right mr-4">
            <i class="fa fa-paperclip"></i>
          </div>
      </div>
    </div>
        <div class="">
          <div class="card-body">
              <div class="step pass-bg" title="steps.bugs.bugsSteps.iLoginBugGiven()">
                <span>Given I login BUG</span>
      <div>
      </div>
              </div>
              <div class="step pass-bg" title="steps.bugs.bugsSteps.iGoToLandingPage()">
                <span>And I go to Landing Page</span>
      <div>
      </div>
              </div>
              <div class="step fail-bg" title="steps.bugs.bugsSteps.iValidateVisualEditorFeatureBug()">
                <span>Then I validate the Visual Editor Button is hidden</span>
      <div>
        <textarea disabled class="code-block">org.openqa.selenium.NoSuchElementException: no such element: Unable to locate element: {"method":"css selector","selector":"#sidebar-customize-template > div.container-customize-template.pt-4 > div.d-none.col-auto > a"}
  (Session info: chrome=110.0.5481.100)
For documentation on this error, please visit: https://selenium.dev/exceptions/#no_such_element
Build info: version: '4.6.0', revision: '79f1c02ae20'
System info: os.name: 'Windows 10', os.arch: 'amd64', os.version: '10.0', java.version: '19.0.2'
Driver info: org.openqa.selenium.chrome.ChromeDriver
Command: [a1c6e07de2bf993f4298b57617a10dc7, findElement {using=css selector, value=#sidebar-customize-template > div.container-customize-template.pt-4 > div.d-none.col-auto > a}]
Capabilities {acceptInsecureCerts: false, browserName: chrome, browserVersion: 110.0.5481.100, chrome: {chromedriverVersion: 110.0.5481.77 (65ed616c6e8e..., userDataDir: C:\Users\Dangelo\AppData\Lo...}, goog:chromeOptions: {debuggerAddress: localhost:62035}, networkConnectionEnabled: false, pageLoadStrategy: normal, platformName: WINDOWS, proxy: Proxy(), se:cdp: ws://localhost:62035/devtoo..., se:cdpVersion: 110.0.5481.100, setWindowRect: true, strictFileInteractability: false, timeouts: {implicit: 0, pageLoad: 300000, script: 30000}, unhandledPromptBehavior: dismiss and notify, webauthn:extension:credBlob: true, webauthn:extension:largeBlob: true, webauthn:virtualAuthenticators: true}
Session ID: a1c6e07de2bf993f4298b57617a10dc7
	at java.base/jdk.internal.reflect.DirectConstructorHandleAccessor.newInstance(DirectConstructorHandleAccessor.java:67)
	at java.base/java.lang.reflect.Constructor.newInstanceWithCaller(Constructor.java:500)
	at java.base/java.lang.reflect.Constructor.newInstance(Constructor.java:484)
	at org.openqa.selenium.remote.codec.w3c.W3CHttpResponseCodec.createException(W3CHttpResponseCodec.java:200)
	at org.openqa.selenium.remote.codec.w3c.W3CHttpResponseCodec.decode(W3CHttpResponseCodec.java:133)
	at org.openqa.selenium.remote.codec.w3c.W3CHttpResponseCodec.decode(W3CHttpResponseCodec.java:53)
	at org.openqa.selenium.remote.HttpCommandExecutor.execute(HttpCommandExecutor.java:184)
	at org.openqa.selenium.remote.service.DriverCommandExecutor.invokeExecute(DriverCommandExecutor.java:167)
	at org.openqa.selenium.remote.service.DriverCommandExecutor.execute(DriverCommandExecutor.java:142)
	at org.openqa.selenium.remote.RemoteWebDriver.execute(RemoteWebDriver.java:541)
	at org.openqa.selenium.remote.ElementLocation$ElementFinder$2.findElement(ElementLocation.java:162)
	at org.openqa.selenium.remote.ElementLocation.findElement(ElementLocation.java:60)
	at org.openqa.selenium.remote.RemoteWebDriver.findElement(RemoteWebDriver.java:365)
	at org.openqa.selenium.remote.RemoteWebDriver.findElement(RemoteWebDriver.java:357)
	at org.openqa.selenium.support.pagefactory.DefaultElementLocator.findElement(DefaultElementLocator.java:70)
	at org.openqa.selenium.support.pagefactory.internal.LocatingElementHandler.invoke(LocatingElementHandler.java:39)
	at jdk.proxy2/jdk.proxy2.$Proxy30.isDisplayed(Unknown Source)
	at pages.bugs.bugsPage.validateVisualEditor(bugsPage.java:432)
	at steps.bugs.bugsSteps.iValidateVisualEditorFeatureBug(bugsSteps.java:539)
	at ✽.I validate the Visual Editor Button is hidden(classpath:features/bugs/Bugs.feature:468)
</textarea>
      
      </div>
              </div>
              <div class="step pass-bg" title="AFTER">
                <span>driver.Hooks.tearDown(io.cucumber.java.Scenario)</span>
      <div>LandingPage - Validate Visual Editor feature is visible
          <div class="row mb-3"><div class="col-md-3">
    <img data-featherlight='../screenshots/embedded29.png' src="../screenshots/embedded29.png">
    
    </div></div>
</div>
      <div>
      </div>
              </div>
          </div>
        </div>
  </div>
  <div class="card">
    <div class="card-header" role="tab">
      <div class="card-title">
        <div class="node" id="307"><span class="badge log fail-bg mr-2">Fail</span>Chrome issue- Templates throws error 404</div>
          <div class="status-avatar float-right mr-4">
            <i class="fa fa-paperclip"></i>
          </div>
      </div>
    </div>
        <div class="">
          <div class="card-body">
              <div class="step pass-bg" title="steps.bugs.bugsSteps.iLoginAndGoToAdmin()">
                <span>Given I login and go to Admin</span>
      <div>
      </div>
              </div>
              <div class="step fail-bg" title="steps.bugs.bugsSteps.iSelectStepEmails()">
                <span>When I select Step 8 Emails</span>
      <div>
        <textarea disabled class="code-block">org.openqa.selenium.TimeoutException: Expected condition failed: waiting for pages.BasePage$$Lambda$840/0x0000000801488cf8@6de1c4cb (tried for 30 second(s) with 2000 milliseconds interval)
	at org.openqa.selenium.support.ui.FluentWait.timeoutException(FluentWait.java:263)
	at org.openqa.selenium.support.ui.FluentWait.until(FluentWait.java:231)
	at pages.BasePage.fluentWait(BasePage.java:119)
	at pages.bugs.bugsPage.emailStep(bugsPage.java:418)
	at steps.bugs.bugsSteps.iSelectStepEmails(bugsSteps.java:645)
	at ✽.I select Step 8 Emails(classpath:features/bugs/Bugs.feature:473)
Caused by: org.openqa.selenium.NoSuchElementException: no such element: Unable to locate element: {"method":"css selector","selector":"#main-admin > div.container-fluid.bg-white.pb-5 > div:nth-child(4) > div > ul > li:nth-child(3) > a"}
  (Session info: chrome=110.0.5481.100)
For documentation on this error, please visit: https://selenium.dev/exceptions/#no_such_element
Build info: version: '4.6.0', revision: '79f1c02ae20'
System info: os.name: 'Windows 10', os.arch: 'amd64', os.version: '10.0', java.version: '19.0.2'
Driver info: org.openqa.selenium.chrome.ChromeDriver
Command: [19f20c4004acf493badd75c13c5292b7, findElement {using=css selector, value=#main-admin > div.container-fluid.bg-white.pb-5 > div:nth-child(4) > div > ul > li:nth-child(3) > a}]
Capabilities {acceptInsecureCerts: false, browserName: chrome, browserVersion: 110.0.5481.100, chrome: {chromedriverVersion: 110.0.5481.77 (65ed616c6e8e..., userDataDir: C:\Users\Dangelo\AppData\Lo...}, goog:chromeOptions: {debuggerAddress: localhost:62161}, networkConnectionEnabled: false, pageLoadStrategy: normal, platformName: WINDOWS, proxy: Proxy(), se:cdp: ws://localhost:62161/devtoo..., se:cdpVersion: 110.0.5481.100, setWindowRect: true, strictFileInteractability: false, timeouts: {implicit: 0, pageLoad: 300000, script: 30000}, unhandledPromptBehavior: dismiss and notify, webauthn:extension:credBlob: true, webauthn:extension:largeBlob: true, webauthn:virtualAuthenticators: true}
Session ID: 19f20c4004acf493badd75c13c5292b7
	at java.base/jdk.internal.reflect.DirectConstructorHandleAccessor.newInstance(DirectConstructorHandleAccessor.java:67)
	at java.base/java.lang.reflect.Constructor.newInstanceWithCaller(Constructor.java:500)
	at java.base/java.lang.reflect.Constructor.newInstance(Constructor.java:484)
	at org.openqa.selenium.remote.codec.w3c.W3CHttpResponseCodec.createException(W3CHttpResponseCodec.java:200)
	at org.openqa.selenium.remote.codec.w3c.W3CHttpResponseCodec.decode(W3CHttpResponseCodec.java:133)
	at org.openqa.selenium.remote.codec.w3c.W3CHttpResponseCodec.decode(W3CHttpResponseCodec.java:53)
	at org.openqa.selenium.remote.HttpCommandExecutor.execute(HttpCommandExecutor.java:184)
	at org.openqa.selenium.remote.service.DriverCommandExecutor.invokeExecute(DriverCommandExecutor.java:167)
	at org.openqa.selenium.remote.service.DriverCommandExecutor.execute(DriverCommandExecutor.java:142)
	at org.openqa.selenium.remote.RemoteWebDriver.execute(RemoteWebDriver.java:541)
	at org.openqa.selenium.remote.ElementLocation$ElementFinder$2.findElement(ElementLocation.java:162)
	at org.openqa.selenium.remote.ElementLocation.findElement(ElementLocation.java:60)
	at org.openqa.selenium.remote.RemoteWebDriver.findElement(RemoteWebDriver.java:365)
	at org.openqa.selenium.remote.RemoteWebDriver.findElement(RemoteWebDriver.java:357)
	at org.openqa.selenium.support.pagefactory.DefaultElementLocator.findElement(DefaultElementLocator.java:70)
	at org.openqa.selenium.support.pagefactory.internal.LocatingElementHandler.invoke(LocatingElementHandler.java:39)
	at jdk.proxy2/jdk.proxy2.$Proxy30.isDisplayed(Unknown Source)
	at pages.BasePage.lambda$fluentWait$1(BasePage.java:119)
	at org.openqa.selenium.support.ui.FluentWait.until(FluentWait.java:208)
	at pages.BasePage.fluentWait(BasePage.java:119)
	at pages.bugs.bugsPage.emailStep(bugsPage.java:418)
	at steps.bugs.bugsSteps.iSelectStepEmails(bugsSteps.java:645)
	at java.base/jdk.internal.reflect.DirectMethodHandleAccessor.invoke(DirectMethodHandleAccessor.java:104)
	at java.base/java.lang.reflect.Method.invoke(Method.java:578)
	at io.cucumber.java.Invoker.doInvoke(Invoker.java:66)
	at io.cucumber.java.Invoker.invoke(Invoker.java:24)
	at io.cucumber.java.AbstractGlueDefinition.invokeMethod(AbstractGlueDefinition.java:47)
	at io.cucumber.java.JavaStepDefinition.execute(JavaStepDefinition.java:29)
	at io.cucumber.core.runner.CoreStepDefinition.execute(CoreStepDefinition.java:66)
	at io.cucumber.core.runner.PickleStepDefinitionMatch.runStep(PickleStepDefinitionMatch.java:63)
	at io.cucumber.core.runner.ExecutionMode$1.execute(ExecutionMode.java:10)
	at io.cucumber.core.runner.TestStep.executeStep(TestStep.java:84)
	at io.cucumber.core.runner.TestStep.run(TestStep.java:56)
	at io.cucumber.core.runner.PickleStepTestStep.run(PickleStepTestStep.java:51)
	at io.cucumber.core.runner.TestCase.run(TestCase.java:84)
	at io.cucumber.core.runner.Runner.runPickle(Runner.java:75)
	at io.cucumber.testng.TestNGCucumberRunner.lambda$runScenario$1(TestNGCucumberRunner.java:132)
	at io.cucumber.core.runtime.CucumberExecutionContext.lambda$runTestCase$5(CucumberExecutionContext.java:130)
	at io.cucumber.core.runtime.RethrowingThrowableCollector.executeAndThrow(RethrowingThrowableCollector.java:23)
	at io.cucumber.core.runtime.CucumberExecutionContext.runTestCase(CucumberExecutionContext.java:130)
	at io.cucumber.testng.TestNGCucumberRunner.runScenario(TestNGCucumberRunner.java:129)
	at io.cucumber.testng.AbstractTestNGCucumberTests.runScenario(AbstractTestNGCucumberTests.java:35)
	at java.base/jdk.internal.reflect.DirectMethodHandleAccessor.invoke(DirectMethodHandleAccessor.java:104)
	at java.base/java.lang.reflect.Method.invoke(Method.java:578)
	at org.testng.internal.invokers.MethodInvocationHelper.invokeMethod(MethodInvocationHelper.java:139)
	at org.testng.internal.invokers.TestInvoker.invokeMethod(TestInvoker.java:677)
	at org.testng.internal.invokers.TestInvoker.invokeTestMethod(TestInvoker.java:221)
	at org.testng.internal.invokers.MethodRunner.runInSequence(MethodRunner.java:50)
	at org.testng.internal.invokers.TestInvoker$MethodInvocationAgent.invoke(TestInvoker.java:962)
	at org.testng.internal.invokers.TestInvoker.invokeTestMethods(TestInvoker.java:194)
	at org.testng.internal.invokers.TestMethodWorker.invokeTestMethods(TestMethodWorker.java:148)
	at org.testng.internal.invokers.TestMethodWorker.run(TestMethodWorker.java:128)
	at java.base/java.util.ArrayList.forEach(ArrayList.java:1511)
	at org.testng.TestRunner.privateRun(TestRunner.java:806)
	at org.testng.TestRunner.run(TestRunner.java:601)
	at org.testng.SuiteRunner.runTest(SuiteRunner.java:433)
	at org.testng.SuiteRunner.runSequentially(SuiteRunner.java:427)
	at org.testng.SuiteRunner.privateRun(SuiteRunner.java:387)
	at org.testng.SuiteRunner.run(SuiteRunner.java:330)
	at org.testng.SuiteRunnerWorker.runSuite(SuiteRunnerWorker.java:52)
	at org.testng.SuiteRunnerWorker.run(SuiteRunnerWorker.java:95)
	at org.testng.TestNG.runSuitesSequentially(TestNG.java:1256)
	at org.testng.TestNG.runSuitesLocally(TestNG.java:1176)
	at org.testng.TestNG.runSuites(TestNG.java:1099)
	at org.testng.TestNG.run(TestNG.java:1067)
	at org.apache.maven.surefire.testng.TestNGExecutor.run(TestNGExecutor.java:324)
	at org.apache.maven.surefire.testng.TestNGXmlTestSuite.execute(TestNGXmlTestSuite.java:74)
	at org.apache.maven.surefire.testng.TestNGProvider.invoke(TestNGProvider.java:123)
	at org.apache.maven.surefire.booter.ForkedBooter.runSuitesInProcess(ForkedBooter.java:456)
	at org.apache.maven.surefire.booter.ForkedBooter.execute(ForkedBooter.java:169)
	at org.apache.maven.surefire.booter.ForkedBooter.run(ForkedBooter.java:595)
	at org.apache.maven.surefire.booter.ForkedBooter.main(ForkedBooter.java:581)
</textarea>
      
      </div>
              </div>
              <div class="step skip-bg" title="steps.bugs.bugsSteps.selectTemplateTab()">
                <span>And select Template Tab</span>
      <div>Step skipped
      </div>
              </div>
              <div class="step skip-bg" title="steps.bugs.bugsSteps.iValidateThatTheErrorDoesNotExist()">
                <span>Then I validate that the 404 error does not exist.</span>
      <div>Step skipped
      </div>
              </div>
              <div class="step pass-bg" title="AFTER">
                <span>driver.Hooks.tearDown(io.cucumber.java.Scenario)</span>
      <div>Chrome issue- Templates throws error 404
          <div class="row mb-3"><div class="col-md-3">
    <img data-featherlight='../screenshots/embedded30.png' src="../screenshots/embedded30.png">
    
    </div></div>
</div>
      <div>
      </div>
              </div>
          </div>
        </div>
  </div>
  <div class="card">
    <div class="card-header" role="tab">
      <div class="card-title">
        <div class="node" id="314"><span class="badge log fail-bg mr-2">Fail</span>Error when users try to complete connecting to stripe</div>
          <div class="status-avatar float-right mr-4">
            <i class="fa fa-paperclip"></i>
          </div>
      </div>
    </div>
        <div class="">
          <div class="card-body">
              <div class="step pass-bg" title="steps.bugs.bugsSteps.ILoginWithPendingStripeAccount()">
                <span>Given I login with pending Stripe account</span>
      <div>
      </div>
              </div>
              <div class="step pass-bg" title="steps.bugs.bugsSteps.iSelectSettingsButton()">
                <span>When I select Settings button</span>
      <div>
      </div>
              </div>
              <div class="step pass-bg" title="steps.bugs.bugsSteps.iSelectCaShoutButton()">
                <span>And I select CaShout button</span>
      <div>
      </div>
              </div>
              <div class="step pass-bg" title="steps.bugs.bugsSteps.iSelectPendingButton()">
                <span>And I select Pending button</span>
      <div>
      </div>
              </div>
              <div class="step fail-bg" title="steps.bugs.bugsSteps.validVerificationFormIsDisplayed()">
                <span>Then valid verification form is displayed</span>
      <div>
        <textarea disabled class="code-block">org.openqa.selenium.json.JsonException: java.lang.reflect.InvocationTargetException
Build info: version: '4.6.0', revision: '79f1c02ae20'
System info: os.name: 'Windows 10', os.arch: 'amd64', os.version: '10.0', java.version: '19.0.2'
Driver info: org.openqa.selenium.chrome.ChromeDriver
Command: [687d33e153d770182c527986fb1a571f, actions {actions=[org.openqa.selenium.interactions.Sequence@45f4a0ee]}]
Capabilities {acceptInsecureCerts: false, browserName: chrome, browserVersion: 110.0.5481.100, chrome: {chromedriverVersion: 110.0.5481.77 (65ed616c6e8e..., userDataDir: C:\Users\Dangelo\AppData\Lo...}, goog:chromeOptions: {debuggerAddress: localhost:62303}, networkConnectionEnabled: false, pageLoadStrategy: normal, platformName: WINDOWS, proxy: Proxy(), se:cdp: ws://localhost:62303/devtoo..., se:cdpVersion: 110.0.5481.100, setWindowRect: true, strictFileInteractability: false, timeouts: {implicit: 0, pageLoad: 300000, script: 30000}, unhandledPromptBehavior: dismiss and notify, webauthn:extension:credBlob: true, webauthn:extension:largeBlob: true, webauthn:virtualAuthenticators: true}
Session ID: 687d33e153d770182c527986fb1a571f
	at org.openqa.selenium.json.JsonOutput.convertUsingMethod(JsonOutput.java:362)
	at org.openqa.selenium.json.JsonOutput.lambda$new$16(JsonOutput.java:154)
	at org.openqa.selenium.json.JsonOutput.write(JsonOutput.java:287)
	at org.openqa.selenium.json.JsonOutput.lambda$new$22(JsonOutput.java:169)
	at java.base/java.util.stream.ForEachOps$ForEachOp$OfRef.accept(ForEachOps.java:183)
	at java.base/java.util.stream.ReferencePipeline$2$1.accept(ReferencePipeline.java:179)
	at java.base/java.util.Iterator.forEachRemaining(Iterator.java:133)
	at java.base/java.util.Spliterators$IteratorSpliterator.forEachRemaining(Spliterators.java:1921)
	at java.base/java.util.stream.AbstractPipeline.copyInto(AbstractPipeline.java:509)
	at java.base/java.util.stream.AbstractPipeline.wrapAndCopyInto(AbstractPipeline.java:499)
	at java.base/java.util.stream.ForEachOps$ForEachOp.evaluateSequential(ForEachOps.java:150)
	at java.base/java.util.stream.ForEachOps$ForEachOp$OfRef.evaluateSequential(ForEachOps.java:173)
	at java.base/java.util.stream.AbstractPipeline.evaluate(AbstractPipeline.java:234)
	at java.base/java.util.stream.ReferencePipeline.forEach(ReferencePipeline.java:596)
	at org.openqa.selenium.json.JsonOutput.lambda$new$23(JsonOutput.java:169)
	at org.openqa.selenium.json.JsonOutput.write(JsonOutput.java:287)
	at org.openqa.selenium.json.JsonOutput.lambda$new$24(JsonOutput.java:182)
	at com.google.common.collect.SingletonImmutableBiMap.forEach(SingletonImmutableBiMap.java:68)
	at org.openqa.selenium.json.JsonOutput.lambda$new$25(JsonOutput.java:177)
	at org.openqa.selenium.json.JsonOutput.write(JsonOutput.java:287)
	at org.openqa.selenium.json.JsonOutput.write(JsonOutput.java:278)
	at org.openqa.selenium.json.Json.toJson(Json.java:42)
	at org.openqa.selenium.remote.codec.AbstractHttpCommandCodec.encode(AbstractHttpCommandCodec.java:259)
	at org.openqa.selenium.remote.codec.AbstractHttpCommandCodec.encode(AbstractHttpCommandCodec.java:122)
	at org.openqa.selenium.remote.HttpCommandExecutor.execute(HttpCommandExecutor.java:172)
	at org.openqa.selenium.remote.service.DriverCommandExecutor.invokeExecute(DriverCommandExecutor.java:167)
	at org.openqa.selenium.remote.service.DriverCommandExecutor.execute(DriverCommandExecutor.java:142)
	at org.openqa.selenium.remote.RemoteWebDriver.execute(RemoteWebDriver.java:541)
	at org.openqa.selenium.remote.RemoteWebDriver.perform(RemoteWebDriver.java:609)
	at org.openqa.selenium.interactions.Actions$BuiltAction.perform(Actions.java:567)
	at pages.bugs.bugsPage.VerificationForm(bugsPage.java:1255)
	at steps.bugs.bugsSteps.validVerificationFormIsDisplayed(bugsSteps.java:699)
	at ✽.valid verification form is displayed(classpath:features/bugs/Bugs.feature:491)
	Suppressed: org.openqa.selenium.json.JsonException: Attempting to close incomplete json stream
Build info: version: '4.6.0', revision: '79f1c02ae20'
System info: os.name: 'Windows 10', os.arch: 'amd64', os.version: '10.0', java.version: '19.0.2'
Driver info: driver.version: RemoteWebDriver
		at org.openqa.selenium.json.JsonOutput.close(JsonOutput.java:303)
		at org.openqa.selenium.json.Json.toJson(Json.java:40)
		at org.openqa.selenium.remote.codec.AbstractHttpCommandCodec.encode(AbstractHttpCommandCodec.java:259)
		at org.openqa.selenium.remote.codec.AbstractHttpCommandCodec.encode(AbstractHttpCommandCodec.java:122)
		at org.openqa.selenium.remote.HttpCommandExecutor.execute(HttpCommandExecutor.java:172)
		at org.openqa.selenium.remote.service.DriverCommandExecutor.invokeExecute(DriverCommandExecutor.java:167)
		at org.openqa.selenium.remote.service.DriverCommandExecutor.execute(DriverCommandExecutor.java:142)
		at org.openqa.selenium.remote.RemoteWebDriver.execute(RemoteWebDriver.java:541)
		at org.openqa.selenium.remote.RemoteWebDriver.perform(RemoteWebDriver.java:609)
		at org.openqa.selenium.interactions.Actions$BuiltAction.perform(Actions.java:567)
		at pages.bugs.bugsPage.VerificationForm(bugsPage.java:1255)
		at steps.bugs.bugsSteps.validVerificationFormIsDisplayed(bugsSteps.java:699)
		at java.base/jdk.internal.reflect.DirectMethodHandleAccessor.invoke(DirectMethodHandleAccessor.java:104)
		at java.base/java.lang.reflect.Method.invoke(Method.java:578)
		at io.cucumber.java.Invoker.doInvoke(Invoker.java:66)
		at io.cucumber.java.Invoker.invoke(Invoker.java:24)
		at io.cucumber.java.AbstractGlueDefinition.invokeMethod(AbstractGlueDefinition.java:47)
		at io.cucumber.java.JavaStepDefinition.execute(JavaStepDefinition.java:29)
		at io.cucumber.core.runner.CoreStepDefinition.execute(CoreStepDefinition.java:66)
		at io.cucumber.core.runner.PickleStepDefinitionMatch.runStep(PickleStepDefinitionMatch.java:63)
		at io.cucumber.core.runner.ExecutionMode$1.execute(ExecutionMode.java:10)
		at io.cucumber.core.runner.TestStep.executeStep(TestStep.java:84)
		at io.cucumber.core.runner.TestStep.run(TestStep.java:56)
		at io.cucumber.core.runner.PickleStepTestStep.run(PickleStepTestStep.java:51)
		at io.cucumber.core.runner.TestCase.run(TestCase.java:84)
		at io.cucumber.core.runner.Runner.runPickle(Runner.java:75)
		at io.cucumber.testng.TestNGCucumberRunner.lambda$runScenario$1(TestNGCucumberRunner.java:132)
		at io.cucumber.core.runtime.CucumberExecutionContext.lambda$runTestCase$5(CucumberExecutionContext.java:130)
		at io.cucumber.core.runtime.RethrowingThrowableCollector.executeAndThrow(RethrowingThrowableCollector.java:23)
		at io.cucumber.core.runtime.CucumberExecutionContext.runTestCase(CucumberExecutionContext.java:130)
		at io.cucumber.testng.TestNGCucumberRunner.runScenario(TestNGCucumberRunner.java:129)
		at io.cucumber.testng.AbstractTestNGCucumberTests.runScenario(AbstractTestNGCucumberTests.java:35)
		at java.base/jdk.internal.reflect.DirectMethodHandleAccessor.invoke(DirectMethodHandleAccessor.java:104)
		at java.base/java.lang.reflect.Method.invoke(Method.java:578)
		at org.testng.internal.invokers.MethodInvocationHelper.invokeMethod(MethodInvocationHelper.java:139)
		at org.testng.internal.invokers.TestInvoker.invokeMethod(TestInvoker.java:677)
		at org.testng.internal.invokers.TestInvoker.invokeTestMethod(TestInvoker.java:221)
		at org.testng.internal.invokers.MethodRunner.runInSequence(MethodRunner.java:50)
		at org.testng.internal.invokers.TestInvoker$MethodInvocationAgent.invoke(TestInvoker.java:962)
		at org.testng.internal.invokers.TestInvoker.invokeTestMethods(TestInvoker.java:194)
		at org.testng.internal.invokers.TestMethodWorker.invokeTestMethods(TestMethodWorker.java:148)
		at org.testng.internal.invokers.TestMethodWorker.run(TestMethodWorker.java:128)
		at java.base/java.util.ArrayList.forEach(ArrayList.java:1511)
		at org.testng.TestRunner.privateRun(TestRunner.java:806)
		at org.testng.TestRunner.run(TestRunner.java:601)
		at org.testng.SuiteRunner.runTest(SuiteRunner.java:433)
		at org.testng.SuiteRunner.runSequentially(SuiteRunner.java:427)
		at org.testng.SuiteRunner.privateRun(SuiteRunner.java:387)
		at org.testng.SuiteRunner.run(SuiteRunner.java:330)
		at org.testng.SuiteRunnerWorker.runSuite(SuiteRunnerWorker.java:52)
		at org.testng.SuiteRunnerWorker.run(SuiteRunnerWorker.java:95)
		at org.testng.TestNG.runSuitesSequentially(TestNG.java:1256)
		at org.testng.TestNG.runSuitesLocally(TestNG.java:1176)
		at org.testng.TestNG.runSuites(TestNG.java:1099)
		at org.testng.TestNG.run(TestNG.java:1067)
		at org.apache.maven.surefire.testng.TestNGExecutor.run(TestNGExecutor.java:324)
		at org.apache.maven.surefire.testng.TestNGXmlTestSuite.execute(TestNGXmlTestSuite.java:74)
		at org.apache.maven.surefire.testng.TestNGProvider.invoke(TestNGProvider.java:123)
		at org.apache.maven.surefire.booter.ForkedBooter.runSuitesInProcess(ForkedBooter.java:456)
		at org.apache.maven.surefire.booter.ForkedBooter.execute(ForkedBooter.java:169)
		at org.apache.maven.surefire.booter.ForkedBooter.run(ForkedBooter.java:595)
		at org.apache.maven.surefire.booter.ForkedBooter.main(ForkedBooter.java:581)
Caused by: java.lang.reflect.InvocationTargetException
	at java.base/jdk.internal.reflect.DirectMethodHandleAccessor.invoke(DirectMethodHandleAccessor.java:119)
	at java.base/java.lang.reflect.Method.invoke(Method.java:578)
	at org.openqa.selenium.json.JsonOutput.convertUsingMethod(JsonOutput.java:358)
	at org.openqa.selenium.json.JsonOutput.lambda$new$16(JsonOutput.java:154)
	at org.openqa.selenium.json.JsonOutput.write(JsonOutput.java:287)
	at org.openqa.selenium.json.JsonOutput.lambda$new$22(JsonOutput.java:169)
	at java.base/java.util.stream.ForEachOps$ForEachOp$OfRef.accept(ForEachOps.java:183)
	at java.base/java.util.stream.ReferencePipeline$2$1.accept(ReferencePipeline.java:179)
	at java.base/java.util.Iterator.forEachRemaining(Iterator.java:133)
	at java.base/java.util.Spliterators$IteratorSpliterator.forEachRemaining(Spliterators.java:1921)
	at java.base/java.util.stream.AbstractPipeline.copyInto(AbstractPipeline.java:509)
	at java.base/java.util.stream.AbstractPipeline.wrapAndCopyInto(AbstractPipeline.java:499)
	at java.base/java.util.stream.ForEachOps$ForEachOp.evaluateSequential(ForEachOps.java:150)
	at java.base/java.util.stream.ForEachOps$ForEachOp$OfRef.evaluateSequential(ForEachOps.java:173)
	at java.base/java.util.stream.AbstractPipeline.evaluate(AbstractPipeline.java:234)
	at java.base/java.util.stream.ReferencePipeline.forEach(ReferencePipeline.java:596)
	at org.openqa.selenium.json.JsonOutput.lambda$new$23(JsonOutput.java:169)
	at org.openqa.selenium.json.JsonOutput.write(JsonOutput.java:287)
	at org.openqa.selenium.json.JsonOutput.lambda$new$24(JsonOutput.java:182)
	at com.google.common.collect.SingletonImmutableBiMap.forEach(SingletonImmutableBiMap.java:68)
	at org.openqa.selenium.json.JsonOutput.lambda$new$25(JsonOutput.java:177)
	at org.openqa.selenium.json.JsonOutput.write(JsonOutput.java:287)
	at org.openqa.selenium.json.JsonOutput.write(JsonOutput.java:278)
	at org.openqa.selenium.json.Json.toJson(Json.java:42)
	at org.openqa.selenium.remote.codec.AbstractHttpCommandCodec.encode(AbstractHttpCommandCodec.java:259)
	at org.openqa.selenium.remote.codec.AbstractHttpCommandCodec.encode(AbstractHttpCommandCodec.java:122)
	at org.openqa.selenium.remote.HttpCommandExecutor.execute(HttpCommandExecutor.java:172)
	at org.openqa.selenium.remote.service.DriverCommandExecutor.invokeExecute(DriverCommandExecutor.java:167)
	at org.openqa.selenium.remote.service.DriverCommandExecutor.execute(DriverCommandExecutor.java:142)
	at org.openqa.selenium.remote.RemoteWebDriver.execute(RemoteWebDriver.java:541)
	at org.openqa.selenium.remote.RemoteWebDriver.perform(RemoteWebDriver.java:609)
	at org.openqa.selenium.interactions.Actions$BuiltAction.perform(Actions.java:567)
	at pages.bugs.bugsPage.VerificationForm(bugsPage.java:1255)
	at steps.bugs.bugsSteps.validVerificationFormIsDisplayed(bugsSteps.java:699)
	at java.base/jdk.internal.reflect.DirectMethodHandleAccessor.invoke(DirectMethodHandleAccessor.java:104)
	at java.base/java.lang.reflect.Method.invoke(Method.java:578)
	at io.cucumber.java.Invoker.doInvoke(Invoker.java:66)
	at io.cucumber.java.Invoker.invoke(Invoker.java:24)
	at io.cucumber.java.AbstractGlueDefinition.invokeMethod(AbstractGlueDefinition.java:47)
	at io.cucumber.java.JavaStepDefinition.execute(JavaStepDefinition.java:29)
	at io.cucumber.core.runner.CoreStepDefinition.execute(CoreStepDefinition.java:66)
	at io.cucumber.core.runner.PickleStepDefinitionMatch.runStep(PickleStepDefinitionMatch.java:63)
	at io.cucumber.core.runner.ExecutionMode$1.execute(ExecutionMode.java:10)
	at io.cucumber.core.runner.TestStep.executeStep(TestStep.java:84)
	at io.cucumber.core.runner.TestStep.run(TestStep.java:56)
	at io.cucumber.core.runner.PickleStepTestStep.run(PickleStepTestStep.java:51)
	at io.cucumber.core.runner.TestCase.run(TestCase.java:84)
	at io.cucumber.core.runner.Runner.runPickle(Runner.java:75)
	at io.cucumber.testng.TestNGCucumberRunner.lambda$runScenario$1(TestNGCucumberRunner.java:132)
	at io.cucumber.core.runtime.CucumberExecutionContext.lambda$runTestCase$5(CucumberExecutionContext.java:130)
	at io.cucumber.core.runtime.RethrowingThrowableCollector.executeAndThrow(RethrowingThrowableCollector.java:23)
	at io.cucumber.core.runtime.CucumberExecutionContext.runTestCase(CucumberExecutionContext.java:130)
	at io.cucumber.testng.TestNGCucumberRunner.runScenario(TestNGCucumberRunner.java:129)
	at io.cucumber.testng.AbstractTestNGCucumberTests.runScenario(AbstractTestNGCucumberTests.java:35)
	at java.base/jdk.internal.reflect.DirectMethodHandleAccessor.invoke(DirectMethodHandleAccessor.java:104)
	at java.base/java.lang.reflect.Method.invoke(Method.java:578)
	at org.testng.internal.invokers.MethodInvocationHelper.invokeMethod(MethodInvocationHelper.java:139)
	at org.testng.internal.invokers.TestInvoker.invokeMethod(TestInvoker.java:677)
	at org.testng.internal.invokers.TestInvoker.invokeTestMethod(TestInvoker.java:221)
	at org.testng.internal.invokers.MethodRunner.runInSequence(MethodRunner.java:50)
	at org.testng.internal.invokers.TestInvoker$MethodInvocationAgent.invoke(TestInvoker.java:962)
	at org.testng.internal.invokers.TestInvoker.invokeTestMethods(TestInvoker.java:194)
	at org.testng.internal.invokers.TestMethodWorker.invokeTestMethods(TestMethodWorker.java:148)
	at org.testng.internal.invokers.TestMethodWorker.run(TestMethodWorker.java:128)
	at java.base/java.util.ArrayList.forEach(ArrayList.java:1511)
	at org.testng.TestRunner.privateRun(TestRunner.java:806)
	at org.testng.TestRunner.run(TestRunner.java:601)
	at org.testng.SuiteRunner.runTest(SuiteRunner.java:433)
	at org.testng.SuiteRunner.runSequentially(SuiteRunner.java:427)
	at org.testng.SuiteRunner.privateRun(SuiteRunner.java:387)
	at org.testng.SuiteRunner.run(SuiteRunner.java:330)
	at org.testng.SuiteRunnerWorker.runSuite(SuiteRunnerWorker.java:52)
	at org.testng.SuiteRunnerWorker.run(SuiteRunnerWorker.java:95)
	at org.testng.TestNG.runSuitesSequentially(TestNG.java:1256)
	at org.testng.TestNG.runSuitesLocally(TestNG.java:1176)
	at org.testng.TestNG.runSuites(TestNG.java:1099)
	at org.testng.TestNG.run(TestNG.java:1067)
	at org.apache.maven.surefire.testng.TestNGExecutor.run(TestNGExecutor.java:324)
	at org.apache.maven.surefire.testng.TestNGXmlTestSuite.execute(TestNGXmlTestSuite.java:74)
	at org.apache.maven.surefire.testng.TestNGProvider.invoke(TestNGProvider.java:123)
	at org.apache.maven.surefire.booter.ForkedBooter.runSuitesInProcess(ForkedBooter.java:456)
	at org.apache.maven.surefire.booter.ForkedBooter.execute(ForkedBooter.java:169)
	at org.apache.maven.surefire.booter.ForkedBooter.run(ForkedBooter.java:595)
	at org.apache.maven.surefire.booter.ForkedBooter.main(ForkedBooter.java:581)
Caused by: org.openqa.selenium.NoSuchElementException: no such element: Unable to locate element: {"method":"css selector","selector":"#hv-root > div > div > main > div.db-ConsumerUIWrapper-left > div.db-ConsumerUIWrapper-left--sidebarCopy > span"}
  (Session info: chrome=110.0.5481.100)
For documentation on this error, please visit: https://selenium.dev/exceptions/#no_such_element
Build info: version: '4.6.0', revision: '79f1c02ae20'
System info: os.name: 'Windows 10', os.arch: 'amd64', os.version: '10.0', java.version: '19.0.2'
Driver info: org.openqa.selenium.chrome.ChromeDriver
Command: [687d33e153d770182c527986fb1a571f, findElement {using=css selector, value=#hv-root > div > div > main > div.db-ConsumerUIWrapper-left > div.db-ConsumerUIWrapper-left--sidebarCopy > span}]
Capabilities {acceptInsecureCerts: false, browserName: chrome, browserVersion: 110.0.5481.100, chrome: {chromedriverVersion: 110.0.5481.77 (65ed616c6e8e..., userDataDir: C:\Users\Dangelo\AppData\Lo...}, goog:chromeOptions: {debuggerAddress: localhost:62303}, networkConnectionEnabled: false, pageLoadStrategy: normal, platformName: WINDOWS, proxy: Proxy(), se:cdp: ws://localhost:62303/devtoo..., se:cdpVersion: 110.0.5481.100, setWindowRect: true, strictFileInteractability: false, timeouts: {implicit: 0, pageLoad: 300000, script: 30000}, unhandledPromptBehavior: dismiss and notify, webauthn:extension:credBlob: true, webauthn:extension:largeBlob: true, webauthn:virtualAuthenticators: true}
Session ID: 687d33e153d770182c527986fb1a571f
	at java.base/jdk.internal.reflect.DirectConstructorHandleAccessor.newInstance(DirectConstructorHandleAccessor.java:67)
	at java.base/java.lang.reflect.Constructor.newInstanceWithCaller(Constructor.java:500)
	at java.base/java.lang.reflect.Constructor.newInstance(Constructor.java:484)
	at org.openqa.selenium.remote.codec.w3c.W3CHttpResponseCodec.createException(W3CHttpResponseCodec.java:200)
	at org.openqa.selenium.remote.codec.w3c.W3CHttpResponseCodec.decode(W3CHttpResponseCodec.java:133)
	at org.openqa.selenium.remote.codec.w3c.W3CHttpResponseCodec.decode(W3CHttpResponseCodec.java:53)
	at org.openqa.selenium.remote.HttpCommandExecutor.execute(HttpCommandExecutor.java:184)
	at org.openqa.selenium.remote.service.DriverCommandExecutor.invokeExecute(DriverCommandExecutor.java:167)
	at org.openqa.selenium.remote.service.DriverCommandExecutor.execute(DriverCommandExecutor.java:142)
	at org.openqa.selenium.remote.RemoteWebDriver.execute(RemoteWebDriver.java:541)
	at org.openqa.selenium.remote.ElementLocation$ElementFinder$2.findElement(ElementLocation.java:162)
	at org.openqa.selenium.remote.ElementLocation.findElement(ElementLocation.java:60)
	at org.openqa.selenium.remote.RemoteWebDriver.findElement(RemoteWebDriver.java:365)
	at org.openqa.selenium.remote.RemoteWebDriver.findElement(RemoteWebDriver.java:357)
	at org.openqa.selenium.support.pagefactory.DefaultElementLocator.findElement(DefaultElementLocator.java:70)
	at org.openqa.selenium.support.pagefactory.internal.LocatingElementHandler.invoke(LocatingElementHandler.java:39)
	at jdk.proxy2/jdk.proxy2.$Proxy30.getWrappedElement(Unknown Source)
	at org.openqa.selenium.interactions.PointerInput$Origin.asArg(PointerInput.java:260)
	at org.openqa.selenium.interactions.PointerInput$Move.encode(PointerInput.java:209)
	at org.openqa.selenium.interactions.Sequence.encode(Sequence.java:73)
	at org.openqa.selenium.interactions.Sequence.toJson(Sequence.java:82)
	at java.base/jdk.internal.reflect.DirectMethodHandleAccessor.invoke(DirectMethodHandleAccessor.java:104)
	... 83 more
</textarea>
      
      </div>
              </div>
              <div class="step pass-bg" title="AFTER">
                <span>driver.Hooks.tearDown(io.cucumber.java.Scenario)</span>
      <div>Error when users try to complete connecting to stripe
          <div class="row mb-3"><div class="col-md-3">
    <img data-featherlight='../screenshots/embedded31.png' src="../screenshots/embedded31.png">
    
    </div></div>
</div>
      <div>
      </div>
              </div>
          </div>
        </div>
  </div>
  <div class="card">
    <div class="card-header" role="tab">
      <div class="card-title">
        <div class="node" id="322"><span class="badge log fail-bg mr-2">Fail</span>It should redirect on respective page as redirects when clicking from another place</div>
          <div class="status-avatar float-right mr-4">
            <i class="fa fa-paperclip"></i>
          </div>
      </div>
    </div>
        <div class="">
          <div class="card-body">
              <div class="step pass-bg" title="steps.bugs.bugsSteps.iGoToOrdersPageBUGS()">
                <span>Given I go to orders page BUGS</span>
      <div>
      </div>
              </div>
              <div class="step fail-bg" title="steps.bugs.bugsSteps.iSelectPurchasedButtonInOrders()">
                <span>When I select Purchased button in orders</span>
      <div>
        <textarea disabled class="code-block">org.openqa.selenium.TimeoutException: Expected condition failed: waiting for pages.BasePage$$Lambda$840/0x0000000801488cf8@5aff837f (tried for 30 second(s) with 2000 milliseconds interval)
	at org.openqa.selenium.support.ui.FluentWait.timeoutException(FluentWait.java:263)
	at org.openqa.selenium.support.ui.FluentWait.until(FluentWait.java:231)
	at pages.BasePage.fluentWait(BasePage.java:119)
	at pages.bugs.bugsPage.ordersPurchasedButton(bugsPage.java:957)
	at steps.bugs.bugsSteps.iSelectPurchasedButtonInOrders(bugsSteps.java:660)
	at ✽.I select Purchased button in orders(classpath:features/bugs/Bugs.feature:497)
Caused by: org.openqa.selenium.NoSuchElementException: no such element: Unable to locate element: {"method":"css selector","selector":"#purchased-tab"}
  (Session info: chrome=110.0.5481.100)
For documentation on this error, please visit: https://selenium.dev/exceptions/#no_such_element
Build info: version: '4.6.0', revision: '79f1c02ae20'
System info: os.name: 'Windows 10', os.arch: 'amd64', os.version: '10.0', java.version: '19.0.2'
Driver info: org.openqa.selenium.chrome.ChromeDriver
Command: [171971ebbcb709ff02177e154e8e6c4b, findElement {using=css selector, value=#purchased-tab}]
Capabilities {acceptInsecureCerts: false, browserName: chrome, browserVersion: 110.0.5481.100, chrome: {chromedriverVersion: 110.0.5481.77 (65ed616c6e8e..., userDataDir: C:\Users\Dangelo\AppData\Lo...}, goog:chromeOptions: {debuggerAddress: localhost:62397}, networkConnectionEnabled: false, pageLoadStrategy: normal, platformName: WINDOWS, proxy: Proxy(), se:cdp: ws://localhost:62397/devtoo..., se:cdpVersion: 110.0.5481.100, setWindowRect: true, strictFileInteractability: false, timeouts: {implicit: 0, pageLoad: 300000, script: 30000}, unhandledPromptBehavior: dismiss and notify, webauthn:extension:credBlob: true, webauthn:extension:largeBlob: true, webauthn:virtualAuthenticators: true}
Session ID: 171971ebbcb709ff02177e154e8e6c4b
	at java.base/jdk.internal.reflect.DirectConstructorHandleAccessor.newInstance(DirectConstructorHandleAccessor.java:67)
	at java.base/java.lang.reflect.Constructor.newInstanceWithCaller(Constructor.java:500)
	at java.base/java.lang.reflect.Constructor.newInstance(Constructor.java:484)
	at org.openqa.selenium.remote.codec.w3c.W3CHttpResponseCodec.createException(W3CHttpResponseCodec.java:200)
	at org.openqa.selenium.remote.codec.w3c.W3CHttpResponseCodec.decode(W3CHttpResponseCodec.java:133)
	at org.openqa.selenium.remote.codec.w3c.W3CHttpResponseCodec.decode(W3CHttpResponseCodec.java:53)
	at org.openqa.selenium.remote.HttpCommandExecutor.execute(HttpCommandExecutor.java:184)
	at org.openqa.selenium.remote.service.DriverCommandExecutor.invokeExecute(DriverCommandExecutor.java:167)
	at org.openqa.selenium.remote.service.DriverCommandExecutor.execute(DriverCommandExecutor.java:142)
	at org.openqa.selenium.remote.RemoteWebDriver.execute(RemoteWebDriver.java:541)
	at org.openqa.selenium.remote.ElementLocation$ElementFinder$2.findElement(ElementLocation.java:162)
	at org.openqa.selenium.remote.ElementLocation.findElement(ElementLocation.java:60)
	at org.openqa.selenium.remote.RemoteWebDriver.findElement(RemoteWebDriver.java:365)
	at org.openqa.selenium.remote.RemoteWebDriver.findElement(RemoteWebDriver.java:357)
	at org.openqa.selenium.support.pagefactory.DefaultElementLocator.findElement(DefaultElementLocator.java:70)
	at org.openqa.selenium.support.pagefactory.internal.LocatingElementHandler.invoke(LocatingElementHandler.java:39)
	at jdk.proxy2/jdk.proxy2.$Proxy30.isDisplayed(Unknown Source)
	at pages.BasePage.lambda$fluentWait$1(BasePage.java:119)
	at org.openqa.selenium.support.ui.FluentWait.until(FluentWait.java:208)
	at pages.BasePage.fluentWait(BasePage.java:119)
	at pages.bugs.bugsPage.ordersPurchasedButton(bugsPage.java:957)
	at steps.bugs.bugsSteps.iSelectPurchasedButtonInOrders(bugsSteps.java:660)
	at java.base/jdk.internal.reflect.DirectMethodHandleAccessor.invoke(DirectMethodHandleAccessor.java:104)
	at java.base/java.lang.reflect.Method.invoke(Method.java:578)
	at io.cucumber.java.Invoker.doInvoke(Invoker.java:66)
	at io.cucumber.java.Invoker.invoke(Invoker.java:24)
	at io.cucumber.java.AbstractGlueDefinition.invokeMethod(AbstractGlueDefinition.java:47)
	at io.cucumber.java.JavaStepDefinition.execute(JavaStepDefinition.java:29)
	at io.cucumber.core.runner.CoreStepDefinition.execute(CoreStepDefinition.java:66)
	at io.cucumber.core.runner.PickleStepDefinitionMatch.runStep(PickleStepDefinitionMatch.java:63)
	at io.cucumber.core.runner.ExecutionMode$1.execute(ExecutionMode.java:10)
	at io.cucumber.core.runner.TestStep.executeStep(TestStep.java:84)
	at io.cucumber.core.runner.TestStep.run(TestStep.java:56)
	at io.cucumber.core.runner.PickleStepTestStep.run(PickleStepTestStep.java:51)
	at io.cucumber.core.runner.TestCase.run(TestCase.java:84)
	at io.cucumber.core.runner.Runner.runPickle(Runner.java:75)
	at io.cucumber.testng.TestNGCucumberRunner.lambda$runScenario$1(TestNGCucumberRunner.java:132)
	at io.cucumber.core.runtime.CucumberExecutionContext.lambda$runTestCase$5(CucumberExecutionContext.java:130)
	at io.cucumber.core.runtime.RethrowingThrowableCollector.executeAndThrow(RethrowingThrowableCollector.java:23)
	at io.cucumber.core.runtime.CucumberExecutionContext.runTestCase(CucumberExecutionContext.java:130)
	at io.cucumber.testng.TestNGCucumberRunner.runScenario(TestNGCucumberRunner.java:129)
	at io.cucumber.testng.AbstractTestNGCucumberTests.runScenario(AbstractTestNGCucumberTests.java:35)
	at java.base/jdk.internal.reflect.DirectMethodHandleAccessor.invoke(DirectMethodHandleAccessor.java:104)
	at java.base/java.lang.reflect.Method.invoke(Method.java:578)
	at org.testng.internal.invokers.MethodInvocationHelper.invokeMethod(MethodInvocationHelper.java:139)
	at org.testng.internal.invokers.TestInvoker.invokeMethod(TestInvoker.java:677)
	at org.testng.internal.invokers.TestInvoker.invokeTestMethod(TestInvoker.java:221)
	at org.testng.internal.invokers.MethodRunner.runInSequence(MethodRunner.java:50)
	at org.testng.internal.invokers.TestInvoker$MethodInvocationAgent.invoke(TestInvoker.java:962)
	at org.testng.internal.invokers.TestInvoker.invokeTestMethods(TestInvoker.java:194)
	at org.testng.internal.invokers.TestMethodWorker.invokeTestMethods(TestMethodWorker.java:148)
	at org.testng.internal.invokers.TestMethodWorker.run(TestMethodWorker.java:128)
	at java.base/java.util.ArrayList.forEach(ArrayList.java:1511)
	at org.testng.TestRunner.privateRun(TestRunner.java:806)
	at org.testng.TestRunner.run(TestRunner.java:601)
	at org.testng.SuiteRunner.runTest(SuiteRunner.java:433)
	at org.testng.SuiteRunner.runSequentially(SuiteRunner.java:427)
	at org.testng.SuiteRunner.privateRun(SuiteRunner.java:387)
	at org.testng.SuiteRunner.run(SuiteRunner.java:330)
	at org.testng.SuiteRunnerWorker.runSuite(SuiteRunnerWorker.java:52)
	at org.testng.SuiteRunnerWorker.run(SuiteRunnerWorker.java:95)
	at org.testng.TestNG.runSuitesSequentially(TestNG.java:1256)
	at org.testng.TestNG.runSuitesLocally(TestNG.java:1176)
	at org.testng.TestNG.runSuites(TestNG.java:1099)
	at org.testng.TestNG.run(TestNG.java:1067)
	at org.apache.maven.surefire.testng.TestNGExecutor.run(TestNGExecutor.java:324)
	at org.apache.maven.surefire.testng.TestNGXmlTestSuite.execute(TestNGXmlTestSuite.java:74)
	at org.apache.maven.surefire.testng.TestNGProvider.invoke(TestNGProvider.java:123)
	at org.apache.maven.surefire.booter.ForkedBooter.runSuitesInProcess(ForkedBooter.java:456)
	at org.apache.maven.surefire.booter.ForkedBooter.execute(ForkedBooter.java:169)
	at org.apache.maven.surefire.booter.ForkedBooter.run(ForkedBooter.java:595)
	at org.apache.maven.surefire.booter.ForkedBooter.main(ForkedBooter.java:581)
</textarea>
      
      </div>
              </div>
              <div class="step skip-bg" title="steps.bugs.bugsSteps.iSelectSeeDetailsButton()">
                <span>And I select See Details button</span>
      <div>Step skipped
      </div>
              </div>
              <div class="step skip-bg" title="steps.bugs.bugsSteps.iSelectSeeMessagesButton()">
                <span>And I select See messages button</span>
      <div>Step skipped
      </div>
              </div>
              <div class="step skip-bg" title="steps.bugs.bugsSteps.validToRedirectToTheRespectivePage()">
                <span>Then valid to redirect to the respective page</span>
      <div>Step skipped
      </div>
              </div>
              <div class="step pass-bg" title="AFTER">
                <span>driver.Hooks.tearDown(io.cucumber.java.Scenario)</span>
      <div>It should redirect on respective page as redirects when clicking from another place
          <div class="row mb-3"><div class="col-md-3">
    <img data-featherlight='../screenshots/embedded32.png' src="../screenshots/embedded32.png">
    
    </div></div>
</div>
      <div>
      </div>
              </div>
          </div>
        </div>
  </div>
</div>
          </div>
        </li>
      </ul>
    </div>
  </div>
<div class="test-content scrollable">
<div class="test-content-tools">
<ul><li><a class="back-to-test" href="#"><i class="fa fa-arrow-left"></i></a></li></ul>
</div>
<div class="test-content-detail"><div class="detail-body"></div></div>
</div></div>
<div class="test-wrapper row view category-view attributes-view">
<div class="test-list">
<div class="test-list-tools">
<ul class="tools pull-left"><li><a href=""><span class="font-size-14">Category</span></a></li></ul>
<ul class="tools text-right"><li><a href="#"><span class="badge badge-primary">36</span></a></li></ul>
</div>
<div class="test-list-wrapper scrollable">
<ul class="test-list-item">
<li class="test-item">
<div class="test-detail">
<span class="meta">
<span class='badge log pass-bg'>1</span>
</span>
<p class="name">@MTR-2055</p>
<p class="duration text-sm">1 tests</p>
</div>
<div class="test-contents d-none">
<div class="info">
<h4>@MTR-2055</h4>
<span status="pass" class='badge log pass-bg'>1 passed</span>
</div>
<table class='table table-sm mt-4'>
<thead>
<tr>
<th class="status-col">Status</th>
<th class="timestamp-col">Timestamp</th>
<th>TestName</th>
</tr>
</thead>
<tbody>
<tr class="tag-test-status" status="pass">
<td><span class="badge log pass-bg">Pass</span></td>
<td>13:13:54 p. m.</td>
<td>
<a href="#" class="linked" test-id='1' id='136'>Admin design page PNG</a>
<div class="">
<span class="badge badge-default">Bugs.Admin design page PNG</span>
</div>
</td>
</tr>
</tbody>
</table>
</div>
</li>
<li class="test-item">
<div class="test-detail">
<span class="meta">
<span class='badge log pass-bg'>1</span>
</span>
<p class="name">@MTR-1856</p>
<p class="duration text-sm">1 tests</p>
</div>
<div class="test-contents d-none">
<div class="info">
<h4>@MTR-1856</h4>
<span status="pass" class='badge log pass-bg'>1 passed</span>
</div>
<table class='table table-sm mt-4'>
<thead>
<tr>
<th class="status-col">Status</th>
<th class="timestamp-col">Timestamp</th>
<th>TestName</th>
</tr>
</thead>
<tbody>
<tr class="tag-test-status" status="pass">
<td><span class="badge log pass-bg">Pass</span></td>
<td>13:11:45 p. m.</td>
<td>
<a href="#" class="linked" test-id='1' id='99'>Validate Admin settings</a>
<div class="">
<span class="badge badge-default">Bugs.Validate Admin settings</span>
</div>
</td>
</tr>
</tbody>
</table>
</div>
</li>
<li class="test-item">
<div class="test-detail">
<span class="meta">
<span class='badge log badge-danger'>1</span>
</span>
<p class="name">@MTR-2387</p>
<p class="duration text-sm">1 tests</p>
</div>
<div class="test-contents d-none">
<div class="info">
<h4>@MTR-2387</h4>
<span status="fail" class='badge log badge-danger'>1 failed</span>
</div>
<table class='table table-sm mt-4'>
<thead>
<tr>
<th class="status-col">Status</th>
<th class="timestamp-col">Timestamp</th>
<th>TestName</th>
</tr>
</thead>
<tbody>
<tr class="tag-test-status" status="fail">
<td><span class="badge log fail-bg">Fail</span></td>
<td>13:20:05 p. m.</td>
<td>
<a href="#" class="linked" test-id='1' id='276'>Facebook Signup doesn't work</a>
<div class="">
<span class="badge badge-default">Bugs.Facebook Signup doesn't work</span>
</div>
</td>
</tr>
</tbody>
</table>
</div>
</li>
<li class="test-item">
<div class="test-detail">
<span class="meta">
<span class='badge log badge-danger'>1</span>
</span>
<p class="name">@MTR-2645</p>
<p class="duration text-sm">1 tests</p>
</div>
<div class="test-contents d-none">
<div class="info">
<h4>@MTR-2645</h4>
<span status="fail" class='badge log badge-danger'>1 failed</span>
</div>
<table class='table table-sm mt-4'>
<thead>
<tr>
<th class="status-col">Status</th>
<th class="timestamp-col">Timestamp</th>
<th>TestName</th>
</tr>
</thead>
<tbody>
<tr class="tag-test-status" status="fail">
<td><span class="badge log fail-bg">Fail</span></td>
<td>13:21:07 p. m.</td>
<td>
<a href="#" class="linked" test-id='1' id='301'>LandingPage - Validate Visual Editor feature is visible</a>
<div class="">
<span class="badge badge-default">Bugs.LandingPage - Validate Visual Editor feature is visible</span>
</div>
</td>
</tr>
</tbody>
</table>
</div>
</li>
<li class="test-item">
<div class="test-detail">
<span class="meta">
<span class='badge log badge-danger'>1</span>
</span>
<p class="name">@MTR-2131</p>
<p class="duration text-sm">1 tests</p>
</div>
<div class="test-contents d-none">
<div class="info">
<h4>@MTR-2131</h4>
<span status="fail" class='badge log badge-danger'>1 failed</span>
</div>
<table class='table table-sm mt-4'>
<thead>
<tr>
<th class="status-col">Status</th>
<th class="timestamp-col">Timestamp</th>
<th>TestName</th>
</tr>
</thead>
<tbody>
<tr class="tag-test-status" status="fail">
<td><span class="badge log fail-bg">Fail</span></td>
<td>13:17:44 p. m.</td>
<td>
<a href="#" class="linked" test-id='1' id='212'>MTR - Buyer able to create a listing STAGING BUG</a>
<div class="">
<span class="badge badge-default">Bugs.MTR - Buyer able to create a listing STAGING BUG</span>
</div>
</td>
</tr>
</tbody>
</table>
</div>
</li>
<li class="test-item">
<div class="test-detail">
<span class="meta">
<span class='badge log pass-bg'>1</span>
</span>
<p class="name">@adminBug</p>
<p class="duration text-sm">1 tests</p>
</div>
<div class="test-contents d-none">
<div class="info">
<h4>@adminBug</h4>
<span status="pass" class='badge log pass-bg'>1 passed</span>
</div>
<table class='table table-sm mt-4'>
<thead>
<tr>
<th class="status-col">Status</th>
<th class="timestamp-col">Timestamp</th>
<th>TestName</th>
</tr>
</thead>
<tbody>
<tr class="tag-test-status" status="pass">
<td><span class="badge log pass-bg">Pass</span></td>
<td>13:13:54 p. m.</td>
<td>
<a href="#" class="linked" test-id='1' id='136'>Admin design page PNG</a>
<div class="">
<span class="badge badge-default">Bugs.Admin design page PNG</span>
</div>
</td>
</tr>
</tbody>
</table>
</div>
</li>
<li class="test-item">
<div class="test-detail">
<span class="meta">
<span class='badge log pass-bg'>1</span>
</span>
<p class="name">@test</p>
<p class="duration text-sm">1 tests</p>
</div>
<div class="test-contents d-none">
<div class="info">
<h4>@test</h4>
<span status="pass" class='badge log pass-bg'>1 passed</span>
</div>
<table class='table table-sm mt-4'>
<thead>
<tr>
<th class="status-col">Status</th>
<th class="timestamp-col">Timestamp</th>
<th>TestName</th>
</tr>
</thead>
<tbody>
<tr class="tag-test-status" status="pass">
<td><span class="badge log pass-bg">Pass</span></td>
<td>13:13:54 p. m.</td>
<td>
<a href="#" class="linked" test-id='1' id='136'>Admin design page PNG</a>
<div class="">
<span class="badge badge-default">Bugs.Admin design page PNG</span>
</div>
</td>
</tr>
</tbody>
</table>
</div>
</li>
<li class="test-item">
<div class="test-detail">
<span class="meta">
<span class='badge log badge-danger'>1</span>
</span>
<p class="name">@MTR-1804</p>
<p class="duration text-sm">1 tests</p>
</div>
<div class="test-contents d-none">
<div class="info">
<h4>@MTR-1804</h4>
<span status="fail" class='badge log badge-danger'>1 failed</span>
</div>
<table class='table table-sm mt-4'>
<thead>
<tr>
<th class="status-col">Status</th>
<th class="timestamp-col">Timestamp</th>
<th>TestName</th>
</tr>
</thead>
<tbody>
<tr class="tag-test-status" status="fail">
<td><span class="badge log fail-bg">Fail</span></td>
<td>13:09:48 p. m.</td>
<td>
<a href="#" class="linked" test-id='1' id='52'>MTR - Buyer able to click Submit Payment button to complete checkout</a>
<div class="">
<span class="badge badge-default">Bugs.MTR - Buyer able to click Submit Payment button to complete checkout</span>
</div>
</td>
</tr>
</tbody>
</table>
</div>
</li>
<li class="test-item">
<div class="test-detail">
<span class="meta">
<span class='badge log badge-danger'>1</span>
</span>
<p class="name">@MTR-2098</p>
<p class="duration text-sm">1 tests</p>
</div>
<div class="test-contents d-none">
<div class="info">
<h4>@MTR-2098</h4>
<span status="fail" class='badge log badge-danger'>1 failed</span>
</div>
<table class='table table-sm mt-4'>
<thead>
<tr>
<th class="status-col">Status</th>
<th class="timestamp-col">Timestamp</th>
<th>TestName</th>
</tr>
</thead>
<tbody>
<tr class="tag-test-status" status="fail">
<td><span class="badge log fail-bg">Fail</span></td>
<td>13:15:38 p. m.</td>
<td>
<a href="#" class="linked" test-id='1' id='180'>User able to see My Listings message</a>
<div class="">
<span class="badge badge-default">Bugs.User able to see My Listings message</span>
</div>
</td>
</tr>
</tbody>
</table>
</div>
</li>
<li class="test-item">
<div class="test-detail">
<span class="meta">
<span class='badge log badge-danger'>1</span>
</span>
<p class="name">@MTR-2409</p>
<p class="duration text-sm">1 tests</p>
</div>
<div class="test-contents d-none">
<div class="info">
<h4>@MTR-2409</h4>
<span status="fail" class='badge log badge-danger'>1 failed</span>
</div>
<table class='table table-sm mt-4'>
<thead>
<tr>
<th class="status-col">Status</th>
<th class="timestamp-col">Timestamp</th>
<th>TestName</th>
</tr>
</thead>
<tbody>
<tr class="tag-test-status" status="fail">
<td><span class="badge log fail-bg">Fail</span></td>
<td>13:21:50 p. m.</td>
<td>
<a href="#" class="linked" test-id='1' id='307'>Chrome issue- Templates throws error 404</a>
<div class="">
<span class="badge badge-default">Bugs.Chrome issue- Templates throws error 404</span>
</div>
</td>
</tr>
</tbody>
</table>
</div>
</li>
<li class="test-item">
<div class="test-detail">
<span class="meta">
<span class='badge log pass-bg'>16</span>
<span class='badge log badge-danger'>15</span>
</span>
<p class="name">@MTR</p>
<p class="duration text-sm">31 tests</p>
</div>
<div class="test-contents d-none">
<div class="info">
<h4>@MTR</h4>
<span status="pass" class='badge log pass-bg'>16 passed</span>
<span status="fail" class='badge log badge-danger'>15 failed</span>
</div>
<table class='table table-sm mt-4'>
<thead>
<tr>
<th class="status-col">Status</th>
<th class="timestamp-col">Timestamp</th>
<th>TestName</th>
</tr>
</thead>
<tbody>
<tr class="tag-test-status" status="fail">
<td><span class="badge log fail-bg">Fail</span></td>
<td>13:07:24 p. m.</td>
<td>
<a href="#" class="linked" test-id='1' id='2'>MTR - Orders - Purchased - Open Section</a>
<div class="">
<span class="badge badge-default">Bugs.MTR - Orders - Purchased - Open Section</span>
</div>
</td>
</tr>
<tr class="tag-test-status" status="pass">
<td><span class="badge log pass-bg">Pass</span></td>
<td>13:08:37 p. m.</td>
<td>
<a href="#" class="linked" test-id='1' id='9'>MTR - Create my marketplace builder account and go to admin panel</a>
<div class="">
<span class="badge badge-default">Bugs.MTR - Create my marketplace builder account and go to admin panel</span>
</div>
</td>
</tr>
<tr class="tag-test-status" status="pass">
<td><span class="badge log pass-bg">Pass</span></td>
<td>13:08:53 p. m.</td>
<td>
<a href="#" class="linked" test-id='1' id='26'>MTR - Login and validate the elements on Admin Panel</a>
<div class="">
<span class="badge badge-default">Bugs.MTR - Login and validate the elements on Admin Panel</span>
</div>
</td>
</tr>
<tr class="tag-test-status" status="fail">
<td><span class="badge log fail-bg">Fail</span></td>
<td>13:09:48 p. m.</td>
<td>
<a href="#" class="linked" test-id='1' id='52'>MTR - Buyer able to click Submit Payment button to complete checkout</a>
<div class="">
<span class="badge badge-default">Bugs.MTR - Buyer able to click Submit Payment button to complete checkout</span>
</div>
</td>
</tr>
<tr class="tag-test-status" status="pass">
<td><span class="badge log pass-bg">Pass</span></td>
<td>13:10:40 p. m.</td>
<td>
<a href="#" class="linked" test-id='1' id='66'>MTR - Log in and Validate the Browse Section</a>
<div class="">
<span class="badge badge-default">Bugs.MTR - Log in and Validate the Browse Section</span>
</div>
</td>
</tr>
<tr class="tag-test-status" status="pass">
<td><span class="badge log pass-bg">Pass</span></td>
<td>13:10:48 p. m.</td>
<td>
<a href="#" class="linked" test-id='1' id='71'>Validate tracking number</a>
<div class="">
<span class="badge badge-default">Bugs.Validate tracking number</span>
</div>
</td>
</tr>
<tr class="tag-test-status" status="pass">
<td><span class="badge log pass-bg">Pass</span></td>
<td>13:11:05 p. m.</td>
<td>
<a href="#" class="linked" test-id='1' id='79'>User able to Feature Listing</a>
<div class="">
<span class="badge badge-default">Bugs.User able to Feature Listing</span>
</div>
</td>
</tr>
<tr class="tag-test-status" status="pass">
<td><span class="badge log pass-bg">Pass</span></td>
<td>13:11:45 p. m.</td>
<td>
<a href="#" class="linked" test-id='1' id='99'>Validate Admin settings</a>
<div class="">
<span class="badge badge-default">Bugs.Validate Admin settings</span>
</div>
</td>
</tr>
<tr class="tag-test-status" status="pass">
<td><span class="badge log pass-bg">Pass</span></td>
<td>13:12:13 p. m.</td>
<td>
<a href="#" class="linked" test-id='1' id='105'>Validate Step 8 E-mails - templates</a>
<div class="">
<span class="badge badge-default">Bugs.Validate Step 8 E-mails - templates</span>
</div>
</td>
</tr>
<tr class="tag-test-status" status="pass">
<td><span class="badge log pass-bg">Pass</span></td>
<td>13:12:48 p. m.</td>
<td>
<a href="#" class="linked" test-id='1' id='113'>User able to Feature Listing</a>
<div class="">
<span class="badge badge-default">Bugs.User able to Feature Listing</span>
</div>
</td>
</tr>
<tr class="tag-test-status" status="pass">
<td><span class="badge log pass-bg">Pass</span></td>
<td>13:13:27 p. m.</td>
<td>
<a href="#" class="linked" test-id='1' id='129'>Download file in Orders Purchased</a>
<div class="">
<span class="badge badge-default">Bugs.Download file in Orders Purchased</span>
</div>
</td>
</tr>
<tr class="tag-test-status" status="pass">
<td><span class="badge log pass-bg">Pass</span></td>
<td>13:13:54 p. m.</td>
<td>
<a href="#" class="linked" test-id='1' id='136'>Admin design page PNG</a>
<div class="">
<span class="badge badge-default">Bugs.Admin design page PNG</span>
</div>
</td>
</tr>
<tr class="tag-test-status" status="pass">
<td><span class="badge log pass-bg">Pass</span></td>
<td>13:14:21 p. m.</td>
<td>
<a href="#" class="linked" test-id='1' id='145'>Refresh Cache in Step 6</a>
<div class="">
<span class="badge badge-default">Bugs.Refresh Cache in Step 6</span>
</div>
</td>
</tr>
<tr class="tag-test-status" status="pass">
<td><span class="badge log pass-bg">Pass</span></td>
<td>13:14:42 p. m.</td>
<td>
<a href="#" class="linked" test-id='1' id='153'>Delete user in Admin Page</a>
<div class="">
<span class="badge badge-default">Bugs.Delete user in Admin Page</span>
</div>
</td>
</tr>
<tr class="tag-test-status" status="pass">
<td><span class="badge log pass-bg">Pass</span></td>
<td>13:15:05 p. m.</td>
<td>
<a href="#" class="linked" test-id='1' id='163'>Validate Listing Price</a>
<div class="">
<span class="badge badge-default">Bugs.Validate Listing Price</span>
</div>
</td>
</tr>
<tr class="tag-test-status" status="fail">
<td><span class="badge log fail-bg">Fail</span></td>
<td>13:15:38 p. m.</td>
<td>
<a href="#" class="linked" test-id='1' id='180'>User able to see My Listings message</a>
<div class="">
<span class="badge badge-default">Bugs.User able to see My Listings message</span>
</div>
</td>
</tr>
<tr class="tag-test-status" status="pass">
<td><span class="badge log pass-bg">Pass</span></td>
<td>13:16:46 p. m.</td>
<td>
<a href="#" class="linked" test-id='1' id='186'>Validate Social Links</a>
<div class="">
<span class="badge badge-default">Bugs.Validate Social Links</span>
</div>
</td>
</tr>
<tr class="tag-test-status" status="pass">
<td><span class="badge log pass-bg">Pass</span></td>
<td>13:17:14 p. m.</td>
<td>
<a href="#" class="linked" test-id='1' id='199'>Validate Image Upload</a>
<div class="">
<span class="badge badge-default">Bugs.Validate Image Upload</span>
</div>
</td>
</tr>
<tr class="tag-test-status" status="fail">
<td><span class="badge log fail-bg">Fail</span></td>
<td>13:17:44 p. m.</td>
<td>
<a href="#" class="linked" test-id='1' id='212'>MTR - Buyer able to create a listing STAGING BUG</a>
<div class="">
<span class="badge badge-default">Bugs.MTR - Buyer able to create a listing STAGING BUG</span>
</div>
</td>
</tr>
<tr class="tag-test-status" status="fail">
<td><span class="badge log fail-bg">Fail</span></td>
<td>13:18:44 p. m.</td>
<td>
<a href="#" class="linked" test-id='1' id='250'>Create Listing - Can't finish listing creation because cropper doesn't pop up</a>
<div class="">
<span class="badge badge-default">Bugs.Create Listing - Can't finish listing creation because cropper doesn't pop up</span>
</div>
</td>
</tr>
<tr class="tag-test-status" status="pass">
<td><span class="badge log pass-bg">Pass</span></td>
<td>13:19:21 p. m.</td>
<td>
<a href="#" class="linked" test-id='1' id='257'>No Payments - Price not appearing on Listing Details</a>
<div class="">
<span class="badge badge-default">Bugs.No Payments - Price not appearing on Listing Details</span>
</div>
</td>
</tr>
<tr class="tag-test-status" status="fail">
<td><span class="badge log fail-bg">Fail</span></td>
<td>13:19:30 p. m.</td>
<td>
<a href="#" class="linked" test-id='1' id='263'>Inbox - Unable to see messages in Read</a>
<div class="">
<span class="badge badge-default">Bugs.Inbox - Unable to see messages in Read</span>
</div>
</td>
</tr>
<tr class="tag-test-status" status="fail">
<td><span class="badge log fail-bg">Fail</span></td>
<td>13:19:31 p. m.</td>
<td>
<a href="#" class="linked" test-id='1' id='270'>Browse - Listings only show "Seen 0 times"</a>
<div class="">
<span class="badge badge-default">Bugs.Browse - Listings only show "Seen 0 times"</span>
</div>
</td>
</tr>
<tr class="tag-test-status" status="fail">
<td><span class="badge log fail-bg">Fail</span></td>
<td>13:20:05 p. m.</td>
<td>
<a href="#" class="linked" test-id='1' id='276'>Facebook Signup doesn't work</a>
<div class="">
<span class="badge badge-default">Bugs.Facebook Signup doesn't work</span>
</div>
</td>
</tr>
<tr class="tag-test-status" status="fail">
<td><span class="badge log fail-bg">Fail</span></td>
<td>13:20:13 p. m.</td>
<td>
<a href="#" class="linked" test-id='1' id='282'>No Payments - "Payment" information still showing</a>
<div class="">
<span class="badge badge-default">Bugs.No Payments - "Payment" information still showing</span>
</div>
</td>
</tr>
<tr class="tag-test-status" status="fail">
<td><span class="badge log fail-bg">Fail</span></td>
<td>13:20:14 p. m.</td>
<td>
<a href="#" class="linked" test-id='1' id='289'>Sign up page - Password shows "Minimum 6 characters" even if it has them</a>
<div class="">
<span class="badge badge-default">Bugs.Sign up page - Password shows "Minimum 6 characters" even if it has them</span>
</div>
</td>
</tr>
<tr class="tag-test-status" status="fail">
<td><span class="badge log fail-bg">Fail</span></td>
<td>13:20:22 p. m.</td>
<td>
<a href="#" class="linked" test-id='1' id='295'>Landing page -Validate Newest Listings images are not blurred</a>
<div class="">
<span class="badge badge-default">Bugs.Landing page -Validate Newest Listings images are not blurred</span>
</div>
</td>
</tr>
<tr class="tag-test-status" status="fail">
<td><span class="badge log fail-bg">Fail</span></td>
<td>13:21:07 p. m.</td>
<td>
<a href="#" class="linked" test-id='1' id='301'>LandingPage - Validate Visual Editor feature is visible</a>
<div class="">
<span class="badge badge-default">Bugs.LandingPage - Validate Visual Editor feature is visible</span>
</div>
</td>
</tr>
<tr class="tag-test-status" status="fail">
<td><span class="badge log fail-bg">Fail</span></td>
<td>13:21:50 p. m.</td>
<td>
<a href="#" class="linked" test-id='1' id='307'>Chrome issue- Templates throws error 404</a>
<div class="">
<span class="badge badge-default">Bugs.Chrome issue- Templates throws error 404</span>
</div>
</td>
</tr>
<tr class="tag-test-status" status="fail">
<td><span class="badge log fail-bg">Fail</span></td>
<td>13:22:55 p. m.</td>
<td>
<a href="#" class="linked" test-id='1' id='314'>Error when users try to complete connecting to stripe</a>
<div class="">
<span class="badge badge-default">Bugs.Error when users try to complete connecting to stripe</span>
</div>
</td>
</tr>
<tr class="tag-test-status" status="fail">
<td><span class="badge log fail-bg">Fail</span></td>
<td>13:23:16 p. m.</td>
<td>
<a href="#" class="linked" test-id='1' id='322'>It should redirect on respective page as redirects when clicking from another place</a>
<div class="">
<span class="badge badge-default">Bugs.It should redirect on respective page as redirects when clicking from another place</span>
</div>
</td>
</tr>
</tbody>
</table>
</div>
</li>
<li class="test-item">
<div class="test-detail">
<span class="meta">
<span class='badge log pass-bg'>1</span>
</span>
<p class="name">@MTR-1649</p>
<p class="duration text-sm">1 tests</p>
</div>
<div class="test-contents d-none">
<div class="info">
<h4>@MTR-1649</h4>
<span status="pass" class='badge log pass-bg'>1 passed</span>
</div>
<table class='table table-sm mt-4'>
<thead>
<tr>
<th class="status-col">Status</th>
<th class="timestamp-col">Timestamp</th>
<th>TestName</th>
</tr>
</thead>
<tbody>
<tr class="tag-test-status" status="pass">
<td><span class="badge log pass-bg">Pass</span></td>
<td>13:11:05 p. m.</td>
<td>
<a href="#" class="linked" test-id='1' id='79'>User able to Feature Listing</a>
<div class="">
<span class="badge badge-default">Bugs.User able to Feature Listing</span>
</div>
</td>
</tr>
</tbody>
</table>
</div>
</li>
<li class="test-item">
<div class="test-detail">
<span class="meta">
<span class='badge log pass-bg'>1</span>
</span>
<p class="name">@MTR-1895</p>
<p class="duration text-sm">1 tests</p>
</div>
<div class="test-contents d-none">
<div class="info">
<h4>@MTR-1895</h4>
<span status="pass" class='badge log pass-bg'>1 passed</span>
</div>
<table class='table table-sm mt-4'>
<thead>
<tr>
<th class="status-col">Status</th>
<th class="timestamp-col">Timestamp</th>
<th>TestName</th>
</tr>
</thead>
<tbody>
<tr class="tag-test-status" status="pass">
<td><span class="badge log pass-bg">Pass</span></td>
<td>13:10:48 p. m.</td>
<td>
<a href="#" class="linked" test-id='1' id='71'>Validate tracking number</a>
<div class="">
<span class="badge badge-default">Bugs.Validate tracking number</span>
</div>
</td>
</tr>
</tbody>
</table>
</div>
</li>
<li class="test-item">
<div class="test-detail">
<span class="meta">
<span class='badge log pass-bg'>1</span>
</span>
<p class="name">@MTR-1654</p>
<p class="duration text-sm">1 tests</p>
</div>
<div class="test-contents d-none">
<div class="info">
<h4>@MTR-1654</h4>
<span status="pass" class='badge log pass-bg'>1 passed</span>
</div>
<table class='table table-sm mt-4'>
<thead>
<tr>
<th class="status-col">Status</th>
<th class="timestamp-col">Timestamp</th>
<th>TestName</th>
</tr>
</thead>
<tbody>
<tr class="tag-test-status" status="pass">
<td><span class="badge log pass-bg">Pass</span></td>
<td>13:12:48 p. m.</td>
<td>
<a href="#" class="linked" test-id='1' id='113'>User able to Feature Listing</a>
<div class="">
<span class="badge badge-default">Bugs.User able to Feature Listing</span>
</div>
</td>
</tr>
</tbody>
</table>
</div>
</li>
<li class="test-item">
<div class="test-detail">
<span class="meta">
<span class='badge log badge-danger'>1</span>
</span>
<p class="name">@MTR-2386</p>
<p class="duration text-sm">1 tests</p>
</div>
<div class="test-contents d-none">
<div class="info">
<h4>@MTR-2386</h4>
<span status="fail" class='badge log badge-danger'>1 failed</span>
</div>
<table class='table table-sm mt-4'>
<thead>
<tr>
<th class="status-col">Status</th>
<th class="timestamp-col">Timestamp</th>
<th>TestName</th>
</tr>
</thead>
<tbody>
<tr class="tag-test-status" status="fail">
<td><span class="badge log fail-bg">Fail</span></td>
<td>13:19:31 p. m.</td>
<td>
<a href="#" class="linked" test-id='1' id='270'>Browse - Listings only show "Seen 0 times"</a>
<div class="">
<span class="badge badge-default">Bugs.Browse - Listings only show "Seen 0 times"</span>
</div>
</td>
</tr>
</tbody>
</table>
</div>
</li>
<li class="test-item">
<div class="test-detail">
<span class="meta">
<span class='badge log badge-danger'>1</span>
</span>
<p class="name">@MTR-2899</p>
<p class="duration text-sm">1 tests</p>
</div>
<div class="test-contents d-none">
<div class="info">
<h4>@MTR-2899</h4>
<span status="fail" class='badge log badge-danger'>1 failed</span>
</div>
<table class='table table-sm mt-4'>
<thead>
<tr>
<th class="status-col">Status</th>
<th class="timestamp-col">Timestamp</th>
<th>TestName</th>
</tr>
</thead>
<tbody>
<tr class="tag-test-status" status="fail">
<td><span class="badge log fail-bg">Fail</span></td>
<td>13:23:16 p. m.</td>
<td>
<a href="#" class="linked" test-id='1' id='322'>It should redirect on respective page as redirects when clicking from another place</a>
<div class="">
<span class="badge badge-default">Bugs.It should redirect on respective page as redirects when clicking from another place</span>
</div>
</td>
</tr>
</tbody>
</table>
</div>
</li>
<li class="test-item">
<div class="test-detail">
<span class="meta">
<span class='badge log badge-danger'>1</span>
</span>
<p class="name">@MTR-2898</p>
<p class="duration text-sm">1 tests</p>
</div>
<div class="test-contents d-none">
<div class="info">
<h4>@MTR-2898</h4>
<span status="fail" class='badge log badge-danger'>1 failed</span>
</div>
<table class='table table-sm mt-4'>
<thead>
<tr>
<th class="status-col">Status</th>
<th class="timestamp-col">Timestamp</th>
<th>TestName</th>
</tr>
</thead>
<tbody>
<tr class="tag-test-status" status="fail">
<td><span class="badge log fail-bg">Fail</span></td>
<td>13:22:55 p. m.</td>
<td>
<a href="#" class="linked" test-id='1' id='314'>Error when users try to complete connecting to stripe</a>
<div class="">
<span class="badge badge-default">Bugs.Error when users try to complete connecting to stripe</span>
</div>
</td>
</tr>
</tbody>
</table>
</div>
</li>
<li class="test-item">
<div class="test-detail">
<span class="meta">
<span class='badge log pass-bg'>1</span>
</span>
<p class="name">@MTR-1815</p>
<p class="duration text-sm">1 tests</p>
</div>
<div class="test-contents d-none">
<div class="info">
<h4>@MTR-1815</h4>
<span status="pass" class='badge log pass-bg'>1 passed</span>
</div>
<table class='table table-sm mt-4'>
<thead>
<tr>
<th class="status-col">Status</th>
<th class="timestamp-col">Timestamp</th>
<th>TestName</th>
</tr>
</thead>
<tbody>
<tr class="tag-test-status" status="pass">
<td><span class="badge log pass-bg">Pass</span></td>
<td>13:08:53 p. m.</td>
<td>
<a href="#" class="linked" test-id='1' id='26'>MTR - Login and validate the elements on Admin Panel</a>
<div class="">
<span class="badge badge-default">Bugs.MTR - Login and validate the elements on Admin Panel</span>
</div>
</td>
</tr>
</tbody>
</table>
</div>
</li>
<li class="test-item">
<div class="test-detail">
<span class="meta">
<span class='badge log pass-bg'>17</span>
<span class='badge log badge-danger'>15</span>
</span>
<p class="name">@bugs</p>
<p class="duration text-sm">32 tests</p>
</div>
<div class="test-contents d-none">
<div class="info">
<h4>@bugs</h4>
<span status="pass" class='badge log pass-bg'>17 passed</span>
<span status="fail" class='badge log badge-danger'>15 failed</span>
</div>
<table class='table table-sm mt-4'>
<thead>
<tr>
<th class="status-col">Status</th>
<th class="timestamp-col">Timestamp</th>
<th>TestName</th>
</tr>
</thead>
<tbody>
<tr class="tag-test-status" status="fail">
<td><span class="badge log fail-bg">Fail</span></td>
<td>13:07:24 p. m.</td>
<td>
<a href="#" class="linked" test-id='1' id='2'>MTR - Orders - Purchased - Open Section</a>
<div class="">
<span class="badge badge-default">Bugs.MTR - Orders - Purchased - Open Section</span>
</div>
</td>
</tr>
<tr class="tag-test-status" status="pass">
<td><span class="badge log pass-bg">Pass</span></td>
<td>13:08:37 p. m.</td>
<td>
<a href="#" class="linked" test-id='1' id='9'>MTR - Create my marketplace builder account and go to admin panel</a>
<div class="">
<span class="badge badge-default">Bugs.MTR - Create my marketplace builder account and go to admin panel</span>
</div>
</td>
</tr>
<tr class="tag-test-status" status="pass">
<td><span class="badge log pass-bg">Pass</span></td>
<td>13:08:53 p. m.</td>
<td>
<a href="#" class="linked" test-id='1' id='26'>MTR - Login and validate the elements on Admin Panel</a>
<div class="">
<span class="badge badge-default">Bugs.MTR - Login and validate the elements on Admin Panel</span>
</div>
</td>
</tr>
<tr class="tag-test-status" status="fail">
<td><span class="badge log fail-bg">Fail</span></td>
<td>13:09:48 p. m.</td>
<td>
<a href="#" class="linked" test-id='1' id='52'>MTR - Buyer able to click Submit Payment button to complete checkout</a>
<div class="">
<span class="badge badge-default">Bugs.MTR - Buyer able to click Submit Payment button to complete checkout</span>
</div>
</td>
</tr>
<tr class="tag-test-status" status="pass">
<td><span class="badge log pass-bg">Pass</span></td>
<td>13:10:40 p. m.</td>
<td>
<a href="#" class="linked" test-id='1' id='66'>MTR - Log in and Validate the Browse Section</a>
<div class="">
<span class="badge badge-default">Bugs.MTR - Log in and Validate the Browse Section</span>
</div>
</td>
</tr>
<tr class="tag-test-status" status="pass">
<td><span class="badge log pass-bg">Pass</span></td>
<td>13:10:48 p. m.</td>
<td>
<a href="#" class="linked" test-id='1' id='71'>Validate tracking number</a>
<div class="">
<span class="badge badge-default">Bugs.Validate tracking number</span>
</div>
</td>
</tr>
<tr class="tag-test-status" status="pass">
<td><span class="badge log pass-bg">Pass</span></td>
<td>13:11:05 p. m.</td>
<td>
<a href="#" class="linked" test-id='1' id='79'>User able to Feature Listing</a>
<div class="">
<span class="badge badge-default">Bugs.User able to Feature Listing</span>
</div>
</td>
</tr>
<tr class="tag-test-status" status="pass">
<td><span class="badge log pass-bg">Pass</span></td>
<td>13:11:45 p. m.</td>
<td>
<a href="#" class="linked" test-id='1' id='99'>Validate Admin settings</a>
<div class="">
<span class="badge badge-default">Bugs.Validate Admin settings</span>
</div>
</td>
</tr>
<tr class="tag-test-status" status="pass">
<td><span class="badge log pass-bg">Pass</span></td>
<td>13:12:13 p. m.</td>
<td>
<a href="#" class="linked" test-id='1' id='105'>Validate Step 8 E-mails - templates</a>
<div class="">
<span class="badge badge-default">Bugs.Validate Step 8 E-mails - templates</span>
</div>
</td>
</tr>
<tr class="tag-test-status" status="pass">
<td><span class="badge log pass-bg">Pass</span></td>
<td>13:12:48 p. m.</td>
<td>
<a href="#" class="linked" test-id='1' id='113'>User able to Feature Listing</a>
<div class="">
<span class="badge badge-default">Bugs.User able to Feature Listing</span>
</div>
</td>
</tr>
<tr class="tag-test-status" status="pass">
<td><span class="badge log pass-bg">Pass</span></td>
<td>13:13:27 p. m.</td>
<td>
<a href="#" class="linked" test-id='1' id='129'>Download file in Orders Purchased</a>
<div class="">
<span class="badge badge-default">Bugs.Download file in Orders Purchased</span>
</div>
</td>
</tr>
<tr class="tag-test-status" status="pass">
<td><span class="badge log pass-bg">Pass</span></td>
<td>13:13:54 p. m.</td>
<td>
<a href="#" class="linked" test-id='1' id='136'>Admin design page PNG</a>
<div class="">
<span class="badge badge-default">Bugs.Admin design page PNG</span>
</div>
</td>
</tr>
<tr class="tag-test-status" status="pass">
<td><span class="badge log pass-bg">Pass</span></td>
<td>13:14:21 p. m.</td>
<td>
<a href="#" class="linked" test-id='1' id='145'>Refresh Cache in Step 6</a>
<div class="">
<span class="badge badge-default">Bugs.Refresh Cache in Step 6</span>
</div>
</td>
</tr>
<tr class="tag-test-status" status="pass">
<td><span class="badge log pass-bg">Pass</span></td>
<td>13:14:42 p. m.</td>
<td>
<a href="#" class="linked" test-id='1' id='153'>Delete user in Admin Page</a>
<div class="">
<span class="badge badge-default">Bugs.Delete user in Admin Page</span>
</div>
</td>
</tr>
<tr class="tag-test-status" status="pass">
<td><span class="badge log pass-bg">Pass</span></td>
<td>13:15:05 p. m.</td>
<td>
<a href="#" class="linked" test-id='1' id='163'>Validate Listing Price</a>
<div class="">
<span class="badge badge-default">Bugs.Validate Listing Price</span>
</div>
</td>
</tr>
<tr class="tag-test-status" status="fail">
<td><span class="badge log fail-bg">Fail</span></td>
<td>13:15:38 p. m.</td>
<td>
<a href="#" class="linked" test-id='1' id='180'>User able to see My Listings message</a>
<div class="">
<span class="badge badge-default">Bugs.User able to see My Listings message</span>
</div>
</td>
</tr>
<tr class="tag-test-status" status="pass">
<td><span class="badge log pass-bg">Pass</span></td>
<td>13:16:46 p. m.</td>
<td>
<a href="#" class="linked" test-id='1' id='186'>Validate Social Links</a>
<div class="">
<span class="badge badge-default">Bugs.Validate Social Links</span>
</div>
</td>
</tr>
<tr class="tag-test-status" status="pass">
<td><span class="badge log pass-bg">Pass</span></td>
<td>13:17:14 p. m.</td>
<td>
<a href="#" class="linked" test-id='1' id='199'>Validate Image Upload</a>
<div class="">
<span class="badge badge-default">Bugs.Validate Image Upload</span>
</div>
</td>
</tr>
<tr class="tag-test-status" status="fail">
<td><span class="badge log fail-bg">Fail</span></td>
<td>13:17:44 p. m.</td>
<td>
<a href="#" class="linked" test-id='1' id='212'>MTR - Buyer able to create a listing STAGING BUG</a>
<div class="">
<span class="badge badge-default">Bugs.MTR - Buyer able to create a listing STAGING BUG</span>
</div>
</td>
</tr>
<tr class="tag-test-status" status="pass">
<td><span class="badge log pass-bg">Pass</span></td>
<td>13:18:26 p. m.</td>
<td>
<a href="#" class="linked" test-id='1' id='232'>Modify the site from services to product</a>
<div class="">
<span class="badge badge-default">Bugs.Modify the site from services to product</span>
</div>
</td>
</tr>
<tr class="tag-test-status" status="fail">
<td><span class="badge log fail-bg">Fail</span></td>
<td>13:18:44 p. m.</td>
<td>
<a href="#" class="linked" test-id='1' id='250'>Create Listing - Can't finish listing creation because cropper doesn't pop up</a>
<div class="">
<span class="badge badge-default">Bugs.Create Listing - Can't finish listing creation because cropper doesn't pop up</span>
</div>
</td>
</tr>
<tr class="tag-test-status" status="pass">
<td><span class="badge log pass-bg">Pass</span></td>
<td>13:19:21 p. m.</td>
<td>
<a href="#" class="linked" test-id='1' id='257'>No Payments - Price not appearing on Listing Details</a>
<div class="">
<span class="badge badge-default">Bugs.No Payments - Price not appearing on Listing Details</span>
</div>
</td>
</tr>
<tr class="tag-test-status" status="fail">
<td><span class="badge log fail-bg">Fail</span></td>
<td>13:19:30 p. m.</td>
<td>
<a href="#" class="linked" test-id='1' id='263'>Inbox - Unable to see messages in Read</a>
<div class="">
<span class="badge badge-default">Bugs.Inbox - Unable to see messages in Read</span>
</div>
</td>
</tr>
<tr class="tag-test-status" status="fail">
<td><span class="badge log fail-bg">Fail</span></td>
<td>13:19:31 p. m.</td>
<td>
<a href="#" class="linked" test-id='1' id='270'>Browse - Listings only show "Seen 0 times"</a>
<div class="">
<span class="badge badge-default">Bugs.Browse - Listings only show "Seen 0 times"</span>
</div>
</td>
</tr>
<tr class="tag-test-status" status="fail">
<td><span class="badge log fail-bg">Fail</span></td>
<td>13:20:05 p. m.</td>
<td>
<a href="#" class="linked" test-id='1' id='276'>Facebook Signup doesn't work</a>
<div class="">
<span class="badge badge-default">Bugs.Facebook Signup doesn't work</span>
</div>
</td>
</tr>
<tr class="tag-test-status" status="fail">
<td><span class="badge log fail-bg">Fail</span></td>
<td>13:20:13 p. m.</td>
<td>
<a href="#" class="linked" test-id='1' id='282'>No Payments - "Payment" information still showing</a>
<div class="">
<span class="badge badge-default">Bugs.No Payments - "Payment" information still showing</span>
</div>
</td>
</tr>
<tr class="tag-test-status" status="fail">
<td><span class="badge log fail-bg">Fail</span></td>
<td>13:20:14 p. m.</td>
<td>
<a href="#" class="linked" test-id='1' id='289'>Sign up page - Password shows "Minimum 6 characters" even if it has them</a>
<div class="">
<span class="badge badge-default">Bugs.Sign up page - Password shows "Minimum 6 characters" even if it has them</span>
</div>
</td>
</tr>
<tr class="tag-test-status" status="fail">
<td><span class="badge log fail-bg">Fail</span></td>
<td>13:20:22 p. m.</td>
<td>
<a href="#" class="linked" test-id='1' id='295'>Landing page -Validate Newest Listings images are not blurred</a>
<div class="">
<span class="badge badge-default">Bugs.Landing page -Validate Newest Listings images are not blurred</span>
</div>
</td>
</tr>
<tr class="tag-test-status" status="fail">
<td><span class="badge log fail-bg">Fail</span></td>
<td>13:21:07 p. m.</td>
<td>
<a href="#" class="linked" test-id='1' id='301'>LandingPage - Validate Visual Editor feature is visible</a>
<div class="">
<span class="badge badge-default">Bugs.LandingPage - Validate Visual Editor feature is visible</span>
</div>
</td>
</tr>
<tr class="tag-test-status" status="fail">
<td><span class="badge log fail-bg">Fail</span></td>
<td>13:21:50 p. m.</td>
<td>
<a href="#" class="linked" test-id='1' id='307'>Chrome issue- Templates throws error 404</a>
<div class="">
<span class="badge badge-default">Bugs.Chrome issue- Templates throws error 404</span>
</div>
</td>
</tr>
<tr class="tag-test-status" status="fail">
<td><span class="badge log fail-bg">Fail</span></td>
<td>13:22:55 p. m.</td>
<td>
<a href="#" class="linked" test-id='1' id='314'>Error when users try to complete connecting to stripe</a>
<div class="">
<span class="badge badge-default">Bugs.Error when users try to complete connecting to stripe</span>
</div>
</td>
</tr>
<tr class="tag-test-status" status="fail">
<td><span class="badge log fail-bg">Fail</span></td>
<td>13:23:16 p. m.</td>
<td>
<a href="#" class="linked" test-id='1' id='322'>It should redirect on respective page as redirects when clicking from another place</a>
<div class="">
<span class="badge badge-default">Bugs.It should redirect on respective page as redirects when clicking from another place</span>
</div>
</td>
</tr>
</tbody>
</table>
</div>
</li>
<li class="test-item">
<div class="test-detail">
<span class="meta">
<span class='badge log pass-bg'>1</span>
</span>
<p class="name">@MTR-2046</p>
<p class="duration text-sm">1 tests</p>
</div>
<div class="test-contents d-none">
<div class="info">
<h4>@MTR-2046</h4>
<span status="pass" class='badge log pass-bg'>1 passed</span>
</div>
<table class='table table-sm mt-4'>
<thead>
<tr>
<th class="status-col">Status</th>
<th class="timestamp-col">Timestamp</th>
<th>TestName</th>
</tr>
</thead>
<tbody>
<tr class="tag-test-status" status="pass">
<td><span class="badge log pass-bg">Pass</span></td>
<td>13:14:42 p. m.</td>
<td>
<a href="#" class="linked" test-id='1' id='153'>Delete user in Admin Page</a>
<div class="">
<span class="badge badge-default">Bugs.Delete user in Admin Page</span>
</div>
</td>
</tr>
</tbody>
</table>
</div>
</li>
<li class="test-item">
<div class="test-detail">
<span class="meta">
<span class='badge log pass-bg'>1</span>
</span>
<p class="name">@MTR-2650</p>
<p class="duration text-sm">1 tests</p>
</div>
<div class="test-contents d-none">
<div class="info">
<h4>@MTR-2650</h4>
<span status="pass" class='badge log pass-bg'>1 passed</span>
</div>
<table class='table table-sm mt-4'>
<thead>
<tr>
<th class="status-col">Status</th>
<th class="timestamp-col">Timestamp</th>
<th>TestName</th>
</tr>
</thead>
<tbody>
<tr class="tag-test-status" status="pass">
<td><span class="badge log pass-bg">Pass</span></td>
<td>13:19:21 p. m.</td>
<td>
<a href="#" class="linked" test-id='1' id='257'>No Payments - Price not appearing on Listing Details</a>
<div class="">
<span class="badge badge-default">Bugs.No Payments - Price not appearing on Listing Details</span>
</div>
</td>
</tr>
</tbody>
</table>
</div>
</li>
<li class="test-item">
<div class="test-detail">
<span class="meta">
<span class='badge log badge-danger'>1</span>
</span>
<p class="name">@MTR-1927</p>
<p class="duration text-sm">1 tests</p>
</div>
<div class="test-contents d-none">
<div class="info">
<h4>@MTR-1927</h4>
<span status="fail" class='badge log badge-danger'>1 failed</span>
</div>
<table class='table table-sm mt-4'>
<thead>
<tr>
<th class="status-col">Status</th>
<th class="timestamp-col">Timestamp</th>
<th>TestName</th>
</tr>
</thead>
<tbody>
<tr class="tag-test-status" status="fail">
<td><span class="badge log fail-bg">Fail</span></td>
<td>13:07:24 p. m.</td>
<td>
<a href="#" class="linked" test-id='1' id='2'>MTR - Orders - Purchased - Open Section</a>
<div class="">
<span class="badge badge-default">Bugs.MTR - Orders - Purchased - Open Section</span>
</div>
</td>
</tr>
</tbody>
</table>
</div>
</li>
<li class="test-item">
<div class="test-detail">
<span class="meta">
<span class='badge log badge-danger'>1</span>
</span>
<p class="name">@MTR-2388</p>
<p class="duration text-sm">1 tests</p>
</div>
<div class="test-contents d-none">
<div class="info">
<h4>@MTR-2388</h4>
<span status="fail" class='badge log badge-danger'>1 failed</span>
</div>
<table class='table table-sm mt-4'>
<thead>
<tr>
<th class="status-col">Status</th>
<th class="timestamp-col">Timestamp</th>
<th>TestName</th>
</tr>
</thead>
<tbody>
<tr class="tag-test-status" status="fail">
<td><span class="badge log fail-bg">Fail</span></td>
<td>13:20:14 p. m.</td>
<td>
<a href="#" class="linked" test-id='1' id='289'>Sign up page - Password shows "Minimum 6 characters" even if it has them</a>
<div class="">
<span class="badge badge-default">Bugs.Sign up page - Password shows "Minimum 6 characters" even if it has them</span>
</div>
</td>
</tr>
</tbody>
</table>
</div>
</li>
<li class="test-item">
<div class="test-detail">
<span class="meta">
<span class='badge log pass-bg'>1</span>
</span>
<p class="name">@MTR-2147</p>
<p class="duration text-sm">1 tests</p>
</div>
<div class="test-contents d-none">
<div class="info">
<h4>@MTR-2147</h4>
<span status="pass" class='badge log pass-bg'>1 passed</span>
</div>
<table class='table table-sm mt-4'>
<thead>
<tr>
<th class="status-col">Status</th>
<th class="timestamp-col">Timestamp</th>
<th>TestName</th>
</tr>
</thead>
<tbody>
<tr class="tag-test-status" status="pass">
<td><span class="badge log pass-bg">Pass</span></td>
<td>13:17:14 p. m.</td>
<td>
<a href="#" class="linked" test-id='1' id='199'>Validate Image Upload</a>
<div class="">
<span class="badge badge-default">Bugs.Validate Image Upload</span>
</div>
</td>
</tr>
</tbody>
</table>
</div>
</li>
<li class="test-item">
<div class="test-detail">
<span class="meta">
<span class='badge log pass-bg'>1</span>
</span>
<p class="name">@MTR-2029</p>
<p class="duration text-sm">1 tests</p>
</div>
<div class="test-contents d-none">
<div class="info">
<h4>@MTR-2029</h4>
<span status="pass" class='badge log pass-bg'>1 passed</span>
</div>
<table class='table table-sm mt-4'>
<thead>
<tr>
<th class="status-col">Status</th>
<th class="timestamp-col">Timestamp</th>
<th>TestName</th>
</tr>
</thead>
<tbody>
<tr class="tag-test-status" status="pass">
<td><span class="badge log pass-bg">Pass</span></td>
<td>13:15:05 p. m.</td>
<td>
<a href="#" class="linked" test-id='1' id='163'>Validate Listing Price</a>
<div class="">
<span class="badge badge-default">Bugs.Validate Listing Price</span>
</div>
</td>
</tr>
</tbody>
</table>
</div>
</li>
<li class="test-item">
<div class="test-detail">
<span class="meta">
<span class='badge log pass-bg'>1</span>
</span>
<p class="name">@MTR-1805</p>
<p class="duration text-sm">1 tests</p>
</div>
<div class="test-contents d-none">
<div class="info">
<h4>@MTR-1805</h4>
<span status="pass" class='badge log pass-bg'>1 passed</span>
</div>
<table class='table table-sm mt-4'>
<thead>
<tr>
<th class="status-col">Status</th>
<th class="timestamp-col">Timestamp</th>
<th>TestName</th>
</tr>
</thead>
<tbody>
<tr class="tag-test-status" status="pass">
<td><span class="badge log pass-bg">Pass</span></td>
<td>13:10:40 p. m.</td>
<td>
<a href="#" class="linked" test-id='1' id='66'>MTR - Log in and Validate the Browse Section</a>
<div class="">
<span class="badge badge-default">Bugs.MTR - Log in and Validate the Browse Section</span>
</div>
</td>
</tr>
</tbody>
</table>
</div>
</li>
<li class="test-item">
<div class="test-detail">
<span class="meta">
<span class='badge log pass-bg'>1</span>
</span>
<p class="name">@MTR-1807</p>
<p class="duration text-sm">1 tests</p>
</div>
<div class="test-contents d-none">
<div class="info">
<h4>@MTR-1807</h4>
<span status="pass" class='badge log pass-bg'>1 passed</span>
</div>
<table class='table table-sm mt-4'>
<thead>
<tr>
<th class="status-col">Status</th>
<th class="timestamp-col">Timestamp</th>
<th>TestName</th>
</tr>
</thead>
<tbody>
<tr class="tag-test-status" status="pass">
<td><span class="badge log pass-bg">Pass</span></td>
<td>13:12:13 p. m.</td>
<td>
<a href="#" class="linked" test-id='1' id='105'>Validate Step 8 E-mails - templates</a>
<div class="">
<span class="badge badge-default">Bugs.Validate Step 8 E-mails - templates</span>
</div>
</td>
</tr>
</tbody>
</table>
</div>
</li>
<li class="test-item">
<div class="test-detail">
<span class="meta">
<span class='badge log badge-danger'>1</span>
</span>
<p class="name">@MTR-2384</p>
<p class="duration text-sm">1 tests</p>
</div>
<div class="test-contents d-none">
<div class="info">
<h4>@MTR-2384</h4>
<span status="fail" class='badge log badge-danger'>1 failed</span>
</div>
<table class='table table-sm mt-4'>
<thead>
<tr>
<th class="status-col">Status</th>
<th class="timestamp-col">Timestamp</th>
<th>TestName</th>
</tr>
</thead>
<tbody>
<tr class="tag-test-status" status="fail">
<td><span class="badge log fail-bg">Fail</span></td>
<td>13:19:30 p. m.</td>
<td>
<a href="#" class="linked" test-id='1' id='263'>Inbox - Unable to see messages in Read</a>
<div class="">
<span class="badge badge-default">Bugs.Inbox - Unable to see messages in Read</span>
</div>
</td>
</tr>
</tbody>
</table>
</div>
</li>
<li class="test-item">
<div class="test-detail">
<span class="meta">
<span class='badge log pass-bg'>1</span>
</span>
<p class="name">@MTR-2052</p>
<p class="duration text-sm">1 tests</p>
</div>
<div class="test-contents d-none">
<div class="info">
<h4>@MTR-2052</h4>
<span status="pass" class='badge log pass-bg'>1 passed</span>
</div>
<table class='table table-sm mt-4'>
<thead>
<tr>
<th class="status-col">Status</th>
<th class="timestamp-col">Timestamp</th>
<th>TestName</th>
</tr>
</thead>
<tbody>
<tr class="tag-test-status" status="pass">
<td><span class="badge log pass-bg">Pass</span></td>
<td>13:14:21 p. m.</td>
<td>
<a href="#" class="linked" test-id='1' id='145'>Refresh Cache in Step 6</a>
<div class="">
<span class="badge badge-default">Bugs.Refresh Cache in Step 6</span>
</div>
</td>
</tr>
</tbody>
</table>
</div>
</li>
<li class="test-item">
<div class="test-detail">
<span class="meta">
<span class='badge log pass-bg'>1</span>
</span>
<p class="name">@MTR-1923</p>
<p class="duration text-sm">1 tests</p>
</div>
<div class="test-contents d-none">
<div class="info">
<h4>@MTR-1923</h4>
<span status="pass" class='badge log pass-bg'>1 passed</span>
</div>
<table class='table table-sm mt-4'>
<thead>
<tr>
<th class="status-col">Status</th>
<th class="timestamp-col">Timestamp</th>
<th>TestName</th>
</tr>
</thead>
<tbody>
<tr class="tag-test-status" status="pass">
<td><span class="badge log pass-bg">Pass</span></td>
<td>13:08:37 p. m.</td>
<td>
<a href="#" class="linked" test-id='1' id='9'>MTR - Create my marketplace builder account and go to admin panel</a>
<div class="">
<span class="badge badge-default">Bugs.MTR - Create my marketplace builder account and go to admin panel</span>
</div>
</td>
</tr>
</tbody>
</table>
</div>
</li>
<li class="test-item">
<div class="test-detail">
<span class="meta">
<span class='badge log badge-danger'>1</span>
</span>
<p class="name">@MTR-2651</p>
<p class="duration text-sm">1 tests</p>
</div>
<div class="test-contents d-none">
<div class="info">
<h4>@MTR-2651</h4>
<span status="fail" class='badge log badge-danger'>1 failed</span>
</div>
<table class='table table-sm mt-4'>
<thead>
<tr>
<th class="status-col">Status</th>
<th class="timestamp-col">Timestamp</th>
<th>TestName</th>
</tr>
</thead>
<tbody>
<tr class="tag-test-status" status="fail">
<td><span class="badge log fail-bg">Fail</span></td>
<td>13:20:13 p. m.</td>
<td>
<a href="#" class="linked" test-id='1' id='282'>No Payments - "Payment" information still showing</a>
<div class="">
<span class="badge badge-default">Bugs.No Payments - "Payment" information still showing</span>
</div>
</td>
</tr>
</tbody>
</table>
</div>
</li>
<li class="test-item">
<div class="test-detail">
<span class="meta">
<span class='badge log badge-danger'>1</span>
</span>
<p class="name">@MTR-2649</p>
<p class="duration text-sm">1 tests</p>
</div>
<div class="test-contents d-none">
<div class="info">
<h4>@MTR-2649</h4>
<span status="fail" class='badge log badge-danger'>1 failed</span>
</div>
<table class='table table-sm mt-4'>
<thead>
<tr>
<th class="status-col">Status</th>
<th class="timestamp-col">Timestamp</th>
<th>TestName</th>
</tr>
</thead>
<tbody>
<tr class="tag-test-status" status="fail">
<td><span class="badge log fail-bg">Fail</span></td>
<td>13:18:44 p. m.</td>
<td>
<a href="#" class="linked" test-id='1' id='250'>Create Listing - Can't finish listing creation because cropper doesn't pop up</a>
<div class="">
<span class="badge badge-default">Bugs.Create Listing - Can't finish listing creation because cropper doesn't pop up</span>
</div>
</td>
</tr>
</tbody>
</table>
</div>
</li>
<li class="test-item">
<div class="test-detail">
<span class="meta">
<span class='badge log badge-danger'>1</span>
</span>
<p class="name">@MTR-2647</p>
<p class="duration text-sm">1 tests</p>
</div>
<div class="test-contents d-none">
<div class="info">
<h4>@MTR-2647</h4>
<span status="fail" class='badge log badge-danger'>1 failed</span>
</div>
<table class='table table-sm mt-4'>
<thead>
<tr>
<th class="status-col">Status</th>
<th class="timestamp-col">Timestamp</th>
<th>TestName</th>
</tr>
</thead>
<tbody>
<tr class="tag-test-status" status="fail">
<td><span class="badge log fail-bg">Fail</span></td>
<td>13:20:22 p. m.</td>
<td>
<a href="#" class="linked" test-id='1' id='295'>Landing page -Validate Newest Listings images are not blurred</a>
<div class="">
<span class="badge badge-default">Bugs.Landing page -Validate Newest Listings images are not blurred</span>
</div>
</td>
</tr>
</tbody>
</table>
</div>
</li>
<li class="test-item">
<div class="test-detail">
<span class="meta">
<span class='badge log pass-bg'>1</span>
</span>
<p class="name">@MTR-1711</p>
<p class="duration text-sm">1 tests</p>
</div>
<div class="test-contents d-none">
<div class="info">
<h4>@MTR-1711</h4>
<span status="pass" class='badge log pass-bg'>1 passed</span>
</div>
<table class='table table-sm mt-4'>
<thead>
<tr>
<th class="status-col">Status</th>
<th class="timestamp-col">Timestamp</th>
<th>TestName</th>
</tr>
</thead>
<tbody>
<tr class="tag-test-status" status="pass">
<td><span class="badge log pass-bg">Pass</span></td>
<td>13:13:27 p. m.</td>
<td>
<a href="#" class="linked" test-id='1' id='129'>Download file in Orders Purchased</a>
<div class="">
<span class="badge badge-default">Bugs.Download file in Orders Purchased</span>
</div>
</td>
</tr>
</tbody>
</table>
</div>
</li>
<li class="test-item">
<div class="test-detail">
<span class="meta">
<span class='badge log pass-bg'>1</span>
</span>
<p class="name">@MTR-1887</p>
<p class="duration text-sm">1 tests</p>
</div>
<div class="test-contents d-none">
<div class="info">
<h4>@MTR-1887</h4>
<span status="pass" class='badge log pass-bg'>1 passed</span>
</div>
<table class='table table-sm mt-4'>
<thead>
<tr>
<th class="status-col">Status</th>
<th class="timestamp-col">Timestamp</th>
<th>TestName</th>
</tr>
</thead>
<tbody>
<tr class="tag-test-status" status="pass">
<td><span class="badge log pass-bg">Pass</span></td>
<td>13:16:46 p. m.</td>
<td>
<a href="#" class="linked" test-id='1' id='186'>Validate Social Links</a>
<div class="">
<span class="badge badge-default">Bugs.Validate Social Links</span>
</div>
</td>
</tr>
</tbody>
</table>
</div>
</li>
<li class="test-item">
<div class="test-detail">
<span class="meta">
<span class='badge log pass-bg'>1</span>
</span>
<p class="name">@ServicesBug</p>
<p class="duration text-sm">1 tests</p>
</div>
<div class="test-contents d-none">
<div class="info">
<h4>@ServicesBug</h4>
<span status="pass" class='badge log pass-bg'>1 passed</span>
</div>
<table class='table table-sm mt-4'>
<thead>
<tr>
<th class="status-col">Status</th>
<th class="timestamp-col">Timestamp</th>
<th>TestName</th>
</tr>
</thead>
<tbody>
<tr class="tag-test-status" status="pass">
<td><span class="badge log pass-bg">Pass</span></td>
<td>13:18:26 p. m.</td>
<td>
<a href="#" class="linked" test-id='1' id='232'>Modify the site from services to product</a>
<div class="">
<span class="badge badge-default">Bugs.Modify the site from services to product</span>
</div>
</td>
</tr>
</tbody>
</table>
</div>
</li>
</ul>
</div>
</div>
<div class="test-content scrollable">
<div class="test-content-detail">
<div class="detail-body"></div>
</div>
</div>
</div><div class="test-wrapper row view exception-view attributes-view">
<div class="test-list">
<div class="test-list-tools">
<ul class="tools pull-left"><li><a href=""><span class="font-size-14">Exception</span></a></li></ul>
<ul class="tools text-right"><li><a href="#"><span class="badge badge-primary">5</span></a></li></ul>
</div>
<div class="test-list-wrapper scrollable">
<ul class="test-list-item">
<li class="test-item">
<div class="test-detail">
<span class="meta">
<span class='badge log badge-danger'>1</span>
</span>
<p class="name">java.lang.AssertionError</p>
<p class="duration text-sm">1 tests</p>
</div>
<div class="test-contents d-none">
<div class="info">
<h4>java.lang.AssertionError</h4>
<span status="fail" class='badge log badge-danger'>1 failed</span>
</div>
<table class='table table-sm mt-4'>
<thead>
<tr>
<th class="status-col">Status</th>
<th class="timestamp-col">Timestamp</th>
<th>TestName</th>
</tr>
</thead>
<tbody>
<tr class="tag-test-status" status="fail">
<td><span class="badge log fail-bg">Fail</span></td>
<td>13:10:31 p. m.</td>
<td>
<a href="#" class="linked" test-id='1' id='58'>And I select the add a Shipping Address button</a>
<div class="">
<span class="badge badge-default">Bugs.MTR - Buyer able to click Submit Payment button to complete checkout.And I select the add a Shipping Address button</span>
</div>
</td>
</tr>
<tr class="tag-test-status" status="fail">
<td><span class="badge log fail-bg">Fail</span></td>
<td>13:20:21 p. m.</td>
<td>
<a href="#" class="linked" test-id='1' id='293'>Then I validate "Minimum 6 characters" message does appear</a>
<div class="">
<span class="badge badge-default">Bugs.Sign up page - Password shows "Minimum 6 characters" even if it has them.Then I validate "Minimum 6 characters" message does appear</span>
</div>
</td>
</tr>
<tr class="tag-test-status" status="fail">
<td><span class="badge log fail-bg">Fail</span></td>
<td>13:21:07 p. m.</td>
<td>
<a href="#" class="linked" test-id='1' id='299'>Then I validate Newest Listings images are not blurred</a>
<div class="">
<span class="badge badge-default">Bugs.Landing page -Validate Newest Listings images are not blurred.Then I validate Newest Listings images are not blurred</span>
</div>
</td>
</tr>
</tbody>
</table>
</div>
</li>
<li class="test-item">
<div class="test-detail">
<span class="meta">
<span class='badge log badge-danger'>1</span>
</span>
<p class="name">org.openqa.selenium.NoSuchElementException</p>
<p class="duration text-sm">1 tests</p>
</div>
<div class="test-contents d-none">
<div class="info">
<h4>org.openqa.selenium.NoSuchElementException</h4>
<span status="fail" class='badge log badge-danger'>1 failed</span>
</div>
<table class='table table-sm mt-4'>
<thead>
<tr>
<th class="status-col">Status</th>
<th class="timestamp-col">Timestamp</th>
<th>TestName</th>
</tr>
</thead>
<tbody>
<tr class="tag-test-status" status="fail">
<td><span class="badge log fail-bg">Fail</span></td>
<td>13:20:05 p. m.</td>
<td>
<a href="#" class="linked" test-id='1' id='274'>Then I validate Seen times</a>
<div class="">
<span class="badge badge-default">Bugs.Browse - Listings only show "Seen 0 times".Then I validate Seen times</span>
</div>
</td>
</tr>
<tr class="tag-test-status" status="fail">
<td><span class="badge log fail-bg">Fail</span></td>
<td>13:20:12 p. m.</td>
<td>
<a href="#" class="linked" test-id='1' id='279'>When Select Signup With Facebook</a>
<div class="">
<span class="badge badge-default">Bugs.Facebook Signup doesn't work.When Select Signup With Facebook</span>
</div>
</td>
</tr>
<tr class="tag-test-status" status="fail">
<td><span class="badge log fail-bg">Fail</span></td>
<td>13:21:50 p. m.</td>
<td>
<a href="#" class="linked" test-id='1' id='305'>Then I validate the Visual Editor Button is hidden</a>
<div class="">
<span class="badge badge-default">Bugs.LandingPage - Validate Visual Editor feature is visible.Then I validate the Visual Editor Button is hidden</span>
</div>
</td>
</tr>
</tbody>
</table>
</div>
</li>
<li class="test-item">
<div class="test-detail">
<span class="meta">
<span class='badge log badge-danger'>1</span>
</span>
<p class="name">org.openqa.selenium.ElementClickInterceptedException</p>
<p class="duration text-sm">1 tests</p>
</div>
<div class="test-contents d-none">
<div class="info">
<h4>org.openqa.selenium.ElementClickInterceptedException</h4>
<span status="fail" class='badge log badge-danger'>1 failed</span>
</div>
<table class='table table-sm mt-4'>
<thead>
<tr>
<th class="status-col">Status</th>
<th class="timestamp-col">Timestamp</th>
<th>TestName</th>
</tr>
</thead>
<tbody>
<tr class="tag-test-status" status="fail">
<td><span class="badge log fail-bg">Fail</span></td>
<td>13:15:38 p. m.</td>
<td>
<a href="#" class="linked" test-id='1' id='182'>Given I Sign in with new account "email3" and go to dashboard</a>
<div class="">
<span class="badge badge-default">Bugs.User able to see My Listings message.Given I Sign in with new account "email3" and go to dashboard</span>
</div>
</td>
</tr>
</tbody>
</table>
</div>
</li>
<li class="test-item">
<div class="test-detail">
<span class="meta">
<span class='badge log badge-danger'>1</span>
</span>
<p class="name">org.openqa.selenium.json.JsonException</p>
<p class="duration text-sm">1 tests</p>
</div>
<div class="test-contents d-none">
<div class="info">
<h4>org.openqa.selenium.json.JsonException</h4>
<span status="fail" class='badge log badge-danger'>1 failed</span>
</div>
<table class='table table-sm mt-4'>
<thead>
<tr>
<th class="status-col">Status</th>
<th class="timestamp-col">Timestamp</th>
<th>TestName</th>
</tr>
</thead>
<tbody>
<tr class="tag-test-status" status="fail">
<td><span class="badge log fail-bg">Fail</span></td>
<td>13:23:15 p. m.</td>
<td>
<a href="#" class="linked" test-id='1' id='320'>Then valid verification form is displayed</a>
<div class="">
<span class="badge badge-default">Bugs.Error when users try to complete connecting to stripe.Then valid verification form is displayed</span>
</div>
</td>
</tr>
</tbody>
</table>
</div>
</li>
<li class="test-item">
<div class="test-detail">
<span class="meta">
<span class='badge log badge-danger'>1</span>
</span>
<p class="name">org.openqa.selenium.TimeoutException</p>
<p class="duration text-sm">1 tests</p>
</div>
<div class="test-contents d-none">
<div class="info">
<h4>org.openqa.selenium.TimeoutException</h4>
<span status="fail" class='badge log badge-danger'>1 failed</span>
</div>
<table class='table table-sm mt-4'>
<thead>
<tr>
<th class="status-col">Status</th>
<th class="timestamp-col">Timestamp</th>
<th>TestName</th>
</tr>
</thead>
<tbody>
<tr class="tag-test-status" status="fail">
<td><span class="badge log fail-bg">Fail</span></td>
<td>13:07:31 p. m.</td>
<td>
<a href="#" class="linked" test-id='1' id='5'>When I validate purchased orders details</a>
<div class="">
<span class="badge badge-default">Bugs.MTR - Orders - Purchased - Open Section.When I validate purchased orders details</span>
</div>
</td>
</tr>
<tr class="tag-test-status" status="fail">
<td><span class="badge log fail-bg">Fail</span></td>
<td>13:17:56 p. m.</td>
<td>
<a href="#" class="linked" test-id='1' id='216'>When I validate the add new listing button</a>
<div class="">
<span class="badge badge-default">Bugs.MTR - Buyer able to create a listing STAGING BUG.When I validate the add new listing button</span>
</div>
</td>
</tr>
<tr class="tag-test-status" status="fail">
<td><span class="badge log fail-bg">Fail</span></td>
<td>13:18:50 p. m.</td>
<td>
<a href="#" class="linked" test-id='1' id='253'>When I select Add New</a>
<div class="">
<span class="badge badge-default">Bugs.Create Listing - Can't finish listing creation because cropper doesn't pop up.When I select Add New</span>
</div>
</td>
</tr>
<tr class="tag-test-status" status="fail">
<td><span class="badge log fail-bg">Fail</span></td>
<td>13:22:24 p. m.</td>
<td>
<a href="#" class="linked" test-id='1' id='310'>When I select Step 8 Emails</a>
<div class="">
<span class="badge badge-default">Bugs.Chrome issue- Templates throws error 404.When I select Step 8 Emails</span>
</div>
</td>
</tr>
<tr class="tag-test-status" status="fail">
<td><span class="badge log fail-bg">Fail</span></td>
<td>13:23:21 p. m.</td>
<td>
<a href="#" class="linked" test-id='1' id='325'>When I select Purchased button in orders</a>
<div class="">
<span class="badge badge-default">Bugs.It should redirect on respective page as redirects when clicking from another place.When I select Purchased button in orders</span>
</div>
</td>
</tr>
</tbody>
</table>
</div>
</li>
</ul>
</div>
</div>
<div class="test-content scrollable">
<div class="test-content-detail">
<div class="detail-body"></div>
</div>
</div>
</div>        </div>
      </div>
    </div>
  </div>
<script src="https://cdn.jsdelivr.net/gh/extent-framework/extent-github-cdn@14e9bb345ef7e2ed3a102f271d84e9f0267c88e7/spark/js/spark-script.js"></script>
<script type="text/javascript"></script></body>
</html>