

<!DOCTYPE html>
<html>
<head>
<meta charset="utf-8">
<meta name="viewport" content="width=device-width, initial-scale=1, shrink-to-fit=no">
<title>Extent </title>
<link rel="apple-touch-icon" href="https://cdn.jsdelivr.net/gh/extent-framework/extent-github-cdn@b00a2d0486596e73dd7326beacf352c639623a0e/commons/img/logo.png">
<link rel="shortcut icon" href="https://cdn.jsdelivr.net/gh/extent-framework/extent-github-cdn@b00a2d0486596e73dd7326beacf352c639623a0e/commons/img/logo.png">
<link href="https://cdn.jsdelivr.net/gh/extent-framework/extent-github-cdn@c43b89d03a7c43dae8bb8f0f078bad1997af6b3b/spark/css/spark-style.css" rel="stylesheet" />
<link href="https://stackpath.bootstrapcdn.com/font-awesome/4.7.0/css/font-awesome.min.css" rel="stylesheet">
<script src="https://cdn.rawgit.com/extent-framework/extent-github-cdn/7cc78ce/spark/js/jsontree.js"></script>
<style type="text/css"></style></head><body class="spa bdd-report standard">
  <div class="app">
    <div class="layout">
<div class="header navbar">
<div class="vheader">
<div class="nav-logo">
<a href="#">
<div class="logo" style="background-image: url('https://cdn.jsdelivr.net/gh/extent-framework/extent-github-cdn@b00a2d0486596e73dd7326beacf352c639623a0e/commons/img/logo.png')"></div>
</a>
</div>
<ul class="nav-left">
<li class="search-box">
<a class="search-toggle" href="#">
<i class="search-icon fa fa-search"></i>
<i class="search-icon-close fa fa-close"></i>
</a>
</li>
<li class="search-input"><input id="search-tests" class="form-control" type="text" placeholder="Search..."></li>
</ul>
<ul class="nav-right">
<li class="m-r-10">
<a href="#"><span class="badge badge-primary"> Grasshopper Report</span></a>
</li>
<li class="m-r-10">
<a href="#"><span class="badge badge-primary">feb. 7, 2023 11:33:27 a. m.</span></a>
</li>
</ul>
</div>
</div><div class="side-nav">
<div class="side-nav-inner">
<ul class="side-nav-menu">
<li class="nav-item dropdown" onclick="toggleView('dashboard-view')">
<a id="nav-dashboard" class="dropdown-toggle" href="#">
<span class="ico"><i class="fa fa-bar-chart"></i></span>
</a>
</li>
<li class="nav-item dropdown" onclick="toggleView('test-view')">
<a id="nav-test" class="dropdown-toggle" href="#">
<span class="ico"><i class="fa fa-list"></i></span>
</a>
</li>
<li class="nav-item dropdown" onclick="toggleView('category-view')">
<a id="nav-category" class="dropdown-toggle" href="#">
<span class="ico"><i class="fa fa-tag"></i></span>
</a>
</li>
<li class="nav-item dropdown" onclick="toggleView('exception-view')">
<a id="nav-exception" class="dropdown-toggle" href="#">
<span class="ico"><i class="fa fa-bug"></i></span>
</a>
</li>
</ul>
</div>
</div>      <div class="vcontainer">
        <div class="main-content">
<div class="container-fluid p-4 view dashboard-view">
<div class="row">
<div class="col-md-3">
<div class="card"><div class="card-body">
<p class="m-b-0">Started</p>
<h3>feb. 7, 2023 11:33:27 a. m.</h3>
</div></div>
</div>
<div class="col-md-3">
<div class="card"><div class="card-body">
<p class="m-b-0">Ended</p>
<h3>feb. 7, 2023 11:38:14 a. m.</h3>
</div></div>
</div>
<div class="col-md-3">
<div class="card"><div class="card-body">
<p class="m-b-0 text-pass">Features Passed</p>
<h3>0</h3>
</div></div>
</div>
<div class="col-md-3">
<div class="card"><div class="card-body">
<p class="m-b-0 text-fail">Features Failed</p>
<h3>1</h3>
</div></div>
</div>
</div>
<div class="row">
<div class="col-md-4">
<div class="card">
<div class="card-header">
<h6 class="card-title">Features</h6>
</div>
<div class="card-body">
<div class="">
<canvas id='parent-analysis' width='115' height='90'></canvas>
</div>
</div>
<div class="card-footer">
<div><small data-tooltip='0%'>
<b>0</b> features passed
</small>
</div>
<div>
<small data-tooltip='100%'><b>1</b> features failed,
<b>0</b> skipped, <b data-tooltip='0%'>0</b> others
</small>
</div>
</div>
</div>
</div>
<div class="col-md-4">
<div class="card">
<div class="card-header">
<h6 class="card-title">Scenarios</h6>
</div>
<div class="card-body">
<div class="">
<canvas id='child-analysis' width='115' height='90'></canvas>
</div>
</div>
<div class="card-footer">
<div><small data-tooltip='50%'><b>4</b> scenarios passed</small></div>
<div>
<small data-tooltip='50%'><b>4</b> scenarios failed,
<b>0</b> skipped, <b data-tooltip='%'>0</b> others
</small>
</div>
</div>
</div>
</div>
<div class="col-md-4">
<div class="card">
<div class="card-header">
<h6 class="card-title">Steps</h6>
</div>
<div class="card-body">
<div class="">
<canvas id='grandchild-analysis' width='115' height='90'></canvas>
</div>
</div>
<div class="card-footer">
<div><small data-tooltip='69%'><b>50</b> steps passed</small></div>
<div>
<small data-tooltip='5%'><b>4</b> steps failed,
<b>18</b> skipped, <b data-tooltip='%'>0</b> others
</small>
</div>
</div>
</div>
</div>
</div>
<div class="row"><div class="col-md-12">
<div class="card"><div class="card-header"><p>Timeline</p></div>
<div class="card-body pt-0"><div>
<canvas id="timeline" height="120"></canvas>
</div></div>
</div>
</div></div>
<script>
var timeline = {
"Home":285.5
};
</script>
<div class="row">
<div class="col-md-4 category-container">
<div class="card">
<div class="card-header"><p>Tags</p></div>
<div class="card-body pb-0 pt-0"><table class="table table-sm table-bordered">
<thead><tr class="bg-gray"><th>Name</th><th>Passed</th><th>Failed</th><th>Skipped</th><th>Others</th><th>Passed %</th></tr></thead><tbody>
<tr>
<td>@MTR-1444</td>
<td>1</td>
<td>0</td>
<td>0</td>
<td>0</td>
<td>100%</td>
</tr>
<tr>
<td>@MTR-1439</td>
<td>1</td>
<td>0</td>
<td>0</td>
<td>0</td>
<td>100%</td>
</tr>
<tr>
<td>@MTR-1438</td>
<td>0</td>
<td>1</td>
<td>0</td>
<td>0</td>
<td>0%</td>
</tr>
<tr>
<td>@MTR-1436</td>
<td>1</td>
<td>0</td>
<td>0</td>
<td>0</td>
<td>100%</td>
</tr>
<tr>
<td>@MTR-1437</td>
<td>0</td>
<td>1</td>
<td>0</td>
<td>0</td>
<td>0%</td>
</tr>
<tr>
<td>@MTR-1442</td>
<td>0</td>
<td>1</td>
<td>0</td>
<td>0</td>
<td>0%</td>
</tr>
<tr>
<td>@MTR</td>
<td>4</td>
<td>4</td>
<td>0</td>
<td>0</td>
<td>50%</td>
</tr>
<tr>
<td>@home</td>
<td>4</td>
<td>4</td>
<td>0</td>
<td>0</td>
<td>50%</td>
</tr>
<tr>
<td>@MTR-1441</td>
<td>1</td>
<td>0</td>
<td>0</td>
<td>0</td>
<td>100%</td>
</tr>
<tr>
<td>@todos</td>
<td>4</td>
<td>4</td>
<td>0</td>
<td>0</td>
<td>50%</td>
</tr>
<tr>
<td>@smoke</td>
<td>4</td>
<td>4</td>
<td>0</td>
<td>0</td>
<td>50%</td>
</tr>
<tr>
<td>@MTR-1443</td>
<td>0</td>
<td>1</td>
<td>0</td>
<td>0</td>
<td>0%</td>
</tr>
</tbody>
</table></div>
</div>
</div>
<div class="col-md-4 sysenv-container">
<div class="card">
<div class="card-header"><p>System/Environment</p></div>
<div class="card-body pb-0 pt-0"><table class="table table-sm table-bordered">
<thead><tr class="bg-gray"><th>Name</th><th>Value</th></tr></thead>
<tbody>
<tr>
<td>os</td>
<td>Windows</td>
</tr>
</tbody>
</table></div>
</div>
</div>
</div>
</div>
<script>
var statusGroup = {
parentCount: 5,
passParent: 0,
failParent: 1,
warningParent: 0,
skipParent: 0,
childCount: 5,
passChild: 4,
failChild: 4,
warningChild: 0,
skipChild: 0,
infoChild: 0,
grandChildCount: 5,
passGrandChild: 50,
failGrandChild: 4,
warningGrandChild: 0,
skipGrandChild: 18,
infoGrandChild: 0,
eventsCount: 5,
};
</script><div class="test-wrapper row view test-view">
  <div class="test-list">
    <div class="test-list-tools">
<ul class="tools pull-left">
<li><a href="#"><span class="font-size-14">Tests</span></a></li>
</ul>
<ul class="tools text-right">
<li class="dropdown">
<a href="#" class="dropdown-toggle" data-toggle="dropdown"><i class="fa fa-exclamation-circle"></i></a>
<ul id="status-toggle" class="dropdown-menu dropdown-md p-v-0">
<a class="dropdown-item" status="fail" href="#"><span>Fail</span><span class="status danger"></span></a>
<div class="dropdown-divider"></div>
<a status="clear" class="dropdown-item" href="#"><span>Clear</span><span class="pull-right"><i class="fa fa-close"></i></span></a>
</ul>
</li>
<li class="dropdown">
<a href="#" class="dropdown-toggle" data-toggle="dropdown"><i class="fa fa-tag"></i></a>
<ul id="tag-toggle" class="dropdown-menu dropdown-md p-v-0">
<a class="dropdown-item" href="#">@MTR-1444</a><a class="dropdown-item" href="#">@MTR-1439</a><a class="dropdown-item" href="#">@MTR-1438</a><a class="dropdown-item" href="#">@MTR-1436</a><a class="dropdown-item" href="#">@MTR-1437</a><a class="dropdown-item" href="#">@MTR-1442</a><a class="dropdown-item" href="#">@MTR</a><a class="dropdown-item" href="#">@home</a><a class="dropdown-item" href="#">@MTR-1441</a><a class="dropdown-item" href="#">@todos</a><a class="dropdown-item" href="#">@smoke</a><a class="dropdown-item" href="#">@MTR-1443</a>
</ul>
</li>
</ul>
</div>    <div class="test-list-wrapper scrollable">
      <ul class="test-list-item">
        <li class="test-item"  status="fail" test-id="1"
          author=""
          tag=""
          device="">
          <div class="test-detail">
            <p class="name">Home</p>
            <p class="text-sm">
              <span>11:33:28 a. m.</span> / <span>04:45:500</span>
              <span class="badge fail-bg log float-right">Fail</span>
            </p>
          </div>
          <div class="test-contents d-none">
<div class="detail-head">
<div class="p-v-10">
<div class="info">
<h5 class="test-status text-fail">Home</h5>
<span class='badge badge-success'>02.07.2023 11:33:28</span>
<span class='badge badge-danger'>02.07.2023 11:38:14</span>
<span class='badge badge-default'>04:45:500</span>
&middot; <span class='uri-anchor badge badge-default'>#test-id=1</span>
</div>
<div class="m-t-10 m-l-5"> Principal Page</div>
</div>
</div>
<div class="accordion mt-4">
  <div class="card">
    <div class="card-header" role="tab">
      <div class="card-title">
        <div class="node" id="2"><span class="badge log pass-bg mr-2">Pass</span>MTR - Validate the home header</div>
          <div class="status-avatar float-right mr-4">
            <i class="fa fa-paperclip"></i>
          </div>
      </div>
    </div>
        <div class="collapse">
          <div class="card-body">
              <div class="step pass-bg" title="steps.home.homeSteps.iGoToHomePage()">
                <span>Given I go to home page</span>
      <div>
      </div>
              </div>
              <div class="step pass-bg" title="steps.home.homeSteps.iValidateTheBrowseButton()">
                <span>When I validate the Browse button</span>
      <div>
      </div>
              </div>
              <div class="step pass-bg" title="steps.home.homeSteps.iValidateTheBrowseRequestButton()">
                <span>And I validate the Browse Request button</span>
      <div>
      </div>
              </div>
              <div class="step pass-bg" title="steps.home.homeSteps.iValidateTheLogInButton()">
                <span>And I validate the Log in button</span>
      <div>
      </div>
              </div>
              <div class="step pass-bg" title="steps.home.homeSteps.iValidateTheSingUpButton()">
                <span>And I validate the sing up button</span>
      <div>
      </div>
              </div>
              <div class="step pass-bg" title="steps.home.homeSteps.iValidateTheBrowseBySellerButton()">
                <span>And I validate the Browse by seller button</span>
      <div>
      </div>
              </div>
              <div class="step pass-bg" title="steps.home.homeSteps.iValidateTheAccessoriesSection()">
                <span>Then I validate the main header</span>
      <div>
      </div>
              </div>
              <div class="step pass-bg" title="AFTER">
                <span>driver.Hooks.tearDown(io.cucumber.java.Scenario)</span>
      <div>MTR - Validate the home header
          <div class="row mb-3"><div class="col-md-3">
    <img data-featherlight='../screenshots/embedded1.png' src="../screenshots/embedded1.png">
    
    </div></div>
</div>
      <div>
      </div>
              </div>
          </div>
        </div>
  </div>
  <div class="card">
    <div class="card-header" role="tab">
      <div class="card-title">
        <div class="node" id="12"><span class="badge log fail-bg mr-2">Fail</span>MTR - Validate the home - Category Menu</div>
          <div class="status-avatar float-right mr-4">
            <i class="fa fa-paperclip"></i>
          </div>
      </div>
    </div>
        <div class="">
          <div class="card-body">
              <div class="step pass-bg" title="steps.home.homeSteps.iGoToHomePage()">
                <span>Given I go to home page</span>
      <div>
      </div>
              </div>
              <div class="step pass-bg" title="steps.home.homeSteps.iValidateTheAccessoriesSection()">
                <span>When I validate the accessories section</span>
      <div>
      </div>
              </div>
              <div class="step pass-bg" title="steps.home.homeSteps.iValidateTheMenSButton()">
                <span>And I validate the Men's button</span>
      <div>
      </div>
              </div>
              <div class="step fail-bg" title="steps.home.homeSteps.iValidateTheClothingSection()">
                <span>And I validate the clothing section</span>
      <div>
        <textarea disabled class="code-block">org.openqa.selenium.TimeoutException: Expected condition failed: waiting for pages.BasePage$$Lambda$795/0x00000008010772c8@42aa1324 (tried for 30 second(s) with 2000 milliseconds interval)
	at org.openqa.selenium.support.ui.FluentWait.timeoutException(FluentWait.java:263)
	at org.openqa.selenium.support.ui.FluentWait.until(FluentWait.java:231)
	at pages.BasePage.fluentWait(BasePage.java:110)
	at pages.home.HomePage.clothing(HomePage.java:244)
	at steps.home.homeSteps.iValidateTheClothingSection(homeSteps.java:296)
	at ✽.I validate the clothing section(classpath:features/Home.feature:23)
Caused by: org.openqa.selenium.NoSuchElementException: no such element: Unable to locate element: {"method":"css selector","selector":"#\32 6-tab"}
  (Session info: chrome=109.0.5414.120)
For documentation on this error, please visit: https://selenium.dev/exceptions/#no_such_element
Build info: version: '4.6.0', revision: '79f1c02ae20'
System info: os.name: 'Windows 10', os.arch: 'amd64', os.version: '10.0', java.version: '18'
Driver info: org.openqa.selenium.chrome.ChromeDriver
Command: [cdcf27840b1d4158227b88493ffc17e5, findElement {using=css selector, value=#\32 6-tab}]
Capabilities {acceptInsecureCerts: false, browserName: chrome, browserVersion: 109.0.5414.120, chrome: {chromedriverVersion: 109.0.5414.74 (e7c5703604da..., userDataDir: C:\Users\Rodri\AppData\Loca...}, goog:chromeOptions: {debuggerAddress: localhost:62070}, networkConnectionEnabled: false, pageLoadStrategy: normal, platformName: WINDOWS, proxy: Proxy(), se:cdp: ws://localhost:62070/devtoo..., se:cdpVersion: 109.0.5414.120, setWindowRect: true, strictFileInteractability: false, timeouts: {implicit: 0, pageLoad: 300000, script: 30000}, unhandledPromptBehavior: dismiss and notify, webauthn:extension:credBlob: true, webauthn:extension:largeBlob: true, webauthn:virtualAuthenticators: true}
Session ID: cdcf27840b1d4158227b88493ffc17e5
	at java.base/jdk.internal.reflect.DirectConstructorHandleAccessor.newInstance(DirectConstructorHandleAccessor.java:67)
	at java.base/java.lang.reflect.Constructor.newInstanceWithCaller(Constructor.java:499)
	at java.base/java.lang.reflect.Constructor.newInstance(Constructor.java:483)
	at org.openqa.selenium.remote.codec.w3c.W3CHttpResponseCodec.createException(W3CHttpResponseCodec.java:200)
	at org.openqa.selenium.remote.codec.w3c.W3CHttpResponseCodec.decode(W3CHttpResponseCodec.java:133)
	at org.openqa.selenium.remote.codec.w3c.W3CHttpResponseCodec.decode(W3CHttpResponseCodec.java:53)
	at org.openqa.selenium.remote.HttpCommandExecutor.execute(HttpCommandExecutor.java:184)
	at org.openqa.selenium.remote.service.DriverCommandExecutor.invokeExecute(DriverCommandExecutor.java:167)
	at org.openqa.selenium.remote.service.DriverCommandExecutor.execute(DriverCommandExecutor.java:142)
	at org.openqa.selenium.remote.RemoteWebDriver.execute(RemoteWebDriver.java:541)
	at org.openqa.selenium.remote.ElementLocation$ElementFinder$2.findElement(ElementLocation.java:162)
	at org.openqa.selenium.remote.ElementLocation.findElement(ElementLocation.java:60)
	at org.openqa.selenium.remote.RemoteWebDriver.findElement(RemoteWebDriver.java:365)
	at org.openqa.selenium.remote.RemoteWebDriver.findElement(RemoteWebDriver.java:357)
	at org.openqa.selenium.support.pagefactory.DefaultElementLocator.findElement(DefaultElementLocator.java:70)
	at org.openqa.selenium.support.pagefactory.internal.LocatingElementHandler.invoke(LocatingElementHandler.java:39)
	at jdk.proxy2/jdk.proxy2.$Proxy30.isDisplayed(Unknown Source)
	at pages.BasePage.lambda$fluentWait$1(BasePage.java:110)
	at org.openqa.selenium.support.ui.FluentWait.until(FluentWait.java:208)
	at pages.BasePage.fluentWait(BasePage.java:110)
	at pages.home.HomePage.clothing(HomePage.java:244)
	at steps.home.homeSteps.iValidateTheClothingSection(homeSteps.java:296)
	at java.base/jdk.internal.reflect.DirectMethodHandleAccessor.invoke(DirectMethodHandleAccessor.java:104)
	at java.base/java.lang.reflect.Method.invoke(Method.java:577)
	at io.cucumber.java.Invoker.doInvoke(Invoker.java:66)
	at io.cucumber.java.Invoker.invoke(Invoker.java:24)
	at io.cucumber.java.AbstractGlueDefinition.invokeMethod(AbstractGlueDefinition.java:47)
	at io.cucumber.java.JavaStepDefinition.execute(JavaStepDefinition.java:29)
	at io.cucumber.core.runner.CoreStepDefinition.execute(CoreStepDefinition.java:66)
	at io.cucumber.core.runner.PickleStepDefinitionMatch.runStep(PickleStepDefinitionMatch.java:63)
	at io.cucumber.core.runner.ExecutionMode$1.execute(ExecutionMode.java:10)
	at io.cucumber.core.runner.TestStep.executeStep(TestStep.java:84)
	at io.cucumber.core.runner.TestStep.run(TestStep.java:56)
	at io.cucumber.core.runner.PickleStepTestStep.run(PickleStepTestStep.java:51)
	at io.cucumber.core.runner.TestCase.run(TestCase.java:84)
	at io.cucumber.core.runner.Runner.runPickle(Runner.java:75)
	at io.cucumber.testng.TestNGCucumberRunner.lambda$runScenario$1(TestNGCucumberRunner.java:132)
	at io.cucumber.core.runtime.CucumberExecutionContext.lambda$runTestCase$5(CucumberExecutionContext.java:130)
	at io.cucumber.core.runtime.RethrowingThrowableCollector.executeAndThrow(RethrowingThrowableCollector.java:23)
	at io.cucumber.core.runtime.CucumberExecutionContext.runTestCase(CucumberExecutionContext.java:130)
	at io.cucumber.testng.TestNGCucumberRunner.runScenario(TestNGCucumberRunner.java:129)
	at io.cucumber.testng.AbstractTestNGCucumberTests.runScenario(AbstractTestNGCucumberTests.java:35)
	at java.base/jdk.internal.reflect.DirectMethodHandleAccessor.invoke(DirectMethodHandleAccessor.java:104)
	at java.base/java.lang.reflect.Method.invoke(Method.java:577)
	at org.testng.internal.invokers.MethodInvocationHelper.invokeMethod(MethodInvocationHelper.java:139)
	at org.testng.internal.invokers.TestInvoker.invokeMethod(TestInvoker.java:677)
	at org.testng.internal.invokers.TestInvoker.invokeTestMethod(TestInvoker.java:221)
	at org.testng.internal.invokers.MethodRunner.runInSequence(MethodRunner.java:50)
	at org.testng.internal.invokers.TestInvoker$MethodInvocationAgent.invoke(TestInvoker.java:962)
	at org.testng.internal.invokers.TestInvoker.invokeTestMethods(TestInvoker.java:194)
	at org.testng.internal.invokers.TestMethodWorker.invokeTestMethods(TestMethodWorker.java:148)
	at org.testng.internal.invokers.TestMethodWorker.run(TestMethodWorker.java:128)
	at java.base/java.util.ArrayList.forEach(ArrayList.java:1511)
	at org.testng.TestRunner.privateRun(TestRunner.java:806)
	at org.testng.TestRunner.run(TestRunner.java:601)
	at org.testng.SuiteRunner.runTest(SuiteRunner.java:433)
	at org.testng.SuiteRunner.runSequentially(SuiteRunner.java:427)
	at org.testng.SuiteRunner.privateRun(SuiteRunner.java:387)
	at org.testng.SuiteRunner.run(SuiteRunner.java:330)
	at org.testng.SuiteRunnerWorker.runSuite(SuiteRunnerWorker.java:52)
	at org.testng.SuiteRunnerWorker.run(SuiteRunnerWorker.java:95)
	at org.testng.TestNG.runSuitesSequentially(TestNG.java:1256)
	at org.testng.TestNG.runSuitesLocally(TestNG.java:1176)
	at org.testng.TestNG.runSuites(TestNG.java:1099)
	at org.testng.TestNG.run(TestNG.java:1067)
	at org.apache.maven.surefire.testng.TestNGExecutor.run(TestNGExecutor.java:324)
	at org.apache.maven.surefire.testng.TestNGXmlTestSuite.execute(TestNGXmlTestSuite.java:74)
	at org.apache.maven.surefire.testng.TestNGProvider.invoke(TestNGProvider.java:123)
	at org.apache.maven.surefire.booter.ForkedBooter.runSuitesInProcess(ForkedBooter.java:456)
	at org.apache.maven.surefire.booter.ForkedBooter.execute(ForkedBooter.java:169)
	at org.apache.maven.surefire.booter.ForkedBooter.run(ForkedBooter.java:595)
	at org.apache.maven.surefire.booter.ForkedBooter.main(ForkedBooter.java:581)
</textarea>
      
      </div>
              </div>
              <div class="step skip-bg" title="steps.home.homeSteps.iValidateTheJewelrySection()">
                <span>And I validate the Jewelry section</span>
      <div>Step skipped
      </div>
              </div>
              <div class="step skip-bg" title="steps.home.homeSteps.iValidateTheShoesSection()">
                <span>And I validate the Shoes section</span>
      <div>Step skipped
      </div>
              </div>
              <div class="step skip-bg" title="steps.home.homeSteps.iValidateTheOutdoorStaffSection()">
                <span>And I validate the outdoor staff section</span>
      <div>Step skipped
      </div>
              </div>
              <div class="step skip-bg" title="steps.home.homeSteps.iValidateTheHottestItemsButton()">
                <span>And I validate the hottest items button</span>
      <div>Step skipped
      </div>
              </div>
              <div class="step skip-bg" title="steps.home.homeSteps.iValidateTheArtAndCollectablesSection()">
                <span>And I validate the art and collectables section</span>
      <div>Step skipped
      </div>
              </div>
              <div class="step skip-bg" title="steps.home.homeSteps.iValidateRugsButton()">
                <span>And I validate Rugs button</span>
      <div>Step skipped
      </div>
              </div>
              <div class="step skip-bg" title="steps.home.homeSteps.iValidateTheAccessoriesSection()">
                <span>Then I validate the main header</span>
      <div>Step skipped
      </div>
              </div>
              <div class="step pass-bg" title="AFTER">
                <span>driver.Hooks.tearDown(io.cucumber.java.Scenario)</span>
      <div>MTR - Validate the home - Category Menu
          <div class="row mb-3"><div class="col-md-3">
    <img data-featherlight='../screenshots/embedded2.png' src="../screenshots/embedded2.png">
    
    </div></div>
</div>
      <div>
      </div>
              </div>
          </div>
        </div>
  </div>
  <div class="card">
    <div class="card-header" role="tab">
      <div class="card-title">
        <div class="node" id="26"><span class="badge log fail-bg mr-2">Fail</span>MTR - Validate the home - Body Section</div>
          <div class="status-avatar float-right mr-4">
            <i class="fa fa-paperclip"></i>
          </div>
      </div>
    </div>
        <div class="">
          <div class="card-body">
              <div class="step pass-bg" title="steps.home.homeSteps.iGoToHomePage()">
                <span>Given I go to home page</span>
      <div>
      </div>
              </div>
              <div class="step fail-bg" title="steps.home.homeSteps.iValidateTheForBuyersHeaderSection()">
                <span>And I validate the For Buyers Header section</span>
      <div>
        <textarea disabled class="code-block">org.openqa.selenium.TimeoutException: Expected condition failed: waiting for pages.BasePage$$Lambda$795/0x00000008010772c8@65e620b0 (tried for 30 second(s) with 2000 milliseconds interval)
	at org.openqa.selenium.support.ui.FluentWait.timeoutException(FluentWait.java:263)
	at org.openqa.selenium.support.ui.FluentWait.until(FluentWait.java:231)
	at pages.BasePage.fluentWait(BasePage.java:110)
	at pages.home.HomePage.forBuyers(HomePage.java:353)
	at steps.home.homeSteps.iValidateTheForBuyersHeaderSection(homeSteps.java:158)
	at ✽.I validate the For Buyers Header section(classpath:features/Home.feature:47)
Caused by: org.openqa.selenium.NoSuchElementException: no such element: Unable to locate element: {"method":"xpath","selector":"/html/body/div[3]/main/div[2]/div/div[3]/div/div/nav/div/a[1]"}
  (Session info: chrome=109.0.5414.120)
For documentation on this error, please visit: https://selenium.dev/exceptions/#no_such_element
Build info: version: '4.6.0', revision: '79f1c02ae20'
System info: os.name: 'Windows 10', os.arch: 'amd64', os.version: '10.0', java.version: '18'
Driver info: org.openqa.selenium.chrome.ChromeDriver
Command: [d790aa6709b7b5fd0855b4f1927f84e1, findElement {using=xpath, value=/html/body/div[3]/main/div[2]/div/div[3]/div/div/nav/div/a[1]}]
Capabilities {acceptInsecureCerts: false, browserName: chrome, browserVersion: 109.0.5414.120, chrome: {chromedriverVersion: 109.0.5414.74 (e7c5703604da..., userDataDir: C:\Users\Rodri\AppData\Loca...}, goog:chromeOptions: {debuggerAddress: localhost:62165}, networkConnectionEnabled: false, pageLoadStrategy: normal, platformName: WINDOWS, proxy: Proxy(), se:cdp: ws://localhost:62165/devtoo..., se:cdpVersion: 109.0.5414.120, setWindowRect: true, strictFileInteractability: false, timeouts: {implicit: 0, pageLoad: 300000, script: 30000}, unhandledPromptBehavior: dismiss and notify, webauthn:extension:credBlob: true, webauthn:extension:largeBlob: true, webauthn:virtualAuthenticators: true}
Session ID: d790aa6709b7b5fd0855b4f1927f84e1
	at java.base/jdk.internal.reflect.DirectConstructorHandleAccessor.newInstance(DirectConstructorHandleAccessor.java:67)
	at java.base/java.lang.reflect.Constructor.newInstanceWithCaller(Constructor.java:499)
	at java.base/java.lang.reflect.Constructor.newInstance(Constructor.java:483)
	at org.openqa.selenium.remote.codec.w3c.W3CHttpResponseCodec.createException(W3CHttpResponseCodec.java:200)
	at org.openqa.selenium.remote.codec.w3c.W3CHttpResponseCodec.decode(W3CHttpResponseCodec.java:133)
	at org.openqa.selenium.remote.codec.w3c.W3CHttpResponseCodec.decode(W3CHttpResponseCodec.java:53)
	at org.openqa.selenium.remote.HttpCommandExecutor.execute(HttpCommandExecutor.java:184)
	at org.openqa.selenium.remote.service.DriverCommandExecutor.invokeExecute(DriverCommandExecutor.java:167)
	at org.openqa.selenium.remote.service.DriverCommandExecutor.execute(DriverCommandExecutor.java:142)
	at org.openqa.selenium.remote.RemoteWebDriver.execute(RemoteWebDriver.java:541)
	at org.openqa.selenium.remote.ElementLocation$ElementFinder$2.findElement(ElementLocation.java:162)
	at org.openqa.selenium.remote.ElementLocation.findElement(ElementLocation.java:60)
	at org.openqa.selenium.remote.RemoteWebDriver.findElement(RemoteWebDriver.java:365)
	at org.openqa.selenium.remote.RemoteWebDriver.findElement(RemoteWebDriver.java:357)
	at org.openqa.selenium.support.pagefactory.DefaultElementLocator.findElement(DefaultElementLocator.java:70)
	at org.openqa.selenium.support.pagefactory.internal.LocatingElementHandler.invoke(LocatingElementHandler.java:39)
	at jdk.proxy2/jdk.proxy2.$Proxy30.isDisplayed(Unknown Source)
	at pages.BasePage.lambda$fluentWait$1(BasePage.java:110)
	at org.openqa.selenium.support.ui.FluentWait.until(FluentWait.java:208)
	at pages.BasePage.fluentWait(BasePage.java:110)
	at pages.home.HomePage.forBuyers(HomePage.java:353)
	at steps.home.homeSteps.iValidateTheForBuyersHeaderSection(homeSteps.java:158)
	at java.base/jdk.internal.reflect.DirectMethodHandleAccessor.invoke(DirectMethodHandleAccessor.java:104)
	at java.base/java.lang.reflect.Method.invoke(Method.java:577)
	at io.cucumber.java.Invoker.doInvoke(Invoker.java:66)
	at io.cucumber.java.Invoker.invoke(Invoker.java:24)
	at io.cucumber.java.AbstractGlueDefinition.invokeMethod(AbstractGlueDefinition.java:47)
	at io.cucumber.java.JavaStepDefinition.execute(JavaStepDefinition.java:29)
	at io.cucumber.core.runner.CoreStepDefinition.execute(CoreStepDefinition.java:66)
	at io.cucumber.core.runner.PickleStepDefinitionMatch.runStep(PickleStepDefinitionMatch.java:63)
	at io.cucumber.core.runner.ExecutionMode$1.execute(ExecutionMode.java:10)
	at io.cucumber.core.runner.TestStep.executeStep(TestStep.java:84)
	at io.cucumber.core.runner.TestStep.run(TestStep.java:56)
	at io.cucumber.core.runner.PickleStepTestStep.run(PickleStepTestStep.java:51)
	at io.cucumber.core.runner.TestCase.run(TestCase.java:84)
	at io.cucumber.core.runner.Runner.runPickle(Runner.java:75)
	at io.cucumber.testng.TestNGCucumberRunner.lambda$runScenario$1(TestNGCucumberRunner.java:132)
	at io.cucumber.core.runtime.CucumberExecutionContext.lambda$runTestCase$5(CucumberExecutionContext.java:130)
	at io.cucumber.core.runtime.RethrowingThrowableCollector.executeAndThrow(RethrowingThrowableCollector.java:23)
	at io.cucumber.core.runtime.CucumberExecutionContext.runTestCase(CucumberExecutionContext.java:130)
	at io.cucumber.testng.TestNGCucumberRunner.runScenario(TestNGCucumberRunner.java:129)
	at io.cucumber.testng.AbstractTestNGCucumberTests.runScenario(AbstractTestNGCucumberTests.java:35)
	at java.base/jdk.internal.reflect.DirectMethodHandleAccessor.invoke(DirectMethodHandleAccessor.java:104)
	at java.base/java.lang.reflect.Method.invoke(Method.java:577)
	at org.testng.internal.invokers.MethodInvocationHelper.invokeMethod(MethodInvocationHelper.java:139)
	at org.testng.internal.invokers.TestInvoker.invokeMethod(TestInvoker.java:677)
	at org.testng.internal.invokers.TestInvoker.invokeTestMethod(TestInvoker.java:221)
	at org.testng.internal.invokers.MethodRunner.runInSequence(MethodRunner.java:50)
	at org.testng.internal.invokers.TestInvoker$MethodInvocationAgent.invoke(TestInvoker.java:962)
	at org.testng.internal.invokers.TestInvoker.invokeTestMethods(TestInvoker.java:194)
	at org.testng.internal.invokers.TestMethodWorker.invokeTestMethods(TestMethodWorker.java:148)
	at org.testng.internal.invokers.TestMethodWorker.run(TestMethodWorker.java:128)
	at java.base/java.util.ArrayList.forEach(ArrayList.java:1511)
	at org.testng.TestRunner.privateRun(TestRunner.java:806)
	at org.testng.TestRunner.run(TestRunner.java:601)
	at org.testng.SuiteRunner.runTest(SuiteRunner.java:433)
	at org.testng.SuiteRunner.runSequentially(SuiteRunner.java:427)
	at org.testng.SuiteRunner.privateRun(SuiteRunner.java:387)
	at org.testng.SuiteRunner.run(SuiteRunner.java:330)
	at org.testng.SuiteRunnerWorker.runSuite(SuiteRunnerWorker.java:52)
	at org.testng.SuiteRunnerWorker.run(SuiteRunnerWorker.java:95)
	at org.testng.TestNG.runSuitesSequentially(TestNG.java:1256)
	at org.testng.TestNG.runSuitesLocally(TestNG.java:1176)
	at org.testng.TestNG.runSuites(TestNG.java:1099)
	at org.testng.TestNG.run(TestNG.java:1067)
	at org.apache.maven.surefire.testng.TestNGExecutor.run(TestNGExecutor.java:324)
	at org.apache.maven.surefire.testng.TestNGXmlTestSuite.execute(TestNGXmlTestSuite.java:74)
	at org.apache.maven.surefire.testng.TestNGProvider.invoke(TestNGProvider.java:123)
	at org.apache.maven.surefire.booter.ForkedBooter.runSuitesInProcess(ForkedBooter.java:456)
	at org.apache.maven.surefire.booter.ForkedBooter.execute(ForkedBooter.java:169)
	at org.apache.maven.surefire.booter.ForkedBooter.run(ForkedBooter.java:595)
	at org.apache.maven.surefire.booter.ForkedBooter.main(ForkedBooter.java:581)
</textarea>
      
      </div>
              </div>
              <div class="step skip-bg" title="steps.home.homeSteps.iValidateTheForSellersSection()">
                <span>And I validate the For Sellers section</span>
      <div>Step skipped
      </div>
              </div>
              <div class="step skip-bg" title="steps.home.homeSteps.iValidateTheSellButton()">
                <span>Then I validate the Body</span>
      <div>Step skipped
      </div>
              </div>
              <div class="step pass-bg" title="AFTER">
                <span>driver.Hooks.tearDown(io.cucumber.java.Scenario)</span>
      <div>MTR - Validate the home - Body Section
          <div class="row mb-3"><div class="col-md-3">
    <img data-featherlight='../screenshots/embedded3.png' src="../screenshots/embedded3.png">
    
    </div></div>
</div>
      <div>
      </div>
              </div>
          </div>
        </div>
  </div>
  <div class="card">
    <div class="card-header" role="tab">
      <div class="card-title">
        <div class="node" id="33"><span class="badge log pass-bg mr-2">Pass</span>MTR - Validate the home - Footer Section</div>
          <div class="status-avatar float-right mr-4">
            <i class="fa fa-paperclip"></i>
          </div>
      </div>
    </div>
        <div class="collapse">
          <div class="card-body">
              <div class="step pass-bg" title="steps.home.homeSteps.iGoToHomePage()">
                <span>Given I go to home page</span>
      <div>
      </div>
              </div>
              <div class="step pass-bg" title="steps.home.homeSteps.iValidateTheSingUpNowButton()">
                <span>When I validate the Sing up now button</span>
      <div>
      </div>
              </div>
              <div class="step pass-bg" title="steps.home.homeSteps.iValidateTheSellButton()">
                <span>And I validate the sell button</span>
      <div>
      </div>
              </div>
              <div class="step pass-bg" title="steps.home.homeSteps.iValidateTheBrowseListingButton()">
                <span>And I validate the Browse Listing button</span>
      <div>
      </div>
              </div>
              <div class="step pass-bg" title="steps.home.homeSteps.iValidateTheBrowseRequest()">
                <span>And I validate the Browse Request</span>
      <div>
      </div>
              </div>
              <div class="step pass-bg" title="steps.home.homeSteps.iValidateTheLogInButton()">
                <span>And I validate the Log in button</span>
      <div>
      </div>
              </div>
              <div class="step pass-bg" title="steps.home.homeSteps.iValidateTheSingUpButton()">
                <span>And I validate the sing up button</span>
      <div>
      </div>
              </div>
              <div class="step pass-bg" title="steps.home.homeSteps.iValidateTheFAQButton()">
                <span>And I validate the FAQ button</span>
      <div>
      </div>
              </div>
              <div class="step pass-bg" title="steps.home.homeSteps.iValidateTheTermsAndServiceButton()">
                <span>And I validate the Terms and Service button</span>
      <div>
      </div>
              </div>
              <div class="step pass-bg" title="steps.home.homeSteps.iValidateThePrivacyPolicyButton()">
                <span>And I validate the Privacy Policy button</span>
      <div>
      </div>
              </div>
              <div class="step pass-bg" title="steps.home.homeSteps.iValidateTheAboutUsButton()">
                <span>And I validate the About Us button</span>
      <div>
      </div>
              </div>
              <div class="step pass-bg" title="steps.home.homeSteps.iValidateTheContactUsButton()">
                <span>And I validate the Contact Us button</span>
      <div>
      </div>
              </div>
              <div class="step pass-bg" title="steps.home.homeSteps.IValidateTheFooterSection()">
                <span>Then I validate the Footer Section</span>
      <div>
      </div>
              </div>
              <div class="step pass-bg" title="AFTER">
                <span>driver.Hooks.tearDown(io.cucumber.java.Scenario)</span>
      <div>MTR - Validate the home - Footer Section
          <div class="row mb-3"><div class="col-md-3">
    <img data-featherlight='../screenshots/embedded4.png' src="../screenshots/embedded4.png">
    
    </div></div>
</div>
      <div>
      </div>
              </div>
          </div>
        </div>
  </div>
  <div class="card">
    <div class="card-header" role="tab">
      <div class="card-title">
        <div class="node" id="49"><span class="badge log pass-bg mr-2">Pass</span>MTR - Validate the home header with account</div>
          <div class="status-avatar float-right mr-4">
            <i class="fa fa-paperclip"></i>
          </div>
      </div>
    </div>
        <div class="collapse">
          <div class="card-body">
              <div class="step pass-bg" title="steps.home.homeSteps.IgoToHomePage()">
                <span>Given I go to Home With Account</span>
      <div>
      </div>
              </div>
              <div class="step pass-bg" title="steps.home.homeSteps.iValidateTheBrowseButton()">
                <span>When I validate the Browse button</span>
      <div>
      </div>
              </div>
              <div class="step pass-bg" title="steps.home.homeSteps.iValidateTheBrowseRequestButton()">
                <span>And I validate the Browse Request button</span>
      <div>
      </div>
              </div>
              <div class="step pass-bg" title="steps.home.homeSteps.iValidateTheBrowseBySellerButton()">
                <span>And I validate the Browse by seller button</span>
      <div>
      </div>
              </div>
              <div class="step pass-bg" title="steps.home.homeSteps.iValidateTheAccessoriesSection()">
                <span>Then I validate the main header</span>
      <div>
      </div>
              </div>
              <div class="step pass-bg" title="AFTER">
                <span>driver.Hooks.tearDown(io.cucumber.java.Scenario)</span>
      <div>MTR - Validate the home header with account
          <div class="row mb-3"><div class="col-md-3">
    <img data-featherlight='../screenshots/embedded5.png' src="../screenshots/embedded5.png">
    
    </div></div>
</div>
      <div>
      </div>
              </div>
          </div>
        </div>
  </div>
  <div class="card">
    <div class="card-header" role="tab">
      <div class="card-title">
        <div class="node" id="57"><span class="badge log fail-bg mr-2">Fail</span>MTR - Validate the home Header Section with account</div>
          <div class="status-avatar float-right mr-4">
            <i class="fa fa-paperclip"></i>
          </div>
      </div>
    </div>
        <div class="">
          <div class="card-body">
              <div class="step pass-bg" title="steps.home.homeSteps.IgoToHomePage()">
                <span>Given I go to Home With Account</span>
      <div>
      </div>
              </div>
              <div class="step pass-bg" title="steps.home.homeSteps.iValidateTheAccessoriesSection()">
                <span>When I validate the accessories section</span>
      <div>
      </div>
              </div>
              <div class="step fail-bg" title="steps.home.homeSteps.iValidateTheMoreAccessoriesButton()">
                <span>And I validate the More Accessories Button</span>
      <div>
        <textarea disabled class="code-block">org.openqa.selenium.TimeoutException: Expected condition failed: waiting for pages.BasePage$$Lambda$795/0x00000008010772c8@3ebc6d8b (tried for 30 second(s) with 2000 milliseconds interval)
Build info: version: '4.6.0', revision: '79f1c02ae20'
System info: os.name: 'Windows 10', os.arch: 'amd64', os.version: '10.0', java.version: '18'
Driver info: driver.version: unknown
	at org.openqa.selenium.support.ui.FluentWait.timeoutException(FluentWait.java:263)
	at org.openqa.selenium.support.ui.FluentWait.until(FluentWait.java:231)
	at pages.BasePage.fluentWait(BasePage.java:110)
	at pages.home.HomePage.moreAccessories(HomePage.java:239)
	at steps.home.homeSteps.iValidateTheMoreAccessoriesButton(homeSteps.java:72)
	at ✽.I validate the More Accessories Button(classpath:features/Home.feature:89)
</textarea>
      
      </div>
              </div>
              <div class="step skip-bg" title="steps.home.homeSteps.iValidateTheJewelrySection()">
                <span>And I validate the Jewelry section</span>
      <div>Step skipped
      </div>
              </div>
              <div class="step skip-bg" title="steps.home.homeSteps.iValidateTheMoreJewelryButton()">
                <span>And I validate the More Jewelry Button</span>
      <div>Step skipped
      </div>
              </div>
              <div class="step skip-bg" title="steps.home.homeSteps.iValidateTheOutdoorStaffSection()">
                <span>And I validate the outdoor staff section</span>
      <div>Step skipped
      </div>
              </div>
              <div class="step skip-bg" title="steps.home.homeSteps.iValidateTheMoreOutdoorStaffSection()">
                <span>And I validate the more outdoor staff section</span>
      <div>Step skipped
      </div>
              </div>
              <div class="step skip-bg" title="steps.home.homeSteps.iValidateTheArtAndCollectablesSection()">
                <span>And I validate the art and collectables section</span>
      <div>Step skipped
      </div>
              </div>
              <div class="step skip-bg" title="steps.home.homeSteps.iValidateTheMoreArtAndCollectablesButton()">
                <span>And I validate the More art and collectables button</span>
      <div>Step skipped
      </div>
              </div>
              <div class="step skip-bg" title="steps.home.homeSteps.iValidateTheSectionWithAccounts()">
                <span>Then I validate the Header Section with account</span>
      <div>Step skipped
      </div>
              </div>
              <div class="step pass-bg" title="AFTER">
                <span>driver.Hooks.tearDown(io.cucumber.java.Scenario)</span>
      <div>MTR - Validate the home Header Section with account
          <div class="row mb-3"><div class="col-md-3">
    <img data-featherlight='../screenshots/embedded6.png' src="../screenshots/embedded6.png">
    
    </div></div>
</div>
      <div>
      </div>
              </div>
          </div>
        </div>
  </div>
  <div class="card">
    <div class="card-header" role="tab">
      <div class="card-title">
        <div class="node" id="70"><span class="badge log fail-bg mr-2">Fail</span>MTR - Validate the home - body section with account</div>
          <div class="status-avatar float-right mr-4">
            <i class="fa fa-paperclip"></i>
          </div>
      </div>
    </div>
        <div class="">
          <div class="card-body">
              <div class="step pass-bg" title="steps.home.homeSteps.loginWithGastonUserSteps()">
                <span>Given I login with Gaston User</span>
      <div>
      </div>
              </div>
              <div class="step fail-bg" title="steps.home.homeSteps.iValidateTheForBuyersHeaderSection()">
                <span>And I validate the For Buyers Header section</span>
      <div>
        <textarea disabled class="code-block">org.openqa.selenium.TimeoutException: Expected condition failed: waiting for pages.BasePage$$Lambda$795/0x00000008010772c8@1ddc889b (tried for 30 second(s) with 2000 milliseconds interval)
	at org.openqa.selenium.support.ui.FluentWait.timeoutException(FluentWait.java:263)
	at org.openqa.selenium.support.ui.FluentWait.until(FluentWait.java:231)
	at pages.BasePage.fluentWait(BasePage.java:110)
	at pages.home.HomePage.forBuyers(HomePage.java:353)
	at steps.home.homeSteps.iValidateTheForBuyersHeaderSection(homeSteps.java:158)
	at ✽.I validate the For Buyers Header section(classpath:features/Home.feature:109)
Caused by: org.openqa.selenium.NoSuchElementException: no such element: Unable to locate element: {"method":"xpath","selector":"/html/body/div[3]/main/div[2]/div/div[3]/div/div/nav/div/a[1]"}
  (Session info: chrome=109.0.5414.120)
For documentation on this error, please visit: https://selenium.dev/exceptions/#no_such_element
Build info: version: '4.6.0', revision: '79f1c02ae20'
System info: os.name: 'Windows 10', os.arch: 'amd64', os.version: '10.0', java.version: '18'
Driver info: org.openqa.selenium.chrome.ChromeDriver
Command: [afc54eb576e876e9ef757367a16edf52, findElement {using=xpath, value=/html/body/div[3]/main/div[2]/div/div[3]/div/div/nav/div/a[1]}]
Capabilities {acceptInsecureCerts: false, browserName: chrome, browserVersion: 109.0.5414.120, chrome: {chromedriverVersion: 109.0.5414.74 (e7c5703604da..., userDataDir: C:\Users\Rodri\AppData\Loca...}, goog:chromeOptions: {debuggerAddress: localhost:57635}, networkConnectionEnabled: false, pageLoadStrategy: normal, platformName: WINDOWS, proxy: Proxy(), se:cdp: ws://localhost:57635/devtoo..., se:cdpVersion: 109.0.5414.120, setWindowRect: true, strictFileInteractability: false, timeouts: {implicit: 0, pageLoad: 300000, script: 30000}, unhandledPromptBehavior: dismiss and notify, webauthn:extension:credBlob: true, webauthn:extension:largeBlob: true, webauthn:virtualAuthenticators: true}
Session ID: afc54eb576e876e9ef757367a16edf52
	at java.base/jdk.internal.reflect.DirectConstructorHandleAccessor.newInstance(DirectConstructorHandleAccessor.java:67)
	at java.base/java.lang.reflect.Constructor.newInstanceWithCaller(Constructor.java:499)
	at java.base/java.lang.reflect.Constructor.newInstance(Constructor.java:483)
	at org.openqa.selenium.remote.codec.w3c.W3CHttpResponseCodec.createException(W3CHttpResponseCodec.java:200)
	at org.openqa.selenium.remote.codec.w3c.W3CHttpResponseCodec.decode(W3CHttpResponseCodec.java:133)
	at org.openqa.selenium.remote.codec.w3c.W3CHttpResponseCodec.decode(W3CHttpResponseCodec.java:53)
	at org.openqa.selenium.remote.HttpCommandExecutor.execute(HttpCommandExecutor.java:184)
	at org.openqa.selenium.remote.service.DriverCommandExecutor.invokeExecute(DriverCommandExecutor.java:167)
	at org.openqa.selenium.remote.service.DriverCommandExecutor.execute(DriverCommandExecutor.java:142)
	at org.openqa.selenium.remote.RemoteWebDriver.execute(RemoteWebDriver.java:541)
	at org.openqa.selenium.remote.ElementLocation$ElementFinder$2.findElement(ElementLocation.java:162)
	at org.openqa.selenium.remote.ElementLocation.findElement(ElementLocation.java:60)
	at org.openqa.selenium.remote.RemoteWebDriver.findElement(RemoteWebDriver.java:365)
	at org.openqa.selenium.remote.RemoteWebDriver.findElement(RemoteWebDriver.java:357)
	at org.openqa.selenium.support.pagefactory.DefaultElementLocator.findElement(DefaultElementLocator.java:70)
	at org.openqa.selenium.support.pagefactory.internal.LocatingElementHandler.invoke(LocatingElementHandler.java:39)
	at jdk.proxy2/jdk.proxy2.$Proxy30.isDisplayed(Unknown Source)
	at pages.BasePage.lambda$fluentWait$1(BasePage.java:110)
	at org.openqa.selenium.support.ui.FluentWait.until(FluentWait.java:208)
	at pages.BasePage.fluentWait(BasePage.java:110)
	at pages.home.HomePage.forBuyers(HomePage.java:353)
	at steps.home.homeSteps.iValidateTheForBuyersHeaderSection(homeSteps.java:158)
	at java.base/jdk.internal.reflect.DirectMethodHandleAccessor.invoke(DirectMethodHandleAccessor.java:104)
	at java.base/java.lang.reflect.Method.invoke(Method.java:577)
	at io.cucumber.java.Invoker.doInvoke(Invoker.java:66)
	at io.cucumber.java.Invoker.invoke(Invoker.java:24)
	at io.cucumber.java.AbstractGlueDefinition.invokeMethod(AbstractGlueDefinition.java:47)
	at io.cucumber.java.JavaStepDefinition.execute(JavaStepDefinition.java:29)
	at io.cucumber.core.runner.CoreStepDefinition.execute(CoreStepDefinition.java:66)
	at io.cucumber.core.runner.PickleStepDefinitionMatch.runStep(PickleStepDefinitionMatch.java:63)
	at io.cucumber.core.runner.ExecutionMode$1.execute(ExecutionMode.java:10)
	at io.cucumber.core.runner.TestStep.executeStep(TestStep.java:84)
	at io.cucumber.core.runner.TestStep.run(TestStep.java:56)
	at io.cucumber.core.runner.PickleStepTestStep.run(PickleStepTestStep.java:51)
	at io.cucumber.core.runner.TestCase.run(TestCase.java:84)
	at io.cucumber.core.runner.Runner.runPickle(Runner.java:75)
	at io.cucumber.testng.TestNGCucumberRunner.lambda$runScenario$1(TestNGCucumberRunner.java:132)
	at io.cucumber.core.runtime.CucumberExecutionContext.lambda$runTestCase$5(CucumberExecutionContext.java:130)
	at io.cucumber.core.runtime.RethrowingThrowableCollector.executeAndThrow(RethrowingThrowableCollector.java:23)
	at io.cucumber.core.runtime.CucumberExecutionContext.runTestCase(CucumberExecutionContext.java:130)
	at io.cucumber.testng.TestNGCucumberRunner.runScenario(TestNGCucumberRunner.java:129)
	at io.cucumber.testng.AbstractTestNGCucumberTests.runScenario(AbstractTestNGCucumberTests.java:35)
	at java.base/jdk.internal.reflect.DirectMethodHandleAccessor.invoke(DirectMethodHandleAccessor.java:104)
	at java.base/java.lang.reflect.Method.invoke(Method.java:577)
	at org.testng.internal.invokers.MethodInvocationHelper.invokeMethod(MethodInvocationHelper.java:139)
	at org.testng.internal.invokers.TestInvoker.invokeMethod(TestInvoker.java:677)
	at org.testng.internal.invokers.TestInvoker.invokeTestMethod(TestInvoker.java:221)
	at org.testng.internal.invokers.MethodRunner.runInSequence(MethodRunner.java:50)
	at org.testng.internal.invokers.TestInvoker$MethodInvocationAgent.invoke(TestInvoker.java:962)
	at org.testng.internal.invokers.TestInvoker.invokeTestMethods(TestInvoker.java:194)
	at org.testng.internal.invokers.TestMethodWorker.invokeTestMethods(TestMethodWorker.java:148)
	at org.testng.internal.invokers.TestMethodWorker.run(TestMethodWorker.java:128)
	at java.base/java.util.ArrayList.forEach(ArrayList.java:1511)
	at org.testng.TestRunner.privateRun(TestRunner.java:806)
	at org.testng.TestRunner.run(TestRunner.java:601)
	at org.testng.SuiteRunner.runTest(SuiteRunner.java:433)
	at org.testng.SuiteRunner.runSequentially(SuiteRunner.java:427)
	at org.testng.SuiteRunner.privateRun(SuiteRunner.java:387)
	at org.testng.SuiteRunner.run(SuiteRunner.java:330)
	at org.testng.SuiteRunnerWorker.runSuite(SuiteRunnerWorker.java:52)
	at org.testng.SuiteRunnerWorker.run(SuiteRunnerWorker.java:95)
	at org.testng.TestNG.runSuitesSequentially(TestNG.java:1256)
	at org.testng.TestNG.runSuitesLocally(TestNG.java:1176)
	at org.testng.TestNG.runSuites(TestNG.java:1099)
	at org.testng.TestNG.run(TestNG.java:1067)
	at org.apache.maven.surefire.testng.TestNGExecutor.run(TestNGExecutor.java:324)
	at org.apache.maven.surefire.testng.TestNGXmlTestSuite.execute(TestNGXmlTestSuite.java:74)
	at org.apache.maven.surefire.testng.TestNGProvider.invoke(TestNGProvider.java:123)
	at org.apache.maven.surefire.booter.ForkedBooter.runSuitesInProcess(ForkedBooter.java:456)
	at org.apache.maven.surefire.booter.ForkedBooter.execute(ForkedBooter.java:169)
	at org.apache.maven.surefire.booter.ForkedBooter.run(ForkedBooter.java:595)
	at org.apache.maven.surefire.booter.ForkedBooter.main(ForkedBooter.java:581)
</textarea>
      
      </div>
              </div>
              <div class="step skip-bg" title="steps.home.homeSteps.iValidateTheForSellersSection()">
                <span>And I validate the For Sellers section</span>
      <div>Step skipped
      </div>
              </div>
              <div class="step skip-bg" title="steps.home.homeSteps.iValidateTheBodyWithAccount()">
                <span>Then I validate the Body with account</span>
      <div>Step skipped
      </div>
              </div>
              <div class="step pass-bg" title="AFTER">
                <span>driver.Hooks.tearDown(io.cucumber.java.Scenario)</span>
      <div>MTR - Validate the home - body section with account
          <div class="row mb-3"><div class="col-md-3">
    <img data-featherlight='../screenshots/embedded7.png' src="../screenshots/embedded7.png">
    
    </div></div>
</div>
      <div>
      </div>
              </div>
          </div>
        </div>
  </div>
  <div class="card">
    <div class="card-header" role="tab">
      <div class="card-title">
        <div class="node" id="77"><span class="badge log pass-bg mr-2">Pass</span>MTR - Validate the home Footer Section With Account</div>
          <div class="status-avatar float-right mr-4">
            <i class="fa fa-paperclip"></i>
          </div>
      </div>
    </div>
        <div class="collapse">
          <div class="card-body">
              <div class="step pass-bg" title="steps.home.homeSteps.loginWithGastonUserSteps()">
                <span>Given I login with Gaston User</span>
      <div>
      </div>
              </div>
              <div class="step pass-bg" title="steps.home.homeSteps.iValidateTheSellButton()">
                <span>When I validate the sell button</span>
      <div>
      </div>
              </div>
              <div class="step pass-bg" title="steps.home.homeSteps.iValidateTheBrowseListingButton()">
                <span>And I validate the Browse Listing button</span>
      <div>
      </div>
              </div>
              <div class="step pass-bg" title="steps.home.homeSteps.iValidateTheBrowseRequest()">
                <span>And I validate the Browse Request</span>
      <div>
      </div>
              </div>
              <div class="step pass-bg" title="steps.home.homeSteps.iValidateTheFAQButton()">
                <span>And I validate the FAQ button</span>
      <div>
      </div>
              </div>
              <div class="step pass-bg" title="steps.home.homeSteps.iValidateTheTermsAndServiceButton()">
                <span>And I validate the Terms and Service button</span>
      <div>
      </div>
              </div>
              <div class="step pass-bg" title="steps.home.homeSteps.iValidateThePrivacyPolicyButton()">
                <span>And I validate the Privacy Policy button</span>
      <div>
      </div>
              </div>
              <div class="step pass-bg" title="steps.home.homeSteps.iValidateTheAboutUsButton()">
                <span>And I validate the About Us button</span>
      <div>
      </div>
              </div>
              <div class="step pass-bg" title="steps.home.homeSteps.iValidateTheContactUsButton()">
                <span>And I validate the Contact Us button</span>
      <div>
      </div>
              </div>
              <div class="step pass-bg" title="steps.home.homeSteps.iValidateTheSocialLinksSectionWithAccounts()">
                <span>Then I validate the footer with accounts</span>
      <div>
      </div>
              </div>
              <div class="step pass-bg" title="AFTER">
                <span>driver.Hooks.tearDown(io.cucumber.java.Scenario)</span>
      <div>MTR - Validate the home Footer Section With Account
          <div class="row mb-3"><div class="col-md-3">
    <img data-featherlight='../screenshots/embedded8.png' src="../screenshots/embedded8.png">
    
    </div></div>
</div>
      <div>
      </div>
              </div>
          </div>
        </div>
  </div>
</div>
          </div>
        </li>
      </ul>
    </div>
  </div>
<div class="test-content scrollable">
<div class="test-content-tools">
<ul><li><a class="back-to-test" href="#"><i class="fa fa-arrow-left"></i></a></li></ul>
</div>
<div class="test-content-detail"><div class="detail-body"></div></div>
</div></div>
<div class="test-wrapper row view category-view attributes-view">
<div class="test-list">
<div class="test-list-tools">
<ul class="tools pull-left"><li><a href=""><span class="font-size-14">Category</span></a></li></ul>
<ul class="tools text-right"><li><a href="#"><span class="badge badge-primary">12</span></a></li></ul>
</div>
<div class="test-list-wrapper scrollable">
<ul class="test-list-item">
<li class="test-item">
<div class="test-detail">
<span class="meta">
<span class='badge log pass-bg'>1</span>
</span>
<p class="name">@MTR-1444</p>
<p class="duration text-sm">1 tests</p>
</div>
<div class="test-contents d-none">
<div class="info">
<h4>@MTR-1444</h4>
<span status="pass" class='badge log pass-bg'>1 passed</span>
</div>
<table class='table table-sm mt-4'>
<thead>
<tr>
<th class="status-col">Status</th>
<th class="timestamp-col">Timestamp</th>
<th>TestName</th>
</tr>
</thead>
<tbody>
<tr class="tag-test-status" status="pass">
<td><span class="badge log pass-bg">Pass</span></td>
<td>11:37:46 a. m.</td>
<td>
<a href="#" class="linked" test-id='1' id='77'>MTR - Validate the home Footer Section With Account</a>
<div class="">
<span class="badge badge-default">Home.MTR - Validate the home Footer Section With Account</span>
</div>
</td>
</tr>
</tbody>
</table>
</div>
</li>
<li class="test-item">
<div class="test-detail">
<span class="meta">
<span class='badge log pass-bg'>1</span>
</span>
<p class="name">@MTR-1439</p>
<p class="duration text-sm">1 tests</p>
</div>
<div class="test-contents d-none">
<div class="info">
<h4>@MTR-1439</h4>
<span status="pass" class='badge log pass-bg'>1 passed</span>
</div>
<table class='table table-sm mt-4'>
<thead>
<tr>
<th class="status-col">Status</th>
<th class="timestamp-col">Timestamp</th>
<th>TestName</th>
</tr>
</thead>
<tbody>
<tr class="tag-test-status" status="pass">
<td><span class="badge log pass-bg">Pass</span></td>
<td>11:35:11 a. m.</td>
<td>
<a href="#" class="linked" test-id='1' id='33'>MTR - Validate the home - Footer Section</a>
<div class="">
<span class="badge badge-default">Home.MTR - Validate the home - Footer Section</span>
</div>
</td>
</tr>
</tbody>
</table>
</div>
</li>
<li class="test-item">
<div class="test-detail">
<span class="meta">
<span class='badge log badge-danger'>1</span>
</span>
<p class="name">@MTR-1438</p>
<p class="duration text-sm">1 tests</p>
</div>
<div class="test-contents d-none">
<div class="info">
<h4>@MTR-1438</h4>
<span status="fail" class='badge log badge-danger'>1 failed</span>
</div>
<table class='table table-sm mt-4'>
<thead>
<tr>
<th class="status-col">Status</th>
<th class="timestamp-col">Timestamp</th>
<th>TestName</th>
</tr>
</thead>
<tbody>
<tr class="tag-test-status" status="fail">
<td><span class="badge log fail-bg">Fail</span></td>
<td>11:34:34 a. m.</td>
<td>
<a href="#" class="linked" test-id='1' id='26'>MTR - Validate the home - Body Section</a>
<div class="">
<span class="badge badge-default">Home.MTR - Validate the home - Body Section</span>
</div>
</td>
</tr>
</tbody>
</table>
</div>
</li>
<li class="test-item">
<div class="test-detail">
<span class="meta">
<span class='badge log pass-bg'>1</span>
</span>
<p class="name">@MTR-1436</p>
<p class="duration text-sm">1 tests</p>
</div>
<div class="test-contents d-none">
<div class="info">
<h4>@MTR-1436</h4>
<span status="pass" class='badge log pass-bg'>1 passed</span>
</div>
<table class='table table-sm mt-4'>
<thead>
<tr>
<th class="status-col">Status</th>
<th class="timestamp-col">Timestamp</th>
<th>TestName</th>
</tr>
</thead>
<tbody>
<tr class="tag-test-status" status="pass">
<td><span class="badge log pass-bg">Pass</span></td>
<td>11:33:28 a. m.</td>
<td>
<a href="#" class="linked" test-id='1' id='2'>MTR - Validate the home header</a>
<div class="">
<span class="badge badge-default">Home.MTR - Validate the home header</span>
</div>
</td>
</tr>
</tbody>
</table>
</div>
</li>
<li class="test-item">
<div class="test-detail">
<span class="meta">
<span class='badge log badge-danger'>1</span>
</span>
<p class="name">@MTR-1437</p>
<p class="duration text-sm">1 tests</p>
</div>
<div class="test-contents d-none">
<div class="info">
<h4>@MTR-1437</h4>
<span status="fail" class='badge log badge-danger'>1 failed</span>
</div>
<table class='table table-sm mt-4'>
<thead>
<tr>
<th class="status-col">Status</th>
<th class="timestamp-col">Timestamp</th>
<th>TestName</th>
</tr>
</thead>
<tbody>
<tr class="tag-test-status" status="fail">
<td><span class="badge log fail-bg">Fail</span></td>
<td>11:33:51 a. m.</td>
<td>
<a href="#" class="linked" test-id='1' id='12'>MTR - Validate the home - Category Menu</a>
<div class="">
<span class="badge badge-default">Home.MTR - Validate the home - Category Menu</span>
</div>
</td>
</tr>
</tbody>
</table>
</div>
</li>
<li class="test-item">
<div class="test-detail">
<span class="meta">
<span class='badge log badge-danger'>1</span>
</span>
<p class="name">@MTR-1442</p>
<p class="duration text-sm">1 tests</p>
</div>
<div class="test-contents d-none">
<div class="info">
<h4>@MTR-1442</h4>
<span status="fail" class='badge log badge-danger'>1 failed</span>
</div>
<table class='table table-sm mt-4'>
<thead>
<tr>
<th class="status-col">Status</th>
<th class="timestamp-col">Timestamp</th>
<th>TestName</th>
</tr>
</thead>
<tbody>
<tr class="tag-test-status" status="fail">
<td><span class="badge log fail-bg">Fail</span></td>
<td>11:36:03 a. m.</td>
<td>
<a href="#" class="linked" test-id='1' id='57'>MTR - Validate the home Header Section with account</a>
<div class="">
<span class="badge badge-default">Home.MTR - Validate the home Header Section with account</span>
</div>
</td>
</tr>
</tbody>
</table>
</div>
</li>
<li class="test-item">
<div class="test-detail">
<span class="meta">
<span class='badge log pass-bg'>4</span>
<span class='badge log badge-danger'>4</span>
</span>
<p class="name">@MTR</p>
<p class="duration text-sm">8 tests</p>
</div>
<div class="test-contents d-none">
<div class="info">
<h4>@MTR</h4>
<span status="pass" class='badge log pass-bg'>4 passed</span>
<span status="fail" class='badge log badge-danger'>4 failed</span>
</div>
<table class='table table-sm mt-4'>
<thead>
<tr>
<th class="status-col">Status</th>
<th class="timestamp-col">Timestamp</th>
<th>TestName</th>
</tr>
</thead>
<tbody>
<tr class="tag-test-status" status="pass">
<td><span class="badge log pass-bg">Pass</span></td>
<td>11:33:28 a. m.</td>
<td>
<a href="#" class="linked" test-id='1' id='2'>MTR - Validate the home header</a>
<div class="">
<span class="badge badge-default">Home.MTR - Validate the home header</span>
</div>
</td>
</tr>
<tr class="tag-test-status" status="fail">
<td><span class="badge log fail-bg">Fail</span></td>
<td>11:33:51 a. m.</td>
<td>
<a href="#" class="linked" test-id='1' id='12'>MTR - Validate the home - Category Menu</a>
<div class="">
<span class="badge badge-default">Home.MTR - Validate the home - Category Menu</span>
</div>
</td>
</tr>
<tr class="tag-test-status" status="fail">
<td><span class="badge log fail-bg">Fail</span></td>
<td>11:34:34 a. m.</td>
<td>
<a href="#" class="linked" test-id='1' id='26'>MTR - Validate the home - Body Section</a>
<div class="">
<span class="badge badge-default">Home.MTR - Validate the home - Body Section</span>
</div>
</td>
</tr>
<tr class="tag-test-status" status="pass">
<td><span class="badge log pass-bg">Pass</span></td>
<td>11:35:11 a. m.</td>
<td>
<a href="#" class="linked" test-id='1' id='33'>MTR - Validate the home - Footer Section</a>
<div class="">
<span class="badge badge-default">Home.MTR - Validate the home - Footer Section</span>
</div>
</td>
</tr>
<tr class="tag-test-status" status="pass">
<td><span class="badge log pass-bg">Pass</span></td>
<td>11:35:40 a. m.</td>
<td>
<a href="#" class="linked" test-id='1' id='49'>MTR - Validate the home header with account</a>
<div class="">
<span class="badge badge-default">Home.MTR - Validate the home header with account</span>
</div>
</td>
</tr>
<tr class="tag-test-status" status="fail">
<td><span class="badge log fail-bg">Fail</span></td>
<td>11:36:03 a. m.</td>
<td>
<a href="#" class="linked" test-id='1' id='57'>MTR - Validate the home Header Section with account</a>
<div class="">
<span class="badge badge-default">Home.MTR - Validate the home Header Section with account</span>
</div>
</td>
</tr>
<tr class="tag-test-status" status="fail">
<td><span class="badge log fail-bg">Fail</span></td>
<td>11:36:46 a. m.</td>
<td>
<a href="#" class="linked" test-id='1' id='70'>MTR - Validate the home - body section with account</a>
<div class="">
<span class="badge badge-default">Home.MTR - Validate the home - body section with account</span>
</div>
</td>
</tr>
<tr class="tag-test-status" status="pass">
<td><span class="badge log pass-bg">Pass</span></td>
<td>11:37:46 a. m.</td>
<td>
<a href="#" class="linked" test-id='1' id='77'>MTR - Validate the home Footer Section With Account</a>
<div class="">
<span class="badge badge-default">Home.MTR - Validate the home Footer Section With Account</span>
</div>
</td>
</tr>
</tbody>
</table>
</div>
</li>
<li class="test-item">
<div class="test-detail">
<span class="meta">
<span class='badge log pass-bg'>4</span>
<span class='badge log badge-danger'>4</span>
</span>
<p class="name">@home</p>
<p class="duration text-sm">8 tests</p>
</div>
<div class="test-contents d-none">
<div class="info">
<h4>@home</h4>
<span status="pass" class='badge log pass-bg'>4 passed</span>
<span status="fail" class='badge log badge-danger'>4 failed</span>
</div>
<table class='table table-sm mt-4'>
<thead>
<tr>
<th class="status-col">Status</th>
<th class="timestamp-col">Timestamp</th>
<th>TestName</th>
</tr>
</thead>
<tbody>
<tr class="tag-test-status" status="pass">
<td><span class="badge log pass-bg">Pass</span></td>
<td>11:33:28 a. m.</td>
<td>
<a href="#" class="linked" test-id='1' id='2'>MTR - Validate the home header</a>
<div class="">
<span class="badge badge-default">Home.MTR - Validate the home header</span>
</div>
</td>
</tr>
<tr class="tag-test-status" status="fail">
<td><span class="badge log fail-bg">Fail</span></td>
<td>11:33:51 a. m.</td>
<td>
<a href="#" class="linked" test-id='1' id='12'>MTR - Validate the home - Category Menu</a>
<div class="">
<span class="badge badge-default">Home.MTR - Validate the home - Category Menu</span>
</div>
</td>
</tr>
<tr class="tag-test-status" status="fail">
<td><span class="badge log fail-bg">Fail</span></td>
<td>11:34:34 a. m.</td>
<td>
<a href="#" class="linked" test-id='1' id='26'>MTR - Validate the home - Body Section</a>
<div class="">
<span class="badge badge-default">Home.MTR - Validate the home - Body Section</span>
</div>
</td>
</tr>
<tr class="tag-test-status" status="pass">
<td><span class="badge log pass-bg">Pass</span></td>
<td>11:35:11 a. m.</td>
<td>
<a href="#" class="linked" test-id='1' id='33'>MTR - Validate the home - Footer Section</a>
<div class="">
<span class="badge badge-default">Home.MTR - Validate the home - Footer Section</span>
</div>
</td>
</tr>
<tr class="tag-test-status" status="pass">
<td><span class="badge log pass-bg">Pass</span></td>
<td>11:35:40 a. m.</td>
<td>
<a href="#" class="linked" test-id='1' id='49'>MTR - Validate the home header with account</a>
<div class="">
<span class="badge badge-default">Home.MTR - Validate the home header with account</span>
</div>
</td>
</tr>
<tr class="tag-test-status" status="fail">
<td><span class="badge log fail-bg">Fail</span></td>
<td>11:36:03 a. m.</td>
<td>
<a href="#" class="linked" test-id='1' id='57'>MTR - Validate the home Header Section with account</a>
<div class="">
<span class="badge badge-default">Home.MTR - Validate the home Header Section with account</span>
</div>
</td>
</tr>
<tr class="tag-test-status" status="fail">
<td><span class="badge log fail-bg">Fail</span></td>
<td>11:36:46 a. m.</td>
<td>
<a href="#" class="linked" test-id='1' id='70'>MTR - Validate the home - body section with account</a>
<div class="">
<span class="badge badge-default">Home.MTR - Validate the home - body section with account</span>
</div>
</td>
</tr>
<tr class="tag-test-status" status="pass">
<td><span class="badge log pass-bg">Pass</span></td>
<td>11:37:46 a. m.</td>
<td>
<a href="#" class="linked" test-id='1' id='77'>MTR - Validate the home Footer Section With Account</a>
<div class="">
<span class="badge badge-default">Home.MTR - Validate the home Footer Section With Account</span>
</div>
</td>
</tr>
</tbody>
</table>
</div>
</li>
<li class="test-item">
<div class="test-detail">
<span class="meta">
<span class='badge log pass-bg'>1</span>
</span>
<p class="name">@MTR-1441</p>
<p class="duration text-sm">1 tests</p>
</div>
<div class="test-contents d-none">
<div class="info">
<h4>@MTR-1441</h4>
<span status="pass" class='badge log pass-bg'>1 passed</span>
</div>
<table class='table table-sm mt-4'>
<thead>
<tr>
<th class="status-col">Status</th>
<th class="timestamp-col">Timestamp</th>
<th>TestName</th>
</tr>
</thead>
<tbody>
<tr class="tag-test-status" status="pass">
<td><span class="badge log pass-bg">Pass</span></td>
<td>11:35:40 a. m.</td>
<td>
<a href="#" class="linked" test-id='1' id='49'>MTR - Validate the home header with account</a>
<div class="">
<span class="badge badge-default">Home.MTR - Validate the home header with account</span>
</div>
</td>
</tr>
</tbody>
</table>
</div>
</li>
<li class="test-item">
<div class="test-detail">
<span class="meta">
<span class='badge log pass-bg'>4</span>
<span class='badge log badge-danger'>4</span>
</span>
<p class="name">@todos</p>
<p class="duration text-sm">8 tests</p>
</div>
<div class="test-contents d-none">
<div class="info">
<h4>@todos</h4>
<span status="pass" class='badge log pass-bg'>4 passed</span>
<span status="fail" class='badge log badge-danger'>4 failed</span>
</div>
<table class='table table-sm mt-4'>
<thead>
<tr>
<th class="status-col">Status</th>
<th class="timestamp-col">Timestamp</th>
<th>TestName</th>
</tr>
</thead>
<tbody>
<tr class="tag-test-status" status="pass">
<td><span class="badge log pass-bg">Pass</span></td>
<td>11:33:28 a. m.</td>
<td>
<a href="#" class="linked" test-id='1' id='2'>MTR - Validate the home header</a>
<div class="">
<span class="badge badge-default">Home.MTR - Validate the home header</span>
</div>
</td>
</tr>
<tr class="tag-test-status" status="fail">
<td><span class="badge log fail-bg">Fail</span></td>
<td>11:33:51 a. m.</td>
<td>
<a href="#" class="linked" test-id='1' id='12'>MTR - Validate the home - Category Menu</a>
<div class="">
<span class="badge badge-default">Home.MTR - Validate the home - Category Menu</span>
</div>
</td>
</tr>
<tr class="tag-test-status" status="fail">
<td><span class="badge log fail-bg">Fail</span></td>
<td>11:34:34 a. m.</td>
<td>
<a href="#" class="linked" test-id='1' id='26'>MTR - Validate the home - Body Section</a>
<div class="">
<span class="badge badge-default">Home.MTR - Validate the home - Body Section</span>
</div>
</td>
</tr>
<tr class="tag-test-status" status="pass">
<td><span class="badge log pass-bg">Pass</span></td>
<td>11:35:11 a. m.</td>
<td>
<a href="#" class="linked" test-id='1' id='33'>MTR - Validate the home - Footer Section</a>
<div class="">
<span class="badge badge-default">Home.MTR - Validate the home - Footer Section</span>
</div>
</td>
</tr>
<tr class="tag-test-status" status="pass">
<td><span class="badge log pass-bg">Pass</span></td>
<td>11:35:40 a. m.</td>
<td>
<a href="#" class="linked" test-id='1' id='49'>MTR - Validate the home header with account</a>
<div class="">
<span class="badge badge-default">Home.MTR - Validate the home header with account</span>
</div>
</td>
</tr>
<tr class="tag-test-status" status="fail">
<td><span class="badge log fail-bg">Fail</span></td>
<td>11:36:03 a. m.</td>
<td>
<a href="#" class="linked" test-id='1' id='57'>MTR - Validate the home Header Section with account</a>
<div class="">
<span class="badge badge-default">Home.MTR - Validate the home Header Section with account</span>
</div>
</td>
</tr>
<tr class="tag-test-status" status="fail">
<td><span class="badge log fail-bg">Fail</span></td>
<td>11:36:46 a. m.</td>
<td>
<a href="#" class="linked" test-id='1' id='70'>MTR - Validate the home - body section with account</a>
<div class="">
<span class="badge badge-default">Home.MTR - Validate the home - body section with account</span>
</div>
</td>
</tr>
<tr class="tag-test-status" status="pass">
<td><span class="badge log pass-bg">Pass</span></td>
<td>11:37:46 a. m.</td>
<td>
<a href="#" class="linked" test-id='1' id='77'>MTR - Validate the home Footer Section With Account</a>
<div class="">
<span class="badge badge-default">Home.MTR - Validate the home Footer Section With Account</span>
</div>
</td>
</tr>
</tbody>
</table>
</div>
</li>
<li class="test-item">
<div class="test-detail">
<span class="meta">
<span class='badge log pass-bg'>4</span>
<span class='badge log badge-danger'>4</span>
</span>
<p class="name">@smoke</p>
<p class="duration text-sm">8 tests</p>
</div>
<div class="test-contents d-none">
<div class="info">
<h4>@smoke</h4>
<span status="pass" class='badge log pass-bg'>4 passed</span>
<span status="fail" class='badge log badge-danger'>4 failed</span>
</div>
<table class='table table-sm mt-4'>
<thead>
<tr>
<th class="status-col">Status</th>
<th class="timestamp-col">Timestamp</th>
<th>TestName</th>
</tr>
</thead>
<tbody>
<tr class="tag-test-status" status="pass">
<td><span class="badge log pass-bg">Pass</span></td>
<td>11:33:28 a. m.</td>
<td>
<a href="#" class="linked" test-id='1' id='2'>MTR - Validate the home header</a>
<div class="">
<span class="badge badge-default">Home.MTR - Validate the home header</span>
</div>
</td>
</tr>
<tr class="tag-test-status" status="fail">
<td><span class="badge log fail-bg">Fail</span></td>
<td>11:33:51 a. m.</td>
<td>
<a href="#" class="linked" test-id='1' id='12'>MTR - Validate the home - Category Menu</a>
<div class="">
<span class="badge badge-default">Home.MTR - Validate the home - Category Menu</span>
</div>
</td>
</tr>
<tr class="tag-test-status" status="fail">
<td><span class="badge log fail-bg">Fail</span></td>
<td>11:34:34 a. m.</td>
<td>
<a href="#" class="linked" test-id='1' id='26'>MTR - Validate the home - Body Section</a>
<div class="">
<span class="badge badge-default">Home.MTR - Validate the home - Body Section</span>
</div>
</td>
</tr>
<tr class="tag-test-status" status="pass">
<td><span class="badge log pass-bg">Pass</span></td>
<td>11:35:11 a. m.</td>
<td>
<a href="#" class="linked" test-id='1' id='33'>MTR - Validate the home - Footer Section</a>
<div class="">
<span class="badge badge-default">Home.MTR - Validate the home - Footer Section</span>
</div>
</td>
</tr>
<tr class="tag-test-status" status="pass">
<td><span class="badge log pass-bg">Pass</span></td>
<td>11:35:40 a. m.</td>
<td>
<a href="#" class="linked" test-id='1' id='49'>MTR - Validate the home header with account</a>
<div class="">
<span class="badge badge-default">Home.MTR - Validate the home header with account</span>
</div>
</td>
</tr>
<tr class="tag-test-status" status="fail">
<td><span class="badge log fail-bg">Fail</span></td>
<td>11:36:03 a. m.</td>
<td>
<a href="#" class="linked" test-id='1' id='57'>MTR - Validate the home Header Section with account</a>
<div class="">
<span class="badge badge-default">Home.MTR - Validate the home Header Section with account</span>
</div>
</td>
</tr>
<tr class="tag-test-status" status="fail">
<td><span class="badge log fail-bg">Fail</span></td>
<td>11:36:46 a. m.</td>
<td>
<a href="#" class="linked" test-id='1' id='70'>MTR - Validate the home - body section with account</a>
<div class="">
<span class="badge badge-default">Home.MTR - Validate the home - body section with account</span>
</div>
</td>
</tr>
<tr class="tag-test-status" status="pass">
<td><span class="badge log pass-bg">Pass</span></td>
<td>11:37:46 a. m.</td>
<td>
<a href="#" class="linked" test-id='1' id='77'>MTR - Validate the home Footer Section With Account</a>
<div class="">
<span class="badge badge-default">Home.MTR - Validate the home Footer Section With Account</span>
</div>
</td>
</tr>
</tbody>
</table>
</div>
</li>
<li class="test-item">
<div class="test-detail">
<span class="meta">
<span class='badge log badge-danger'>1</span>
</span>
<p class="name">@MTR-1443</p>
<p class="duration text-sm">1 tests</p>
</div>
<div class="test-contents d-none">
<div class="info">
<h4>@MTR-1443</h4>
<span status="fail" class='badge log badge-danger'>1 failed</span>
</div>
<table class='table table-sm mt-4'>
<thead>
<tr>
<th class="status-col">Status</th>
<th class="timestamp-col">Timestamp</th>
<th>TestName</th>
</tr>
</thead>
<tbody>
<tr class="tag-test-status" status="fail">
<td><span class="badge log fail-bg">Fail</span></td>
<td>11:36:46 a. m.</td>
<td>
<a href="#" class="linked" test-id='1' id='70'>MTR - Validate the home - body section with account</a>
<div class="">
<span class="badge badge-default">Home.MTR - Validate the home - body section with account</span>
</div>
</td>
</tr>
</tbody>
</table>
</div>
</li>
</ul>
</div>
</div>
<div class="test-content scrollable">
<div class="test-content-detail">
<div class="detail-body"></div>
</div>
</div>
</div><div class="test-wrapper row view exception-view attributes-view">
<div class="test-list">
<div class="test-list-tools">
<ul class="tools pull-left"><li><a href=""><span class="font-size-14">Exception</span></a></li></ul>
<ul class="tools text-right"><li><a href="#"><span class="badge badge-primary">1</span></a></li></ul>
</div>
<div class="test-list-wrapper scrollable">
<ul class="test-list-item">
<li class="test-item">
<div class="test-detail">
<span class="meta">
<span class='badge log badge-danger'>1</span>
</span>
<p class="name">org.openqa.selenium.TimeoutException</p>
<p class="duration text-sm">1 tests</p>
</div>
<div class="test-contents d-none">
<div class="info">
<h4>org.openqa.selenium.TimeoutException</h4>
<span status="fail" class='badge log badge-danger'>1 failed</span>
</div>
<table class='table table-sm mt-4'>
<thead>
<tr>
<th class="status-col">Status</th>
<th class="timestamp-col">Timestamp</th>
<th>TestName</th>
</tr>
</thead>
<tbody>
<tr class="tag-test-status" status="fail">
<td><span class="badge log fail-bg">Fail</span></td>
<td>11:34:04 a. m.</td>
<td>
<a href="#" class="linked" test-id='1' id='17'>And I validate the clothing section</a>
<div class="">
<span class="badge badge-default">Home.MTR - Validate the home - Category Menu.And I validate the clothing section</span>
</div>
</td>
</tr>
<tr class="tag-test-status" status="fail">
<td><span class="badge log fail-bg">Fail</span></td>
<td>11:34:40 a. m.</td>
<td>
<a href="#" class="linked" test-id='1' id='29'>And I validate the For Buyers Header section</a>
<div class="">
<span class="badge badge-default">Home.MTR - Validate the home - Body Section.And I validate the For Buyers Header section</span>
</div>
</td>
</tr>
<tr class="tag-test-status" status="fail">
<td><span class="badge log fail-bg">Fail</span></td>
<td>11:36:15 a. m.</td>
<td>
<a href="#" class="linked" test-id='1' id='61'>And I validate the More Accessories Button</a>
<div class="">
<span class="badge badge-default">Home.MTR - Validate the home Header Section with account.And I validate the More Accessories Button</span>
</div>
</td>
</tr>
<tr class="tag-test-status" status="fail">
<td><span class="badge log fail-bg">Fail</span></td>
<td>11:37:12 a. m.</td>
<td>
<a href="#" class="linked" test-id='1' id='73'>And I validate the For Buyers Header section</a>
<div class="">
<span class="badge badge-default">Home.MTR - Validate the home - body section with account.And I validate the For Buyers Header section</span>
</div>
</td>
</tr>
</tbody>
</table>
</div>
</li>
</ul>
</div>
</div>
<div class="test-content scrollable">
<div class="test-content-detail">
<div class="detail-body"></div>
</div>
</div>
</div>        </div>
      </div>
    </div>
  </div>
<script src="https://cdn.jsdelivr.net/gh/extent-framework/extent-github-cdn@14e9bb345ef7e2ed3a102f271d84e9f0267c88e7/spark/js/spark-script.js"></script>
<script type="text/javascript"></script></body>
</html>