

<!DOCTYPE html>
<html>
<head>
<meta charset="utf-8">
<meta name="viewport" content="width=device-width, initial-scale=1, shrink-to-fit=no">
<title>Extent </title>
<link rel="apple-touch-icon" href="https://cdn.jsdelivr.net/gh/extent-framework/extent-github-cdn@b00a2d0486596e73dd7326beacf352c639623a0e/commons/img/logo.png">
<link rel="shortcut icon" href="https://cdn.jsdelivr.net/gh/extent-framework/extent-github-cdn@b00a2d0486596e73dd7326beacf352c639623a0e/commons/img/logo.png">
<link href="https://cdn.jsdelivr.net/gh/extent-framework/extent-github-cdn@c43b89d03a7c43dae8bb8f0f078bad1997af6b3b/spark/css/spark-style.css" rel="stylesheet" />
<link href="https://stackpath.bootstrapcdn.com/font-awesome/4.7.0/css/font-awesome.min.css" rel="stylesheet">
<script src="https://cdn.rawgit.com/extent-framework/extent-github-cdn/7cc78ce/spark/js/jsontree.js"></script>
<style type="text/css"></style></head><body class="spa bdd-report standard">
  <div class="app">
    <div class="layout">
<div class="header navbar">
<div class="vheader">
<div class="nav-logo">
<a href="#">
<div class="logo" style="background-image: url('https://cdn.jsdelivr.net/gh/extent-framework/extent-github-cdn@b00a2d0486596e73dd7326beacf352c639623a0e/commons/img/logo.png')"></div>
</a>
</div>
<ul class="nav-left">
<li class="search-box">
<a class="search-toggle" href="#">
<i class="search-icon fa fa-search"></i>
<i class="search-icon-close fa fa-close"></i>
</a>
</li>
<li class="search-input"><input id="search-tests" class="form-control" type="text" placeholder="Search..."></li>
</ul>
<ul class="nav-right">
<li class="m-r-10">
<a href="#"><span class="badge badge-primary"> Grasshopper Report</span></a>
</li>
<li class="m-r-10">
<a href="#"><span class="badge badge-primary">feb 13, 2023 04:34:22 p. m.</span></a>
</li>
</ul>
</div>
</div><div class="side-nav">
<div class="side-nav-inner">
<ul class="side-nav-menu">
<li class="nav-item dropdown" onclick="toggleView('dashboard-view')">
<a id="nav-dashboard" class="dropdown-toggle" href="#">
<span class="ico"><i class="fa fa-bar-chart"></i></span>
</a>
</li>
<li class="nav-item dropdown" onclick="toggleView('test-view')">
<a id="nav-test" class="dropdown-toggle" href="#">
<span class="ico"><i class="fa fa-list"></i></span>
</a>
</li>
<li class="nav-item dropdown" onclick="toggleView('category-view')">
<a id="nav-category" class="dropdown-toggle" href="#">
<span class="ico"><i class="fa fa-tag"></i></span>
</a>
</li>
<li class="nav-item dropdown" onclick="toggleView('exception-view')">
<a id="nav-exception" class="dropdown-toggle" href="#">
<span class="ico"><i class="fa fa-bug"></i></span>
</a>
</li>
</ul>
</div>
</div>      <div class="vcontainer">
        <div class="main-content">
<div class="container-fluid p-4 view dashboard-view">
<div class="row">
<div class="col-md-3">
<div class="card"><div class="card-body">
<p class="m-b-0">Started</p>
<h3>feb 13, 2023 04:34:22 p. m.</h3>
</div></div>
</div>
<div class="col-md-3">
<div class="card"><div class="card-body">
<p class="m-b-0">Ended</p>
<h3>feb 13, 2023 04:38:30 p. m.</h3>
</div></div>
</div>
<div class="col-md-3">
<div class="card"><div class="card-body">
<p class="m-b-0 text-pass">Features Passed</p>
<h3>0</h3>
</div></div>
</div>
<div class="col-md-3">
<div class="card"><div class="card-body">
<p class="m-b-0 text-fail">Features Failed</p>
<h3>1</h3>
</div></div>
</div>
</div>
<div class="row">
<div class="col-md-4">
<div class="card">
<div class="card-header">
<h6 class="card-title">Features</h6>
</div>
<div class="card-body">
<div class="">
<canvas id='parent-analysis' width='115' height='90'></canvas>
</div>
</div>
<div class="card-footer">
<div><small data-tooltip='0%'>
<b>0</b> features passed
</small>
</div>
<div>
<small data-tooltip='100%'><b>1</b> features failed,
<b>0</b> skipped, <b data-tooltip='0%'>0</b> others
</small>
</div>
</div>
</div>
</div>
<div class="col-md-4">
<div class="card">
<div class="card-header">
<h6 class="card-title">Scenarios</h6>
</div>
<div class="card-body">
<div class="">
<canvas id='child-analysis' width='115' height='90'></canvas>
</div>
</div>
<div class="card-footer">
<div><small data-tooltip='57%'><b>4</b> scenarios passed</small></div>
<div>
<small data-tooltip='42%'><b>3</b> scenarios failed,
<b>0</b> skipped, <b data-tooltip='%'>0</b> others
</small>
</div>
</div>
</div>
</div>
<div class="col-md-4">
<div class="card">
<div class="card-header">
<h6 class="card-title">Steps</h6>
</div>
<div class="card-body">
<div class="">
<canvas id='grandchild-analysis' width='115' height='90'></canvas>
</div>
</div>
<div class="card-footer">
<div><small data-tooltip='78%'><b>47</b> steps passed</small></div>
<div>
<small data-tooltip='5%'><b>3</b> steps failed,
<b>10</b> skipped, <b data-tooltip='%'>0</b> others
</small>
</div>
</div>
</div>
</div>
</div>
<div class="row"><div class="col-md-12">
<div class="card"><div class="card-header"><p>Timeline</p></div>
<div class="card-body pt-0"><div>
<canvas id="timeline" height="120"></canvas>
</div></div>
</div>
</div></div>
<script>
var timeline = {
"Sponsored Ads":247.436
};
</script>
<div class="row">
<div class="col-md-4 category-container">
<div class="card">
<div class="card-header"><p>Tags</p></div>
<div class="card-body pb-0 pt-0"><table class="table table-sm table-bordered">
<thead><tr class="bg-gray"><th>Name</th><th>Passed</th><th>Failed</th><th>Skipped</th><th>Others</th><th>Passed %</th></tr></thead><tbody>
<tr>
<td>@sponsoredAds</td>
<td>4</td>
<td>3</td>
<td>0</td>
<td>0</td>
<td>57.143%</td>
</tr>
<tr>
<td>@smoke</td>
<td>4</td>
<td>3</td>
<td>0</td>
<td>0</td>
<td>57.143%</td>
</tr>
<tr>
<td>@MTR-1605</td>
<td>0</td>
<td>1</td>
<td>0</td>
<td>0</td>
<td>0%</td>
</tr>
<tr>
<td>@MTR-1606</td>
<td>0</td>
<td>1</td>
<td>0</td>
<td>0</td>
<td>0%</td>
</tr>
<tr>
<td>@MTR-1604</td>
<td>1</td>
<td>0</td>
<td>0</td>
<td>0</td>
<td>100%</td>
</tr>
<tr>
<td>@MTR-1603</td>
<td>0</td>
<td>1</td>
<td>0</td>
<td>0</td>
<td>0%</td>
</tr>
<tr>
<td>@MTR</td>
<td>4</td>
<td>3</td>
<td>0</td>
<td>0</td>
<td>57.143%</td>
</tr>
<tr>
<td>@MTR-1600</td>
<td>1</td>
<td>0</td>
<td>0</td>
<td>0</td>
<td>100%</td>
</tr>
<tr>
<td>@MTR-1601</td>
<td>1</td>
<td>0</td>
<td>0</td>
<td>0</td>
<td>100%</td>
</tr>
<tr>
<td>@MTR-1602</td>
<td>1</td>
<td>0</td>
<td>0</td>
<td>0</td>
<td>100%</td>
</tr>
</tbody>
</table></div>
</div>
</div>
<div class="col-md-4 sysenv-container">
<div class="card">
<div class="card-header"><p>System/Environment</p></div>
<div class="card-body pb-0 pt-0"><table class="table table-sm table-bordered">
<thead><tr class="bg-gray"><th>Name</th><th>Value</th></tr></thead>
<tbody>
<tr>
<td>os</td>
<td>Windows</td>
</tr>
</tbody>
</table></div>
</div>
</div>
</div>
</div>
<script>
var statusGroup = {
parentCount: 5,
passParent: 0,
failParent: 1,
warningParent: 0,
skipParent: 0,
childCount: 5,
passChild: 4,
failChild: 3,
warningChild: 0,
skipChild: 0,
infoChild: 0,
grandChildCount: 5,
passGrandChild: 47,
failGrandChild: 3,
warningGrandChild: 0,
skipGrandChild: 10,
infoGrandChild: 0,
eventsCount: 5,
};
</script><div class="test-wrapper row view test-view">
  <div class="test-list">
    <div class="test-list-tools">
<ul class="tools pull-left">
<li><a href="#"><span class="font-size-14">Tests</span></a></li>
</ul>
<ul class="tools text-right">
<li class="dropdown">
<a href="#" class="dropdown-toggle" data-toggle="dropdown"><i class="fa fa-exclamation-circle"></i></a>
<ul id="status-toggle" class="dropdown-menu dropdown-md p-v-0">
<a class="dropdown-item" status="fail" href="#"><span>Fail</span><span class="status danger"></span></a>
<div class="dropdown-divider"></div>
<a status="clear" class="dropdown-item" href="#"><span>Clear</span><span class="pull-right"><i class="fa fa-close"></i></span></a>
</ul>
</li>
<li class="dropdown">
<a href="#" class="dropdown-toggle" data-toggle="dropdown"><i class="fa fa-tag"></i></a>
<ul id="tag-toggle" class="dropdown-menu dropdown-md p-v-0">
<a class="dropdown-item" href="#">@sponsoredAds</a><a class="dropdown-item" href="#">@smoke</a><a class="dropdown-item" href="#">@MTR-1605</a><a class="dropdown-item" href="#">@MTR-1606</a><a class="dropdown-item" href="#">@MTR-1604</a><a class="dropdown-item" href="#">@MTR-1603</a><a class="dropdown-item" href="#">@MTR</a><a class="dropdown-item" href="#">@MTR-1600</a><a class="dropdown-item" href="#">@MTR-1601</a><a class="dropdown-item" href="#">@MTR-1602</a>
</ul>
</li>
</ul>
</div>    <div class="test-list-wrapper scrollable">
      <ul class="test-list-item">
        <li class="test-item"  status="fail" test-id="1"
          author=""
          tag=""
          device="">
          <div class="test-detail">
            <p class="name">Sponsored Ads</p>
            <p class="text-sm">
              <span>16:34:22 p. m.</span> / <span>04:07:436</span>
              <span class="badge fail-bg log float-right">Fail</span>
            </p>
          </div>
          <div class="test-contents d-none">
<div class="detail-head">
<div class="p-v-10">
<div class="info">
<h5 class="test-status text-fail">Sponsored Ads</h5>
<span class='badge badge-success'>02.13.2023 16:34:22</span>
<span class='badge badge-danger'>02.13.2023 16:38:30</span>
<span class='badge badge-default'>04:07:436</span>
&middot; <span class='uri-anchor badge badge-default'>#test-id=1</span>
</div>
<div class="m-t-10 m-l-5"></div>
</div>
</div>
<div class="accordion mt-4">
  <div class="card">
    <div class="card-header" role="tab">
      <div class="card-title">
        <div class="node" id="2"><span class="badge log pass-bg mr-2">Pass</span>MTR - User able to create an Ad</div>
          <div class="status-avatar float-right mr-4">
            <i class="fa fa-paperclip"></i>
          </div>
      </div>
    </div>
        <div class="collapse">
          <div class="card-body">
              <div class="step pass-bg" title="steps.home.homeSteps.loginWithMakeAnOfferSteps()">
                <span>Given I login with Make An offer</span>
      <div>
      </div>
              </div>
              <div class="step pass-bg" title="steps.dashboard.dashboardSteps.iGoToDashboard()">
                <span>And I go to dashboard</span>
      <div>
      </div>
              </div>
              <div class="step pass-bg" title="steps.sponsoredAds.sponsoredAdsSteps.iSelectSponsoredAdsSection()">
                <span>When I select Sponsored Ads section</span>
      <div>
      </div>
              </div>
              <div class="step pass-bg" title="steps.sponsoredAds.sponsoredAdsSteps.iSelectTheAddNewButton()">
                <span>And I select the Add New button</span>
      <div>
      </div>
              </div>
              <div class="step pass-bg" title="steps.sponsoredAds.sponsoredAdsSteps.iCompleteTheAdInformationTextField()">
                <span>And I complete the Ad information TextField</span>
      <div>
      </div>
              </div>
              <div class="step pass-bg" title="steps.sponsoredAds.sponsoredAdsSteps.iCompleteTheURLTextField()">
                <span>And I complete the URL TextField</span>
      <div>
      </div>
              </div>
              <div class="step pass-bg" title="steps.sponsoredAds.sponsoredAdsSteps.iAddAnImage()">
                <span>And I add an image</span>
      <div>
      </div>
              </div>
              <div class="step pass-bg" title="steps.sponsoredAds.sponsoredAdsSteps.iCompleteTheStartDateTextField()">
                <span>And I complete the Start Date TextField</span>
      <div>
      </div>
              </div>
              <div class="step pass-bg" title="steps.sponsoredAds.sponsoredAdsSteps.iCompleteTheEndDateTextField()">
                <span>And I complete the End Date TextField</span>
      <div>
      </div>
              </div>
              <div class="step pass-bg" title="steps.sponsoredAds.sponsoredAdsSteps.iSelectThePublishButton()">
                <span>And I select the Publish button</span>
      <div>
      </div>
              </div>
              <div class="step pass-bg" title="steps.sponsoredAds.sponsoredAdsSteps.iValidateCreateAnAd()">
                <span>Then I validate Create an Ad</span>
      <div>
      </div>
              </div>
              <div class="step pass-bg" title="AFTER">
                <span>driver.Hooks.tearDown(io.cucumber.java.Scenario)</span>
      <div>MTR - User able to create an Ad
          <div class="row mb-3"><div class="col-md-3">
    <img data-featherlight='../screenshots/embedded1.png' src="../screenshots/embedded1.png">
    
    </div></div>
</div>
      <div>
      </div>
              </div>
          </div>
        </div>
  </div>
  <div class="card">
    <div class="card-header" role="tab">
      <div class="card-title">
        <div class="node" id="16"><span class="badge log pass-bg mr-2">Pass</span>MTR - User able to change status to Active</div>
          <div class="status-avatar float-right mr-4">
            <i class="fa fa-paperclip"></i>
          </div>
      </div>
    </div>
        <div class="collapse">
          <div class="card-body">
              <div class="step pass-bg" title="steps.home.homeSteps.loginWithDevSteps()">
                <span>Given I login with Dev user</span>
      <div>
      </div>
              </div>
              <div class="step pass-bg" title="steps.dashboard.dashboardSteps.iGoToDashboard()">
                <span>And I go to dashboard</span>
      <div>
      </div>
              </div>
              <div class="step pass-bg" title="steps.sponsoredAds.sponsoredAdsSteps.iSelectSponsoredAdsSection()">
                <span>When I select Sponsored Ads section</span>
      <div>
      </div>
              </div>
              <div class="step pass-bg" title="steps.sponsoredAds.sponsoredAdsSteps.iSelectTheTabDots()">
                <span>And I select the tab dots</span>
      <div>
      </div>
              </div>
              <div class="step pass-bg" title="steps.sponsoredAds.sponsoredAdsSteps.iSelectTheReactivateOption()">
                <span>And I select the Reactivate option</span>
      <div>
      </div>
              </div>
              <div class="step pass-bg" title="steps.sponsoredAds.sponsoredAdsSteps.iValidateTheChangeStatusToActive()">
                <span>Then I validate the change status to Active</span>
      <div>
      </div>
              </div>
              <div class="step pass-bg" title="AFTER">
                <span>driver.Hooks.tearDown(io.cucumber.java.Scenario)</span>
      <div>MTR - User able to change status to Active
          <div class="row mb-3"><div class="col-md-3">
    <img data-featherlight='../screenshots/embedded2.png' src="../screenshots/embedded2.png">
    
    </div></div>
</div>
      <div>
      </div>
              </div>
          </div>
        </div>
  </div>
  <div class="card">
    <div class="card-header" role="tab">
      <div class="card-title">
        <div class="node" id="25"><span class="badge log pass-bg mr-2">Pass</span>MTR - User able to change status to Inactive</div>
          <div class="status-avatar float-right mr-4">
            <i class="fa fa-paperclip"></i>
          </div>
      </div>
    </div>
        <div class="collapse">
          <div class="card-body">
              <div class="step pass-bg" title="steps.home.homeSteps.loginWithMakeAnOfferSteps()">
                <span>Given I login with Make An offer</span>
      <div>
      </div>
              </div>
              <div class="step pass-bg" title="steps.dashboard.dashboardSteps.iGoToDashboard()">
                <span>And I go to dashboard</span>
      <div>
      </div>
              </div>
              <div class="step pass-bg" title="steps.sponsoredAds.sponsoredAdsSteps.iSelectSponsoredAdsSection()">
                <span>When I select Sponsored Ads section</span>
      <div>
      </div>
              </div>
              <div class="step pass-bg" title="steps.sponsoredAds.sponsoredAdsSteps.iSelectTheTabDotsDEACTIVATE()">
                <span>And I select the tab dots DEACTIVATE</span>
      <div>
      </div>
              </div>
              <div class="step pass-bg" title="steps.sponsoredAds.sponsoredAdsSteps.iSelectTheDeactivateOption()">
                <span>And I select the Deactivate option</span>
      <div>
      </div>
              </div>
              <div class="step pass-bg" title="steps.sponsoredAds.sponsoredAdsSteps.iValidateTheChangeStatusToInactive()">
                <span>Then I validate the change status to Inactive</span>
      <div>
      </div>
              </div>
              <div class="step pass-bg" title="AFTER">
                <span>driver.Hooks.tearDown(io.cucumber.java.Scenario)</span>
      <div>MTR - User able to change status to Inactive
          <div class="row mb-3"><div class="col-md-3">
    <img data-featherlight='../screenshots/embedded3.png' src="../screenshots/embedded3.png">
    
    </div></div>
</div>
      <div>
      </div>
              </div>
          </div>
        </div>
  </div>
  <div class="card">
    <div class="card-header" role="tab">
      <div class="card-title">
        <div class="node" id="34"><span class="badge log fail-bg mr-2">Fail</span>MTR - User able to pay an ad</div>
          <div class="status-avatar float-right mr-4">
            <i class="fa fa-paperclip"></i>
          </div>
      </div>
    </div>
        <div class="">
          <div class="card-body">
              <div class="step pass-bg" title="steps.sponsoredAds.sponsoredAdsSteps.iLoginWithAnotherAccount()">
                <span>Given I login with another account</span>
      <div>
      </div>
              </div>
              <div class="step pass-bg" title="steps.dashboard.dashboardSteps.iGoToDashboard()">
                <span>And I go to dashboard</span>
      <div>
      </div>
              </div>
              <div class="step pass-bg" title="steps.sponsoredAds.sponsoredAdsSteps.iSelectSponsoredAdsSection()">
                <span>When I select Sponsored Ads section</span>
      <div>
      </div>
              </div>
              <div class="step pass-bg" title="steps.sponsoredAds.sponsoredAdsSteps.iCreateANewAdForPENDINGPAY()">
                <span>And I create a new Ad for PENDING PAY</span>
      <div>
      </div>
              </div>
              <div class="step fail-bg" title="steps.sponsoredAds.sponsoredAdsSteps.iSelectTheTabDotsCheckout()">
                <span>And I select the tab dots PENDING PAY</span>
      <div>
        <textarea disabled class="code-block">org.openqa.selenium.TimeoutException: Expected condition failed: waiting for pages.BasePage$$Lambda$820/0x0000000801483498@6b52a40 (tried for 60 second(s) with 3000 milliseconds interval)
	at org.openqa.selenium.support.ui.FluentWait.timeoutException(FluentWait.java:263)
	at org.openqa.selenium.support.ui.FluentWait.until(FluentWait.java:231)
	at pages.BasePage.fluentWaitStrict(BasePage.java:139)
	at pages.sponsoredAds.sponsoredAdsPage.tabButton(sponsoredAdsPage.java:241)
	at steps.sponsoredAds.sponsoredAdsSteps.iSelectTheTabDotsCheckout(sponsoredAdsSteps.java:125)
	at ✽.I select the tab dots PENDING PAY(classpath:features/sponsoredAds/sponsoredAds.feature:41)
Caused by: org.openqa.selenium.NoSuchElementException: no such element: Unable to locate element: {"method":"xpath","selector":"/html/body/div[3]/main/div[2]/form/div/div[3]/div[1]/div[1]/div/span"}
  (Session info: chrome=110.0.5481.77)
For documentation on this error, please visit: https://selenium.dev/exceptions/#no_such_element
Build info: version: '4.6.0', revision: '79f1c02ae20'
System info: os.name: 'Windows 10', os.arch: 'amd64', os.version: '10.0', java.version: '19.0.2'
Driver info: org.openqa.selenium.chrome.ChromeDriver
Command: [97c15dba774b7f4559820c54270a014c, findElement {using=xpath, value=/html/body/div[3]/main/div[2]/form/div/div[3]/div[1]/div[1]/div/span}]
Capabilities {acceptInsecureCerts: false, browserName: chrome, browserVersion: 110.0.5481.77, chrome: {chromedriverVersion: 110.0.5481.77 (65ed616c6e8e..., userDataDir: C:\Users\Dangelo\AppData\Lo...}, goog:chromeOptions: {debuggerAddress: localhost:64911}, networkConnectionEnabled: false, pageLoadStrategy: normal, platformName: WINDOWS, proxy: Proxy(), se:cdp: ws://localhost:64911/devtoo..., se:cdpVersion: 110.0.5481.77, setWindowRect: true, strictFileInteractability: false, timeouts: {implicit: 0, pageLoad: 300000, script: 30000}, unhandledPromptBehavior: dismiss and notify, webauthn:extension:credBlob: true, webauthn:extension:largeBlob: true, webauthn:virtualAuthenticators: true}
Session ID: 97c15dba774b7f4559820c54270a014c
	at java.base/jdk.internal.reflect.DirectConstructorHandleAccessor.newInstance(DirectConstructorHandleAccessor.java:67)
	at java.base/java.lang.reflect.Constructor.newInstanceWithCaller(Constructor.java:500)
	at java.base/java.lang.reflect.Constructor.newInstance(Constructor.java:484)
	at org.openqa.selenium.remote.codec.w3c.W3CHttpResponseCodec.createException(W3CHttpResponseCodec.java:200)
	at org.openqa.selenium.remote.codec.w3c.W3CHttpResponseCodec.decode(W3CHttpResponseCodec.java:133)
	at org.openqa.selenium.remote.codec.w3c.W3CHttpResponseCodec.decode(W3CHttpResponseCodec.java:53)
	at org.openqa.selenium.remote.HttpCommandExecutor.execute(HttpCommandExecutor.java:184)
	at org.openqa.selenium.remote.service.DriverCommandExecutor.invokeExecute(DriverCommandExecutor.java:167)
	at org.openqa.selenium.remote.service.DriverCommandExecutor.execute(DriverCommandExecutor.java:142)
	at org.openqa.selenium.remote.RemoteWebDriver.execute(RemoteWebDriver.java:541)
	at org.openqa.selenium.remote.ElementLocation$ElementFinder$2.findElement(ElementLocation.java:162)
	at org.openqa.selenium.remote.ElementLocation.findElement(ElementLocation.java:60)
	at org.openqa.selenium.remote.RemoteWebDriver.findElement(RemoteWebDriver.java:365)
	at org.openqa.selenium.remote.RemoteWebDriver.findElement(RemoteWebDriver.java:357)
	at org.openqa.selenium.support.pagefactory.DefaultElementLocator.findElement(DefaultElementLocator.java:70)
	at org.openqa.selenium.support.pagefactory.internal.LocatingElementHandler.invoke(LocatingElementHandler.java:39)
	at jdk.proxy2/jdk.proxy2.$Proxy30.isDisplayed(Unknown Source)
	at pages.BasePage.lambda$fluentWaitStrict$3(BasePage.java:139)
	at org.openqa.selenium.support.ui.FluentWait.until(FluentWait.java:208)
	at pages.BasePage.fluentWaitStrict(BasePage.java:139)
	at pages.sponsoredAds.sponsoredAdsPage.tabButton(sponsoredAdsPage.java:241)
	at steps.sponsoredAds.sponsoredAdsSteps.iSelectTheTabDotsCheckout(sponsoredAdsSteps.java:125)
	at java.base/jdk.internal.reflect.DirectMethodHandleAccessor.invoke(DirectMethodHandleAccessor.java:104)
	at java.base/java.lang.reflect.Method.invoke(Method.java:578)
	at io.cucumber.java.Invoker.doInvoke(Invoker.java:66)
	at io.cucumber.java.Invoker.invoke(Invoker.java:24)
	at io.cucumber.java.AbstractGlueDefinition.invokeMethod(AbstractGlueDefinition.java:47)
	at io.cucumber.java.JavaStepDefinition.execute(JavaStepDefinition.java:29)
	at io.cucumber.core.runner.CoreStepDefinition.execute(CoreStepDefinition.java:66)
	at io.cucumber.core.runner.PickleStepDefinitionMatch.runStep(PickleStepDefinitionMatch.java:63)
	at io.cucumber.core.runner.ExecutionMode$1.execute(ExecutionMode.java:10)
	at io.cucumber.core.runner.TestStep.executeStep(TestStep.java:84)
	at io.cucumber.core.runner.TestStep.run(TestStep.java:56)
	at io.cucumber.core.runner.PickleStepTestStep.run(PickleStepTestStep.java:51)
	at io.cucumber.core.runner.TestCase.run(TestCase.java:84)
	at io.cucumber.core.runner.Runner.runPickle(Runner.java:75)
	at io.cucumber.testng.TestNGCucumberRunner.lambda$runScenario$1(TestNGCucumberRunner.java:132)
	at io.cucumber.core.runtime.CucumberExecutionContext.lambda$runTestCase$5(CucumberExecutionContext.java:130)
	at io.cucumber.core.runtime.RethrowingThrowableCollector.executeAndThrow(RethrowingThrowableCollector.java:23)
	at io.cucumber.core.runtime.CucumberExecutionContext.runTestCase(CucumberExecutionContext.java:130)
	at io.cucumber.testng.TestNGCucumberRunner.runScenario(TestNGCucumberRunner.java:129)
	at io.cucumber.testng.AbstractTestNGCucumberTests.runScenario(AbstractTestNGCucumberTests.java:35)
	at java.base/jdk.internal.reflect.DirectMethodHandleAccessor.invoke(DirectMethodHandleAccessor.java:104)
	at java.base/java.lang.reflect.Method.invoke(Method.java:578)
	at org.testng.internal.invokers.MethodInvocationHelper.invokeMethod(MethodInvocationHelper.java:139)
	at org.testng.internal.invokers.TestInvoker.invokeMethod(TestInvoker.java:677)
	at org.testng.internal.invokers.TestInvoker.invokeTestMethod(TestInvoker.java:221)
	at org.testng.internal.invokers.MethodRunner.runInSequence(MethodRunner.java:50)
	at org.testng.internal.invokers.TestInvoker$MethodInvocationAgent.invoke(TestInvoker.java:962)
	at org.testng.internal.invokers.TestInvoker.invokeTestMethods(TestInvoker.java:194)
	at org.testng.internal.invokers.TestMethodWorker.invokeTestMethods(TestMethodWorker.java:148)
	at org.testng.internal.invokers.TestMethodWorker.run(TestMethodWorker.java:128)
	at java.base/java.util.ArrayList.forEach(ArrayList.java:1511)
	at org.testng.TestRunner.privateRun(TestRunner.java:806)
	at org.testng.TestRunner.run(TestRunner.java:601)
	at org.testng.SuiteRunner.runTest(SuiteRunner.java:433)
	at org.testng.SuiteRunner.runSequentially(SuiteRunner.java:427)
	at org.testng.SuiteRunner.privateRun(SuiteRunner.java:387)
	at org.testng.SuiteRunner.run(SuiteRunner.java:330)
	at org.testng.SuiteRunnerWorker.runSuite(SuiteRunnerWorker.java:52)
	at org.testng.SuiteRunnerWorker.run(SuiteRunnerWorker.java:95)
	at org.testng.TestNG.runSuitesSequentially(TestNG.java:1256)
	at org.testng.TestNG.runSuitesLocally(TestNG.java:1176)
	at org.testng.TestNG.runSuites(TestNG.java:1099)
	at org.testng.TestNG.run(TestNG.java:1067)
	at org.apache.maven.surefire.testng.TestNGExecutor.run(TestNGExecutor.java:324)
	at org.apache.maven.surefire.testng.TestNGXmlTestSuite.execute(TestNGXmlTestSuite.java:74)
	at org.apache.maven.surefire.testng.TestNGProvider.invoke(TestNGProvider.java:123)
	at org.apache.maven.surefire.booter.ForkedBooter.runSuitesInProcess(ForkedBooter.java:456)
	at org.apache.maven.surefire.booter.ForkedBooter.execute(ForkedBooter.java:169)
	at org.apache.maven.surefire.booter.ForkedBooter.run(ForkedBooter.java:595)
	at org.apache.maven.surefire.booter.ForkedBooter.main(ForkedBooter.java:581)
</textarea>
      
      </div>
              </div>
              <div class="step skip-bg" title="steps.sponsoredAds.sponsoredAdsSteps.iCompleteTheCardNumberTextField()">
                <span>And I complete the Card Number TextField</span>
      <div>Step skipped
      </div>
              </div>
              <div class="step skip-bg" title="steps.sponsoredAds.sponsoredAdsSteps.iCompleteTheNameOnCardTextField()">
                <span>And I complete the Name on Card TextField</span>
      <div>Step skipped
      </div>
              </div>
              <div class="step skip-bg" title="steps.sponsoredAds.sponsoredAdsSteps.iCompleteTheExpirationDateTextField()">
                <span>And I complete the Expiration Date TextField</span>
      <div>Step skipped
      </div>
              </div>
              <div class="step skip-bg" title="steps.sponsoredAds.sponsoredAdsSteps.iCompleteTheCVVCodeTextField()">
                <span>And I complete the CVV Code TextField</span>
      <div>Step skipped
      </div>
              </div>
              <div class="step skip-bg" title="steps.sponsoredAds.sponsoredAdsSteps.iSelectTheSubmitPaymentButton()">
                <span>And I select the Submit Payment Button</span>
      <div>Step skipped
      </div>
              </div>
              <div class="step skip-bg" title="steps.sponsoredAds.sponsoredAdsSteps.iValidatePayAnAd()">
                <span>Then I validate Pay an ad</span>
      <div>Step skipped
      </div>
              </div>
              <div class="step pass-bg" title="AFTER">
                <span>driver.Hooks.tearDown(io.cucumber.java.Scenario)</span>
      <div>MTR - User able to pay an ad
          <div class="row mb-3"><div class="col-md-3">
    <img data-featherlight='../screenshots/embedded4.png' src="../screenshots/embedded4.png">
    
    </div></div>
</div>
      <div>
      </div>
              </div>
          </div>
        </div>
  </div>
  <div class="card">
    <div class="card-header" role="tab">
      <div class="card-title">
        <div class="node" id="48"><span class="badge log pass-bg mr-2">Pass</span>MTR - User able to sort ads</div>
          <div class="status-avatar float-right mr-4">
            <i class="fa fa-paperclip"></i>
          </div>
      </div>
    </div>
        <div class="collapse">
          <div class="card-body">
              <div class="step pass-bg" title="steps.home.homeSteps.loginWithGastonUserSteps()">
                <span>Given I login with Gaston User</span>
      <div>
      </div>
              </div>
              <div class="step pass-bg" title="steps.dashboard.dashboardSteps.iGoToDashboard()">
                <span>And I go to dashboard</span>
      <div>
      </div>
              </div>
              <div class="step pass-bg" title="steps.sponsoredAds.sponsoredAdsSteps.iSelectSponsoredAdsSection()">
                <span>When I select Sponsored Ads section</span>
      <div>
      </div>
              </div>
              <div class="step pass-bg" title="steps.sponsoredAds.sponsoredAdsSteps.iSelectTheSortByOption()">
                <span>And I select the Sort By option</span>
      <div>
      </div>
              </div>
              <div class="step pass-bg" title="steps.sponsoredAds.sponsoredAdsSteps.iSelectTheExpiresLastOption()">
                <span>And I select the Expires Last option</span>
      <div>
      </div>
              </div>
              <div class="step pass-bg" title="steps.sponsoredAds.sponsoredAdsSteps.iValidateSortAds()">
                <span>Then I validate sort ads</span>
      <div>
      </div>
              </div>
              <div class="step pass-bg" title="AFTER">
                <span>driver.Hooks.tearDown(io.cucumber.java.Scenario)</span>
      <div>MTR - User able to sort ads
          <div class="row mb-3"><div class="col-md-3">
    <img data-featherlight='../screenshots/embedded5.png' src="../screenshots/embedded5.png">
    
    </div></div>
</div>
      <div>
      </div>
              </div>
          </div>
        </div>
  </div>
  <div class="card">
    <div class="card-header" role="tab">
      <div class="card-title">
        <div class="node" id="57"><span class="badge log fail-bg mr-2">Fail</span>MTR - User able to Edit ads</div>
          <div class="status-avatar float-right mr-4">
            <i class="fa fa-paperclip"></i>
          </div>
      </div>
    </div>
        <div class="">
          <div class="card-body">
              <div class="step pass-bg" title="steps.home.homeSteps.loginWithGastonUserSteps()">
                <span>Given I login with Gaston User</span>
      <div>
      </div>
              </div>
              <div class="step pass-bg" title="steps.dashboard.dashboardSteps.iGoToDashboard()">
                <span>And I go to dashboard</span>
      <div>
      </div>
              </div>
              <div class="step pass-bg" title="steps.sponsoredAds.sponsoredAdsSteps.iSelectTheSponsoredAdsSection()">
                <span>When I select the Sponsored Ads section</span>
      <div>
      </div>
              </div>
              <div class="step pass-bg" title="steps.sponsoredAds.sponsoredAdsSteps.iSelectTheTabDotsEDIT()">
                <span>And I select the tab dots EDIT</span>
      <div>
      </div>
              </div>
              <div class="step fail-bg" title="steps.sponsoredAds.sponsoredAdsSteps.iSelectTheEditOption()">
                <span>And I select the Edit option</span>
      <div>
        <textarea disabled class="code-block">org.openqa.selenium.TimeoutException: Expected condition failed: waiting for pages.BasePage$$Lambda$805/0x000000080147da08@1e5e2e06 (tried for 30 second(s) with 2000 milliseconds interval)
	at org.openqa.selenium.support.ui.FluentWait.timeoutException(FluentWait.java:263)
	at org.openqa.selenium.support.ui.FluentWait.until(FluentWait.java:231)
	at pages.BasePage.fluentWait(BasePage.java:118)
	at pages.sponsoredAds.sponsoredAdsPage.editAd(sponsoredAdsPage.java:346)
	at steps.sponsoredAds.sponsoredAdsSteps.iSelectTheEditOption(sponsoredAdsSteps.java:193)
	at ✽.I select the Edit option(classpath:features/sponsoredAds/sponsoredAds.feature:65)
Caused by: org.openqa.selenium.NoSuchElementException: no such element: Unable to locate element: {"method":"xpath","selector":"//a[contains(text(), 'Edit')]"}
  (Session info: chrome=110.0.5481.77)
For documentation on this error, please visit: https://selenium.dev/exceptions/#no_such_element
Build info: version: '4.6.0', revision: '79f1c02ae20'
System info: os.name: 'Windows 10', os.arch: 'amd64', os.version: '10.0', java.version: '19.0.2'
Driver info: org.openqa.selenium.chrome.ChromeDriver
Command: [2e10fafa902ad6631f10a73b6b5a3d34, findElement {using=xpath, value=//a[contains(text(), 'Edit')]}]
Capabilities {acceptInsecureCerts: false, browserName: chrome, browserVersion: 110.0.5481.77, chrome: {chromedriverVersion: 110.0.5481.77 (65ed616c6e8e..., userDataDir: C:\Users\Dangelo\AppData\Lo...}, goog:chromeOptions: {debuggerAddress: localhost:65214}, networkConnectionEnabled: false, pageLoadStrategy: normal, platformName: WINDOWS, proxy: Proxy(), se:cdp: ws://localhost:65214/devtoo..., se:cdpVersion: 110.0.5481.77, setWindowRect: true, strictFileInteractability: false, timeouts: {implicit: 0, pageLoad: 300000, script: 30000}, unhandledPromptBehavior: dismiss and notify, webauthn:extension:credBlob: true, webauthn:extension:largeBlob: true, webauthn:virtualAuthenticators: true}
Session ID: 2e10fafa902ad6631f10a73b6b5a3d34
	at java.base/jdk.internal.reflect.DirectConstructorHandleAccessor.newInstance(DirectConstructorHandleAccessor.java:67)
	at java.base/java.lang.reflect.Constructor.newInstanceWithCaller(Constructor.java:500)
	at java.base/java.lang.reflect.Constructor.newInstance(Constructor.java:484)
	at org.openqa.selenium.remote.codec.w3c.W3CHttpResponseCodec.createException(W3CHttpResponseCodec.java:200)
	at org.openqa.selenium.remote.codec.w3c.W3CHttpResponseCodec.decode(W3CHttpResponseCodec.java:133)
	at org.openqa.selenium.remote.codec.w3c.W3CHttpResponseCodec.decode(W3CHttpResponseCodec.java:53)
	at org.openqa.selenium.remote.HttpCommandExecutor.execute(HttpCommandExecutor.java:184)
	at org.openqa.selenium.remote.service.DriverCommandExecutor.invokeExecute(DriverCommandExecutor.java:167)
	at org.openqa.selenium.remote.service.DriverCommandExecutor.execute(DriverCommandExecutor.java:142)
	at org.openqa.selenium.remote.RemoteWebDriver.execute(RemoteWebDriver.java:541)
	at org.openqa.selenium.remote.ElementLocation$ElementFinder$2.findElement(ElementLocation.java:162)
	at org.openqa.selenium.remote.ElementLocation.findElement(ElementLocation.java:60)
	at org.openqa.selenium.remote.RemoteWebDriver.findElement(RemoteWebDriver.java:365)
	at org.openqa.selenium.remote.RemoteWebDriver.findElement(RemoteWebDriver.java:357)
	at org.openqa.selenium.support.pagefactory.DefaultElementLocator.findElement(DefaultElementLocator.java:70)
	at org.openqa.selenium.support.pagefactory.internal.LocatingElementHandler.invoke(LocatingElementHandler.java:39)
	at jdk.proxy2/jdk.proxy2.$Proxy30.isDisplayed(Unknown Source)
	at pages.BasePage.lambda$fluentWait$1(BasePage.java:118)
	at org.openqa.selenium.support.ui.FluentWait.until(FluentWait.java:208)
	at pages.BasePage.fluentWait(BasePage.java:118)
	at pages.sponsoredAds.sponsoredAdsPage.editAd(sponsoredAdsPage.java:346)
	at steps.sponsoredAds.sponsoredAdsSteps.iSelectTheEditOption(sponsoredAdsSteps.java:193)
	at java.base/jdk.internal.reflect.DirectMethodHandleAccessor.invoke(DirectMethodHandleAccessor.java:104)
	at java.base/java.lang.reflect.Method.invoke(Method.java:578)
	at io.cucumber.java.Invoker.doInvoke(Invoker.java:66)
	at io.cucumber.java.Invoker.invoke(Invoker.java:24)
	at io.cucumber.java.AbstractGlueDefinition.invokeMethod(AbstractGlueDefinition.java:47)
	at io.cucumber.java.JavaStepDefinition.execute(JavaStepDefinition.java:29)
	at io.cucumber.core.runner.CoreStepDefinition.execute(CoreStepDefinition.java:66)
	at io.cucumber.core.runner.PickleStepDefinitionMatch.runStep(PickleStepDefinitionMatch.java:63)
	at io.cucumber.core.runner.ExecutionMode$1.execute(ExecutionMode.java:10)
	at io.cucumber.core.runner.TestStep.executeStep(TestStep.java:84)
	at io.cucumber.core.runner.TestStep.run(TestStep.java:56)
	at io.cucumber.core.runner.PickleStepTestStep.run(PickleStepTestStep.java:51)
	at io.cucumber.core.runner.TestCase.run(TestCase.java:84)
	at io.cucumber.core.runner.Runner.runPickle(Runner.java:75)
	at io.cucumber.testng.TestNGCucumberRunner.lambda$runScenario$1(TestNGCucumberRunner.java:132)
	at io.cucumber.core.runtime.CucumberExecutionContext.lambda$runTestCase$5(CucumberExecutionContext.java:130)
	at io.cucumber.core.runtime.RethrowingThrowableCollector.executeAndThrow(RethrowingThrowableCollector.java:23)
	at io.cucumber.core.runtime.CucumberExecutionContext.runTestCase(CucumberExecutionContext.java:130)
	at io.cucumber.testng.TestNGCucumberRunner.runScenario(TestNGCucumberRunner.java:129)
	at io.cucumber.testng.AbstractTestNGCucumberTests.runScenario(AbstractTestNGCucumberTests.java:35)
	at java.base/jdk.internal.reflect.DirectMethodHandleAccessor.invoke(DirectMethodHandleAccessor.java:104)
	at java.base/java.lang.reflect.Method.invoke(Method.java:578)
	at org.testng.internal.invokers.MethodInvocationHelper.invokeMethod(MethodInvocationHelper.java:139)
	at org.testng.internal.invokers.TestInvoker.invokeMethod(TestInvoker.java:677)
	at org.testng.internal.invokers.TestInvoker.invokeTestMethod(TestInvoker.java:221)
	at org.testng.internal.invokers.MethodRunner.runInSequence(MethodRunner.java:50)
	at org.testng.internal.invokers.TestInvoker$MethodInvocationAgent.invoke(TestInvoker.java:962)
	at org.testng.internal.invokers.TestInvoker.invokeTestMethods(TestInvoker.java:194)
	at org.testng.internal.invokers.TestMethodWorker.invokeTestMethods(TestMethodWorker.java:148)
	at org.testng.internal.invokers.TestMethodWorker.run(TestMethodWorker.java:128)
	at java.base/java.util.ArrayList.forEach(ArrayList.java:1511)
	at org.testng.TestRunner.privateRun(TestRunner.java:806)
	at org.testng.TestRunner.run(TestRunner.java:601)
	at org.testng.SuiteRunner.runTest(SuiteRunner.java:433)
	at org.testng.SuiteRunner.runSequentially(SuiteRunner.java:427)
	at org.testng.SuiteRunner.privateRun(SuiteRunner.java:387)
	at org.testng.SuiteRunner.run(SuiteRunner.java:330)
	at org.testng.SuiteRunnerWorker.runSuite(SuiteRunnerWorker.java:52)
	at org.testng.SuiteRunnerWorker.run(SuiteRunnerWorker.java:95)
	at org.testng.TestNG.runSuitesSequentially(TestNG.java:1256)
	at org.testng.TestNG.runSuitesLocally(TestNG.java:1176)
	at org.testng.TestNG.runSuites(TestNG.java:1099)
	at org.testng.TestNG.run(TestNG.java:1067)
	at org.apache.maven.surefire.testng.TestNGExecutor.run(TestNGExecutor.java:324)
	at org.apache.maven.surefire.testng.TestNGXmlTestSuite.execute(TestNGXmlTestSuite.java:74)
	at org.apache.maven.surefire.testng.TestNGProvider.invoke(TestNGProvider.java:123)
	at org.apache.maven.surefire.booter.ForkedBooter.runSuitesInProcess(ForkedBooter.java:456)
	at org.apache.maven.surefire.booter.ForkedBooter.execute(ForkedBooter.java:169)
	at org.apache.maven.surefire.booter.ForkedBooter.run(ForkedBooter.java:595)
	at org.apache.maven.surefire.booter.ForkedBooter.main(ForkedBooter.java:581)
</textarea>
      
      </div>
              </div>
              <div class="step skip-bg" title="steps.sponsoredAds.sponsoredAdsSteps.iClickThePublishButton()">
                <span>And i click the Publish button</span>
      <div>Step skipped
      </div>
              </div>
              <div class="step skip-bg" title="steps.sponsoredAds.sponsoredAdsSteps.iValidateTheEditAds()">
                <span>Then I validate the Edit ads</span>
      <div>Step skipped
      </div>
              </div>
              <div class="step pass-bg" title="AFTER">
                <span>driver.Hooks.tearDown(io.cucumber.java.Scenario)</span>
      <div>MTR - User able to Edit ads
          <div class="row mb-3"><div class="col-md-3">
    <img data-featherlight='../screenshots/embedded6.png' src="../screenshots/embedded6.png">
    
    </div></div>
</div>
      <div>
      </div>
              </div>
          </div>
        </div>
  </div>
  <div class="card">
    <div class="card-header" role="tab">
      <div class="card-title">
        <div class="node" id="67"><span class="badge log fail-bg mr-2">Fail</span>MTR - User able to Delete ads</div>
          <div class="status-avatar float-right mr-4">
            <i class="fa fa-paperclip"></i>
          </div>
      </div>
    </div>
        <div class="">
          <div class="card-body">
              <div class="step pass-bg" title="steps.home.homeSteps.loginWithGastonUserSteps()">
                <span>Given I login with Gaston User</span>
      <div>
      </div>
              </div>
              <div class="step pass-bg" title="steps.dashboard.dashboardSteps.iGoToDashboard()">
                <span>And I go to dashboard</span>
      <div>
      </div>
              </div>
              <div class="step pass-bg" title="steps.sponsoredAds.sponsoredAdsSteps.iSelectTheSponsoredAdsSection()">
                <span>When I select the Sponsored Ads section</span>
      <div>
      </div>
              </div>
              <div class="step fail-bg" title="steps.sponsoredAds.sponsoredAdsSteps.iSelectTheTabDotsDELETE()">
                <span>And I select the tab dots DELETE</span>
      <div>
        <textarea disabled class="code-block">org.openqa.selenium.TimeoutException: Expected condition failed: waiting for pages.BasePage$$Lambda$805/0x000000080147da08@20fdaf3e (tried for 30 second(s) with 2000 milliseconds interval)
	at org.openqa.selenium.support.ui.FluentWait.timeoutException(FluentWait.java:263)
	at org.openqa.selenium.support.ui.FluentWait.until(FluentWait.java:231)
	at pages.BasePage.fluentWait(BasePage.java:118)
	at pages.sponsoredAds.sponsoredAdsPage.iSelectTabDotsDelete(sponsoredAdsPage.java:265)
	at steps.sponsoredAds.sponsoredAdsSteps.iSelectTheTabDotsDELETE(sponsoredAdsSteps.java:241)
	at ✽.I select the tab dots DELETE(classpath:features/sponsoredAds/sponsoredAds.feature:74)
Caused by: org.openqa.selenium.NoSuchElementException: no such element: Unable to locate element: {"method":"xpath","selector":"/html/body/div[2]/div/div[2]/div/div/div[1]/div/div[2]/div[1]/div[2]/div[1]/div/div/div[2]/div[1]/div/div/button"}
  (Session info: chrome=110.0.5481.77)
For documentation on this error, please visit: https://selenium.dev/exceptions/#no_such_element
Build info: version: '4.6.0', revision: '79f1c02ae20'
System info: os.name: 'Windows 10', os.arch: 'amd64', os.version: '10.0', java.version: '19.0.2'
Driver info: org.openqa.selenium.chrome.ChromeDriver
Command: [6ac665883f96db7d6e402918b86ae81f, findElement {using=xpath, value=/html/body/div[2]/div/div[2]/div/div/div[1]/div/div[2]/div[1]/div[2]/div[1]/div/div/div[2]/div[1]/div/div/button}]
Capabilities {acceptInsecureCerts: false, browserName: chrome, browserVersion: 110.0.5481.77, chrome: {chromedriverVersion: 110.0.5481.77 (65ed616c6e8e..., userDataDir: C:\Users\Dangelo\AppData\Lo...}, goog:chromeOptions: {debuggerAddress: localhost:65332}, networkConnectionEnabled: false, pageLoadStrategy: normal, platformName: WINDOWS, proxy: Proxy(), se:cdp: ws://localhost:65332/devtoo..., se:cdpVersion: 110.0.5481.77, setWindowRect: true, strictFileInteractability: false, timeouts: {implicit: 0, pageLoad: 300000, script: 30000}, unhandledPromptBehavior: dismiss and notify, webauthn:extension:credBlob: true, webauthn:extension:largeBlob: true, webauthn:virtualAuthenticators: true}
Session ID: 6ac665883f96db7d6e402918b86ae81f
	at java.base/jdk.internal.reflect.DirectConstructorHandleAccessor.newInstance(DirectConstructorHandleAccessor.java:67)
	at java.base/java.lang.reflect.Constructor.newInstanceWithCaller(Constructor.java:500)
	at java.base/java.lang.reflect.Constructor.newInstance(Constructor.java:484)
	at org.openqa.selenium.remote.codec.w3c.W3CHttpResponseCodec.createException(W3CHttpResponseCodec.java:200)
	at org.openqa.selenium.remote.codec.w3c.W3CHttpResponseCodec.decode(W3CHttpResponseCodec.java:133)
	at org.openqa.selenium.remote.codec.w3c.W3CHttpResponseCodec.decode(W3CHttpResponseCodec.java:53)
	at org.openqa.selenium.remote.HttpCommandExecutor.execute(HttpCommandExecutor.java:184)
	at org.openqa.selenium.remote.service.DriverCommandExecutor.invokeExecute(DriverCommandExecutor.java:167)
	at org.openqa.selenium.remote.service.DriverCommandExecutor.execute(DriverCommandExecutor.java:142)
	at org.openqa.selenium.remote.RemoteWebDriver.execute(RemoteWebDriver.java:541)
	at org.openqa.selenium.remote.ElementLocation$ElementFinder$2.findElement(ElementLocation.java:162)
	at org.openqa.selenium.remote.ElementLocation.findElement(ElementLocation.java:60)
	at org.openqa.selenium.remote.RemoteWebDriver.findElement(RemoteWebDriver.java:365)
	at org.openqa.selenium.remote.RemoteWebDriver.findElement(RemoteWebDriver.java:357)
	at org.openqa.selenium.support.pagefactory.DefaultElementLocator.findElement(DefaultElementLocator.java:70)
	at org.openqa.selenium.support.pagefactory.internal.LocatingElementHandler.invoke(LocatingElementHandler.java:39)
	at jdk.proxy2/jdk.proxy2.$Proxy30.isDisplayed(Unknown Source)
	at pages.BasePage.lambda$fluentWait$1(BasePage.java:118)
	at org.openqa.selenium.support.ui.FluentWait.until(FluentWait.java:208)
	at pages.BasePage.fluentWait(BasePage.java:118)
	at pages.sponsoredAds.sponsoredAdsPage.iSelectTabDotsDelete(sponsoredAdsPage.java:265)
	at steps.sponsoredAds.sponsoredAdsSteps.iSelectTheTabDotsDELETE(sponsoredAdsSteps.java:241)
	at java.base/jdk.internal.reflect.DirectMethodHandleAccessor.invoke(DirectMethodHandleAccessor.java:104)
	at java.base/java.lang.reflect.Method.invoke(Method.java:578)
	at io.cucumber.java.Invoker.doInvoke(Invoker.java:66)
	at io.cucumber.java.Invoker.invoke(Invoker.java:24)
	at io.cucumber.java.AbstractGlueDefinition.invokeMethod(AbstractGlueDefinition.java:47)
	at io.cucumber.java.JavaStepDefinition.execute(JavaStepDefinition.java:29)
	at io.cucumber.core.runner.CoreStepDefinition.execute(CoreStepDefinition.java:66)
	at io.cucumber.core.runner.PickleStepDefinitionMatch.runStep(PickleStepDefinitionMatch.java:63)
	at io.cucumber.core.runner.ExecutionMode$1.execute(ExecutionMode.java:10)
	at io.cucumber.core.runner.TestStep.executeStep(TestStep.java:84)
	at io.cucumber.core.runner.TestStep.run(TestStep.java:56)
	at io.cucumber.core.runner.PickleStepTestStep.run(PickleStepTestStep.java:51)
	at io.cucumber.core.runner.TestCase.run(TestCase.java:84)
	at io.cucumber.core.runner.Runner.runPickle(Runner.java:75)
	at io.cucumber.testng.TestNGCucumberRunner.lambda$runScenario$1(TestNGCucumberRunner.java:132)
	at io.cucumber.core.runtime.CucumberExecutionContext.lambda$runTestCase$5(CucumberExecutionContext.java:130)
	at io.cucumber.core.runtime.RethrowingThrowableCollector.executeAndThrow(RethrowingThrowableCollector.java:23)
	at io.cucumber.core.runtime.CucumberExecutionContext.runTestCase(CucumberExecutionContext.java:130)
	at io.cucumber.testng.TestNGCucumberRunner.runScenario(TestNGCucumberRunner.java:129)
	at io.cucumber.testng.AbstractTestNGCucumberTests.runScenario(AbstractTestNGCucumberTests.java:35)
	at java.base/jdk.internal.reflect.DirectMethodHandleAccessor.invoke(DirectMethodHandleAccessor.java:104)
	at java.base/java.lang.reflect.Method.invoke(Method.java:578)
	at org.testng.internal.invokers.MethodInvocationHelper.invokeMethod(MethodInvocationHelper.java:139)
	at org.testng.internal.invokers.TestInvoker.invokeMethod(TestInvoker.java:677)
	at org.testng.internal.invokers.TestInvoker.invokeTestMethod(TestInvoker.java:221)
	at org.testng.internal.invokers.MethodRunner.runInSequence(MethodRunner.java:50)
	at org.testng.internal.invokers.TestInvoker$MethodInvocationAgent.invoke(TestInvoker.java:962)
	at org.testng.internal.invokers.TestInvoker.invokeTestMethods(TestInvoker.java:194)
	at org.testng.internal.invokers.TestMethodWorker.invokeTestMethods(TestMethodWorker.java:148)
	at org.testng.internal.invokers.TestMethodWorker.run(TestMethodWorker.java:128)
	at java.base/java.util.ArrayList.forEach(ArrayList.java:1511)
	at org.testng.TestRunner.privateRun(TestRunner.java:806)
	at org.testng.TestRunner.run(TestRunner.java:601)
	at org.testng.SuiteRunner.runTest(SuiteRunner.java:433)
	at org.testng.SuiteRunner.runSequentially(SuiteRunner.java:427)
	at org.testng.SuiteRunner.privateRun(SuiteRunner.java:387)
	at org.testng.SuiteRunner.run(SuiteRunner.java:330)
	at org.testng.SuiteRunnerWorker.runSuite(SuiteRunnerWorker.java:52)
	at org.testng.SuiteRunnerWorker.run(SuiteRunnerWorker.java:95)
	at org.testng.TestNG.runSuitesSequentially(TestNG.java:1256)
	at org.testng.TestNG.runSuitesLocally(TestNG.java:1176)
	at org.testng.TestNG.runSuites(TestNG.java:1099)
	at org.testng.TestNG.run(TestNG.java:1067)
	at org.apache.maven.surefire.testng.TestNGExecutor.run(TestNGExecutor.java:324)
	at org.apache.maven.surefire.testng.TestNGXmlTestSuite.execute(TestNGXmlTestSuite.java:74)
	at org.apache.maven.surefire.testng.TestNGProvider.invoke(TestNGProvider.java:123)
	at org.apache.maven.surefire.booter.ForkedBooter.runSuitesInProcess(ForkedBooter.java:456)
	at org.apache.maven.surefire.booter.ForkedBooter.execute(ForkedBooter.java:169)
	at org.apache.maven.surefire.booter.ForkedBooter.run(ForkedBooter.java:595)
	at org.apache.maven.surefire.booter.ForkedBooter.main(ForkedBooter.java:581)
</textarea>
      
      </div>
              </div>
              <div class="step skip-bg" title="steps.sponsoredAds.sponsoredAdsSteps.iSelectTheDeleteOption()">
                <span>And I select the Delete option</span>
      <div>Step skipped
      </div>
              </div>
              <div class="step skip-bg" title="steps.sponsoredAds.sponsoredAdsSteps.iValidateTheDeleteAds()">
                <span>Then I validate the Delete ads</span>
      <div>Step skipped
      </div>
              </div>
              <div class="step pass-bg" title="AFTER">
                <span>driver.Hooks.tearDown(io.cucumber.java.Scenario)</span>
      <div>MTR - User able to Delete ads
          <div class="row mb-3"><div class="col-md-3">
    <img data-featherlight='../screenshots/embedded7.png' src="../screenshots/embedded7.png">
    
    </div></div>
</div>
      <div>
      </div>
              </div>
          </div>
        </div>
  </div>
</div>
          </div>
        </li>
      </ul>
    </div>
  </div>
<div class="test-content scrollable">
<div class="test-content-tools">
<ul><li><a class="back-to-test" href="#"><i class="fa fa-arrow-left"></i></a></li></ul>
</div>
<div class="test-content-detail"><div class="detail-body"></div></div>
</div></div>
<div class="test-wrapper row view category-view attributes-view">
<div class="test-list">
<div class="test-list-tools">
<ul class="tools pull-left"><li><a href=""><span class="font-size-14">Category</span></a></li></ul>
<ul class="tools text-right"><li><a href="#"><span class="badge badge-primary">10</span></a></li></ul>
</div>
<div class="test-list-wrapper scrollable">
<ul class="test-list-item">
<li class="test-item">
<div class="test-detail">
<span class="meta">
<span class='badge log pass-bg'>4</span>
<span class='badge log badge-danger'>3</span>
</span>
<p class="name">@sponsoredAds</p>
<p class="duration text-sm">7 tests</p>
</div>
<div class="test-contents d-none">
<div class="info">
<h4>@sponsoredAds</h4>
<span status="pass" class='badge log pass-bg'>4 passed</span>
<span status="fail" class='badge log badge-danger'>3 failed</span>
</div>
<table class='table table-sm mt-4'>
<thead>
<tr>
<th class="status-col">Status</th>
<th class="timestamp-col">Timestamp</th>
<th>TestName</th>
</tr>
</thead>
<tbody>
<tr class="tag-test-status" status="pass">
<td><span class="badge log pass-bg">Pass</span></td>
<td>16:34:22 p. m.</td>
<td>
<a href="#" class="linked" test-id='1' id='2'>MTR - User able to create an Ad</a>
<div class="">
<span class="badge badge-default">Sponsored Ads.MTR - User able to create an Ad</span>
</div>
</td>
</tr>
<tr class="tag-test-status" status="pass">
<td><span class="badge log pass-bg">Pass</span></td>
<td>16:34:43 p. m.</td>
<td>
<a href="#" class="linked" test-id='1' id='16'>MTR - User able to change status to Active</a>
<div class="">
<span class="badge badge-default">Sponsored Ads.MTR - User able to change status to Active</span>
</div>
</td>
</tr>
<tr class="tag-test-status" status="pass">
<td><span class="badge log pass-bg">Pass</span></td>
<td>16:34:58 p. m.</td>
<td>
<a href="#" class="linked" test-id='1' id='25'>MTR - User able to change status to Inactive</a>
<div class="">
<span class="badge badge-default">Sponsored Ads.MTR - User able to change status to Inactive</span>
</div>
</td>
</tr>
<tr class="tag-test-status" status="fail">
<td><span class="badge log fail-bg">Fail</span></td>
<td>16:35:14 p. m.</td>
<td>
<a href="#" class="linked" test-id='1' id='34'>MTR - User able to pay an ad</a>
<div class="">
<span class="badge badge-default">Sponsored Ads.MTR - User able to pay an ad</span>
</div>
</td>
</tr>
<tr class="tag-test-status" status="pass">
<td><span class="badge log pass-bg">Pass</span></td>
<td>16:36:45 p. m.</td>
<td>
<a href="#" class="linked" test-id='1' id='48'>MTR - User able to sort ads</a>
<div class="">
<span class="badge badge-default">Sponsored Ads.MTR - User able to sort ads</span>
</div>
</td>
</tr>
<tr class="tag-test-status" status="fail">
<td><span class="badge log fail-bg">Fail</span></td>
<td>16:37:01 p. m.</td>
<td>
<a href="#" class="linked" test-id='1' id='57'>MTR - User able to Edit ads</a>
<div class="">
<span class="badge badge-default">Sponsored Ads.MTR - User able to Edit ads</span>
</div>
</td>
</tr>
<tr class="tag-test-status" status="fail">
<td><span class="badge log fail-bg">Fail</span></td>
<td>16:37:45 p. m.</td>
<td>
<a href="#" class="linked" test-id='1' id='67'>MTR - User able to Delete ads</a>
<div class="">
<span class="badge badge-default">Sponsored Ads.MTR - User able to Delete ads</span>
</div>
</td>
</tr>
</tbody>
</table>
</div>
</li>
<li class="test-item">
<div class="test-detail">
<span class="meta">
<span class='badge log pass-bg'>4</span>
<span class='badge log badge-danger'>3</span>
</span>
<p class="name">@smoke</p>
<p class="duration text-sm">7 tests</p>
</div>
<div class="test-contents d-none">
<div class="info">
<h4>@smoke</h4>
<span status="pass" class='badge log pass-bg'>4 passed</span>
<span status="fail" class='badge log badge-danger'>3 failed</span>
</div>
<table class='table table-sm mt-4'>
<thead>
<tr>
<th class="status-col">Status</th>
<th class="timestamp-col">Timestamp</th>
<th>TestName</th>
</tr>
</thead>
<tbody>
<tr class="tag-test-status" status="pass">
<td><span class="badge log pass-bg">Pass</span></td>
<td>16:34:22 p. m.</td>
<td>
<a href="#" class="linked" test-id='1' id='2'>MTR - User able to create an Ad</a>
<div class="">
<span class="badge badge-default">Sponsored Ads.MTR - User able to create an Ad</span>
</div>
</td>
</tr>
<tr class="tag-test-status" status="pass">
<td><span class="badge log pass-bg">Pass</span></td>
<td>16:34:43 p. m.</td>
<td>
<a href="#" class="linked" test-id='1' id='16'>MTR - User able to change status to Active</a>
<div class="">
<span class="badge badge-default">Sponsored Ads.MTR - User able to change status to Active</span>
</div>
</td>
</tr>
<tr class="tag-test-status" status="pass">
<td><span class="badge log pass-bg">Pass</span></td>
<td>16:34:58 p. m.</td>
<td>
<a href="#" class="linked" test-id='1' id='25'>MTR - User able to change status to Inactive</a>
<div class="">
<span class="badge badge-default">Sponsored Ads.MTR - User able to change status to Inactive</span>
</div>
</td>
</tr>
<tr class="tag-test-status" status="fail">
<td><span class="badge log fail-bg">Fail</span></td>
<td>16:35:14 p. m.</td>
<td>
<a href="#" class="linked" test-id='1' id='34'>MTR - User able to pay an ad</a>
<div class="">
<span class="badge badge-default">Sponsored Ads.MTR - User able to pay an ad</span>
</div>
</td>
</tr>
<tr class="tag-test-status" status="pass">
<td><span class="badge log pass-bg">Pass</span></td>
<td>16:36:45 p. m.</td>
<td>
<a href="#" class="linked" test-id='1' id='48'>MTR - User able to sort ads</a>
<div class="">
<span class="badge badge-default">Sponsored Ads.MTR - User able to sort ads</span>
</div>
</td>
</tr>
<tr class="tag-test-status" status="fail">
<td><span class="badge log fail-bg">Fail</span></td>
<td>16:37:01 p. m.</td>
<td>
<a href="#" class="linked" test-id='1' id='57'>MTR - User able to Edit ads</a>
<div class="">
<span class="badge badge-default">Sponsored Ads.MTR - User able to Edit ads</span>
</div>
</td>
</tr>
<tr class="tag-test-status" status="fail">
<td><span class="badge log fail-bg">Fail</span></td>
<td>16:37:45 p. m.</td>
<td>
<a href="#" class="linked" test-id='1' id='67'>MTR - User able to Delete ads</a>
<div class="">
<span class="badge badge-default">Sponsored Ads.MTR - User able to Delete ads</span>
</div>
</td>
</tr>
</tbody>
</table>
</div>
</li>
<li class="test-item">
<div class="test-detail">
<span class="meta">
<span class='badge log badge-danger'>1</span>
</span>
<p class="name">@MTR-1605</p>
<p class="duration text-sm">1 tests</p>
</div>
<div class="test-contents d-none">
<div class="info">
<h4>@MTR-1605</h4>
<span status="fail" class='badge log badge-danger'>1 failed</span>
</div>
<table class='table table-sm mt-4'>
<thead>
<tr>
<th class="status-col">Status</th>
<th class="timestamp-col">Timestamp</th>
<th>TestName</th>
</tr>
</thead>
<tbody>
<tr class="tag-test-status" status="fail">
<td><span class="badge log fail-bg">Fail</span></td>
<td>16:37:01 p. m.</td>
<td>
<a href="#" class="linked" test-id='1' id='57'>MTR - User able to Edit ads</a>
<div class="">
<span class="badge badge-default">Sponsored Ads.MTR - User able to Edit ads</span>
</div>
</td>
</tr>
</tbody>
</table>
</div>
</li>
<li class="test-item">
<div class="test-detail">
<span class="meta">
<span class='badge log badge-danger'>1</span>
</span>
<p class="name">@MTR-1606</p>
<p class="duration text-sm">1 tests</p>
</div>
<div class="test-contents d-none">
<div class="info">
<h4>@MTR-1606</h4>
<span status="fail" class='badge log badge-danger'>1 failed</span>
</div>
<table class='table table-sm mt-4'>
<thead>
<tr>
<th class="status-col">Status</th>
<th class="timestamp-col">Timestamp</th>
<th>TestName</th>
</tr>
</thead>
<tbody>
<tr class="tag-test-status" status="fail">
<td><span class="badge log fail-bg">Fail</span></td>
<td>16:37:45 p. m.</td>
<td>
<a href="#" class="linked" test-id='1' id='67'>MTR - User able to Delete ads</a>
<div class="">
<span class="badge badge-default">Sponsored Ads.MTR - User able to Delete ads</span>
</div>
</td>
</tr>
</tbody>
</table>
</div>
</li>
<li class="test-item">
<div class="test-detail">
<span class="meta">
<span class='badge log pass-bg'>1</span>
</span>
<p class="name">@MTR-1604</p>
<p class="duration text-sm">1 tests</p>
</div>
<div class="test-contents d-none">
<div class="info">
<h4>@MTR-1604</h4>
<span status="pass" class='badge log pass-bg'>1 passed</span>
</div>
<table class='table table-sm mt-4'>
<thead>
<tr>
<th class="status-col">Status</th>
<th class="timestamp-col">Timestamp</th>
<th>TestName</th>
</tr>
</thead>
<tbody>
<tr class="tag-test-status" status="pass">
<td><span class="badge log pass-bg">Pass</span></td>
<td>16:36:45 p. m.</td>
<td>
<a href="#" class="linked" test-id='1' id='48'>MTR - User able to sort ads</a>
<div class="">
<span class="badge badge-default">Sponsored Ads.MTR - User able to sort ads</span>
</div>
</td>
</tr>
</tbody>
</table>
</div>
</li>
<li class="test-item">
<div class="test-detail">
<span class="meta">
<span class='badge log badge-danger'>1</span>
</span>
<p class="name">@MTR-1603</p>
<p class="duration text-sm">1 tests</p>
</div>
<div class="test-contents d-none">
<div class="info">
<h4>@MTR-1603</h4>
<span status="fail" class='badge log badge-danger'>1 failed</span>
</div>
<table class='table table-sm mt-4'>
<thead>
<tr>
<th class="status-col">Status</th>
<th class="timestamp-col">Timestamp</th>
<th>TestName</th>
</tr>
</thead>
<tbody>
<tr class="tag-test-status" status="fail">
<td><span class="badge log fail-bg">Fail</span></td>
<td>16:35:14 p. m.</td>
<td>
<a href="#" class="linked" test-id='1' id='34'>MTR - User able to pay an ad</a>
<div class="">
<span class="badge badge-default">Sponsored Ads.MTR - User able to pay an ad</span>
</div>
</td>
</tr>
</tbody>
</table>
</div>
</li>
<li class="test-item">
<div class="test-detail">
<span class="meta">
<span class='badge log pass-bg'>4</span>
<span class='badge log badge-danger'>3</span>
</span>
<p class="name">@MTR</p>
<p class="duration text-sm">7 tests</p>
</div>
<div class="test-contents d-none">
<div class="info">
<h4>@MTR</h4>
<span status="pass" class='badge log pass-bg'>4 passed</span>
<span status="fail" class='badge log badge-danger'>3 failed</span>
</div>
<table class='table table-sm mt-4'>
<thead>
<tr>
<th class="status-col">Status</th>
<th class="timestamp-col">Timestamp</th>
<th>TestName</th>
</tr>
</thead>
<tbody>
<tr class="tag-test-status" status="pass">
<td><span class="badge log pass-bg">Pass</span></td>
<td>16:34:22 p. m.</td>
<td>
<a href="#" class="linked" test-id='1' id='2'>MTR - User able to create an Ad</a>
<div class="">
<span class="badge badge-default">Sponsored Ads.MTR - User able to create an Ad</span>
</div>
</td>
</tr>
<tr class="tag-test-status" status="pass">
<td><span class="badge log pass-bg">Pass</span></td>
<td>16:34:43 p. m.</td>
<td>
<a href="#" class="linked" test-id='1' id='16'>MTR - User able to change status to Active</a>
<div class="">
<span class="badge badge-default">Sponsored Ads.MTR - User able to change status to Active</span>
</div>
</td>
</tr>
<tr class="tag-test-status" status="pass">
<td><span class="badge log pass-bg">Pass</span></td>
<td>16:34:58 p. m.</td>
<td>
<a href="#" class="linked" test-id='1' id='25'>MTR - User able to change status to Inactive</a>
<div class="">
<span class="badge badge-default">Sponsored Ads.MTR - User able to change status to Inactive</span>
</div>
</td>
</tr>
<tr class="tag-test-status" status="fail">
<td><span class="badge log fail-bg">Fail</span></td>
<td>16:35:14 p. m.</td>
<td>
<a href="#" class="linked" test-id='1' id='34'>MTR - User able to pay an ad</a>
<div class="">
<span class="badge badge-default">Sponsored Ads.MTR - User able to pay an ad</span>
</div>
</td>
</tr>
<tr class="tag-test-status" status="pass">
<td><span class="badge log pass-bg">Pass</span></td>
<td>16:36:45 p. m.</td>
<td>
<a href="#" class="linked" test-id='1' id='48'>MTR - User able to sort ads</a>
<div class="">
<span class="badge badge-default">Sponsored Ads.MTR - User able to sort ads</span>
</div>
</td>
</tr>
<tr class="tag-test-status" status="fail">
<td><span class="badge log fail-bg">Fail</span></td>
<td>16:37:01 p. m.</td>
<td>
<a href="#" class="linked" test-id='1' id='57'>MTR - User able to Edit ads</a>
<div class="">
<span class="badge badge-default">Sponsored Ads.MTR - User able to Edit ads</span>
</div>
</td>
</tr>
<tr class="tag-test-status" status="fail">
<td><span class="badge log fail-bg">Fail</span></td>
<td>16:37:45 p. m.</td>
<td>
<a href="#" class="linked" test-id='1' id='67'>MTR - User able to Delete ads</a>
<div class="">
<span class="badge badge-default">Sponsored Ads.MTR - User able to Delete ads</span>
</div>
</td>
</tr>
</tbody>
</table>
</div>
</li>
<li class="test-item">
<div class="test-detail">
<span class="meta">
<span class='badge log pass-bg'>1</span>
</span>
<p class="name">@MTR-1600</p>
<p class="duration text-sm">1 tests</p>
</div>
<div class="test-contents d-none">
<div class="info">
<h4>@MTR-1600</h4>
<span status="pass" class='badge log pass-bg'>1 passed</span>
</div>
<table class='table table-sm mt-4'>
<thead>
<tr>
<th class="status-col">Status</th>
<th class="timestamp-col">Timestamp</th>
<th>TestName</th>
</tr>
</thead>
<tbody>
<tr class="tag-test-status" status="pass">
<td><span class="badge log pass-bg">Pass</span></td>
<td>16:34:22 p. m.</td>
<td>
<a href="#" class="linked" test-id='1' id='2'>MTR - User able to create an Ad</a>
<div class="">
<span class="badge badge-default">Sponsored Ads.MTR - User able to create an Ad</span>
</div>
</td>
</tr>
</tbody>
</table>
</div>
</li>
<li class="test-item">
<div class="test-detail">
<span class="meta">
<span class='badge log pass-bg'>1</span>
</span>
<p class="name">@MTR-1601</p>
<p class="duration text-sm">1 tests</p>
</div>
<div class="test-contents d-none">
<div class="info">
<h4>@MTR-1601</h4>
<span status="pass" class='badge log pass-bg'>1 passed</span>
</div>
<table class='table table-sm mt-4'>
<thead>
<tr>
<th class="status-col">Status</th>
<th class="timestamp-col">Timestamp</th>
<th>TestName</th>
</tr>
</thead>
<tbody>
<tr class="tag-test-status" status="pass">
<td><span class="badge log pass-bg">Pass</span></td>
<td>16:34:43 p. m.</td>
<td>
<a href="#" class="linked" test-id='1' id='16'>MTR - User able to change status to Active</a>
<div class="">
<span class="badge badge-default">Sponsored Ads.MTR - User able to change status to Active</span>
</div>
</td>
</tr>
</tbody>
</table>
</div>
</li>
<li class="test-item">
<div class="test-detail">
<span class="meta">
<span class='badge log pass-bg'>1</span>
</span>
<p class="name">@MTR-1602</p>
<p class="duration text-sm">1 tests</p>
</div>
<div class="test-contents d-none">
<div class="info">
<h4>@MTR-1602</h4>
<span status="pass" class='badge log pass-bg'>1 passed</span>
</div>
<table class='table table-sm mt-4'>
<thead>
<tr>
<th class="status-col">Status</th>
<th class="timestamp-col">Timestamp</th>
<th>TestName</th>
</tr>
</thead>
<tbody>
<tr class="tag-test-status" status="pass">
<td><span class="badge log pass-bg">Pass</span></td>
<td>16:34:58 p. m.</td>
<td>
<a href="#" class="linked" test-id='1' id='25'>MTR - User able to change status to Inactive</a>
<div class="">
<span class="badge badge-default">Sponsored Ads.MTR - User able to change status to Inactive</span>
</div>
</td>
</tr>
</tbody>
</table>
</div>
</li>
</ul>
</div>
</div>
<div class="test-content scrollable">
<div class="test-content-detail">
<div class="detail-body"></div>
</div>
</div>
</div><div class="test-wrapper row view exception-view attributes-view">
<div class="test-list">
<div class="test-list-tools">
<ul class="tools pull-left"><li><a href=""><span class="font-size-14">Exception</span></a></li></ul>
<ul class="tools text-right"><li><a href="#"><span class="badge badge-primary">1</span></a></li></ul>
</div>
<div class="test-list-wrapper scrollable">
<ul class="test-list-item">
<li class="test-item">
<div class="test-detail">
<span class="meta">
<span class='badge log badge-danger'>1</span>
</span>
<p class="name">org.openqa.selenium.TimeoutException</p>
<p class="duration text-sm">1 tests</p>
</div>
<div class="test-contents d-none">
<div class="info">
<h4>org.openqa.selenium.TimeoutException</h4>
<span status="fail" class='badge log badge-danger'>1 failed</span>
</div>
<table class='table table-sm mt-4'>
<thead>
<tr>
<th class="status-col">Status</th>
<th class="timestamp-col">Timestamp</th>
<th>TestName</th>
</tr>
</thead>
<tbody>
<tr class="tag-test-status" status="fail">
<td><span class="badge log fail-bg">Fail</span></td>
<td>16:35:36 p. m.</td>
<td>
<a href="#" class="linked" test-id='1' id='40'>And I select the tab dots PENDING PAY</a>
<div class="">
<span class="badge badge-default">Sponsored Ads.MTR - User able to pay an ad.And I select the tab dots PENDING PAY</span>
</div>
</td>
</tr>
<tr class="tag-test-status" status="fail">
<td><span class="badge log fail-bg">Fail</span></td>
<td>16:37:15 p. m.</td>
<td>
<a href="#" class="linked" test-id='1' id='63'>And I select the Edit option</a>
<div class="">
<span class="badge badge-default">Sponsored Ads.MTR - User able to Edit ads.And I select the Edit option</span>
</div>
</td>
</tr>
<tr class="tag-test-status" status="fail">
<td><span class="badge log fail-bg">Fail</span></td>
<td>16:37:59 p. m.</td>
<td>
<a href="#" class="linked" test-id='1' id='72'>And I select the tab dots DELETE</a>
<div class="">
<span class="badge badge-default">Sponsored Ads.MTR - User able to Delete ads.And I select the tab dots DELETE</span>
</div>
</td>
</tr>
</tbody>
</table>
</div>
</li>
</ul>
</div>
</div>
<div class="test-content scrollable">
<div class="test-content-detail">
<div class="detail-body"></div>
</div>
</div>
</div>        </div>
      </div>
    </div>
  </div>
<script src="https://cdn.jsdelivr.net/gh/extent-framework/extent-github-cdn@14e9bb345ef7e2ed3a102f271d84e9f0267c88e7/spark/js/spark-script.js"></script>
<script type="text/javascript"></script></body>
</html>