<!DOCTYPE html>
<html>
<head>

<meta http-equiv="Content-Type" content="text/html; charset=UTF-8" />

<script src="js/jquery.min.js"></script>
<script src="js/jquery.tablesorter.min.js"></script>
<script src="js/Chart.min.js"></script>
<script src="js/moment.min.js"></script>
<script src="js/bootstrap.min.js"></script>

<link rel="stylesheet" href="css/bootstrap.min.css" type="text/css"/>
<link rel="stylesheet" href="css/cucumber.css" type="text/css"/>
<link rel="stylesheet" href="css/font-awesome.min.css"/>
<link rel="shortcut icon" href="images/favicon.png"/>

<script>
$(document).ready(function() {
    // this will tell tablesorter to try looking for the data-value attribute
    // if present, it'll sort by that instead
    // otherwise, it'll sort by the text content of the table cell
    $("#tablesorter").tablesorter({
        textAttribute: 'data-value',
        // ignores the first row of the header, the 'scenario', 'steps', since
        // sorting those doesn't make sense
        selectorHeaders: '> thead tr:not(.dont-sort) th',
        // use a stable sort
        sortStable: true
    });
});
</script>











<title>Cucumber Reports (no 1) - Feature: Test run failed</title>

</head>
<body>

<nav class="navbar navbar-default navbar-fixed-top" id="navigation">
  <div class="container-fluid">
    <div class="collapse navbar-collapse">
      <p class="navbar-text navbar-left">Cucumber Report</p>
      <ul class="nav navbar-nav navbar-right">
        <li role="presentation" ><a href="overview-features.html">Features</a></li>
        <li role="presentation" ><a href="overview-tags.html">Tags</a></li>
        <li role="presentation" ><a href="overview-steps.html">Steps</a></li>
        <li role="presentation" ><a href="overview-failures.html">Failures</a></li>
      </ul>
    </div>
  </div>
</nav>


<div class="container-fluid">
  <div class="col-md-5 col-md-offset-1">

<table class="table table-bordered" id="build-info">
  <thead>
    <tr>
      <th>Project</th>
        <th>Number</th>
      <th>Date</th>
    </tr>
  </thead>
  <tbody>
    <tr class="info">
      <td>MTR Report</td>
        <td>1</td>
      <td>13 Mar 2023, 09:34</td>
    </tr>
  </tbody>
</table>

  </div>
  <div class="col-md-3 col-md-offset-2">
  </div>
</div>


<div id="report-lead" class="container-fluid">
  <div class="col-md-10 col-md-offset-1">
    <h2>Feature Report</h2>
  </div>
</div>


<div class="container-fluid" id="report">
  <div class="row">
    <div class="col-md-10 col-md-offset-1">
      <table class="stats-table">


<thead>
  <tr class="header dont-sort">
      <th></th>
    <th colspan="6">Steps</th>
    <th colspan="3">Scenarios</th>
    <th colspan="2">Features</th>
  </tr>
  <tr>
    <th>Feature</th>
    <th class="passed">Passed</th>
    <th class="failed">Failed</th>
    <th class="skipped">Skipped</th>
    <th class="pending">Pending</th>
    <th class="undefined">Undefined</th>
    <th class="total">Total</th>

    <th class="passed">Passed</th>
    <th class="failed">Failed</th>
    <th class="total">Total</th>

    <th>Duration</th>
    <th>Status</th>
  </tr>
</thead>


        <tbody>
        <tr>
          <td class="tagname">Test run failed</td>
          <td      class="passed"    >1</td>
          <td      class="failed"    >1</td>
          <td >0</td>
          <td >0</td>
          <td >0</td>
          <td class="total">2</td>

          <td >0</td>
          <td  class="failed"    >1</td>
          <td class="total">1</td>

          <td class="duration" data-value="0">0.000</td>
          <td class="failed">Failed</td>
        </tr>
        </tbody>

      </table>
    </div>
  </div>
</div>



<div class="container-fluid">
  <div class="row">
    <div class="col-md-1 col-md-offset-10">
      <i class="fa fa-chevron-circle-down fa-2x collapsable-control"
        onClick="javascript:$('#report .collapsable-details').collapse('show')"></i>
      <i class="fa fa-chevron-circle-up fa-2x collapsable-control"
        onClick="javascript:$('#report .collapsable-details').collapse('hide')"></i>
    </div>
  </div>
</div>


<div class="container-fluid" id="report">
  <div class="row">
    <div class="col-md-10 col-md-offset-1">
      <div class="feature">

<div class="tags indention">
</div>


<div class="brief failed">
  <span class="keyword indention">Feature</span>
  <span class="name">Test run failed</span>


</div>

        <div class="description indention">There were errors during the execution</div>

        <div class="elements inner-level">

<div class="element">


<div class="tags indention">
</div>


  <span class="lead-duration duration">0.000</span>


  <span data-toggle="collapse" class=" collapsable-control" data-target="#element-1">

<div class="brief failed">
  <span class="keyword indention">Scenario</span>
  <span class="name">Failure while executing Cucumber</span>


     <i class="chevron fa fa-fw"></i>
</div>

  </span>
  <div class="description indention"></div>

  <div id="element-1" class="collapse collapsable-details  in ">





<div class="steps inner-level">
  <div data-toggle="collapse" class=" collapsable-control" data-target="#steps-2">

<div class="brief failed">
  <span class="keyword indention">Steps</span>
  <span class="name"></span>


     <i class="chevron fa fa-fw"></i>
</div>

  </div>

  <div id="steps-2" class="inner-level collapse collapsable-details  in ">
      <div class="step">


<div class="brief step-name-When passed">
  <span class="keyword indention">When</span>
  <span class="name">Cucumber failed while executing</span>

  <span class="lead-duration duration">0.000</span>

</div>
















      </div>
      <div class="step">


<div class="brief step-name-Then failed">
  <span class="keyword indention">Then</span>
  <span class="name">Cucumber will report this error:</span>

  <span class="lead-duration duration">0.000</span>

</div>






  <div class="inner-level">
    <div class="message indention">
      <div data-toggle="collapse" class=" collapsable-control" data-target="#msg-3">
          <a>io.cucumber.core.exception.CompositeCucumberException:</a>
      </div>
      <div id="msg-3" class="collapse collapsable-details  in ">
        <pre>io.cucumber.core.exception.CompositeCucumberException: There were 11 exceptions. The details are in the stacktrace below.
	at io.cucumber.core.runtime.RethrowingThrowableCollector.getThrowable(RethrowingThrowableCollector.java:57)
	at io.cucumber.core.runtime.CucumberExecutionContext.getThrowable(CucumberExecutionContext.java:102)
	at io.cucumber.core.runtime.CucumberExecutionContext.finishTestRun(CucumberExecutionContext.java:97)
	at io.cucumber.testng.TestNGCucumberRunner.finish(TestNGCucumberRunner.java:145)
	at io.cucumber.testng.AbstractTestNGCucumberTests.tearDownClass(AbstractTestNGCucumberTests.java:57)
	at java.base/jdk.internal.reflect.DirectMethodHandleAccessor.invoke(DirectMethodHandleAccessor.java:104)
	at java.base/java.lang.reflect.Method.invoke(Method.java:577)
	at org.testng.internal.invokers.MethodInvocationHelper.invokeMethod(MethodInvocationHelper.java:139)
	at org.testng.internal.invokers.MethodInvocationHelper.invokeMethodConsideringTimeout(MethodInvocationHelper.java:69)
	at org.testng.internal.invokers.ConfigInvoker.invokeConfigurationMethod(ConfigInvoker.java:361)
	at org.testng.internal.invokers.ConfigInvoker.invokeConfigurations(ConfigInvoker.java:296)
	at org.testng.internal.invokers.TestMethodWorker.invokeAfterClassMethods(TestMethodWorker.java:222)
	at org.testng.internal.invokers.TestMethodWorker.run(TestMethodWorker.java:131)
	at java.base/java.util.concurrent.ThreadPoolExecutor.runWorker(ThreadPoolExecutor.java:1136)
	at java.base/java.util.concurrent.ThreadPoolExecutor$Worker.run(ThreadPoolExecutor.java:635)
	at java.base/java.lang.Thread.run(Thread.java:833)
	Suppressed: io.cucumber.core.runner.DuplicateStepDefinitionException: Duplicate step definitions in steps.listing.OhListingDetailsSteps.selectTheSendMessageButton() and steps.listing.SvcListingDetailsSteps.selectTheSendMessageButton()
		at io.cucumber.core.runner.CachingGlue.lambda$prepareGlue$3(CachingGlue.java:278)
		at java.base/java.util.ArrayList.forEach(ArrayList.java:1511)
		at io.cucumber.core.runner.CachingGlue.prepareGlue(CachingGlue.java:272)
		at io.cucumber.core.runner.Runner.runPickle(Runner.java:72)
		at io.cucumber.testng.TestNGCucumberRunner.lambda$runScenario$1(TestNGCucumberRunner.java:132)
		at io.cucumber.core.runtime.CucumberExecutionContext.lambda$runTestCase$5(CucumberExecutionContext.java:130)
		at io.cucumber.core.runtime.RethrowingThrowableCollector.executeAndThrow(RethrowingThrowableCollector.java:23)
		at io.cucumber.core.runtime.CucumberExecutionContext.runTestCase(CucumberExecutionContext.java:130)
		at io.cucumber.testng.TestNGCucumberRunner.runScenario(TestNGCucumberRunner.java:129)
		at io.cucumber.testng.AbstractTestNGCucumberTests.runScenario(AbstractTestNGCucumberTests.java:35)
		at java.base/jdk.internal.reflect.DirectMethodHandleAccessor.invoke(DirectMethodHandleAccessor.java:104)
		at java.base/java.lang.reflect.Method.invoke(Method.java:577)
		at org.testng.internal.invokers.MethodInvocationHelper.invokeMethod(MethodInvocationHelper.java:139)
		at org.testng.internal.invokers.TestInvoker.invokeMethod(TestInvoker.java:677)
		at org.testng.internal.invokers.TestInvoker.invokeTestMethod(TestInvoker.java:221)
		at org.testng.internal.invokers.MethodRunner.runInSequence(MethodRunner.java:50)
		at org.testng.internal.invokers.TestInvoker$MethodInvocationAgent.invoke(TestInvoker.java:962)
		at org.testng.internal.invokers.TestInvoker.invokeTestMethods(TestInvoker.java:194)
		at org.testng.internal.invokers.TestMethodWorker.invokeTestMethods(TestMethodWorker.java:148)
		at org.testng.internal.invokers.TestMethodWorker.run(TestMethodWorker.java:128)
		... 3 more
	Suppressed: io.cucumber.core.runner.DuplicateStepDefinitionException: Duplicate step definitions in steps.listing.OhListingDetailsSteps.selectTheSendMessageButton() and steps.listing.SvcListingDetailsSteps.selectTheSendMessageButton()
		at io.cucumber.core.runner.CachingGlue.lambda$prepareGlue$3(CachingGlue.java:278)
		at java.base/java.util.ArrayList.forEach(ArrayList.java:1511)
		at io.cucumber.core.runner.CachingGlue.prepareGlue(CachingGlue.java:272)
		at io.cucumber.core.runner.Runner.runPickle(Runner.java:72)
		at io.cucumber.testng.TestNGCucumberRunner.lambda$runScenario$1(TestNGCucumberRunner.java:132)
		at io.cucumber.core.runtime.CucumberExecutionContext.lambda$runTestCase$5(CucumberExecutionContext.java:130)
		at io.cucumber.core.runtime.RethrowingThrowableCollector.executeAndThrow(RethrowingThrowableCollector.java:23)
		at io.cucumber.core.runtime.CucumberExecutionContext.runTestCase(CucumberExecutionContext.java:130)
		at io.cucumber.testng.TestNGCucumberRunner.runScenario(TestNGCucumberRunner.java:129)
		at io.cucumber.testng.AbstractTestNGCucumberTests.runScenario(AbstractTestNGCucumberTests.java:35)
		at java.base/jdk.internal.reflect.DirectMethodHandleAccessor.invoke(DirectMethodHandleAccessor.java:104)
		at java.base/java.lang.reflect.Method.invoke(Method.java:577)
		at org.testng.internal.invokers.MethodInvocationHelper.invokeMethod(MethodInvocationHelper.java:139)
		at org.testng.internal.invokers.TestInvoker.invokeMethod(TestInvoker.java:677)
		at org.testng.internal.invokers.TestInvoker.invokeTestMethod(TestInvoker.java:221)
		at org.testng.internal.invokers.MethodRunner.runInSequence(MethodRunner.java:50)
		at org.testng.internal.invokers.TestInvoker$MethodInvocationAgent.invoke(TestInvoker.java:962)
		at org.testng.internal.invokers.TestInvoker.invokeTestMethods(TestInvoker.java:194)
		at org.testng.internal.invokers.TestMethodWorker.invokeTestMethods(TestMethodWorker.java:148)
		at org.testng.internal.invokers.TestMethodWorker.run(TestMethodWorker.java:128)
		... 3 more
	Suppressed: io.cucumber.core.runner.DuplicateStepDefinitionException: Duplicate step definitions in steps.listing.OhListingDetailsSteps.selectTheSendMessageButton() and steps.listing.SvcListingDetailsSteps.selectTheSendMessageButton()
		at io.cucumber.core.runner.CachingGlue.lambda$prepareGlue$3(CachingGlue.java:278)
		at java.base/java.util.ArrayList.forEach(ArrayList.java:1511)
		at io.cucumber.core.runner.CachingGlue.prepareGlue(CachingGlue.java:272)
		at io.cucumber.core.runner.Runner.runPickle(Runner.java:72)
		at io.cucumber.testng.TestNGCucumberRunner.lambda$runScenario$1(TestNGCucumberRunner.java:132)
		at io.cucumber.core.runtime.CucumberExecutionContext.lambda$runTestCase$5(CucumberExecutionContext.java:130)
		at io.cucumber.core.runtime.RethrowingThrowableCollector.executeAndThrow(RethrowingThrowableCollector.java:23)
		at io.cucumber.core.runtime.CucumberExecutionContext.runTestCase(CucumberExecutionContext.java:130)
		at io.cucumber.testng.TestNGCucumberRunner.runScenario(TestNGCucumberRunner.java:129)
		at io.cucumber.testng.AbstractTestNGCucumberTests.runScenario(AbstractTestNGCucumberTests.java:35)
		at java.base/jdk.internal.reflect.DirectMethodHandleAccessor.invoke(DirectMethodHandleAccessor.java:104)
		at java.base/java.lang.reflect.Method.invoke(Method.java:577)
		at org.testng.internal.invokers.MethodInvocationHelper.invokeMethod(MethodInvocationHelper.java:139)
		at org.testng.internal.invokers.TestInvoker.invokeMethod(TestInvoker.java:677)
		at org.testng.internal.invokers.TestInvoker.invokeTestMethod(TestInvoker.java:221)
		at org.testng.internal.invokers.MethodRunner.runInSequence(MethodRunner.java:50)
		at org.testng.internal.invokers.TestInvoker$MethodInvocationAgent.invoke(TestInvoker.java:962)
		at org.testng.internal.invokers.TestInvoker.invokeTestMethods(TestInvoker.java:194)
		at org.testng.internal.invokers.TestMethodWorker.invokeTestMethods(TestMethodWorker.java:148)
		at org.testng.internal.invokers.TestMethodWorker.run(TestMethodWorker.java:128)
		... 3 more
	Suppressed: io.cucumber.core.runner.DuplicateStepDefinitionException: Duplicate step definitions in steps.listing.OhListingDetailsSteps.selectTheSendMessageButton() and steps.listing.SvcListingDetailsSteps.selectTheSendMessageButton()
		at io.cucumber.core.runner.CachingGlue.lambda$prepareGlue$3(CachingGlue.java:278)
		at java.base/java.util.ArrayList.forEach(ArrayList.java:1511)
		at io.cucumber.core.runner.CachingGlue.prepareGlue(CachingGlue.java:272)
		at io.cucumber.core.runner.Runner.runPickle(Runner.java:72)
		at io.cucumber.testng.TestNGCucumberRunner.lambda$runScenario$1(TestNGCucumberRunner.java:132)
		at io.cucumber.core.runtime.CucumberExecutionContext.lambda$runTestCase$5(CucumberExecutionContext.java:130)
		at io.cucumber.core.runtime.RethrowingThrowableCollector.executeAndThrow(RethrowingThrowableCollector.java:23)
		at io.cucumber.core.runtime.CucumberExecutionContext.runTestCase(CucumberExecutionContext.java:130)
		at io.cucumber.testng.TestNGCucumberRunner.runScenario(TestNGCucumberRunner.java:129)
		at io.cucumber.testng.AbstractTestNGCucumberTests.runScenario(AbstractTestNGCucumberTests.java:35)
		at java.base/jdk.internal.reflect.DirectMethodHandleAccessor.invoke(DirectMethodHandleAccessor.java:104)
		at java.base/java.lang.reflect.Method.invoke(Method.java:577)
		at org.testng.internal.invokers.MethodInvocationHelper.invokeMethod(MethodInvocationHelper.java:139)
		at org.testng.internal.invokers.TestInvoker.invokeMethod(TestInvoker.java:677)
		at org.testng.internal.invokers.TestInvoker.invokeTestMethod(TestInvoker.java:221)
		at org.testng.internal.invokers.MethodRunner.runInSequence(MethodRunner.java:50)
		at org.testng.internal.invokers.TestInvoker$MethodInvocationAgent.invoke(TestInvoker.java:962)
		at org.testng.internal.invokers.TestInvoker.invokeTestMethods(TestInvoker.java:194)
		at org.testng.internal.invokers.TestMethodWorker.invokeTestMethods(TestMethodWorker.java:148)
		at org.testng.internal.invokers.TestMethodWorker.run(TestMethodWorker.java:128)
		... 3 more
	Suppressed: io.cucumber.core.runner.DuplicateStepDefinitionException: Duplicate step definitions in steps.listing.OhListingDetailsSteps.selectTheSendMessageButton() and steps.listing.SvcListingDetailsSteps.selectTheSendMessageButton()
		at io.cucumber.core.runner.CachingGlue.lambda$prepareGlue$3(CachingGlue.java:278)
		at java.base/java.util.ArrayList.forEach(ArrayList.java:1511)
		at io.cucumber.core.runner.CachingGlue.prepareGlue(CachingGlue.java:272)
		at io.cucumber.core.runner.Runner.runPickle(Runner.java:72)
		at io.cucumber.testng.TestNGCucumberRunner.lambda$runScenario$1(TestNGCucumberRunner.java:132)
		at io.cucumber.core.runtime.CucumberExecutionContext.lambda$runTestCase$5(CucumberExecutionContext.java:130)
		at io.cucumber.core.runtime.RethrowingThrowableCollector.executeAndThrow(RethrowingThrowableCollector.java:23)
		at io.cucumber.core.runtime.CucumberExecutionContext.runTestCase(CucumberExecutionContext.java:130)
		at io.cucumber.testng.TestNGCucumberRunner.runScenario(TestNGCucumberRunner.java:129)
		at io.cucumber.testng.AbstractTestNGCucumberTests.runScenario(AbstractTestNGCucumberTests.java:35)
		at java.base/jdk.internal.reflect.DirectMethodHandleAccessor.invoke(DirectMethodHandleAccessor.java:104)
		at java.base/java.lang.reflect.Method.invoke(Method.java:577)
		at org.testng.internal.invokers.MethodInvocationHelper.invokeMethod(MethodInvocationHelper.java:139)
		at org.testng.internal.invokers.TestInvoker.invokeMethod(TestInvoker.java:677)
		at org.testng.internal.invokers.TestInvoker.invokeTestMethod(TestInvoker.java:221)
		at org.testng.internal.invokers.MethodRunner.runInSequence(MethodRunner.java:50)
		at org.testng.internal.invokers.TestInvoker$MethodInvocationAgent.invoke(TestInvoker.java:962)
		at org.testng.internal.invokers.TestInvoker.invokeTestMethods(TestInvoker.java:194)
		at org.testng.internal.invokers.TestMethodWorker.invokeTestMethods(TestMethodWorker.java:148)
		at org.testng.internal.invokers.TestMethodWorker.run(TestMethodWorker.java:128)
		... 3 more
	Suppressed: io.cucumber.core.runner.DuplicateStepDefinitionException: Duplicate step definitions in steps.listing.OhListingDetailsSteps.selectTheSendMessageButton() and steps.listing.SvcListingDetailsSteps.selectTheSendMessageButton()
		at io.cucumber.core.runner.CachingGlue.lambda$prepareGlue$3(CachingGlue.java:278)
		at java.base/java.util.ArrayList.forEach(ArrayList.java:1511)
		at io.cucumber.core.runner.CachingGlue.prepareGlue(CachingGlue.java:272)
		at io.cucumber.core.runner.Runner.runPickle(Runner.java:72)
		at io.cucumber.testng.TestNGCucumberRunner.lambda$runScenario$1(TestNGCucumberRunner.java:132)
		at io.cucumber.core.runtime.CucumberExecutionContext.lambda$runTestCase$5(CucumberExecutionContext.java:130)
		at io.cucumber.core.runtime.RethrowingThrowableCollector.executeAndThrow(RethrowingThrowableCollector.java:23)
		at io.cucumber.core.runtime.CucumberExecutionContext.runTestCase(CucumberExecutionContext.java:130)
		at io.cucumber.testng.TestNGCucumberRunner.runScenario(TestNGCucumberRunner.java:129)
		at io.cucumber.testng.AbstractTestNGCucumberTests.runScenario(AbstractTestNGCucumberTests.java:35)
		at java.base/jdk.internal.reflect.DirectMethodHandleAccessor.invoke(DirectMethodHandleAccessor.java:104)
		at java.base/java.lang.reflect.Method.invoke(Method.java:577)
		at org.testng.internal.invokers.MethodInvocationHelper.invokeMethod(MethodInvocationHelper.java:139)
		at org.testng.internal.invokers.TestInvoker.invokeMethod(TestInvoker.java:677)
		at org.testng.internal.invokers.TestInvoker.invokeTestMethod(TestInvoker.java:221)
		at org.testng.internal.invokers.MethodRunner.runInSequence(MethodRunner.java:50)
		at org.testng.internal.invokers.TestInvoker$MethodInvocationAgent.invoke(TestInvoker.java:962)
		at org.testng.internal.invokers.TestInvoker.invokeTestMethods(TestInvoker.java:194)
		at org.testng.internal.invokers.TestMethodWorker.invokeTestMethods(TestMethodWorker.java:148)
		at org.testng.internal.invokers.TestMethodWorker.run(TestMethodWorker.java:128)
		... 3 more
	Suppressed: io.cucumber.core.runner.DuplicateStepDefinitionException: Duplicate step definitions in steps.listing.OhListingDetailsSteps.selectTheSendMessageButton() and steps.listing.SvcListingDetailsSteps.selectTheSendMessageButton()
		at io.cucumber.core.runner.CachingGlue.lambda$prepareGlue$3(CachingGlue.java:278)
		at java.base/java.util.ArrayList.forEach(ArrayList.java:1511)
		at io.cucumber.core.runner.CachingGlue.prepareGlue(CachingGlue.java:272)
		at io.cucumber.core.runner.Runner.runPickle(Runner.java:72)
		at io.cucumber.testng.TestNGCucumberRunner.lambda$runScenario$1(TestNGCucumberRunner.java:132)
		at io.cucumber.core.runtime.CucumberExecutionContext.lambda$runTestCase$5(CucumberExecutionContext.java:130)
		at io.cucumber.core.runtime.RethrowingThrowableCollector.executeAndThrow(RethrowingThrowableCollector.java:23)
		at io.cucumber.core.runtime.CucumberExecutionContext.runTestCase(CucumberExecutionContext.java:130)
		at io.cucumber.testng.TestNGCucumberRunner.runScenario(TestNGCucumberRunner.java:129)
		at io.cucumber.testng.AbstractTestNGCucumberTests.runScenario(AbstractTestNGCucumberTests.java:35)
		at java.base/jdk.internal.reflect.DirectMethodHandleAccessor.invoke(DirectMethodHandleAccessor.java:104)
		at java.base/java.lang.reflect.Method.invoke(Method.java:577)
		at org.testng.internal.invokers.MethodInvocationHelper.invokeMethod(MethodInvocationHelper.java:139)
		at org.testng.internal.invokers.TestInvoker.invokeMethod(TestInvoker.java:677)
		at org.testng.internal.invokers.TestInvoker.invokeTestMethod(TestInvoker.java:221)
		at org.testng.internal.invokers.MethodRunner.runInSequence(MethodRunner.java:50)
		at org.testng.internal.invokers.TestInvoker$MethodInvocationAgent.invoke(TestInvoker.java:962)
		at org.testng.internal.invokers.TestInvoker.invokeTestMethods(TestInvoker.java:194)
		at org.testng.internal.invokers.TestMethodWorker.invokeTestMethods(TestMethodWorker.java:148)
		at org.testng.internal.invokers.TestMethodWorker.run(TestMethodWorker.java:128)
		... 3 more
	Suppressed: io.cucumber.core.runner.DuplicateStepDefinitionException: Duplicate step definitions in steps.listing.OhListingDetailsSteps.selectTheSendMessageButton() and steps.listing.SvcListingDetailsSteps.selectTheSendMessageButton()
		at io.cucumber.core.runner.CachingGlue.lambda$prepareGlue$3(CachingGlue.java:278)
		at java.base/java.util.ArrayList.forEach(ArrayList.java:1511)
		at io.cucumber.core.runner.CachingGlue.prepareGlue(CachingGlue.java:272)
		at io.cucumber.core.runner.Runner.runPickle(Runner.java:72)
		at io.cucumber.testng.TestNGCucumberRunner.lambda$runScenario$1(TestNGCucumberRunner.java:132)
		at io.cucumber.core.runtime.CucumberExecutionContext.lambda$runTestCase$5(CucumberExecutionContext.java:130)
		at io.cucumber.core.runtime.RethrowingThrowableCollector.executeAndThrow(RethrowingThrowableCollector.java:23)
		at io.cucumber.core.runtime.CucumberExecutionContext.runTestCase(CucumberExecutionContext.java:130)
		at io.cucumber.testng.TestNGCucumberRunner.runScenario(TestNGCucumberRunner.java:129)
		at io.cucumber.testng.AbstractTestNGCucumberTests.runScenario(AbstractTestNGCucumberTests.java:35)
		at java.base/jdk.internal.reflect.DirectMethodHandleAccessor.invoke(DirectMethodHandleAccessor.java:104)
		at java.base/java.lang.reflect.Method.invoke(Method.java:577)
		at org.testng.internal.invokers.MethodInvocationHelper.invokeMethod(MethodInvocationHelper.java:139)
		at org.testng.internal.invokers.TestInvoker.invokeMethod(TestInvoker.java:677)
		at org.testng.internal.invokers.TestInvoker.invokeTestMethod(TestInvoker.java:221)
		at org.testng.internal.invokers.MethodRunner.runInSequence(MethodRunner.java:50)
		at org.testng.internal.invokers.TestInvoker$MethodInvocationAgent.invoke(TestInvoker.java:962)
		at org.testng.internal.invokers.TestInvoker.invokeTestMethods(TestInvoker.java:194)
		at org.testng.internal.invokers.TestMethodWorker.invokeTestMethods(TestMethodWorker.java:148)
		at org.testng.internal.invokers.TestMethodWorker.run(TestMethodWorker.java:128)
		... 3 more
	Suppressed: io.cucumber.core.runner.DuplicateStepDefinitionException: Duplicate step definitions in steps.listing.OhListingDetailsSteps.selectTheSendMessageButton() and steps.listing.SvcListingDetailsSteps.selectTheSendMessageButton()
		at io.cucumber.core.runner.CachingGlue.lambda$prepareGlue$3(CachingGlue.java:278)
		at java.base/java.util.ArrayList.forEach(ArrayList.java:1511)
		at io.cucumber.core.runner.CachingGlue.prepareGlue(CachingGlue.java:272)
		at io.cucumber.core.runner.Runner.runPickle(Runner.java:72)
		at io.cucumber.testng.TestNGCucumberRunner.lambda$runScenario$1(TestNGCucumberRunner.java:132)
		at io.cucumber.core.runtime.CucumberExecutionContext.lambda$runTestCase$5(CucumberExecutionContext.java:130)
		at io.cucumber.core.runtime.RethrowingThrowableCollector.executeAndThrow(RethrowingThrowableCollector.java:23)
		at io.cucumber.core.runtime.CucumberExecutionContext.runTestCase(CucumberExecutionContext.java:130)
		at io.cucumber.testng.TestNGCucumberRunner.runScenario(TestNGCucumberRunner.java:129)
		at io.cucumber.testng.AbstractTestNGCucumberTests.runScenario(AbstractTestNGCucumberTests.java:35)
		at java.base/jdk.internal.reflect.DirectMethodHandleAccessor.invoke(DirectMethodHandleAccessor.java:104)
		at java.base/java.lang.reflect.Method.invoke(Method.java:577)
		at org.testng.internal.invokers.MethodInvocationHelper.invokeMethod(MethodInvocationHelper.java:139)
		at org.testng.internal.invokers.TestInvoker.invokeMethod(TestInvoker.java:677)
		at org.testng.internal.invokers.TestInvoker.invokeTestMethod(TestInvoker.java:221)
		at org.testng.internal.invokers.MethodRunner.runInSequence(MethodRunner.java:50)
		at org.testng.internal.invokers.TestInvoker$MethodInvocationAgent.invoke(TestInvoker.java:962)
		at org.testng.internal.invokers.TestInvoker.invokeTestMethods(TestInvoker.java:194)
		at org.testng.internal.invokers.TestMethodWorker.invokeTestMethods(TestMethodWorker.java:148)
		at org.testng.internal.invokers.TestMethodWorker.run(TestMethodWorker.java:128)
		... 3 more
	Suppressed: io.cucumber.core.runner.DuplicateStepDefinitionException: Duplicate step definitions in steps.listing.OhListingDetailsSteps.selectTheSendMessageButton() and steps.listing.SvcListingDetailsSteps.selectTheSendMessageButton()
		at io.cucumber.core.runner.CachingGlue.lambda$prepareGlue$3(CachingGlue.java:278)
		at java.base/java.util.ArrayList.forEach(ArrayList.java:1511)
		at io.cucumber.core.runner.CachingGlue.prepareGlue(CachingGlue.java:272)
		at io.cucumber.core.runner.Runner.runPickle(Runner.java:72)
		at io.cucumber.testng.TestNGCucumberRunner.lambda$runScenario$1(TestNGCucumberRunner.java:132)
		at io.cucumber.core.runtime.CucumberExecutionContext.lambda$runTestCase$5(CucumberExecutionContext.java:130)
		at io.cucumber.core.runtime.RethrowingThrowableCollector.executeAndThrow(RethrowingThrowableCollector.java:23)
		at io.cucumber.core.runtime.CucumberExecutionContext.runTestCase(CucumberExecutionContext.java:130)
		at io.cucumber.testng.TestNGCucumberRunner.runScenario(TestNGCucumberRunner.java:129)
		at io.cucumber.testng.AbstractTestNGCucumberTests.runScenario(AbstractTestNGCucumberTests.java:35)
		at java.base/jdk.internal.reflect.DirectMethodHandleAccessor.invoke(DirectMethodHandleAccessor.java:104)
		at java.base/java.lang.reflect.Method.invoke(Method.java:577)
		at org.testng.internal.invokers.MethodInvocationHelper.invokeMethod(MethodInvocationHelper.java:139)
		at org.testng.internal.invokers.TestInvoker.invokeMethod(TestInvoker.java:677)
		at org.testng.internal.invokers.TestInvoker.invokeTestMethod(TestInvoker.java:221)
		at org.testng.internal.invokers.MethodRunner.runInSequence(MethodRunner.java:50)
		at org.testng.internal.invokers.TestInvoker$MethodInvocationAgent.invoke(TestInvoker.java:962)
		at org.testng.internal.invokers.TestInvoker.invokeTestMethods(TestInvoker.java:194)
		at org.testng.internal.invokers.TestMethodWorker.invokeTestMethods(TestMethodWorker.java:148)
		at org.testng.internal.invokers.TestMethodWorker.run(TestMethodWorker.java:128)
		... 3 more
	Suppressed: io.cucumber.core.runner.DuplicateStepDefinitionException: Duplicate step definitions in steps.listing.OhListingDetailsSteps.selectTheSendMessageButton() and steps.listing.SvcListingDetailsSteps.selectTheSendMessageButton()
		at io.cucumber.core.runner.CachingGlue.lambda$prepareGlue$3(CachingGlue.java:278)
		at java.base/java.util.ArrayList.forEach(ArrayList.java:1511)
		at io.cucumber.core.runner.CachingGlue.prepareGlue(CachingGlue.java:272)
		at io.cucumber.core.runner.Runner.runPickle(Runner.java:72)
		at io.cucumber.testng.TestNGCucumberRunner.lambda$runScenario$1(TestNGCucumberRunner.java:132)
		at io.cucumber.core.runtime.CucumberExecutionContext.lambda$runTestCase$5(CucumberExecutionContext.java:130)
		at io.cucumber.core.runtime.RethrowingThrowableCollector.executeAndThrow(RethrowingThrowableCollector.java:23)
		at io.cucumber.core.runtime.CucumberExecutionContext.runTestCase(CucumberExecutionContext.java:130)
		at io.cucumber.testng.TestNGCucumberRunner.runScenario(TestNGCucumberRunner.java:129)
		at io.cucumber.testng.AbstractTestNGCucumberTests.runScenario(AbstractTestNGCucumberTests.java:35)
		at java.base/jdk.internal.reflect.DirectMethodHandleAccessor.invoke(DirectMethodHandleAccessor.java:104)
		at java.base/java.lang.reflect.Method.invoke(Method.java:577)
		at org.testng.internal.invokers.MethodInvocationHelper.invokeMethod(MethodInvocationHelper.java:139)
		at org.testng.internal.invokers.TestInvoker.invokeMethod(TestInvoker.java:677)
		at org.testng.internal.invokers.TestInvoker.invokeTestMethod(TestInvoker.java:221)
		at org.testng.internal.invokers.MethodRunner.runInSequence(MethodRunner.java:50)
		at org.testng.internal.invokers.TestInvoker$MethodInvocationAgent.invoke(TestInvoker.java:962)
		at org.testng.internal.invokers.TestInvoker.invokeTestMethods(TestInvoker.java:194)
		at org.testng.internal.invokers.TestMethodWorker.invokeTestMethods(TestMethodWorker.java:148)
		at org.testng.internal.invokers.TestMethodWorker.run(TestMethodWorker.java:128)
		... 3 more
</pre>
      </div>
    </div>
  </div>











      </div>
  </div>
</div>





  </div>
</div>

        </div>

      </div>
    </div>
  </div>
</div>


<div class="container-fluid">
  <div class="row">
    <div class="col-md-1 col-md-offset-10">
      <i class="fa fa-chevron-circle-down fa-2x collapsable-control"
        onClick="javascript:$('#report .collapsable-details').collapse('show')"></i>
      <i class="fa fa-chevron-circle-up fa-2x collapsable-control"
        onClick="javascript:$('#report .collapsable-details').collapse('hide')"></i>
    </div>
  </div>
</div>

<br/>

<nav class="navbar navbar-default" id="footer">
  <div class="container-fluid">
    <p class="navbar-text navbar-right">
        <small>generate Cucumber HTML reports via:&nbsp;</small>
        <a class="navbar-link" href="https://github.com/jenkinsci/cucumber-reports-plugin">Jenkins Plugin</a> |
        <a class="navbar-link" href="https://github.com/damianszczepanik/cucumber-reporting">Standalone</a> |
        <a class="navbar-link" href="https://github.com/damianszczepanik/cucumber-sandwich">Sandwich</a> |
        <a class="navbar-link" href="https://github.com/damianszczepanik/maven-cucumber-reporting">Maven</a>
        &nbsp;&nbsp;
    </p>
  </div>
</nav>

</body>
</html>
